2026-07-21T08:45:49.6963468Z Current runner version: '2.335.1'
2026-07-21T08:45:49.6988040Z ##[group]Runner Image Provisioner
2026-07-21T08:45:49.6989155Z Hosted Compute Agent
2026-07-21T08:45:49.6989770Z Version: 20260707.563
2026-07-21T08:45:49.6990494Z Commit: 02667638d2b423fbc733a8e32a88b44996a3ba6e
2026-07-21T08:45:49.6991259Z Build Date: 2026-07-07T19:33:50Z
2026-07-21T08:45:49.6991983Z Worker ID: {b31d7d70-4404-41aa-8fbe-69ae4cb403d0}
2026-07-21T08:45:49.6992771Z Azure Region: eastus2
2026-07-21T08:45:49.6993369Z ##[endgroup]
2026-07-21T08:45:49.6994843Z ##[group]Operating System
2026-07-21T08:45:49.6995596Z Ubuntu
2026-07-21T08:45:49.6996138Z 24.04.4
2026-07-21T08:45:49.6996735Z LTS
2026-07-21T08:45:49.6997285Z ##[endgroup]
2026-07-21T08:45:49.6997902Z ##[group]Runner Image
2026-07-21T08:45:49.6998724Z Image: ubuntu-24.04
2026-07-21T08:45:49.6999381Z Version: 20260714.240.1
2026-07-21T08:45:49.7001045Z Included Software: https://github.com/actions/runner-images/blob/ubuntu24/20260714.240/images/ubuntu/Ubuntu2404-Readme.md
2026-07-21T08:45:49.7003106Z Image Release: https://github.com/actions/runner-images/releases/tag/ubuntu24%2F20260714.240
2026-07-21T08:45:49.7004648Z ##[endgroup]
2026-07-21T08:45:49.7006385Z ##[group]GITHUB_TOKEN Permissions
2026-07-21T08:45:49.7009145Z Actions: read
2026-07-21T08:45:49.7009830Z Contents: write
2026-07-21T08:45:49.7010399Z Metadata: read
2026-07-21T08:45:49.7011198Z ##[endgroup]
2026-07-21T08:45:49.7013321Z Secret source: Actions
2026-07-21T08:45:49.7014170Z Prepare workflow directory
2026-07-21T08:45:49.7396599Z Prepare all required actions
2026-07-21T08:45:49.7434201Z Getting action download info
2026-07-21T08:45:49.9636496Z Download action repository 'actions/checkout@v4' (SHA:11d5960a326750d5838078e36cf38b85af677262)
2026-07-21T08:45:50.2175460Z Download action repository 'actions/upload-artifact@v4' (SHA:ea165f8d65b6e75b540449e92b4886f43607fa02)
2026-07-21T08:45:50.4280002Z Complete job name: Residual shard 9
2026-07-21T08:45:50.5012175Z Node 20 is being deprecated. This workflow is running with Node 24 by default. If you need to temporarily use Node 20, you can set the ACTIONS_ALLOW_USE_UNSECURE_NODE_VERSION=true environment variable. For more information see: https://github.blog/changelog/2025-09-19-deprecation-of-node-20-on-github-actions-runners/
2026-07-21T08:45:50.5021513Z ##[group]Run actions/checkout@v4
2026-07-21T08:45:50.5022242Z with:
2026-07-21T08:45:50.5022721Z   ref: 0fa82b4e804d862e087a6058f2b933a614415bf3
2026-07-21T08:45:50.5023498Z   repository: Grisha-Pochuev/monochromatic-no-three-in-line-solver
2026-07-21T08:45:50.5027683Z   token: ***
2026-07-21T08:45:50.5028125Z   ssh-strict: true
2026-07-21T08:45:50.5028732Z   ssh-user: git
2026-07-21T08:45:50.5029185Z   persist-credentials: true
2026-07-21T08:45:50.5029675Z   clean: true
2026-07-21T08:45:50.5030116Z   sparse-checkout-cone-mode: true
2026-07-21T08:45:50.5030636Z   fetch-depth: 1
2026-07-21T08:45:50.5031072Z   fetch-tags: false
2026-07-21T08:45:50.5031576Z   show-progress: true
2026-07-21T08:45:50.5032030Z   lfs: false
2026-07-21T08:45:50.5032450Z   submodules: false
2026-07-21T08:45:50.5032903Z   set-safe-directory: true
2026-07-21T08:45:50.5033405Z   allow-unsafe-pr-checkout: false
2026-07-21T08:45:50.5034105Z env:
2026-07-21T08:45:50.5034513Z   PYTHONUNBUFFERED: 1
2026-07-21T08:45:50.5034962Z   MALLOC_ARENA_MAX: 2
2026-07-21T08:45:50.5035407Z   OMP_NUM_THREADS: 1
2026-07-21T08:45:50.5035850Z   OPENBLAS_NUM_THREADS: 1
2026-07-21T08:45:50.5036305Z   MKL_NUM_THREADS: 1
2026-07-21T08:45:50.5036735Z ##[endgroup]
2026-07-21T08:45:50.6078537Z Syncing repository: Grisha-Pochuev/monochromatic-no-three-in-line-solver
2026-07-21T08:45:50.6080835Z ##[group]Getting Git version info
2026-07-21T08:45:50.6081995Z Working directory is '/home/runner/work/monochromatic-no-three-in-line-solver/monochromatic-no-three-in-line-solver'
2026-07-21T08:45:50.6083319Z [command]/usr/bin/git version
2026-07-21T08:45:50.6151914Z git version 2.54.0
2026-07-21T08:45:50.6205653Z ##[endgroup]
2026-07-21T08:45:50.6222955Z Temporarily overriding HOME='/home/runner/work/_temp/078bae24-f569-41cc-b754-942eac4b1f48' before making global git config changes
2026-07-21T08:45:50.6225883Z Adding repository directory to the temporary git global config as a safe directory
2026-07-21T08:45:50.6230707Z [command]/usr/bin/git config --global --add safe.directory /home/runner/work/monochromatic-no-three-in-line-solver/monochromatic-no-three-in-line-solver
2026-07-21T08:45:50.6280195Z Deleting the contents of '/home/runner/work/monochromatic-no-three-in-line-solver/monochromatic-no-three-in-line-solver'
2026-07-21T08:45:50.6285117Z ##[group]Initializing the repository
2026-07-21T08:45:50.6289688Z [command]/usr/bin/git init /home/runner/work/monochromatic-no-three-in-line-solver/monochromatic-no-three-in-line-solver
2026-07-21T08:45:50.6364626Z hint: Using 'master' as the name for the initial branch. This default branch name
2026-07-21T08:45:50.6366220Z hint: will change to "main" in Git 3.0. To configure the initial branch name
2026-07-21T08:45:50.6367667Z hint: to use in all of your new repositories, which will suppress this warning,
2026-07-21T08:45:50.6368971Z hint: call:
2026-07-21T08:45:50.6369584Z hint:
2026-07-21T08:45:50.6370344Z hint: 	git config --global init.defaultBranch <name>
2026-07-21T08:45:50.6371330Z hint:
2026-07-21T08:45:50.6372222Z hint: Names commonly chosen instead of 'master' are 'main', 'trunk' and
2026-07-21T08:45:50.6373679Z hint: 'development'. The just-created branch can be renamed via this command:
2026-07-21T08:45:50.6374855Z hint:
2026-07-21T08:45:50.6375488Z hint: 	git branch -m <name>
2026-07-21T08:45:50.6376231Z hint:
2026-07-21T08:45:50.6377198Z hint: Disable this message with "git config set advice.defaultBranchName false"
2026-07-21T08:45:50.6379662Z Initialized empty Git repository in /home/runner/work/monochromatic-no-three-in-line-solver/monochromatic-no-three-in-line-solver/.git/
2026-07-21T08:45:50.6385489Z [command]/usr/bin/git remote add origin https://github.com/Grisha-Pochuev/monochromatic-no-three-in-line-solver
2026-07-21T08:45:50.6428936Z ##[endgroup]
2026-07-21T08:45:50.6429918Z ##[group]Disabling automatic garbage collection
2026-07-21T08:45:50.6433508Z [command]/usr/bin/git config --local gc.auto 0
2026-07-21T08:45:50.6468527Z ##[endgroup]
2026-07-21T08:45:50.6469803Z ##[group]Setting up auth
2026-07-21T08:45:50.6476150Z [command]/usr/bin/git config --local --name-only --get-regexp core\.sshCommand
2026-07-21T08:45:50.6511444Z [command]/usr/bin/git submodule foreach --recursive sh -c "git config --local --name-only --get-regexp 'core\.sshCommand' && git config --local --unset-all 'core.sshCommand' || :"
2026-07-21T08:45:50.6866804Z [command]/usr/bin/git config --local --name-only --get-regexp http\.https\:\/\/github\.com\/\.extraheader
2026-07-21T08:45:50.6907225Z [command]/usr/bin/git submodule foreach --recursive sh -c "git config --local --name-only --get-regexp 'http\.https\:\/\/github\.com\/\.extraheader' && git config --local --unset-all 'http.https://github.com/.extraheader' || :"
2026-07-21T08:45:50.7177342Z [command]/usr/bin/git config --local --name-only --get-regexp ^includeIf\.gitdir:
2026-07-21T08:45:50.7219259Z [command]/usr/bin/git submodule foreach --recursive git config --local --show-origin --name-only --get-regexp remote.origin.url
2026-07-21T08:45:50.7483394Z [command]/usr/bin/git config --local http.https://github.com/.extraheader AUTHORIZATION: basic ***
2026-07-21T08:45:50.7525937Z ##[endgroup]
2026-07-21T08:45:50.7527382Z ##[group]Fetching the repository
2026-07-21T08:45:50.7538407Z [command]/usr/bin/git -c protocol.version=2 fetch --no-tags --prune --no-recurse-submodules --depth=1 origin 0fa82b4e804d862e087a6058f2b933a614415bf3
2026-07-21T08:45:51.1280898Z From https://github.com/Grisha-Pochuev/monochromatic-no-three-in-line-solver
2026-07-21T08:45:51.1282861Z  * branch            0fa82b4e804d862e087a6058f2b933a614415bf3 -> FETCH_HEAD
2026-07-21T08:45:51.1321491Z ##[endgroup]
2026-07-21T08:45:51.1337569Z ##[group]Determining the checkout info
2026-07-21T08:45:51.1339882Z ##[endgroup]
2026-07-21T08:45:51.1341288Z [command]/usr/bin/git sparse-checkout disable
2026-07-21T08:45:51.3233924Z [command]/usr/bin/git config --local --unset-all extensions.worktreeConfig
2026-07-21T08:45:51.3673517Z ##[group]Checking out the ref
2026-07-21T08:45:51.3679141Z [command]/usr/bin/git checkout --progress --force 0fa82b4e804d862e087a6058f2b933a614415bf3
2026-07-21T08:45:51.4642372Z Note: switching to '0fa82b4e804d862e087a6058f2b933a614415bf3'.
2026-07-21T08:45:51.4643000Z 
2026-07-21T08:45:51.4643316Z You are in 'detached HEAD' state. You can look around, make experimental
2026-07-21T08:45:51.4643918Z changes and commit them, and you can discard any commits you make in this
2026-07-21T08:45:51.4644468Z state without impacting any branches by switching back to a branch.
2026-07-21T08:45:51.4644785Z 
2026-07-21T08:45:51.4645055Z If you want to create a new branch to retain commits you create, you may
2026-07-21T08:45:51.4645613Z do so (now or later) by using -c with the switch command. Example:
2026-07-21T08:45:51.4645890Z 
2026-07-21T08:45:51.4646052Z   git switch -c <new-branch-name>
2026-07-21T08:45:51.4646250Z 
2026-07-21T08:45:51.4646393Z Or undo this operation with:
2026-07-21T08:45:51.4646590Z 
2026-07-21T08:45:51.4646722Z   git switch -
2026-07-21T08:45:51.4646934Z 
2026-07-21T08:45:51.4647251Z Turn off this advice by setting config variable advice.detachedHead to false
2026-07-21T08:45:51.4647594Z 
2026-07-21T08:45:51.4647806Z HEAD is now at 0fa82b4 record n22 residual-frontier run 29815441947
2026-07-21T08:45:51.4656054Z ##[endgroup]
2026-07-21T08:45:51.5108415Z [command]/usr/bin/git log -1 --format=%H
2026-07-21T08:45:51.5139076Z 0fa82b4e804d862e087a6058f2b933a614415bf3
2026-07-21T08:45:51.5345734Z ##[group]Run python -m pip install ortools==9.15.6755
2026-07-21T08:45:51.5346244Z [36;1mpython -m pip install ortools==9.15.6755[0m
2026-07-21T08:45:51.5433495Z shell: /usr/bin/bash -e {0}
2026-07-21T08:45:51.5433855Z env:
2026-07-21T08:45:51.5434117Z   PYTHONUNBUFFERED: 1
2026-07-21T08:45:51.5434402Z   MALLOC_ARENA_MAX: 2
2026-07-21T08:45:51.5434694Z   OMP_NUM_THREADS: 1
2026-07-21T08:45:51.5434980Z   OPENBLAS_NUM_THREADS: 1
2026-07-21T08:45:51.5435254Z   MKL_NUM_THREADS: 1
2026-07-21T08:45:51.5435507Z ##[endgroup]
2026-07-21T08:45:51.9091917Z Defaulting to user installation because normal site-packages is not writeable
2026-07-21T08:45:52.2646858Z Collecting ortools==9.15.6755
2026-07-21T08:45:52.3187195Z   Downloading ortools-9.15.6755-cp312-cp312-manylinux_2_27_x86_64.manylinux_2_28_x86_64.whl.metadata (3.3 kB)
2026-07-21T08:45:52.3447303Z Collecting absl-py>=2.0.0 (from ortools==9.15.6755)
2026-07-21T08:45:52.3516997Z   Downloading absl_py-2.5.0-py3-none-any.whl.metadata (3.3 kB)
2026-07-21T08:45:52.5826469Z Collecting numpy>=2.0.2 (from ortools==9.15.6755)
2026-07-21T08:45:52.5896397Z   Downloading numpy-2.5.1-cp312-cp312-manylinux_2_27_x86_64.manylinux_2_28_x86_64.whl.metadata (6.6 kB)
2026-07-21T08:45:52.7226561Z Collecting pandas>=2.0.0 (from ortools==9.15.6755)
2026-07-21T08:45:52.7301467Z   Downloading pandas-3.0.3-cp312-cp312-manylinux_2_24_x86_64.manylinux_2_28_x86_64.whl.metadata (79 kB)
2026-07-21T08:45:52.7423987Z      ━━━━━━━━━━━━━━━━━━━━━━━━━━━━━━━━━━━━━━━━ 79.5/79.5 kB 7.1 MB/s eta 0:00:00
2026-07-21T08:45:52.9269699Z Collecting protobuf<6.34,>=6.33.1 (from ortools==9.15.6755)
2026-07-21T08:45:52.9343881Z   Downloading protobuf-6.33.6-cp39-abi3-manylinux2014_x86_64.whl.metadata (593 bytes)
2026-07-21T08:45:52.9623503Z Collecting typing-extensions>=4.12 (from ortools==9.15.6755)
2026-07-21T08:45:52.9695345Z   Downloading typing_extensions-4.16.0-py3-none-any.whl.metadata (3.3 kB)
2026-07-21T08:45:52.9920731Z Collecting immutabledict>=3.0.0 (from ortools==9.15.6755)
2026-07-21T08:45:52.9994765Z   Downloading immutabledict-4.3.1-py3-none-any.whl.metadata (3.5 kB)
2026-07-21T08:45:53.0821497Z Requirement already satisfied: python-dateutil>=2.8.2 in /usr/lib/python3/dist-packages (from pandas>=2.0.0->ortools==9.15.6755) (2.8.2)
2026-07-21T08:45:53.0933118Z Downloading ortools-9.15.6755-cp312-cp312-manylinux_2_27_x86_64.manylinux_2_28_x86_64.whl (29.8 MB)
2026-07-21T08:45:53.2754577Z    ━━━━━━━━━━━━━━━━━━━━━━━━━━━━━━━━━━━━━━━━ 29.8/29.8 MB 138.6 MB/s eta 0:00:00
2026-07-21T08:45:53.2831665Z Downloading absl_py-2.5.0-py3-none-any.whl (137 kB)
2026-07-21T08:45:53.2875970Z    ━━━━━━━━━━━━━━━━━━━━━━━━━━━━━━━━━━━━━━━━ 137.4/137.4 kB 51.1 MB/s eta 0:00:00
2026-07-21T08:45:53.2943432Z Downloading immutabledict-4.3.1-py3-none-any.whl (5.0 kB)
2026-07-21T08:45:53.3030742Z Downloading numpy-2.5.1-cp312-cp312-manylinux_2_27_x86_64.manylinux_2_28_x86_64.whl (16.7 MB)
2026-07-21T08:45:53.3909742Z    ━━━━━━━━━━━━━━━━━━━━━━━━━━━━━━━━━━━━━━━━ 16.7/16.7 MB 168.6 MB/s eta 0:00:00
2026-07-21T08:45:53.3981204Z Downloading pandas-3.0.3-cp312-cp312-manylinux_2_24_x86_64.manylinux_2_28_x86_64.whl (10.9 MB)
2026-07-21T08:45:53.4589054Z    ━━━━━━━━━━━━━━━━━━━━━━━━━━━━━━━━━━━━━━━━ 10.9/10.9 MB 182.6 MB/s eta 0:00:00
2026-07-21T08:45:53.4658788Z Downloading protobuf-6.33.6-cp39-abi3-manylinux2014_x86_64.whl (323 kB)
2026-07-21T08:45:53.4712242Z    ━━━━━━━━━━━━━━━━━━━━━━━━━━━━━━━━━━━━━━━━ 323.4/323.4 kB 87.9 MB/s eta 0:00:00
2026-07-21T08:45:53.4781945Z Downloading typing_extensions-4.16.0-py3-none-any.whl (45 kB)
2026-07-21T08:45:53.4829334Z    ━━━━━━━━━━━━━━━━━━━━━━━━━━━━━━━━━━━━━━━━ 45.6/45.6 kB 14.5 MB/s eta 0:00:00
2026-07-21T08:45:53.8376628Z Installing collected packages: typing-extensions, protobuf, numpy, immutabledict, absl-py, pandas, ortools
2026-07-21T08:46:00.6663916Z Successfully installed absl-py-2.5.0 immutabledict-4.3.1 numpy-2.5.1 ortools-9.15.6755 pandas-3.0.3 protobuf-6.33.6 typing-extensions-4.16.0
2026-07-21T08:46:00.8202711Z ##[group]Run {
2026-07-21T08:46:00.8202958Z [36;1m{[0m
2026-07-21T08:46:00.8203168Z [36;1m  echo "=== machine ==="[0m
2026-07-21T08:46:00.8203465Z [36;1m  date -u[0m
2026-07-21T08:46:00.8203701Z [36;1m  echo "nproc=$(nproc)"[0m
2026-07-21T08:46:00.8203958Z [36;1m  free -h[0m
2026-07-21T08:46:00.8204157Z [36;1m  df -h[0m
2026-07-21T08:46:00.8204414Z [36;1m  grep -m1 'model name' /proc/cpuinfo || true[0m
2026-07-21T08:46:00.8204758Z [36;1m} | tee machine-9.log[0m
2026-07-21T08:46:00.8271795Z shell: /usr/bin/bash -e {0}
2026-07-21T08:46:00.8272052Z env:
2026-07-21T08:46:00.8272251Z   PYTHONUNBUFFERED: 1
2026-07-21T08:46:00.8272473Z   MALLOC_ARENA_MAX: 2
2026-07-21T08:46:00.8272681Z   OMP_NUM_THREADS: 1
2026-07-21T08:46:00.8272896Z   OPENBLAS_NUM_THREADS: 1
2026-07-21T08:46:00.8273116Z   MKL_NUM_THREADS: 1
2026-07-21T08:46:00.8273321Z ##[endgroup]
2026-07-21T08:46:00.8446351Z === machine ===
2026-07-21T08:46:00.8447030Z Tue Jul 21 08:46:00 UTC 2026
2026-07-21T08:46:00.8465338Z nproc=1
2026-07-21T08:46:00.8482316Z                total        used        free      shared  buff/cache   available
2026-07-21T08:46:00.8482782Z Mem:            15Gi       1.2Gi        12Gi        42Mi       1.9Gi        14Gi
2026-07-21T08:46:00.8483128Z Swap:          3.0Gi          0B       3.0Gi
2026-07-21T08:46:00.8702246Z Filesystem      Size  Used Avail Use% Mounted on
2026-07-21T08:46:00.8702771Z /dev/root       145G   57G   88G  40% /
2026-07-21T08:46:00.8703116Z tmpfs           7.9G   84K  7.9G   1% /dev/shm
2026-07-21T08:46:00.8703432Z tmpfs           3.2G 1008K  3.2G   1% /run
2026-07-21T08:46:00.8703719Z tmpfs           5.0M     0  5.0M   0% /run/lock
2026-07-21T08:46:00.8704053Z efivarfs        128M   32K  128M   1% /sys/firmware/efi/efivars
2026-07-21T08:46:00.8704394Z /dev/sda16      881M   64M  756M   8% /boot
2026-07-21T08:46:00.8704716Z /dev/sda15      105M  6.2M   99M   6% /boot/efi
2026-07-21T08:46:00.8705034Z tmpfs           1.6G   12K  1.6G   1% /run/user/1001
2026-07-21T08:46:00.8718998Z model name	: AMD EPYC 9V74 80-Core Processor
2026-07-21T08:46:00.8759531Z ##[group]Run set -uo pipefail
2026-07-21T08:46:00.8759871Z [36;1mset -uo pipefail[0m
2026-07-21T08:46:00.8760107Z [36;1m([0m
2026-07-21T08:46:00.8760310Z [36;1m  while true; do[0m
2026-07-21T08:46:00.8760562Z [36;1m    echo "=== $(date -u +%FT%TZ) ==="[0m
2026-07-21T08:46:00.8760851Z [36;1m    free -h[0m
2026-07-21T08:46:00.8761168Z [36;1m    ps -eo pid,ppid,rss,vsz,%mem,%cpu,cmd --sort=-rss | head -n 15[0m
2026-07-21T08:46:00.8761716Z [36;1m    sleep 60[0m
2026-07-21T08:46:00.8761928Z [36;1m  done[0m
2026-07-21T08:46:00.8762132Z [36;1m) > "memory-9.log" 2>&1 &[0m
2026-07-21T08:46:00.8762384Z [36;1mmonitor_pid=$![0m
2026-07-21T08:46:00.8762667Z [36;1mpython 22x22/run_n22_profile_followup_shard.py \[0m
2026-07-21T08:46:00.8763078Z [36;1m  --schedule 22x22/current_remaining_schedule.json \[0m
2026-07-21T08:46:00.8763409Z [36;1m  --shard "9" \[0m
2026-07-21T08:46:00.8763645Z [36;1m  --total-seconds 21000 \[0m
2026-07-21T08:46:00.8763961Z [36;1m  --workers 4 \[0m
2026-07-21T08:46:00.8764187Z [36;1m  --fallback-workers 2 \[0m
2026-07-21T08:46:00.8764446Z [36;1m  --memory-guard-mb 13000 \[0m
2026-07-21T08:46:00.8764699Z [36;1m  --max-seconds 20700 \[0m
2026-07-21T08:46:00.8764964Z [36;1m  --artifact-buffer-seconds 180 \[0m
2026-07-21T08:46:00.8765239Z [36;1m  --seed-base "2026072200" \[0m
2026-07-21T08:46:00.8765504Z [36;1m  --output-dir "results/shard-9"[0m
2026-07-21T08:46:00.8765769Z [36;1mrc=$?[0m
2026-07-21T08:46:00.8766002Z [36;1mkill "$monitor_pid" 2>/dev/null || true[0m
2026-07-21T08:46:00.8766306Z [36;1mwait "$monitor_pid" 2>/dev/null || true[0m
2026-07-21T08:46:00.8766571Z [36;1mexit "$rc"[0m
2026-07-21T08:46:00.8836019Z shell: /usr/bin/bash --noprofile --norc -e -o pipefail {0}
2026-07-21T08:46:00.8836365Z env:
2026-07-21T08:46:00.8836569Z   PYTHONUNBUFFERED: 1
2026-07-21T08:46:00.8836794Z   MALLOC_ARENA_MAX: 2
2026-07-21T08:46:00.8836997Z   OMP_NUM_THREADS: 1
2026-07-21T08:46:00.8837213Z   OPENBLAS_NUM_THREADS: 1
2026-07-21T08:46:00.8837479Z   MKL_NUM_THREADS: 1
2026-07-21T08:46:00.8837751Z ##[endgroup]
2026-07-21T11:36:39.9414421Z ##[group]Run free -h
2026-07-21T11:36:39.9414694Z [36;1mfree -h[0m
2026-07-21T11:36:39.9414888Z [36;1mdf -h[0m
2026-07-21T11:36:39.9478844Z shell: /usr/bin/bash -e {0}
2026-07-21T11:36:39.9479112Z env:
2026-07-21T11:36:39.9479312Z   PYTHONUNBUFFERED: 1
2026-07-21T11:36:39.9479534Z   MALLOC_ARENA_MAX: 2
2026-07-21T11:36:39.9479754Z   OMP_NUM_THREADS: 1
2026-07-21T11:36:39.9479963Z   OPENBLAS_NUM_THREADS: 1
2026-07-21T11:36:39.9480179Z   MKL_NUM_THREADS: 1
2026-07-21T11:36:39.9480376Z ##[endgroup]
2026-07-21T11:36:39.9586597Z                total        used        free      shared  buff/cache   available
2026-07-21T11:36:39.9587105Z Mem:            15Gi       941Mi        13Gi        47Mi       1.9Gi        14Gi
2026-07-21T11:36:39.9587460Z Swap:          3.0Gi          0B       3.0Gi
2026-07-21T11:36:39.9603647Z Filesystem      Size  Used Avail Use% Mounted on
2026-07-21T11:36:39.9604034Z /dev/root       145G   57G   88G  40% /
2026-07-21T11:36:39.9604405Z tmpfs           7.9G   84K  7.9G   1% /dev/shm
2026-07-21T11:36:39.9604860Z tmpfs           3.2G 1008K  3.2G   1% /run
2026-07-21T11:36:39.9605306Z tmpfs           5.0M     0  5.0M   0% /run/lock
2026-07-21T11:36:39.9605816Z efivarfs        128M   32K  128M   1% /sys/firmware/efi/efivars
2026-07-21T11:36:39.9606328Z /dev/sda16      881M   64M  756M   8% /boot
2026-07-21T11:36:39.9606816Z /dev/sda15      105M  6.2M   99M   6% /boot/efi
2026-07-21T11:36:39.9607281Z tmpfs           1.6G   12K  1.6G   1% /run/user/1001
2026-07-21T11:36:39.9665245Z Node 20 is being deprecated. This workflow is running with Node 24 by default. If you need to temporarily use Node 20, you can set the ACTIONS_ALLOW_USE_UNSECURE_NODE_VERSION=true environment variable. For more information see: https://github.blog/changelog/2025-09-19-deprecation-of-node-20-on-github-actions-runners/
2026-07-21T11:36:39.9667257Z ##[group]Run actions/upload-artifact@v4
2026-07-21T11:36:39.9667525Z with:
2026-07-21T11:36:39.9667743Z   name: n22-profile-dynamic-shard-9
2026-07-21T11:36:39.9668035Z   path: results/
memory-9.log
machine-9.log

2026-07-21T11:36:39.9668322Z   retention-days: 30
2026-07-21T11:36:39.9668544Z   if-no-files-found: warn
2026-07-21T11:36:39.9669013Z   compression-level: 6
2026-07-21T11:36:39.9669230Z   overwrite: false
2026-07-21T11:36:39.9669446Z   include-hidden-files: false
2026-07-21T11:36:39.9669899Z env:
2026-07-21T11:36:39.9670089Z   PYTHONUNBUFFERED: 1
2026-07-21T11:36:39.9670303Z   MALLOC_ARENA_MAX: 2
2026-07-21T11:36:39.9670549Z   OMP_NUM_THREADS: 1
2026-07-21T11:36:39.9670760Z   OPENBLAS_NUM_THREADS: 1
2026-07-21T11:36:39.9671015Z   MKL_NUM_THREADS: 1
2026-07-21T11:36:39.9671211Z ##[endgroup]
2026-07-21T11:36:40.1401975Z (node:4423) [DEP0040] DeprecationWarning: The `punycode` module is deprecated. Please use a userland alternative instead.
2026-07-21T11:36:40.1402826Z (Use `node --trace-deprecation ...` to show where the warning was created)
2026-07-21T11:36:40.1487475Z Multiple search paths detected. Calculating the least common ancestor of all paths
2026-07-21T11:36:40.1490776Z The least common ancestor is /home/runner/work/monochromatic-no-three-in-line-solver/monochromatic-no-three-in-line-solver. This will be the root directory of the artifact
2026-07-21T11:36:40.1492114Z With the provided path, there will be 12 files uploaded
2026-07-21T11:36:40.1496419Z Artifact name is valid!
2026-07-21T11:36:40.1497298Z Root directory input is valid!
2026-07-21T11:36:40.2877140Z Beginning upload of artifact content to blob storage
2026-07-21T11:36:40.3395313Z (node:4423) [DEP0169] DeprecationWarning: `url.parse()` behavior is not standardized and prone to errors that have security implications. Use the WHATWG URL API instead. CVEs are not issued for `url.parse()` vulnerabilities.
2026-07-21T11:36:40.3711060Z Uploaded bytes 34660
2026-07-21T11:36:40.3860058Z Finished uploading artifact content to blob storage!
2026-07-21T11:36:40.3861049Z SHA256 digest of uploaded artifact zip is 267e86fb8c7400509ac8a555d2cef3af3f2b3f94229b01ab74cd2ed557187f6d
2026-07-21T11:36:40.3862724Z Finalizing artifact upload
2026-07-21T11:36:40.5496902Z Artifact n22-profile-dynamic-shard-9.zip successfully finalized. Artifact ID 8493591588
2026-07-21T11:36:40.5498019Z Artifact n22-profile-dynamic-shard-9 has been successfully uploaded! Final size is 34660 bytes. Artifact ID is 8493591588
2026-07-21T11:36:40.5504799Z Artifact download URL: https://github.com/Grisha-Pochuev/monochromatic-no-three-in-line-solver/actions/runs/29815441947/artifacts/8493591588
2026-07-21T11:36:40.5729411Z Node 20 is being deprecated. This workflow is running with Node 24 by default. If you need to temporarily use Node 20, you can set the ACTIONS_ALLOW_USE_UNSECURE_NODE_VERSION=true environment variable. For more information see: https://github.blog/changelog/2025-09-19-deprecation-of-node-20-on-github-actions-runners/
2026-07-21T11:36:40.5730656Z Post job cleanup.
2026-07-21T11:36:40.6642644Z [command]/usr/bin/git version
2026-07-21T11:36:40.6687788Z git version 2.54.0
2026-07-21T11:36:40.6733005Z Temporarily overriding HOME='/home/runner/work/_temp/c337399e-d606-4ee6-ae04-4a788bc43fd4' before making global git config changes
2026-07-21T11:36:40.6734367Z Adding repository directory to the temporary git global config as a safe directory
2026-07-21T11:36:40.6740620Z [command]/usr/bin/git config --global --add safe.directory /home/runner/work/monochromatic-no-three-in-line-solver/monochromatic-no-three-in-line-solver
2026-07-21T11:36:40.6787114Z [command]/usr/bin/git config --local --name-only --get-regexp core\.sshCommand
2026-07-21T11:36:40.6861357Z [command]/usr/bin/git submodule foreach --recursive sh -c "git config --local --name-only --get-regexp 'core\.sshCommand' && git config --local --unset-all 'core.sshCommand' || :"
2026-07-21T11:36:40.7134262Z [command]/usr/bin/git config --local --name-only --get-regexp http\.https\:\/\/github\.com\/\.extraheader
2026-07-21T11:36:40.7162167Z http.https://github.com/.extraheader
2026-07-21T11:36:40.7173488Z [command]/usr/bin/git config --local --unset-all http.https://github.com/.extraheader
2026-07-21T11:36:40.7213051Z [command]/usr/bin/git submodule foreach --recursive sh -c "git config --local --name-only --get-regexp 'http\.https\:\/\/github\.com\/\.extraheader' && git config --local --unset-all 'http.https://github.com/.extraheader' || :"
2026-07-21T11:36:40.7501652Z [command]/usr/bin/git config --local --name-only --get-regexp ^includeIf\.gitdir:
2026-07-21T11:36:40.7544633Z [command]/usr/bin/git submodule foreach --recursive git config --local --show-origin --name-only --get-regexp remote.origin.url
2026-07-21T11:36:40.7971470Z Cleaning up orphan processes
2026-07-21T11:36:40.8315412Z Terminate orphan process: pid (4417) (sleep)
2026-07-21T11:36:40.8333765Z ##[warning]Node.js 20 is deprecated. The following actions target Node.js 20 but are being forced to run on Node.js 24: actions/checkout@v4, actions/upload-artifact@v4. For more information see: https://github.blog/changelog/2025-09-19-deprecation-of-node-20-on-github-actions-runners/
