2026-07-21T08:45:49.7509052Z Current runner version: '2.335.1'
2026-07-21T08:45:49.7534889Z ##[group]Runner Image Provisioner
2026-07-21T08:45:49.7535818Z Hosted Compute Agent
2026-07-21T08:45:49.7536447Z Version: 20260707.563
2026-07-21T08:45:49.7537168Z Commit: 02667638d2b423fbc733a8e32a88b44996a3ba6e
2026-07-21T08:45:49.7537925Z Build Date: 2026-07-07T19:33:50Z
2026-07-21T08:45:49.7538669Z Worker ID: {fe3eec7c-cc2a-403c-ad55-cae99de3c535}
2026-07-21T08:45:49.7539526Z Azure Region: eastus2
2026-07-21T08:45:49.7540140Z ##[endgroup]
2026-07-21T08:45:49.7541572Z ##[group]Operating System
2026-07-21T08:45:49.7542257Z Ubuntu
2026-07-21T08:45:49.7542822Z 24.04.4
2026-07-21T08:45:49.7543854Z LTS
2026-07-21T08:45:49.7544418Z ##[endgroup]
2026-07-21T08:45:49.7545004Z ##[group]Runner Image
2026-07-21T08:45:49.7545713Z Image: ubuntu-24.04
2026-07-21T08:45:49.7546323Z Version: 20260714.240.1
2026-07-21T08:45:49.7548504Z Included Software: https://github.com/actions/runner-images/blob/ubuntu24/20260714.240/images/ubuntu/Ubuntu2404-Readme.md
2026-07-21T08:45:49.7550298Z Image Release: https://github.com/actions/runner-images/releases/tag/ubuntu24%2F20260714.240
2026-07-21T08:45:49.7551369Z ##[endgroup]
2026-07-21T08:45:49.7552632Z ##[group]GITHUB_TOKEN Permissions
2026-07-21T08:45:49.7555251Z Actions: read
2026-07-21T08:45:49.7555903Z Contents: write
2026-07-21T08:45:49.7556527Z Metadata: read
2026-07-21T08:45:49.7557218Z ##[endgroup]
2026-07-21T08:45:49.7559309Z Secret source: Actions
2026-07-21T08:45:49.7560387Z Prepare workflow directory
2026-07-21T08:45:49.7954877Z Prepare all required actions
2026-07-21T08:45:49.7991866Z Getting action download info
2026-07-21T08:45:50.0399959Z Download action repository 'actions/checkout@v4' (SHA:11d5960a326750d5838078e36cf38b85af677262)
2026-07-21T08:45:50.2715484Z Download action repository 'actions/upload-artifact@v4' (SHA:ea165f8d65b6e75b540449e92b4886f43607fa02)
2026-07-21T08:45:50.5512173Z Complete job name: Residual shard 2
2026-07-21T08:45:50.6245114Z Node 20 is being deprecated. This workflow is running with Node 24 by default. If you need to temporarily use Node 20, you can set the ACTIONS_ALLOW_USE_UNSECURE_NODE_VERSION=true environment variable. For more information see: https://github.blog/changelog/2025-09-19-deprecation-of-node-20-on-github-actions-runners/
2026-07-21T08:45:50.6254008Z ##[group]Run actions/checkout@v4
2026-07-21T08:45:50.6254699Z with:
2026-07-21T08:45:50.6255163Z   ref: 0fa82b4e804d862e087a6058f2b933a614415bf3
2026-07-21T08:45:50.6255919Z   repository: Grisha-Pochuev/monochromatic-no-three-in-line-solver
2026-07-21T08:45:50.6259830Z   token: ***
2026-07-21T08:45:50.6260268Z   ssh-strict: true
2026-07-21T08:45:50.6260704Z   ssh-user: git
2026-07-21T08:45:50.6261147Z   persist-credentials: true
2026-07-21T08:45:50.6261625Z   clean: true
2026-07-21T08:45:50.6262064Z   sparse-checkout-cone-mode: true
2026-07-21T08:45:50.6262574Z   fetch-depth: 1
2026-07-21T08:45:50.6263157Z   fetch-tags: false
2026-07-21T08:45:50.6263643Z   show-progress: true
2026-07-21T08:45:50.6264097Z   lfs: false
2026-07-21T08:45:50.6264521Z   submodules: false
2026-07-21T08:45:50.6264983Z   set-safe-directory: true
2026-07-21T08:45:50.6265485Z   allow-unsafe-pr-checkout: false
2026-07-21T08:45:50.6266189Z env:
2026-07-21T08:45:50.6266603Z   PYTHONUNBUFFERED: 1
2026-07-21T08:45:50.6267054Z   MALLOC_ARENA_MAX: 2
2026-07-21T08:45:50.6267492Z   OMP_NUM_THREADS: 1
2026-07-21T08:45:50.6267936Z   OPENBLAS_NUM_THREADS: 1
2026-07-21T08:45:50.6268396Z   MKL_NUM_THREADS: 1
2026-07-21T08:45:50.6268826Z ##[endgroup]
2026-07-21T08:45:50.7326938Z Syncing repository: Grisha-Pochuev/monochromatic-no-three-in-line-solver
2026-07-21T08:45:50.7329775Z ##[group]Getting Git version info
2026-07-21T08:45:50.7331411Z Working directory is '/home/runner/work/monochromatic-no-three-in-line-solver/monochromatic-no-three-in-line-solver'
2026-07-21T08:45:50.7333711Z [command]/usr/bin/git version
2026-07-21T08:45:50.7406134Z git version 2.54.0
2026-07-21T08:45:50.7474199Z ##[endgroup]
2026-07-21T08:45:50.7518305Z Temporarily overriding HOME='/home/runner/work/_temp/f8a12d63-85df-4289-93bb-e23392403f88' before making global git config changes
2026-07-21T08:45:50.7520541Z Adding repository directory to the temporary git global config as a safe directory
2026-07-21T08:45:50.7523457Z [command]/usr/bin/git config --global --add safe.directory /home/runner/work/monochromatic-no-three-in-line-solver/monochromatic-no-three-in-line-solver
2026-07-21T08:45:50.7527781Z Deleting the contents of '/home/runner/work/monochromatic-no-three-in-line-solver/monochromatic-no-three-in-line-solver'
2026-07-21T08:45:50.7530150Z ##[group]Initializing the repository
2026-07-21T08:45:50.7532035Z [command]/usr/bin/git init /home/runner/work/monochromatic-no-three-in-line-solver/monochromatic-no-three-in-line-solver
2026-07-21T08:45:50.7620812Z hint: Using 'master' as the name for the initial branch. This default branch name
2026-07-21T08:45:50.7622607Z hint: will change to "main" in Git 3.0. To configure the initial branch name
2026-07-21T08:45:50.7624369Z hint: to use in all of your new repositories, which will suppress this warning,
2026-07-21T08:45:50.7625673Z hint: call:
2026-07-21T08:45:50.7626401Z hint:
2026-07-21T08:45:50.7627272Z hint: 	git config --global init.defaultBranch <name>
2026-07-21T08:45:50.7628362Z hint:
2026-07-21T08:45:50.7629382Z hint: Names commonly chosen instead of 'master' are 'main', 'trunk' and
2026-07-21T08:45:50.7630996Z hint: 'development'. The just-created branch can be renamed via this command:
2026-07-21T08:45:50.7632295Z hint:
2026-07-21T08:45:50.7633184Z hint: 	git branch -m <name>
2026-07-21T08:45:50.7634350Z hint:
2026-07-21T08:45:50.7635537Z hint: Disable this message with "git config set advice.defaultBranchName false"
2026-07-21T08:45:50.7638024Z Initialized empty Git repository in /home/runner/work/monochromatic-no-three-in-line-solver/monochromatic-no-three-in-line-solver/.git/
2026-07-21T08:45:50.7642436Z [command]/usr/bin/git remote add origin https://github.com/Grisha-Pochuev/monochromatic-no-three-in-line-solver
2026-07-21T08:45:50.7699253Z ##[endgroup]
2026-07-21T08:45:50.7700684Z ##[group]Disabling automatic garbage collection
2026-07-21T08:45:50.7703931Z [command]/usr/bin/git config --local gc.auto 0
2026-07-21T08:45:50.7765385Z ##[endgroup]
2026-07-21T08:45:50.7766777Z ##[group]Setting up auth
2026-07-21T08:45:50.7768147Z [command]/usr/bin/git config --local --name-only --get-regexp core\.sshCommand
2026-07-21T08:45:50.7809888Z [command]/usr/bin/git submodule foreach --recursive sh -c "git config --local --name-only --get-regexp 'core\.sshCommand' && git config --local --unset-all 'core.sshCommand' || :"
2026-07-21T08:45:50.8261416Z [command]/usr/bin/git config --local --name-only --get-regexp http\.https\:\/\/github\.com\/\.extraheader
2026-07-21T08:45:50.8324607Z [command]/usr/bin/git submodule foreach --recursive sh -c "git config --local --name-only --get-regexp 'http\.https\:\/\/github\.com\/\.extraheader' && git config --local --unset-all 'http.https://github.com/.extraheader' || :"
2026-07-21T08:45:50.8577684Z [command]/usr/bin/git config --local --name-only --get-regexp ^includeIf\.gitdir:
2026-07-21T08:45:50.8621658Z [command]/usr/bin/git submodule foreach --recursive git config --local --show-origin --name-only --get-regexp remote.origin.url
2026-07-21T08:45:50.8877474Z [command]/usr/bin/git config --local http.https://github.com/.extraheader AUTHORIZATION: basic ***
2026-07-21T08:45:50.8917515Z ##[endgroup]
2026-07-21T08:45:50.8918551Z ##[group]Fetching the repository
2026-07-21T08:45:50.8927375Z [command]/usr/bin/git -c protocol.version=2 fetch --no-tags --prune --no-recurse-submodules --depth=1 origin 0fa82b4e804d862e087a6058f2b933a614415bf3
2026-07-21T08:45:51.1785588Z From https://github.com/Grisha-Pochuev/monochromatic-no-three-in-line-solver
2026-07-21T08:45:51.1787764Z  * branch            0fa82b4e804d862e087a6058f2b933a614415bf3 -> FETCH_HEAD
2026-07-21T08:45:51.1817684Z ##[endgroup]
2026-07-21T08:45:51.1819087Z ##[group]Determining the checkout info
2026-07-21T08:45:51.1820697Z ##[endgroup]
2026-07-21T08:45:51.1826949Z [command]/usr/bin/git sparse-checkout disable
2026-07-21T08:45:51.1878513Z [command]/usr/bin/git config --local --unset-all extensions.worktreeConfig
2026-07-21T08:45:51.1914656Z ##[group]Checking out the ref
2026-07-21T08:45:51.1919148Z [command]/usr/bin/git checkout --progress --force 0fa82b4e804d862e087a6058f2b933a614415bf3
2026-07-21T08:45:51.2600563Z Note: switching to '0fa82b4e804d862e087a6058f2b933a614415bf3'.
2026-07-21T08:45:51.2601312Z 
2026-07-21T08:45:51.2601836Z You are in 'detached HEAD' state. You can look around, make experimental
2026-07-21T08:45:51.2603247Z changes and commit them, and you can discard any commits you make in this
2026-07-21T08:45:51.2604440Z state without impacting any branches by switching back to a branch.
2026-07-21T08:45:51.2605103Z 
2026-07-21T08:45:51.2605627Z If you want to create a new branch to retain commits you create, you may
2026-07-21T08:45:51.2606919Z do so (now or later) by using -c with the switch command. Example:
2026-07-21T08:45:51.2607651Z 
2026-07-21T08:45:51.2608019Z   git switch -c <new-branch-name>
2026-07-21T08:45:51.2608552Z 
2026-07-21T08:45:51.2608899Z Or undo this operation with:
2026-07-21T08:45:51.2609412Z 
2026-07-21T08:45:51.2609723Z   git switch -
2026-07-21T08:45:51.2610149Z 
2026-07-21T08:45:51.2610879Z Turn off this advice by setting config variable advice.detachedHead to false
2026-07-21T08:45:51.2612183Z 
2026-07-21T08:45:51.2613074Z HEAD is now at 0fa82b4 record n22 residual-frontier run 29815441947
2026-07-21T08:45:51.2616322Z ##[endgroup]
2026-07-21T08:45:51.2671450Z [command]/usr/bin/git log -1 --format=%H
2026-07-21T08:45:51.2700484Z 0fa82b4e804d862e087a6058f2b933a614415bf3
2026-07-21T08:45:51.2936540Z ##[group]Run python -m pip install ortools==9.15.6755
2026-07-21T08:45:51.2938207Z [36;1mpython -m pip install ortools==9.15.6755[0m
2026-07-21T08:45:51.3027651Z shell: /usr/bin/bash -e {0}
2026-07-21T08:45:51.3028806Z env:
2026-07-21T08:45:51.3029741Z   PYTHONUNBUFFERED: 1
2026-07-21T08:45:51.3030779Z   MALLOC_ARENA_MAX: 2
2026-07-21T08:45:51.3031839Z   OMP_NUM_THREADS: 1
2026-07-21T08:45:51.3032900Z   OPENBLAS_NUM_THREADS: 1
2026-07-21T08:45:51.3034250Z   MKL_NUM_THREADS: 1
2026-07-21T08:45:51.3035257Z ##[endgroup]
2026-07-21T08:45:52.3452810Z Defaulting to user installation because normal site-packages is not writeable
2026-07-21T08:45:53.0396499Z Collecting ortools==9.15.6755
2026-07-21T08:45:53.0792600Z   Downloading ortools-9.15.6755-cp312-cp312-manylinux_2_27_x86_64.manylinux_2_28_x86_64.whl.metadata (3.3 kB)
2026-07-21T08:45:53.1057201Z Collecting absl-py>=2.0.0 (from ortools==9.15.6755)
2026-07-21T08:45:53.1126316Z   Downloading absl_py-2.5.0-py3-none-any.whl.metadata (3.3 kB)
2026-07-21T08:45:53.3419828Z Collecting numpy>=2.0.2 (from ortools==9.15.6755)
2026-07-21T08:45:53.3490686Z   Downloading numpy-2.5.1-cp312-cp312-manylinux_2_27_x86_64.manylinux_2_28_x86_64.whl.metadata (6.6 kB)
2026-07-21T08:45:53.4818024Z Collecting pandas>=2.0.0 (from ortools==9.15.6755)
2026-07-21T08:45:53.4889820Z   Downloading pandas-3.0.3-cp312-cp312-manylinux_2_24_x86_64.manylinux_2_28_x86_64.whl.metadata (79 kB)
2026-07-21T08:45:53.4997864Z      ━━━━━━━━━━━━━━━━━━━━━━━━━━━━━━━━━━━━━━━━ 79.5/79.5 kB 8.4 MB/s eta 0:00:00
2026-07-21T08:45:53.6859494Z Collecting protobuf<6.34,>=6.33.1 (from ortools==9.15.6755)
2026-07-21T08:45:53.6930448Z   Downloading protobuf-6.33.6-cp39-abi3-manylinux2014_x86_64.whl.metadata (593 bytes)
2026-07-21T08:45:53.7216737Z Collecting typing-extensions>=4.12 (from ortools==9.15.6755)
2026-07-21T08:45:53.7288494Z   Downloading typing_extensions-4.16.0-py3-none-any.whl.metadata (3.3 kB)
2026-07-21T08:45:53.7511881Z Collecting immutabledict>=3.0.0 (from ortools==9.15.6755)
2026-07-21T08:45:53.7579701Z   Downloading immutabledict-4.3.1-py3-none-any.whl.metadata (3.5 kB)
2026-07-21T08:45:53.8377958Z Requirement already satisfied: python-dateutil>=2.8.2 in /usr/lib/python3/dist-packages (from pandas>=2.0.0->ortools==9.15.6755) (2.8.2)
2026-07-21T08:45:53.8515169Z Downloading ortools-9.15.6755-cp312-cp312-manylinux_2_27_x86_64.manylinux_2_28_x86_64.whl (29.8 MB)
2026-07-21T08:45:54.0364497Z    ━━━━━━━━━━━━━━━━━━━━━━━━━━━━━━━━━━━━━━━━ 29.8/29.8 MB 136.4 MB/s eta 0:00:00
2026-07-21T08:45:54.0437069Z Downloading absl_py-2.5.0-py3-none-any.whl (137 kB)
2026-07-21T08:45:54.0480076Z    ━━━━━━━━━━━━━━━━━━━━━━━━━━━━━━━━━━━━━━━━ 137.4/137.4 kB 51.0 MB/s eta 0:00:00
2026-07-21T08:45:54.0548972Z Downloading immutabledict-4.3.1-py3-none-any.whl (5.0 kB)
2026-07-21T08:45:54.0637126Z Downloading numpy-2.5.1-cp312-cp312-manylinux_2_27_x86_64.manylinux_2_28_x86_64.whl (16.7 MB)
2026-07-21T08:45:54.1482576Z    ━━━━━━━━━━━━━━━━━━━━━━━━━━━━━━━━━━━━━━━━ 16.7/16.7 MB 174.2 MB/s eta 0:00:00
2026-07-21T08:45:54.1551592Z Downloading pandas-3.0.3-cp312-cp312-manylinux_2_24_x86_64.manylinux_2_28_x86_64.whl (10.9 MB)
2026-07-21T08:45:54.2128748Z    ━━━━━━━━━━━━━━━━━━━━━━━━━━━━━━━━━━━━━━━━ 10.9/10.9 MB 196.4 MB/s eta 0:00:00
2026-07-21T08:45:54.2201189Z Downloading protobuf-6.33.6-cp39-abi3-manylinux2014_x86_64.whl (323 kB)
2026-07-21T08:45:54.2251456Z    ━━━━━━━━━━━━━━━━━━━━━━━━━━━━━━━━━━━━━━━━ 323.4/323.4 kB 97.0 MB/s eta 0:00:00
2026-07-21T08:45:54.2317350Z Downloading typing_extensions-4.16.0-py3-none-any.whl (45 kB)
2026-07-21T08:45:54.2374181Z    ━━━━━━━━━━━━━━━━━━━━━━━━━━━━━━━━━━━━━━━━ 45.6/45.6 kB 15.2 MB/s eta 0:00:00
2026-07-21T08:45:54.6098967Z Installing collected packages: typing-extensions, protobuf, numpy, immutabledict, absl-py, pandas, ortools
2026-07-21T08:46:01.3638585Z Successfully installed absl-py-2.5.0 immutabledict-4.3.1 numpy-2.5.1 ortools-9.15.6755 pandas-3.0.3 protobuf-6.33.6 typing-extensions-4.16.0
2026-07-21T08:46:01.5061149Z ##[group]Run {
2026-07-21T08:46:01.5061411Z [36;1m{[0m
2026-07-21T08:46:01.5061616Z [36;1m  echo "=== machine ==="[0m
2026-07-21T08:46:01.5061905Z [36;1m  date -u[0m
2026-07-21T08:46:01.5062135Z [36;1m  echo "nproc=$(nproc)"[0m
2026-07-21T08:46:01.5062379Z [36;1m  free -h[0m
2026-07-21T08:46:01.5062579Z [36;1m  df -h[0m
2026-07-21T08:46:01.5062843Z [36;1m  grep -m1 'model name' /proc/cpuinfo || true[0m
2026-07-21T08:46:01.5063482Z [36;1m} | tee machine-2.log[0m
2026-07-21T08:46:01.5130892Z shell: /usr/bin/bash -e {0}
2026-07-21T08:46:01.5131160Z env:
2026-07-21T08:46:01.5131365Z   PYTHONUNBUFFERED: 1
2026-07-21T08:46:01.5131597Z   MALLOC_ARENA_MAX: 2
2026-07-21T08:46:01.5131805Z   OMP_NUM_THREADS: 1
2026-07-21T08:46:01.5132027Z   OPENBLAS_NUM_THREADS: 1
2026-07-21T08:46:01.5132281Z   MKL_NUM_THREADS: 1
2026-07-21T08:46:01.5203711Z ##[endgroup]
2026-07-21T08:46:01.5305982Z === machine ===
2026-07-21T08:46:01.5307729Z Tue Jul 21 08:46:01 UTC 2026
2026-07-21T08:46:01.5324359Z nproc=1
2026-07-21T08:46:01.5341849Z                total        used        free      shared  buff/cache   available
2026-07-21T08:46:01.5342610Z Mem:            15Gi       1.0Gi        13Gi        42Mi       1.9Gi        14Gi
2026-07-21T08:46:01.5343381Z Swap:          3.0Gi          0B       3.0Gi
2026-07-21T08:46:01.5453257Z Filesystem      Size  Used Avail Use% Mounted on
2026-07-21T08:46:01.5453774Z /dev/root       145G   57G   88G  40% /
2026-07-21T08:46:01.5454228Z tmpfs           7.9G   84K  7.9G   1% /dev/shm
2026-07-21T08:46:01.5454655Z tmpfs           3.2G 1008K  3.2G   1% /run
2026-07-21T08:46:01.5455077Z tmpfs           5.0M     0  5.0M   0% /run/lock
2026-07-21T08:46:01.5455593Z efivarfs        128M   32K  128M   1% /sys/firmware/efi/efivars
2026-07-21T08:46:01.5456106Z /dev/sda16      881M   64M  756M   8% /boot
2026-07-21T08:46:01.5456546Z /dev/sda15      105M  6.2M   99M   6% /boot/efi
2026-07-21T08:46:01.5457012Z tmpfs           1.6G   12K  1.6G   1% /run/user/1001
2026-07-21T08:46:01.5468872Z model name	: AMD EPYC 9V74 80-Core Processor
2026-07-21T08:46:01.5506319Z ##[group]Run set -uo pipefail
2026-07-21T08:46:01.5506629Z [36;1mset -uo pipefail[0m
2026-07-21T08:46:01.5506860Z [36;1m([0m
2026-07-21T08:46:01.5507056Z [36;1m  while true; do[0m
2026-07-21T08:46:01.5507306Z [36;1m    echo "=== $(date -u +%FT%TZ) ==="[0m
2026-07-21T08:46:01.5507595Z [36;1m    free -h[0m
2026-07-21T08:46:01.5507919Z [36;1m    ps -eo pid,ppid,rss,vsz,%mem,%cpu,cmd --sort=-rss | head -n 15[0m
2026-07-21T08:46:01.5508458Z [36;1m    sleep 60[0m
2026-07-21T08:46:01.5508679Z [36;1m  done[0m
2026-07-21T08:46:01.5508890Z [36;1m) > "memory-2.log" 2>&1 &[0m
2026-07-21T08:46:01.5509146Z [36;1mmonitor_pid=$![0m
2026-07-21T08:46:01.5509436Z [36;1mpython 22x22/run_n22_profile_followup_shard.py \[0m
2026-07-21T08:46:01.5509837Z [36;1m  --schedule 22x22/current_remaining_schedule.json \[0m
2026-07-21T08:46:01.5510166Z [36;1m  --shard "2" \[0m
2026-07-21T08:46:01.5510416Z [36;1m  --total-seconds 21000 \[0m
2026-07-21T08:46:01.5510703Z [36;1m  --workers 4 \[0m
2026-07-21T08:46:01.5510954Z [36;1m  --fallback-workers 2 \[0m
2026-07-21T08:46:01.5511221Z [36;1m  --memory-guard-mb 13000 \[0m
2026-07-21T08:46:01.5511479Z [36;1m  --max-seconds 20700 \[0m
2026-07-21T08:46:01.5511752Z [36;1m  --artifact-buffer-seconds 180 \[0m
2026-07-21T08:46:01.5512031Z [36;1m  --seed-base "2026072200" \[0m
2026-07-21T08:46:01.5512306Z [36;1m  --output-dir "results/shard-2"[0m
2026-07-21T08:46:01.5512576Z [36;1mrc=$?[0m
2026-07-21T08:46:01.5512805Z [36;1mkill "$monitor_pid" 2>/dev/null || true[0m
2026-07-21T08:46:01.5513450Z [36;1mwait "$monitor_pid" 2>/dev/null || true[0m
2026-07-21T08:46:01.5513750Z [36;1mexit "$rc"[0m
2026-07-21T08:46:01.5578071Z shell: /usr/bin/bash --noprofile --norc -e -o pipefail {0}
2026-07-21T08:46:01.5578424Z env:
2026-07-21T08:46:01.5578629Z   PYTHONUNBUFFERED: 1
2026-07-21T08:46:01.5578854Z   MALLOC_ARENA_MAX: 2
2026-07-21T08:46:01.5579053Z   OMP_NUM_THREADS: 1
2026-07-21T08:46:01.5579274Z   OPENBLAS_NUM_THREADS: 1
2026-07-21T08:46:01.5579535Z   MKL_NUM_THREADS: 1
2026-07-21T08:46:01.5579805Z ##[endgroup]
2026-07-21T10:54:07.9132062Z ##[group]Run free -h
2026-07-21T10:54:07.9132369Z [36;1mfree -h[0m
2026-07-21T10:54:07.9132575Z [36;1mdf -h[0m
2026-07-21T10:54:07.9200709Z shell: /usr/bin/bash -e {0}
2026-07-21T10:54:07.9200974Z env:
2026-07-21T10:54:07.9201173Z   PYTHONUNBUFFERED: 1
2026-07-21T10:54:07.9201393Z   MALLOC_ARENA_MAX: 2
2026-07-21T10:54:07.9201618Z   OMP_NUM_THREADS: 1
2026-07-21T10:54:07.9201829Z   OPENBLAS_NUM_THREADS: 1
2026-07-21T10:54:07.9202050Z   MKL_NUM_THREADS: 1
2026-07-21T10:54:07.9202251Z ##[endgroup]
2026-07-21T10:54:07.9301303Z                total        used        free      shared  buff/cache   available
2026-07-21T10:54:07.9302001Z Mem:            15Gi       939Mi        13Gi        47Mi       1.9Gi        14Gi
2026-07-21T10:54:07.9302558Z Swap:          3.0Gi          0B       3.0Gi
2026-07-21T10:54:07.9318977Z Filesystem      Size  Used Avail Use% Mounted on
2026-07-21T10:54:07.9319492Z /dev/root       145G   57G   88G  40% /
2026-07-21T10:54:07.9319932Z tmpfs           7.9G   84K  7.9G   1% /dev/shm
2026-07-21T10:54:07.9320225Z tmpfs           3.2G 1008K  3.2G   1% /run
2026-07-21T10:54:07.9320518Z tmpfs           5.0M     0  5.0M   0% /run/lock
2026-07-21T10:54:07.9320857Z efivarfs        128M   32K  128M   1% /sys/firmware/efi/efivars
2026-07-21T10:54:07.9321189Z /dev/sda16      881M   64M  756M   8% /boot
2026-07-21T10:54:07.9321482Z /dev/sda15      105M  6.2M   99M   6% /boot/efi
2026-07-21T10:54:07.9321773Z tmpfs           1.6G   12K  1.6G   1% /run/user/1001
2026-07-21T10:54:07.9376799Z Node 20 is being deprecated. This workflow is running with Node 24 by default. If you need to temporarily use Node 20, you can set the ACTIONS_ALLOW_USE_UNSECURE_NODE_VERSION=true environment variable. For more information see: https://github.blog/changelog/2025-09-19-deprecation-of-node-20-on-github-actions-runners/
2026-07-21T10:54:07.9378421Z ##[group]Run actions/upload-artifact@v4
2026-07-21T10:54:07.9378692Z with:
2026-07-21T10:54:07.9378907Z   name: n22-profile-dynamic-shard-2
2026-07-21T10:54:07.9379195Z   path: results/
memory-2.log
machine-2.log

2026-07-21T10:54:07.9379473Z   retention-days: 30
2026-07-21T10:54:07.9379691Z   if-no-files-found: warn
2026-07-21T10:54:07.9379917Z   compression-level: 6
2026-07-21T10:54:07.9380130Z   overwrite: false
2026-07-21T10:54:07.9380342Z   include-hidden-files: false
2026-07-21T10:54:07.9380764Z env:
2026-07-21T10:54:07.9380950Z   PYTHONUNBUFFERED: 1
2026-07-21T10:54:07.9381160Z   MALLOC_ARENA_MAX: 2
2026-07-21T10:54:07.9381393Z   OMP_NUM_THREADS: 1
2026-07-21T10:54:07.9381607Z   OPENBLAS_NUM_THREADS: 1
2026-07-21T10:54:07.9381826Z   MKL_NUM_THREADS: 1
2026-07-21T10:54:07.9382023Z ##[endgroup]
2026-07-21T10:54:08.1035787Z (node:3980) [DEP0040] DeprecationWarning: The `punycode` module is deprecated. Please use a userland alternative instead.
2026-07-21T10:54:08.1036496Z (Use `node --trace-deprecation ...` to show where the warning was created)
2026-07-21T10:54:08.1130068Z Multiple search paths detected. Calculating the least common ancestor of all paths
2026-07-21T10:54:08.1133579Z The least common ancestor is /home/runner/work/monochromatic-no-three-in-line-solver/monochromatic-no-three-in-line-solver. This will be the root directory of the artifact
2026-07-21T10:54:08.1135038Z With the provided path, there will be 9 files uploaded
2026-07-21T10:54:08.1136974Z Artifact name is valid!
2026-07-21T10:54:08.1138185Z Root directory input is valid!
2026-07-21T10:54:08.2668959Z Beginning upload of artifact content to blob storage
2026-07-21T10:54:08.3031063Z (node:3980) [DEP0169] DeprecationWarning: `url.parse()` behavior is not standardized and prone to errors that have security implications. Use the WHATWG URL API instead. CVEs are not issued for `url.parse()` vulnerabilities.
2026-07-21T10:54:08.4361161Z Uploaded bytes 24771
2026-07-21T10:54:08.4508689Z Finished uploading artifact content to blob storage!
2026-07-21T10:54:08.4509890Z SHA256 digest of uploaded artifact zip is 0f455c6292dc98c0a77cff5da15e743440060a4efed991485138e2c9930a8254
2026-07-21T10:54:08.4511244Z Finalizing artifact upload
2026-07-21T10:54:08.6300897Z Artifact n22-profile-dynamic-shard-2.zip successfully finalized. Artifact ID 8492519112
2026-07-21T10:54:08.6302135Z Artifact n22-profile-dynamic-shard-2 has been successfully uploaded! Final size is 24771 bytes. Artifact ID is 8492519112
2026-07-21T10:54:08.6308292Z Artifact download URL: https://github.com/Grisha-Pochuev/monochromatic-no-three-in-line-solver/actions/runs/29815441947/artifacts/8492519112
2026-07-21T10:54:08.6537662Z Node 20 is being deprecated. This workflow is running with Node 24 by default. If you need to temporarily use Node 20, you can set the ACTIONS_ALLOW_USE_UNSECURE_NODE_VERSION=true environment variable. For more information see: https://github.blog/changelog/2025-09-19-deprecation-of-node-20-on-github-actions-runners/
2026-07-21T10:54:08.6538839Z Post job cleanup.
2026-07-21T10:54:08.7395739Z [command]/usr/bin/git version
2026-07-21T10:54:08.7441193Z git version 2.54.0
2026-07-21T10:54:08.7483100Z Temporarily overriding HOME='/home/runner/work/_temp/a6b16dda-4778-45a8-b395-7781866f807b' before making global git config changes
2026-07-21T10:54:08.7484302Z Adding repository directory to the temporary git global config as a safe directory
2026-07-21T10:54:08.7489824Z [command]/usr/bin/git config --global --add safe.directory /home/runner/work/monochromatic-no-three-in-line-solver/monochromatic-no-three-in-line-solver
2026-07-21T10:54:08.7530438Z [command]/usr/bin/git config --local --name-only --get-regexp core\.sshCommand
2026-07-21T10:54:08.7567093Z [command]/usr/bin/git submodule foreach --recursive sh -c "git config --local --name-only --get-regexp 'core\.sshCommand' && git config --local --unset-all 'core.sshCommand' || :"
2026-07-21T10:54:08.7834666Z [command]/usr/bin/git config --local --name-only --get-regexp http\.https\:\/\/github\.com\/\.extraheader
2026-07-21T10:54:08.7864246Z http.https://github.com/.extraheader
2026-07-21T10:54:08.7888542Z [command]/usr/bin/git config --local --unset-all http.https://github.com/.extraheader
2026-07-21T10:54:08.7915594Z [command]/usr/bin/git submodule foreach --recursive sh -c "git config --local --name-only --get-regexp 'http\.https\:\/\/github\.com\/\.extraheader' && git config --local --unset-all 'http.https://github.com/.extraheader' || :"
2026-07-21T10:54:08.8182915Z [command]/usr/bin/git config --local --name-only --get-regexp ^includeIf\.gitdir:
2026-07-21T10:54:08.8219868Z [command]/usr/bin/git submodule foreach --recursive git config --local --show-origin --name-only --get-regexp remote.origin.url
2026-07-21T10:54:08.8659659Z Cleaning up orphan processes
2026-07-21T10:54:08.8989755Z Terminate orphan process: pid (3975) (sleep)
2026-07-21T10:54:08.9005462Z ##[warning]Node.js 20 is deprecated. The following actions target Node.js 20 but are being forced to run on Node.js 24: actions/checkout@v4, actions/upload-artifact@v4. For more information see: https://github.blog/changelog/2025-09-19-deprecation-of-node-20-on-github-actions-runners/
