2026-07-21T08:45:49.9270820Z Current runner version: '2.335.1'
2026-07-21T08:45:49.9297285Z ##[group]Runner Image Provisioner
2026-07-21T08:45:49.9298188Z Hosted Compute Agent
2026-07-21T08:45:49.9298839Z Version: 20260707.563
2026-07-21T08:45:49.9299558Z Commit: 02667638d2b423fbc733a8e32a88b44996a3ba6e
2026-07-21T08:45:49.9300622Z Build Date: 2026-07-07T19:33:50Z
2026-07-21T08:45:49.9301303Z Worker ID: {320fd0c8-ca4b-4900-a28f-58e0482eedc9}
2026-07-21T08:45:49.9302131Z Azure Region: centralus
2026-07-21T08:45:49.9302766Z ##[endgroup]
2026-07-21T08:45:49.9304252Z ##[group]Operating System
2026-07-21T08:45:49.9304949Z Ubuntu
2026-07-21T08:45:49.9305500Z 24.04.4
2026-07-21T08:45:49.9306087Z LTS
2026-07-21T08:45:49.9306631Z ##[endgroup]
2026-07-21T08:45:49.9307194Z ##[group]Runner Image
2026-07-21T08:45:49.9307942Z Image: ubuntu-24.04
2026-07-21T08:45:49.9308527Z Version: 20260714.240.1
2026-07-21T08:45:49.9310550Z Included Software: https://github.com/actions/runner-images/blob/ubuntu24/20260714.240/images/ubuntu/Ubuntu2404-Readme.md
2026-07-21T08:45:49.9312090Z Image Release: https://github.com/actions/runner-images/releases/tag/ubuntu24%2F20260714.240
2026-07-21T08:45:49.9313216Z ##[endgroup]
2026-07-21T08:45:49.9314405Z ##[group]GITHUB_TOKEN Permissions
2026-07-21T08:45:49.9316731Z Actions: read
2026-07-21T08:45:49.9317367Z Contents: write
2026-07-21T08:45:49.9317944Z Metadata: read
2026-07-21T08:45:49.9318662Z ##[endgroup]
2026-07-21T08:45:49.9321826Z Secret source: Actions
2026-07-21T08:45:49.9322915Z Prepare workflow directory
2026-07-21T08:45:49.9728380Z Prepare all required actions
2026-07-21T08:45:49.9768646Z Getting action download info
2026-07-21T08:45:50.2413831Z Download action repository 'actions/checkout@v4' (SHA:11d5960a326750d5838078e36cf38b85af677262)
2026-07-21T08:45:50.6629823Z Download action repository 'actions/upload-artifact@v4' (SHA:ea165f8d65b6e75b540449e92b4886f43607fa02)
2026-07-21T08:45:50.8724037Z Complete job name: Residual shard 5
2026-07-21T08:45:50.9474561Z Node 20 is being deprecated. This workflow is running with Node 24 by default. If you need to temporarily use Node 20, you can set the ACTIONS_ALLOW_USE_UNSECURE_NODE_VERSION=true environment variable. For more information see: https://github.blog/changelog/2025-09-19-deprecation-of-node-20-on-github-actions-runners/
2026-07-21T08:45:50.9483469Z ##[group]Run actions/checkout@v4
2026-07-21T08:45:50.9484158Z with:
2026-07-21T08:45:50.9484629Z   ref: 0fa82b4e804d862e087a6058f2b933a614415bf3
2026-07-21T08:45:50.9485397Z   repository: Grisha-Pochuev/monochromatic-no-three-in-line-solver
2026-07-21T08:45:50.9489529Z   token: ***
2026-07-21T08:45:50.9490122Z   ssh-strict: true
2026-07-21T08:45:50.9490559Z   ssh-user: git
2026-07-21T08:45:50.9491001Z   persist-credentials: true
2026-07-21T08:45:50.9491479Z   clean: true
2026-07-21T08:45:50.9491922Z   sparse-checkout-cone-mode: true
2026-07-21T08:45:50.9492441Z   fetch-depth: 1
2026-07-21T08:45:50.9492869Z   fetch-tags: false
2026-07-21T08:45:50.9493353Z   show-progress: true
2026-07-21T08:45:50.9493802Z   lfs: false
2026-07-21T08:45:50.9494223Z   submodules: false
2026-07-21T08:45:50.9494666Z   set-safe-directory: true
2026-07-21T08:45:50.9495161Z   allow-unsafe-pr-checkout: false
2026-07-21T08:45:50.9495844Z env:
2026-07-21T08:45:50.9496250Z   PYTHONUNBUFFERED: 1
2026-07-21T08:45:50.9496696Z   MALLOC_ARENA_MAX: 2
2026-07-21T08:45:50.9497133Z   OMP_NUM_THREADS: 1
2026-07-21T08:45:50.9497581Z   OPENBLAS_NUM_THREADS: 1
2026-07-21T08:45:50.9498036Z   MKL_NUM_THREADS: 1
2026-07-21T08:45:50.9498466Z ##[endgroup]
2026-07-21T08:45:51.0576913Z Syncing repository: Grisha-Pochuev/monochromatic-no-three-in-line-solver
2026-07-21T08:45:51.0580233Z ##[group]Getting Git version info
2026-07-21T08:45:51.0582040Z Working directory is '/home/runner/work/monochromatic-no-three-in-line-solver/monochromatic-no-three-in-line-solver'
2026-07-21T08:45:51.0584228Z [command]/usr/bin/git version
2026-07-21T08:45:51.0639426Z git version 2.54.0
2026-07-21T08:45:51.0694751Z ##[endgroup]
2026-07-21T08:45:51.0717996Z Temporarily overriding HOME='/home/runner/work/_temp/7b5a5c22-68e1-4230-b25c-0a4184457564' before making global git config changes
2026-07-21T08:45:51.0719901Z Adding repository directory to the temporary git global config as a safe directory
2026-07-21T08:45:51.0727191Z [command]/usr/bin/git config --global --add safe.directory /home/runner/work/monochromatic-no-three-in-line-solver/monochromatic-no-three-in-line-solver
2026-07-21T08:45:51.0792711Z Deleting the contents of '/home/runner/work/monochromatic-no-three-in-line-solver/monochromatic-no-three-in-line-solver'
2026-07-21T08:45:51.0794372Z ##[group]Initializing the repository
2026-07-21T08:45:51.0798928Z [command]/usr/bin/git init /home/runner/work/monochromatic-no-three-in-line-solver/monochromatic-no-three-in-line-solver
2026-07-21T08:45:51.0921916Z hint: Using 'master' as the name for the initial branch. This default branch name
2026-07-21T08:45:51.0923072Z hint: will change to "main" in Git 3.0. To configure the initial branch name
2026-07-21T08:45:51.0924057Z hint: to use in all of your new repositories, which will suppress this warning,
2026-07-21T08:45:51.0925204Z hint: call:
2026-07-21T08:45:51.0925792Z hint:
2026-07-21T08:45:51.0926620Z hint: 	git config --global init.defaultBranch <name>
2026-07-21T08:45:51.0927538Z hint:
2026-07-21T08:45:51.0928397Z hint: Names commonly chosen instead of 'master' are 'main', 'trunk' and
2026-07-21T08:45:51.0929840Z hint: 'development'. The just-created branch can be renamed via this command:
2026-07-21T08:45:51.0931147Z hint:
2026-07-21T08:45:51.0931760Z hint: 	git branch -m <name>
2026-07-21T08:45:51.0932458Z hint:
2026-07-21T08:45:51.0933381Z hint: Disable this message with "git config set advice.defaultBranchName false"
2026-07-21T08:45:51.0935511Z Initialized empty Git repository in /home/runner/work/monochromatic-no-three-in-line-solver/monochromatic-no-three-in-line-solver/.git/
2026-07-21T08:45:51.0942419Z [command]/usr/bin/git remote add origin https://github.com/Grisha-Pochuev/monochromatic-no-three-in-line-solver
2026-07-21T08:45:51.0991062Z ##[endgroup]
2026-07-21T08:45:51.0992288Z ##[group]Disabling automatic garbage collection
2026-07-21T08:45:51.0994916Z [command]/usr/bin/git config --local gc.auto 0
2026-07-21T08:45:51.1056078Z ##[endgroup]
2026-07-21T08:45:51.1057226Z ##[group]Setting up auth
2026-07-21T08:45:51.1063225Z [command]/usr/bin/git config --local --name-only --get-regexp core\.sshCommand
2026-07-21T08:45:51.1105562Z [command]/usr/bin/git submodule foreach --recursive sh -c "git config --local --name-only --get-regexp 'core\.sshCommand' && git config --local --unset-all 'core.sshCommand' || :"
2026-07-21T08:45:51.1477401Z [command]/usr/bin/git config --local --name-only --get-regexp http\.https\:\/\/github\.com\/\.extraheader
2026-07-21T08:45:51.1517137Z [command]/usr/bin/git submodule foreach --recursive sh -c "git config --local --name-only --get-regexp 'http\.https\:\/\/github\.com\/\.extraheader' && git config --local --unset-all 'http.https://github.com/.extraheader' || :"
2026-07-21T08:45:51.1768368Z [command]/usr/bin/git config --local --name-only --get-regexp ^includeIf\.gitdir:
2026-07-21T08:45:51.1807662Z [command]/usr/bin/git submodule foreach --recursive git config --local --show-origin --name-only --get-regexp remote.origin.url
2026-07-21T08:45:51.2060405Z [command]/usr/bin/git config --local http.https://github.com/.extraheader AUTHORIZATION: basic ***
2026-07-21T08:45:51.2106371Z ##[endgroup]
2026-07-21T08:45:51.2107509Z ##[group]Fetching the repository
2026-07-21T08:45:51.2116418Z [command]/usr/bin/git -c protocol.version=2 fetch --no-tags --prune --no-recurse-submodules --depth=1 origin 0fa82b4e804d862e087a6058f2b933a614415bf3
2026-07-21T08:45:51.7622818Z From https://github.com/Grisha-Pochuev/monochromatic-no-three-in-line-solver
2026-07-21T08:45:51.7625077Z  * branch            0fa82b4e804d862e087a6058f2b933a614415bf3 -> FETCH_HEAD
2026-07-21T08:45:51.7653026Z ##[endgroup]
2026-07-21T08:45:51.7654222Z ##[group]Determining the checkout info
2026-07-21T08:45:51.7655849Z ##[endgroup]
2026-07-21T08:45:51.7661810Z [command]/usr/bin/git sparse-checkout disable
2026-07-21T08:45:51.7714092Z [command]/usr/bin/git config --local --unset-all extensions.worktreeConfig
2026-07-21T08:45:51.7752226Z ##[group]Checking out the ref
2026-07-21T08:45:51.7753804Z [command]/usr/bin/git checkout --progress --force 0fa82b4e804d862e087a6058f2b933a614415bf3
2026-07-21T08:45:51.8441631Z Note: switching to '0fa82b4e804d862e087a6058f2b933a614415bf3'.
2026-07-21T08:45:51.8443055Z 
2026-07-21T08:45:51.8443964Z You are in 'detached HEAD' state. You can look around, make experimental
2026-07-21T08:45:51.8446240Z changes and commit them, and you can discard any commits you make in this
2026-07-21T08:45:51.8448520Z state without impacting any branches by switching back to a branch.
2026-07-21T08:45:51.8449627Z 
2026-07-21T08:45:51.8450428Z If you want to create a new branch to retain commits you create, you may
2026-07-21T08:45:51.8451986Z do so (now or later) by using -c with the switch command. Example:
2026-07-21T08:45:51.8452862Z 
2026-07-21T08:45:51.8453385Z   git switch -c <new-branch-name>
2026-07-21T08:45:51.8454275Z 
2026-07-21T08:45:51.8454671Z Or undo this operation with:
2026-07-21T08:45:51.8455261Z 
2026-07-21T08:45:51.8455665Z   git switch -
2026-07-21T08:45:51.8456227Z 
2026-07-21T08:45:51.8457192Z Turn off this advice by setting config variable advice.detachedHead to false
2026-07-21T08:45:51.8458466Z 
2026-07-21T08:45:51.8459233Z HEAD is now at 0fa82b4 record n22 residual-frontier run 29815441947
2026-07-21T08:45:51.8464052Z ##[endgroup]
2026-07-21T08:45:51.8517985Z [command]/usr/bin/git log -1 --format=%H
2026-07-21T08:45:51.8547976Z 0fa82b4e804d862e087a6058f2b933a614415bf3
2026-07-21T08:45:51.8792384Z ##[group]Run python -m pip install ortools==9.15.6755
2026-07-21T08:45:51.8794020Z [36;1mpython -m pip install ortools==9.15.6755[0m
2026-07-21T08:45:51.8885597Z shell: /usr/bin/bash -e {0}
2026-07-21T08:45:51.8886728Z env:
2026-07-21T08:45:51.8887581Z   PYTHONUNBUFFERED: 1
2026-07-21T08:45:51.8888525Z   MALLOC_ARENA_MAX: 2
2026-07-21T08:45:51.8889475Z   OMP_NUM_THREADS: 1
2026-07-21T08:45:51.8890603Z   OPENBLAS_NUM_THREADS: 1
2026-07-21T08:45:51.8891572Z   MKL_NUM_THREADS: 1
2026-07-21T08:45:51.8892460Z ##[endgroup]
2026-07-21T08:45:53.0962520Z Defaulting to user installation because normal site-packages is not writeable
2026-07-21T08:45:53.9563709Z Collecting ortools==9.15.6755
2026-07-21T08:45:54.0254989Z   Downloading ortools-9.15.6755-cp312-cp312-manylinux_2_27_x86_64.manylinux_2_28_x86_64.whl.metadata (3.3 kB)
2026-07-21T08:45:54.0608956Z Collecting absl-py>=2.0.0 (from ortools==9.15.6755)
2026-07-21T08:45:54.0769132Z   Downloading absl_py-2.5.0-py3-none-any.whl.metadata (3.3 kB)
2026-07-21T08:45:54.3371732Z Collecting numpy>=2.0.2 (from ortools==9.15.6755)
2026-07-21T08:45:54.3529813Z   Downloading numpy-2.5.1-cp312-cp312-manylinux_2_27_x86_64.manylinux_2_28_x86_64.whl.metadata (6.6 kB)
2026-07-21T08:45:54.4914582Z Collecting pandas>=2.0.0 (from ortools==9.15.6755)
2026-07-21T08:45:54.5075549Z   Downloading pandas-3.0.3-cp312-cp312-manylinux_2_24_x86_64.manylinux_2_28_x86_64.whl.metadata (79 kB)
2026-07-21T08:45:54.5306366Z      ━━━━━━━━━━━━━━━━━━━━━━━━━━━━━━━━━━━━━━━━ 79.5/79.5 kB 3.8 MB/s eta 0:00:00
2026-07-21T08:45:54.7226895Z Collecting protobuf<6.34,>=6.33.1 (from ortools==9.15.6755)
2026-07-21T08:45:54.7388377Z   Downloading protobuf-6.33.6-cp39-abi3-manylinux2014_x86_64.whl.metadata (593 bytes)
2026-07-21T08:45:54.7763866Z Collecting typing-extensions>=4.12 (from ortools==9.15.6755)
2026-07-21T08:45:54.7925034Z   Downloading typing_extensions-4.16.0-py3-none-any.whl.metadata (3.3 kB)
2026-07-21T08:45:54.8241528Z Collecting immutabledict>=3.0.0 (from ortools==9.15.6755)
2026-07-21T08:45:54.8400773Z   Downloading immutabledict-4.3.1-py3-none-any.whl.metadata (3.5 kB)
2026-07-21T08:45:54.9303657Z Requirement already satisfied: python-dateutil>=2.8.2 in /usr/lib/python3/dist-packages (from pandas>=2.0.0->ortools==9.15.6755) (2.8.2)
2026-07-21T08:45:54.9509184Z Downloading ortools-9.15.6755-cp312-cp312-manylinux_2_27_x86_64.manylinux_2_28_x86_64.whl (29.8 MB)
2026-07-21T08:45:55.2141267Z    ━━━━━━━━━━━━━━━━━━━━━━━━━━━━━━━━━━━━━━━━ 29.8/29.8 MB 142.8 MB/s eta 0:00:00
2026-07-21T08:45:55.2299712Z Downloading absl_py-2.5.0-py3-none-any.whl (137 kB)
2026-07-21T08:45:55.2344058Z    ━━━━━━━━━━━━━━━━━━━━━━━━━━━━━━━━━━━━━━━━ 137.4/137.4 kB 49.2 MB/s eta 0:00:00
2026-07-21T08:45:55.2504303Z Downloading immutabledict-4.3.1-py3-none-any.whl (5.0 kB)
2026-07-21T08:45:55.2685529Z Downloading numpy-2.5.1-cp312-cp312-manylinux_2_27_x86_64.manylinux_2_28_x86_64.whl (16.7 MB)
2026-07-21T08:45:55.3511036Z    ━━━━━━━━━━━━━━━━━━━━━━━━━━━━━━━━━━━━━━━━ 16.7/16.7 MB 177.0 MB/s eta 0:00:00
2026-07-21T08:45:55.3677736Z Downloading pandas-3.0.3-cp312-cp312-manylinux_2_24_x86_64.manylinux_2_28_x86_64.whl (10.9 MB)
2026-07-21T08:45:55.4237118Z    ━━━━━━━━━━━━━━━━━━━━━━━━━━━━━━━━━━━━━━━━ 10.9/10.9 MB 200.5 MB/s eta 0:00:00
2026-07-21T08:45:55.4400423Z Downloading protobuf-6.33.6-cp39-abi3-manylinux2014_x86_64.whl (323 kB)
2026-07-21T08:45:55.4465668Z    ━━━━━━━━━━━━━━━━━━━━━━━━━━━━━━━━━━━━━━━━ 323.4/323.4 kB 71.2 MB/s eta 0:00:00
2026-07-21T08:45:55.4625913Z Downloading typing_extensions-4.16.0-py3-none-any.whl (45 kB)
2026-07-21T08:45:55.4666853Z    ━━━━━━━━━━━━━━━━━━━━━━━━━━━━━━━━━━━━━━━━ 45.6/45.6 kB 16.5 MB/s eta 0:00:00
2026-07-21T08:45:55.8483712Z Installing collected packages: typing-extensions, protobuf, numpy, immutabledict, absl-py, pandas, ortools
2026-07-21T08:46:03.4939160Z Successfully installed absl-py-2.5.0 immutabledict-4.3.1 numpy-2.5.1 ortools-9.15.6755 pandas-3.0.3 protobuf-6.33.6 typing-extensions-4.16.0
2026-07-21T08:46:03.7247040Z ##[group]Run {
2026-07-21T08:46:03.7247307Z [36;1m{[0m
2026-07-21T08:46:03.7247515Z [36;1m  echo "=== machine ==="[0m
2026-07-21T08:46:03.7247823Z [36;1m  date -u[0m
2026-07-21T08:46:03.7248050Z [36;1m  echo "nproc=$(nproc)"[0m
2026-07-21T08:46:03.7248294Z [36;1m  free -h[0m
2026-07-21T08:46:03.7248491Z [36;1m  df -h[0m
2026-07-21T08:46:03.7248756Z [36;1m  grep -m1 'model name' /proc/cpuinfo || true[0m
2026-07-21T08:46:03.7249124Z [36;1m} | tee machine-5.log[0m
2026-07-21T08:46:03.7316513Z shell: /usr/bin/bash -e {0}
2026-07-21T08:46:03.7316776Z env:
2026-07-21T08:46:03.7316983Z   PYTHONUNBUFFERED: 1
2026-07-21T08:46:03.7317201Z   MALLOC_ARENA_MAX: 2
2026-07-21T08:46:03.7317409Z   OMP_NUM_THREADS: 1
2026-07-21T08:46:03.7317622Z   OPENBLAS_NUM_THREADS: 1
2026-07-21T08:46:03.7317843Z   MKL_NUM_THREADS: 1
2026-07-21T08:46:03.7318051Z ##[endgroup]
2026-07-21T08:46:03.7502635Z === machine ===
2026-07-21T08:46:03.7503097Z Tue Jul 21 08:46:03 UTC 2026
2026-07-21T08:46:03.7522266Z nproc=1
2026-07-21T08:46:03.7539910Z                total        used        free      shared  buff/cache   available
2026-07-21T08:46:03.7540524Z Mem:            15Gi       1.3Gi        11Gi        43Mi       2.8Gi        14Gi
2026-07-21T08:46:03.7540873Z Swap:          3.0Gi          0B       3.0Gi
2026-07-21T08:46:03.7749772Z Filesystem      Size  Used Avail Use% Mounted on
2026-07-21T08:46:03.7750467Z /dev/root       145G   58G   87G  40% /
2026-07-21T08:46:03.7750926Z tmpfs           7.9G   84K  7.9G   1% /dev/shm
2026-07-21T08:46:03.7751355Z tmpfs           3.2G 1008K  3.2G   1% /run
2026-07-21T08:46:03.7751782Z tmpfs           5.0M     0  5.0M   0% /run/lock
2026-07-21T08:46:03.7752296Z efivarfs        128M   32K  128M   1% /sys/firmware/efi/efivars
2026-07-21T08:46:03.7752828Z /dev/sda16      881M   64M  756M   8% /boot
2026-07-21T08:46:03.7753299Z /dev/sda15      105M  6.2M   99M   6% /boot/efi
2026-07-21T08:46:03.7753758Z tmpfs           1.6G   12K  1.6G   1% /run/user/1001
2026-07-21T08:46:03.7767575Z model name	: AMD EPYC 9V74 80-Core Processor
2026-07-21T08:46:03.7808954Z ##[group]Run set -uo pipefail
2026-07-21T08:46:03.7809282Z [36;1mset -uo pipefail[0m
2026-07-21T08:46:03.7809509Z [36;1m([0m
2026-07-21T08:46:03.7809709Z [36;1m  while true; do[0m
2026-07-21T08:46:03.7810245Z [36;1m    echo "=== $(date -u +%FT%TZ) ==="[0m
2026-07-21T08:46:03.7810589Z [36;1m    free -h[0m
2026-07-21T08:46:03.7810911Z [36;1m    ps -eo pid,ppid,rss,vsz,%mem,%cpu,cmd --sort=-rss | head -n 15[0m
2026-07-21T08:46:03.7811479Z [36;1m    sleep 60[0m
2026-07-21T08:46:03.7811694Z [36;1m  done[0m
2026-07-21T08:46:03.7811903Z [36;1m) > "memory-5.log" 2>&1 &[0m
2026-07-21T08:46:03.7812168Z [36;1mmonitor_pid=$![0m
2026-07-21T08:46:03.7812451Z [36;1mpython 22x22/run_n22_profile_followup_shard.py \[0m
2026-07-21T08:46:03.7812874Z [36;1m  --schedule 22x22/current_remaining_schedule.json \[0m
2026-07-21T08:46:03.7813197Z [36;1m  --shard "5" \[0m
2026-07-21T08:46:03.7813431Z [36;1m  --total-seconds 21000 \[0m
2026-07-21T08:46:03.7813731Z [36;1m  --workers 4 \[0m
2026-07-21T08:46:03.7813963Z [36;1m  --fallback-workers 2 \[0m
2026-07-21T08:46:03.7814223Z [36;1m  --memory-guard-mb 13000 \[0m
2026-07-21T08:46:03.7814481Z [36;1m  --max-seconds 20700 \[0m
2026-07-21T08:46:03.7814755Z [36;1m  --artifact-buffer-seconds 180 \[0m
2026-07-21T08:46:03.7815031Z [36;1m  --seed-base "2026072200" \[0m
2026-07-21T08:46:03.7815298Z [36;1m  --output-dir "results/shard-5"[0m
2026-07-21T08:46:03.7815567Z [36;1mrc=$?[0m
2026-07-21T08:46:03.7815802Z [36;1mkill "$monitor_pid" 2>/dev/null || true[0m
2026-07-21T08:46:03.7816110Z [36;1mwait "$monitor_pid" 2>/dev/null || true[0m
2026-07-21T08:46:03.7816377Z [36;1mexit "$rc"[0m
2026-07-21T08:46:03.7886109Z shell: /usr/bin/bash --noprofile --norc -e -o pipefail {0}
2026-07-21T08:46:03.7886445Z env:
2026-07-21T08:46:03.7886642Z   PYTHONUNBUFFERED: 1
2026-07-21T08:46:03.7886868Z   MALLOC_ARENA_MAX: 2
2026-07-21T08:46:03.7887076Z   OMP_NUM_THREADS: 1
2026-07-21T08:46:03.7887291Z   OPENBLAS_NUM_THREADS: 1
2026-07-21T08:46:03.7887582Z   MKL_NUM_THREADS: 1
2026-07-21T08:46:03.7887854Z ##[endgroup]
2026-07-21T11:12:46.5732823Z ##[group]Run free -h
2026-07-21T11:12:46.5733104Z [36;1mfree -h[0m
2026-07-21T11:12:46.5733306Z [36;1mdf -h[0m
2026-07-21T11:12:46.5796711Z shell: /usr/bin/bash -e {0}
2026-07-21T11:12:46.5796979Z env:
2026-07-21T11:12:46.5797190Z   PYTHONUNBUFFERED: 1
2026-07-21T11:12:46.5797420Z   MALLOC_ARENA_MAX: 2
2026-07-21T11:12:46.5797643Z   OMP_NUM_THREADS: 1
2026-07-21T11:12:46.5797855Z   OPENBLAS_NUM_THREADS: 1
2026-07-21T11:12:46.5798075Z   MKL_NUM_THREADS: 1
2026-07-21T11:12:46.5798286Z ##[endgroup]
2026-07-21T11:12:46.5894922Z                total        used        free      shared  buff/cache   available
2026-07-21T11:12:46.5895413Z Mem:            15Gi       971Mi        12Gi        48Mi       2.8Gi        14Gi
2026-07-21T11:12:46.5895774Z Swap:          3.0Gi          0B       3.0Gi
2026-07-21T11:12:46.5912018Z Filesystem      Size  Used Avail Use% Mounted on
2026-07-21T11:12:46.5912394Z /dev/root       145G   58G   87G  40% /
2026-07-21T11:12:46.5912733Z tmpfs           7.9G   84K  7.9G   1% /dev/shm
2026-07-21T11:12:46.5913167Z tmpfs           3.2G 1008K  3.2G   1% /run
2026-07-21T11:12:46.5913622Z tmpfs           5.0M     0  5.0M   0% /run/lock
2026-07-21T11:12:46.5914157Z efivarfs        128M   32K  128M   1% /sys/firmware/efi/efivars
2026-07-21T11:12:46.5914690Z /dev/sda16      881M   64M  756M   8% /boot
2026-07-21T11:12:46.5915182Z /dev/sda15      105M  6.2M   99M   6% /boot/efi
2026-07-21T11:12:46.5915658Z tmpfs           1.6G   12K  1.6G   1% /run/user/1001
2026-07-21T11:12:46.5968762Z Node 20 is being deprecated. This workflow is running with Node 24 by default. If you need to temporarily use Node 20, you can set the ACTIONS_ALLOW_USE_UNSECURE_NODE_VERSION=true environment variable. For more information see: https://github.blog/changelog/2025-09-19-deprecation-of-node-20-on-github-actions-runners/
2026-07-21T11:12:46.5970925Z ##[group]Run actions/upload-artifact@v4
2026-07-21T11:12:46.5971204Z with:
2026-07-21T11:12:46.5971425Z   name: n22-profile-dynamic-shard-5
2026-07-21T11:12:46.5971715Z   path: results/
memory-5.log
machine-5.log

2026-07-21T11:12:46.5971999Z   retention-days: 30
2026-07-21T11:12:46.5972218Z   if-no-files-found: warn
2026-07-21T11:12:46.5972449Z   compression-level: 6
2026-07-21T11:12:46.5972666Z   overwrite: false
2026-07-21T11:12:46.5972877Z   include-hidden-files: false
2026-07-21T11:12:46.5973310Z env:
2026-07-21T11:12:46.5973497Z   PYTHONUNBUFFERED: 1
2026-07-21T11:12:46.5973711Z   MALLOC_ARENA_MAX: 2
2026-07-21T11:12:46.5973947Z   OMP_NUM_THREADS: 1
2026-07-21T11:12:46.5974161Z   OPENBLAS_NUM_THREADS: 1
2026-07-21T11:12:46.5974380Z   MKL_NUM_THREADS: 1
2026-07-21T11:12:46.5974577Z ##[endgroup]
2026-07-21T11:12:46.7627213Z (node:4177) [DEP0040] DeprecationWarning: The `punycode` module is deprecated. Please use a userland alternative instead.
2026-07-21T11:12:46.7628078Z (Use `node --trace-deprecation ...` to show where the warning was created)
2026-07-21T11:12:46.7724911Z Multiple search paths detected. Calculating the least common ancestor of all paths
2026-07-21T11:12:46.7728157Z The least common ancestor is /home/runner/work/monochromatic-no-three-in-line-solver/monochromatic-no-three-in-line-solver. This will be the root directory of the artifact
2026-07-21T11:12:46.7729836Z With the provided path, there will be 12 files uploaded
2026-07-21T11:12:46.7733726Z Artifact name is valid!
2026-07-21T11:12:46.7734520Z Root directory input is valid!
2026-07-21T11:12:46.9602196Z Beginning upload of artifact content to blob storage
2026-07-21T11:12:46.9998144Z (node:4177) [DEP0169] DeprecationWarning: `url.parse()` behavior is not standardized and prone to errors that have security implications. Use the WHATWG URL API instead. CVEs are not issued for `url.parse()` vulnerabilities.
2026-07-21T11:12:47.1605845Z Uploaded bytes 34034
2026-07-21T11:12:47.2014102Z Finished uploading artifact content to blob storage!
2026-07-21T11:12:47.2015228Z SHA256 digest of uploaded artifact zip is 5c23a56917a7040002ee2380e58fb082cda23fb6cc4fb967944955973fdbbe38
2026-07-21T11:12:47.2017530Z Finalizing artifact upload
2026-07-21T11:12:47.4896315Z Artifact n22-profile-dynamic-shard-5.zip successfully finalized. Artifact ID 8492993958
2026-07-21T11:12:47.4897264Z Artifact n22-profile-dynamic-shard-5 has been successfully uploaded! Final size is 34034 bytes. Artifact ID is 8492993958
2026-07-21T11:12:47.4902902Z Artifact download URL: https://github.com/Grisha-Pochuev/monochromatic-no-three-in-line-solver/actions/runs/29815441947/artifacts/8492993958
2026-07-21T11:12:47.5122533Z Node 20 is being deprecated. This workflow is running with Node 24 by default. If you need to temporarily use Node 20, you can set the ACTIONS_ALLOW_USE_UNSECURE_NODE_VERSION=true environment variable. For more information see: https://github.blog/changelog/2025-09-19-deprecation-of-node-20-on-github-actions-runners/
2026-07-21T11:12:47.5123716Z Post job cleanup.
2026-07-21T11:12:47.5986794Z [command]/usr/bin/git version
2026-07-21T11:12:47.6029033Z git version 2.54.0
2026-07-21T11:12:47.6064947Z Temporarily overriding HOME='/home/runner/work/_temp/91a076fa-7088-4a83-975a-b2a4a51fe5ba' before making global git config changes
2026-07-21T11:12:47.6066256Z Adding repository directory to the temporary git global config as a safe directory
2026-07-21T11:12:47.6070479Z [command]/usr/bin/git config --global --add safe.directory /home/runner/work/monochromatic-no-three-in-line-solver/monochromatic-no-three-in-line-solver
2026-07-21T11:12:47.6111692Z [command]/usr/bin/git config --local --name-only --get-regexp core\.sshCommand
2026-07-21T11:12:47.6146521Z [command]/usr/bin/git submodule foreach --recursive sh -c "git config --local --name-only --get-regexp 'core\.sshCommand' && git config --local --unset-all 'core.sshCommand' || :"
2026-07-21T11:12:47.6450998Z [command]/usr/bin/git config --local --name-only --get-regexp http\.https\:\/\/github\.com\/\.extraheader
2026-07-21T11:12:47.6470328Z http.https://github.com/.extraheader
2026-07-21T11:12:47.6482249Z [command]/usr/bin/git config --local --unset-all http.https://github.com/.extraheader
2026-07-21T11:12:47.6518792Z [command]/usr/bin/git submodule foreach --recursive sh -c "git config --local --name-only --get-regexp 'http\.https\:\/\/github\.com\/\.extraheader' && git config --local --unset-all 'http.https://github.com/.extraheader' || :"
2026-07-21T11:12:47.6851014Z [command]/usr/bin/git config --local --name-only --get-regexp ^includeIf\.gitdir:
2026-07-21T11:12:47.6869724Z [command]/usr/bin/git submodule foreach --recursive git config --local --show-origin --name-only --get-regexp remote.origin.url
2026-07-21T11:12:47.7317414Z Cleaning up orphan processes
2026-07-21T11:12:47.7658772Z Terminate orphan process: pid (4171) (sleep)
2026-07-21T11:12:47.7674920Z ##[warning]Node.js 20 is deprecated. The following actions target Node.js 20 but are being forced to run on Node.js 24: actions/checkout@v4, actions/upload-artifact@v4. For more information see: https://github.blog/changelog/2025-09-19-deprecation-of-node-20-on-github-actions-runners/
