2026-07-21T08:45:49.6200345Z Current runner version: '2.335.1'
2026-07-21T08:45:49.6227602Z ##[group]Runner Image Provisioner
2026-07-21T08:45:49.6228520Z Hosted Compute Agent
2026-07-21T08:45:49.6229248Z Version: 20260707.563
2026-07-21T08:45:49.6230064Z Commit: 02667638d2b423fbc733a8e32a88b44996a3ba6e
2026-07-21T08:45:49.6230875Z Build Date: 2026-07-07T19:33:50Z
2026-07-21T08:45:49.6231677Z Worker ID: {a434e509-14c5-4d6a-a8d7-0f5dc0a98906}
2026-07-21T08:45:49.6232419Z Azure Region: eastus2
2026-07-21T08:45:49.6233084Z ##[endgroup]
2026-07-21T08:45:49.6234607Z ##[group]Operating System
2026-07-21T08:45:49.6235346Z Ubuntu
2026-07-21T08:45:49.6235934Z 24.04.4
2026-07-21T08:45:49.6236447Z LTS
2026-07-21T08:45:49.6237066Z ##[endgroup]
2026-07-21T08:45:49.6237647Z ##[group]Runner Image
2026-07-21T08:45:49.6238685Z Image: ubuntu-24.04
2026-07-21T08:45:49.6239348Z Version: 20260714.240.1
2026-07-21T08:45:49.6240866Z Included Software: https://github.com/actions/runner-images/blob/ubuntu24/20260714.240/images/ubuntu/Ubuntu2404-Readme.md
2026-07-21T08:45:49.6242398Z Image Release: https://github.com/actions/runner-images/releases/tag/ubuntu24%2F20260714.240
2026-07-21T08:45:49.6243384Z ##[endgroup]
2026-07-21T08:45:49.6244666Z ##[group]GITHUB_TOKEN Permissions
2026-07-21T08:45:49.6246981Z Actions: read
2026-07-21T08:45:49.6247666Z Contents: write
2026-07-21T08:45:49.6248264Z Metadata: read
2026-07-21T08:45:49.6248940Z ##[endgroup]
2026-07-21T08:45:49.6251540Z Secret source: Actions
2026-07-21T08:45:49.6252617Z Prepare workflow directory
2026-07-21T08:45:49.6635928Z Prepare all required actions
2026-07-21T08:45:49.6675048Z Getting action download info
2026-07-21T08:45:49.8844083Z Download action repository 'actions/checkout@v4' (SHA:11d5960a326750d5838078e36cf38b85af677262)
2026-07-21T08:45:50.1156628Z Download action repository 'actions/upload-artifact@v4' (SHA:ea165f8d65b6e75b540449e92b4886f43607fa02)
2026-07-21T08:45:50.3240451Z Complete job name: Residual shard 1
2026-07-21T08:45:50.3988165Z Node 20 is being deprecated. This workflow is running with Node 24 by default. If you need to temporarily use Node 20, you can set the ACTIONS_ALLOW_USE_UNSECURE_NODE_VERSION=true environment variable. For more information see: https://github.blog/changelog/2025-09-19-deprecation-of-node-20-on-github-actions-runners/
2026-07-21T08:45:50.3996944Z ##[group]Run actions/checkout@v4
2026-07-21T08:45:50.3997640Z with:
2026-07-21T08:45:50.3998115Z   ref: 0fa82b4e804d862e087a6058f2b933a614415bf3
2026-07-21T08:45:50.3998875Z   repository: Grisha-Pochuev/monochromatic-no-three-in-line-solver
2026-07-21T08:45:50.4003004Z   token: ***
2026-07-21T08:45:50.4003441Z   ssh-strict: true
2026-07-21T08:45:50.4003876Z   ssh-user: git
2026-07-21T08:45:50.4004318Z   persist-credentials: true
2026-07-21T08:45:50.4004796Z   clean: true
2026-07-21T08:45:50.4005235Z   sparse-checkout-cone-mode: true
2026-07-21T08:45:50.4005750Z   fetch-depth: 1
2026-07-21T08:45:50.4006170Z   fetch-tags: false
2026-07-21T08:45:50.4006653Z   show-progress: true
2026-07-21T08:45:50.4007100Z   lfs: false
2026-07-21T08:45:50.4007512Z   submodules: false
2026-07-21T08:45:50.4007948Z   set-safe-directory: true
2026-07-21T08:45:50.4008442Z   allow-unsafe-pr-checkout: false
2026-07-21T08:45:50.4009133Z env:
2026-07-21T08:45:50.4009535Z   PYTHONUNBUFFERED: 1
2026-07-21T08:45:50.4010105Z   MALLOC_ARENA_MAX: 2
2026-07-21T08:45:50.4010541Z   OMP_NUM_THREADS: 1
2026-07-21T08:45:50.4010986Z   OPENBLAS_NUM_THREADS: 1
2026-07-21T08:45:50.4011444Z   MKL_NUM_THREADS: 1
2026-07-21T08:45:50.4011872Z ##[endgroup]
2026-07-21T08:45:50.5035181Z Syncing repository: Grisha-Pochuev/monochromatic-no-three-in-line-solver
2026-07-21T08:45:50.5038223Z ##[group]Getting Git version info
2026-07-21T08:45:50.5040149Z Working directory is '/home/runner/work/monochromatic-no-three-in-line-solver/monochromatic-no-three-in-line-solver'
2026-07-21T08:45:50.5042320Z [command]/usr/bin/git version
2026-07-21T08:45:50.5094770Z git version 2.54.0
2026-07-21T08:45:50.5115818Z ##[endgroup]
2026-07-21T08:45:50.5131290Z Temporarily overriding HOME='/home/runner/work/_temp/04da98cb-e502-4859-a11d-93e99ce48c62' before making global git config changes
2026-07-21T08:45:50.5133990Z Adding repository directory to the temporary git global config as a safe directory
2026-07-21T08:45:50.5137397Z [command]/usr/bin/git config --global --add safe.directory /home/runner/work/monochromatic-no-three-in-line-solver/monochromatic-no-three-in-line-solver
2026-07-21T08:45:50.5188501Z Deleting the contents of '/home/runner/work/monochromatic-no-three-in-line-solver/monochromatic-no-three-in-line-solver'
2026-07-21T08:45:50.5191388Z ##[group]Initializing the repository
2026-07-21T08:45:50.5195963Z [command]/usr/bin/git init /home/runner/work/monochromatic-no-three-in-line-solver/monochromatic-no-three-in-line-solver
2026-07-21T08:45:50.5290312Z hint: Using 'master' as the name for the initial branch. This default branch name
2026-07-21T08:45:50.5291958Z hint: will change to "main" in Git 3.0. To configure the initial branch name
2026-07-21T08:45:50.5292960Z hint: to use in all of your new repositories, which will suppress this warning,
2026-07-21T08:45:50.5294222Z hint: call:
2026-07-21T08:45:50.5294824Z hint:
2026-07-21T08:45:50.5295583Z hint: 	git config --global init.defaultBranch <name>
2026-07-21T08:45:50.5296521Z hint:
2026-07-21T08:45:50.5297459Z hint: Names commonly chosen instead of 'master' are 'main', 'trunk' and
2026-07-21T08:45:50.5298784Z hint: 'development'. The just-created branch can be renamed via this command:
2026-07-21T08:45:50.5300079Z hint:
2026-07-21T08:45:50.5300511Z hint: 	git branch -m <name>
2026-07-21T08:45:50.5301223Z hint:
2026-07-21T08:45:50.5302193Z hint: Disable this message with "git config set advice.defaultBranchName false"
2026-07-21T08:45:50.5303830Z Initialized empty Git repository in /home/runner/work/monochromatic-no-three-in-line-solver/monochromatic-no-three-in-line-solver/.git/
2026-07-21T08:45:50.5311403Z [command]/usr/bin/git remote add origin https://github.com/Grisha-Pochuev/monochromatic-no-three-in-line-solver
2026-07-21T08:45:50.5357084Z ##[endgroup]
2026-07-21T08:45:50.5362731Z ##[group]Disabling automatic garbage collection
2026-07-21T08:45:50.5363443Z [command]/usr/bin/git config --local gc.auto 0
2026-07-21T08:45:50.5396329Z ##[endgroup]
2026-07-21T08:45:50.5397464Z ##[group]Setting up auth
2026-07-21T08:45:50.5404752Z [command]/usr/bin/git config --local --name-only --get-regexp core\.sshCommand
2026-07-21T08:45:50.5447360Z [command]/usr/bin/git submodule foreach --recursive sh -c "git config --local --name-only --get-regexp 'core\.sshCommand' && git config --local --unset-all 'core.sshCommand' || :"
2026-07-21T08:45:50.5809250Z [command]/usr/bin/git config --local --name-only --get-regexp http\.https\:\/\/github\.com\/\.extraheader
2026-07-21T08:45:50.5863568Z [command]/usr/bin/git submodule foreach --recursive sh -c "git config --local --name-only --get-regexp 'http\.https\:\/\/github\.com\/\.extraheader' && git config --local --unset-all 'http.https://github.com/.extraheader' || :"
2026-07-21T08:45:50.6150765Z [command]/usr/bin/git config --local --name-only --get-regexp ^includeIf\.gitdir:
2026-07-21T08:45:50.6194889Z [command]/usr/bin/git submodule foreach --recursive git config --local --show-origin --name-only --get-regexp remote.origin.url
2026-07-21T08:45:50.6465063Z [command]/usr/bin/git config --local http.https://github.com/.extraheader AUTHORIZATION: basic ***
2026-07-21T08:45:50.6507694Z ##[endgroup]
2026-07-21T08:45:50.6509302Z ##[group]Fetching the repository
2026-07-21T08:45:50.6518383Z [command]/usr/bin/git -c protocol.version=2 fetch --no-tags --prune --no-recurse-submodules --depth=1 origin 0fa82b4e804d862e087a6058f2b933a614415bf3
2026-07-21T08:45:51.0226410Z From https://github.com/Grisha-Pochuev/monochromatic-no-three-in-line-solver
2026-07-21T08:45:51.0228329Z  * branch            0fa82b4e804d862e087a6058f2b933a614415bf3 -> FETCH_HEAD
2026-07-21T08:45:51.0263036Z ##[endgroup]
2026-07-21T08:45:51.0264482Z ##[group]Determining the checkout info
2026-07-21T08:45:51.0266240Z ##[endgroup]
2026-07-21T08:45:51.0273300Z [command]/usr/bin/git sparse-checkout disable
2026-07-21T08:45:51.0325870Z [command]/usr/bin/git config --local --unset-all extensions.worktreeConfig
2026-07-21T08:45:51.0360710Z ##[group]Checking out the ref
2026-07-21T08:45:51.0364590Z [command]/usr/bin/git checkout --progress --force 0fa82b4e804d862e087a6058f2b933a614415bf3
2026-07-21T08:45:51.1045073Z Note: switching to '0fa82b4e804d862e087a6058f2b933a614415bf3'.
2026-07-21T08:45:51.1046117Z 
2026-07-21T08:45:51.1046893Z You are in 'detached HEAD' state. You can look around, make experimental
2026-07-21T08:45:51.1048605Z changes and commit them, and you can discard any commits you make in this
2026-07-21T08:45:51.1050667Z state without impacting any branches by switching back to a branch.
2026-07-21T08:45:51.1051694Z 
2026-07-21T08:45:51.1052455Z If you want to create a new branch to retain commits you create, you may
2026-07-21T08:45:51.1054129Z do so (now or later) by using -c with the switch command. Example:
2026-07-21T08:45:51.1054884Z 
2026-07-21T08:45:51.1055252Z   git switch -c <new-branch-name>
2026-07-21T08:45:51.1055798Z 
2026-07-21T08:45:51.1056159Z Or undo this operation with:
2026-07-21T08:45:51.1056651Z 
2026-07-21T08:45:51.1056956Z   git switch -
2026-07-21T08:45:51.1057594Z 
2026-07-21T08:45:51.1058530Z Turn off this advice by setting config variable advice.detachedHead to false
2026-07-21T08:45:51.1059592Z 
2026-07-21T08:45:51.1060453Z HEAD is now at 0fa82b4 record n22 residual-frontier run 29815441947
2026-07-21T08:45:51.1063601Z ##[endgroup]
2026-07-21T08:45:51.1117685Z [command]/usr/bin/git log -1 --format=%H
2026-07-21T08:45:51.1146326Z 0fa82b4e804d862e087a6058f2b933a614415bf3
2026-07-21T08:45:51.1392024Z ##[group]Run python -m pip install ortools==9.15.6755
2026-07-21T08:45:51.1393701Z [36;1mpython -m pip install ortools==9.15.6755[0m
2026-07-21T08:45:51.1483882Z shell: /usr/bin/bash -e {0}
2026-07-21T08:45:51.1485059Z env:
2026-07-21T08:45:51.1485994Z   PYTHONUNBUFFERED: 1
2026-07-21T08:45:51.1487037Z   MALLOC_ARENA_MAX: 2
2026-07-21T08:45:51.1488085Z   OMP_NUM_THREADS: 1
2026-07-21T08:45:51.1489141Z   OPENBLAS_NUM_THREADS: 1
2026-07-21T08:45:51.1490450Z   MKL_NUM_THREADS: 1
2026-07-21T08:45:51.1491448Z ##[endgroup]
2026-07-21T08:45:52.5169513Z Defaulting to user installation because normal site-packages is not writeable
2026-07-21T08:45:53.3728746Z Collecting ortools==9.15.6755
2026-07-21T08:45:53.4147029Z   Downloading ortools-9.15.6755-cp312-cp312-manylinux_2_27_x86_64.manylinux_2_28_x86_64.whl.metadata (3.3 kB)
2026-07-21T08:45:53.4412420Z Collecting absl-py>=2.0.0 (from ortools==9.15.6755)
2026-07-21T08:45:53.4480202Z   Downloading absl_py-2.5.0-py3-none-any.whl.metadata (3.3 kB)
2026-07-21T08:45:53.6755411Z Collecting numpy>=2.0.2 (from ortools==9.15.6755)
2026-07-21T08:45:53.6825277Z   Downloading numpy-2.5.1-cp312-cp312-manylinux_2_27_x86_64.manylinux_2_28_x86_64.whl.metadata (6.6 kB)
2026-07-21T08:45:53.8152448Z Collecting pandas>=2.0.0 (from ortools==9.15.6755)
2026-07-21T08:45:53.8222752Z   Downloading pandas-3.0.3-cp312-cp312-manylinux_2_24_x86_64.manylinux_2_28_x86_64.whl.metadata (79 kB)
2026-07-21T08:45:53.8329332Z      ━━━━━━━━━━━━━━━━━━━━━━━━━━━━━━━━━━━━━━━━ 79.5/79.5 kB 8.4 MB/s eta 0:00:00
2026-07-21T08:45:54.0164787Z Collecting protobuf<6.34,>=6.33.1 (from ortools==9.15.6755)
2026-07-21T08:45:54.0233363Z   Downloading protobuf-6.33.6-cp39-abi3-manylinux2014_x86_64.whl.metadata (593 bytes)
2026-07-21T08:45:54.0513785Z Collecting typing-extensions>=4.12 (from ortools==9.15.6755)
2026-07-21T08:45:54.0580224Z   Downloading typing_extensions-4.16.0-py3-none-any.whl.metadata (3.3 kB)
2026-07-21T08:45:54.0803859Z Collecting immutabledict>=3.0.0 (from ortools==9.15.6755)
2026-07-21T08:45:54.0882737Z   Downloading immutabledict-4.3.1-py3-none-any.whl.metadata (3.5 kB)
2026-07-21T08:45:54.1774488Z Requirement already satisfied: python-dateutil>=2.8.2 in /usr/lib/python3/dist-packages (from pandas>=2.0.0->ortools==9.15.6755) (2.8.2)
2026-07-21T08:45:54.1973288Z Downloading ortools-9.15.6755-cp312-cp312-manylinux_2_27_x86_64.manylinux_2_28_x86_64.whl (29.8 MB)
2026-07-21T08:45:54.3910089Z    ━━━━━━━━━━━━━━━━━━━━━━━━━━━━━━━━━━━━━━━━ 29.8/29.8 MB 131.6 MB/s eta 0:00:00
2026-07-21T08:45:54.3981541Z Downloading absl_py-2.5.0-py3-none-any.whl (137 kB)
2026-07-21T08:45:54.4024825Z    ━━━━━━━━━━━━━━━━━━━━━━━━━━━━━━━━━━━━━━━━ 137.4/137.4 kB 50.5 MB/s eta 0:00:00
2026-07-21T08:45:54.4093409Z Downloading immutabledict-4.3.1-py3-none-any.whl (5.0 kB)
2026-07-21T08:45:54.4201355Z Downloading numpy-2.5.1-cp312-cp312-manylinux_2_27_x86_64.manylinux_2_28_x86_64.whl (16.7 MB)
2026-07-21T08:45:54.5181007Z    ━━━━━━━━━━━━━━━━━━━━━━━━━━━━━━━━━━━━━━━━ 16.7/16.7 MB 148.9 MB/s eta 0:00:00
2026-07-21T08:45:54.5250634Z Downloading pandas-3.0.3-cp312-cp312-manylinux_2_24_x86_64.manylinux_2_28_x86_64.whl (10.9 MB)
2026-07-21T08:45:54.5838008Z    ━━━━━━━━━━━━━━━━━━━━━━━━━━━━━━━━━━━━━━━━ 10.9/10.9 MB 193.1 MB/s eta 0:00:00
2026-07-21T08:45:54.5905295Z Downloading protobuf-6.33.6-cp39-abi3-manylinux2014_x86_64.whl (323 kB)
2026-07-21T08:45:54.5954601Z    ━━━━━━━━━━━━━━━━━━━━━━━━━━━━━━━━━━━━━━━━ 323.4/323.4 kB 96.8 MB/s eta 0:00:00
2026-07-21T08:45:54.6022328Z Downloading typing_extensions-4.16.0-py3-none-any.whl (45 kB)
2026-07-21T08:45:54.6061547Z    ━━━━━━━━━━━━━━━━━━━━━━━━━━━━━━━━━━━━━━━━ 45.6/45.6 kB 16.4 MB/s eta 0:00:00
2026-07-21T08:45:54.9822431Z Installing collected packages: typing-extensions, protobuf, numpy, immutabledict, absl-py, pandas, ortools
2026-07-21T08:46:01.9508288Z Successfully installed absl-py-2.5.0 immutabledict-4.3.1 numpy-2.5.1 ortools-9.15.6755 pandas-3.0.3 protobuf-6.33.6 typing-extensions-4.16.0
2026-07-21T08:46:02.1156781Z ##[group]Run {
2026-07-21T08:46:02.1157045Z [36;1m{[0m
2026-07-21T08:46:02.1157255Z [36;1m  echo "=== machine ==="[0m
2026-07-21T08:46:02.1157554Z [36;1m  date -u[0m
2026-07-21T08:46:02.1157790Z [36;1m  echo "nproc=$(nproc)"[0m
2026-07-21T08:46:02.1158046Z [36;1m  free -h[0m
2026-07-21T08:46:02.1158243Z [36;1m  df -h[0m
2026-07-21T08:46:02.1158507Z [36;1m  grep -m1 'model name' /proc/cpuinfo || true[0m
2026-07-21T08:46:02.1158858Z [36;1m} | tee machine-1.log[0m
2026-07-21T08:46:02.1226605Z shell: /usr/bin/bash -e {0}
2026-07-21T08:46:02.1226865Z env:
2026-07-21T08:46:02.1227073Z   PYTHONUNBUFFERED: 1
2026-07-21T08:46:02.1227303Z   MALLOC_ARENA_MAX: 2
2026-07-21T08:46:02.1227513Z   OMP_NUM_THREADS: 1
2026-07-21T08:46:02.1227730Z   OPENBLAS_NUM_THREADS: 1
2026-07-21T08:46:02.1227950Z   MKL_NUM_THREADS: 1
2026-07-21T08:46:02.1228155Z ##[endgroup]
2026-07-21T08:46:02.1770502Z === machine ===
2026-07-21T08:46:02.1771212Z Tue Jul 21 08:46:02 UTC 2026
2026-07-21T08:46:02.2214752Z nproc=1
2026-07-21T08:46:02.2234494Z                total        used        free      shared  buff/cache   available
2026-07-21T08:46:02.2234984Z Mem:            15Gi       1.2Gi        11Gi        42Mi       2.8Gi        14Gi
2026-07-21T08:46:02.2235347Z Swap:          3.0Gi          0B       3.0Gi
2026-07-21T08:46:02.4267263Z Filesystem      Size  Used Avail Use% Mounted on
2026-07-21T08:46:02.4268159Z /dev/root       145G   58G   87G  40% /
2026-07-21T08:46:02.4268918Z tmpfs           7.9G   84K  7.9G   1% /dev/shm
2026-07-21T08:46:02.4269447Z tmpfs           3.2G 1008K  3.2G   1% /run
2026-07-21T08:46:02.4275357Z tmpfs           5.0M     0  5.0M   0% /run/lock
2026-07-21T08:46:02.4275833Z efivarfs        128M   32K  128M   1% /sys/firmware/efi/efivars
2026-07-21T08:46:02.4276213Z /dev/sda16      881M   64M  756M   8% /boot
2026-07-21T08:46:02.4276535Z /dev/sda15      105M  6.2M   99M   6% /boot/efi
2026-07-21T08:46:02.4276844Z tmpfs           1.6G   12K  1.6G   1% /run/user/1001
2026-07-21T08:46:02.4277286Z model name	: AMD EPYC 9V74 80-Core Processor
2026-07-21T08:46:02.4309878Z ##[group]Run set -uo pipefail
2026-07-21T08:46:02.4310264Z [36;1mset -uo pipefail[0m
2026-07-21T08:46:02.4310496Z [36;1m([0m
2026-07-21T08:46:02.4310688Z [36;1m  while true; do[0m
2026-07-21T08:46:02.4310937Z [36;1m    echo "=== $(date -u +%FT%TZ) ==="[0m
2026-07-21T08:46:02.4311234Z [36;1m    free -h[0m
2026-07-21T08:46:02.4311572Z [36;1m    ps -eo pid,ppid,rss,vsz,%mem,%cpu,cmd --sort=-rss | head -n 15[0m
2026-07-21T08:46:02.4312154Z [36;1m    sleep 60[0m
2026-07-21T08:46:02.4312370Z [36;1m  done[0m
2026-07-21T08:46:02.4312582Z [36;1m) > "memory-1.log" 2>&1 &[0m
2026-07-21T08:46:02.4312840Z [36;1mmonitor_pid=$![0m
2026-07-21T08:46:02.4313128Z [36;1mpython 22x22/run_n22_profile_followup_shard.py \[0m
2026-07-21T08:46:02.4313543Z [36;1m  --schedule 22x22/current_remaining_schedule.json \[0m
2026-07-21T08:46:02.4313870Z [36;1m  --shard "1" \[0m
2026-07-21T08:46:02.4314104Z [36;1m  --total-seconds 21000 \[0m
2026-07-21T08:46:02.4314390Z [36;1m  --workers 4 \[0m
2026-07-21T08:46:02.4314623Z [36;1m  --fallback-workers 2 \[0m
2026-07-21T08:46:02.4314892Z [36;1m  --memory-guard-mb 13000 \[0m
2026-07-21T08:46:02.4315147Z [36;1m  --max-seconds 20700 \[0m
2026-07-21T08:46:02.4315415Z [36;1m  --artifact-buffer-seconds 180 \[0m
2026-07-21T08:46:02.4315696Z [36;1m  --seed-base "2026072200" \[0m
2026-07-21T08:46:02.4315972Z [36;1m  --output-dir "results/shard-1"[0m
2026-07-21T08:46:02.4316240Z [36;1mrc=$?[0m
2026-07-21T08:46:02.4316474Z [36;1mkill "$monitor_pid" 2>/dev/null || true[0m
2026-07-21T08:46:02.4316778Z [36;1mwait "$monitor_pid" 2>/dev/null || true[0m
2026-07-21T08:46:02.4317049Z [36;1mexit "$rc"[0m
2026-07-21T08:46:02.4385849Z shell: /usr/bin/bash --noprofile --norc -e -o pipefail {0}
2026-07-21T08:46:02.4386209Z env:
2026-07-21T08:46:02.4386415Z   PYTHONUNBUFFERED: 1
2026-07-21T08:46:02.4386640Z   MALLOC_ARENA_MAX: 2
2026-07-21T08:46:02.4386848Z   OMP_NUM_THREADS: 1
2026-07-21T08:46:02.4387077Z   OPENBLAS_NUM_THREADS: 1
2026-07-21T08:46:02.4387316Z   MKL_NUM_THREADS: 1
2026-07-21T08:46:02.4387517Z ##[endgroup]
2026-07-21T13:50:58.4227173Z ##[group]Run free -h
2026-07-21T13:50:58.4227461Z [36;1mfree -h[0m
2026-07-21T13:50:58.4227664Z [36;1mdf -h[0m
2026-07-21T13:50:58.4291421Z shell: /usr/bin/bash -e {0}
2026-07-21T13:50:58.4291674Z env:
2026-07-21T13:50:58.4291876Z   PYTHONUNBUFFERED: 1
2026-07-21T13:50:58.4292103Z   MALLOC_ARENA_MAX: 2
2026-07-21T13:50:58.4292325Z   OMP_NUM_THREADS: 1
2026-07-21T13:50:58.4292538Z   OPENBLAS_NUM_THREADS: 1
2026-07-21T13:50:58.4292756Z   MKL_NUM_THREADS: 1
2026-07-21T13:50:58.4292955Z ##[endgroup]
2026-07-21T13:50:58.4388902Z                total        used        free      shared  buff/cache   available
2026-07-21T13:50:58.4389848Z Mem:            15Gi       970Mi        12Gi        48Mi       2.9Gi        14Gi
2026-07-21T13:50:58.4390264Z Swap:          3.0Gi          0B       3.0Gi
2026-07-21T13:50:58.4406031Z Filesystem      Size  Used Avail Use% Mounted on
2026-07-21T13:50:58.4406525Z /dev/root       145G   58G   87G  40% /
2026-07-21T13:50:58.4406985Z tmpfs           7.9G   84K  7.9G   1% /dev/shm
2026-07-21T13:50:58.4407298Z tmpfs           3.2G 1008K  3.2G   1% /run
2026-07-21T13:50:58.4407578Z tmpfs           5.0M     0  5.0M   0% /run/lock
2026-07-21T13:50:58.4407909Z efivarfs        128M   32K  128M   1% /sys/firmware/efi/efivars
2026-07-21T13:50:58.4408242Z /dev/sda16      881M   64M  756M   8% /boot
2026-07-21T13:50:58.4408547Z /dev/sda15      105M  6.2M   99M   6% /boot/efi
2026-07-21T13:50:58.4408977Z tmpfs           1.6G   12K  1.6G   1% /run/user/1001
2026-07-21T13:50:58.4461837Z Node 20 is being deprecated. This workflow is running with Node 24 by default. If you need to temporarily use Node 20, you can set the ACTIONS_ALLOW_USE_UNSECURE_NODE_VERSION=true environment variable. For more information see: https://github.blog/changelog/2025-09-19-deprecation-of-node-20-on-github-actions-runners/
2026-07-21T13:50:58.4463452Z ##[group]Run actions/upload-artifact@v4
2026-07-21T13:50:58.4463725Z with:
2026-07-21T13:50:58.4463945Z   name: n22-profile-dynamic-shard-1
2026-07-21T13:50:58.4464248Z   path: results/
memory-1.log
machine-1.log

2026-07-21T13:50:58.4464537Z   retention-days: 30
2026-07-21T13:50:58.4464759Z   if-no-files-found: warn
2026-07-21T13:50:58.4464993Z   compression-level: 6
2026-07-21T13:50:58.4465207Z   overwrite: false
2026-07-21T13:50:58.4465421Z   include-hidden-files: false
2026-07-21T13:50:58.4465839Z env:
2026-07-21T13:50:58.4466026Z   PYTHONUNBUFFERED: 1
2026-07-21T13:50:58.4466239Z   MALLOC_ARENA_MAX: 2
2026-07-21T13:50:58.4466483Z   OMP_NUM_THREADS: 1
2026-07-21T13:50:58.4466696Z   OPENBLAS_NUM_THREADS: 1
2026-07-21T13:50:58.4466915Z   MKL_NUM_THREADS: 1
2026-07-21T13:50:58.4467116Z ##[endgroup]
2026-07-21T13:50:58.6120719Z (node:5996) [DEP0040] DeprecationWarning: The `punycode` module is deprecated. Please use a userland alternative instead.
2026-07-21T13:50:58.6121466Z (Use `node --trace-deprecation ...` to show where the warning was created)
2026-07-21T13:50:58.6201474Z Multiple search paths detected. Calculating the least common ancestor of all paths
2026-07-21T13:50:58.6204217Z The least common ancestor is /home/runner/work/monochromatic-no-three-in-line-solver/monochromatic-no-three-in-line-solver. This will be the root directory of the artifact
2026-07-21T13:50:58.6205556Z With the provided path, there will be 9 files uploaded
2026-07-21T13:50:58.6209858Z Artifact name is valid!
2026-07-21T13:50:58.6210822Z Root directory input is valid!
2026-07-21T13:50:58.7981276Z Beginning upload of artifact content to blob storage
2026-07-21T13:50:58.8434640Z (node:5996) [DEP0169] DeprecationWarning: `url.parse()` behavior is not standardized and prone to errors that have security implications. Use the WHATWG URL API instead. CVEs are not issued for `url.parse()` vulnerabilities.
2026-07-21T13:50:58.8736125Z Uploaded bytes 29162
2026-07-21T13:50:58.8866281Z Finished uploading artifact content to blob storage!
2026-07-21T13:50:58.8867441Z SHA256 digest of uploaded artifact zip is abb1bcd2738da69f3f0e1ade6ac659b5c9b5fd05cb57af71df6fe9a0d7679611
2026-07-21T13:50:58.8869472Z Finalizing artifact upload
2026-07-21T13:50:59.0710462Z Artifact n22-profile-dynamic-shard-1.zip successfully finalized. Artifact ID 8497427159
2026-07-21T13:50:59.0711609Z Artifact n22-profile-dynamic-shard-1 has been successfully uploaded! Final size is 29162 bytes. Artifact ID is 8497427159
2026-07-21T13:50:59.0717204Z Artifact download URL: https://github.com/Grisha-Pochuev/monochromatic-no-three-in-line-solver/actions/runs/29815441947/artifacts/8497427159
2026-07-21T13:50:59.0939595Z Node 20 is being deprecated. This workflow is running with Node 24 by default. If you need to temporarily use Node 20, you can set the ACTIONS_ALLOW_USE_UNSECURE_NODE_VERSION=true environment variable. For more information see: https://github.blog/changelog/2025-09-19-deprecation-of-node-20-on-github-actions-runners/
2026-07-21T13:50:59.0941106Z Post job cleanup.
2026-07-21T13:50:59.1796289Z [command]/usr/bin/git version
2026-07-21T13:50:59.1868677Z git version 2.54.0
2026-07-21T13:50:59.1905120Z Temporarily overriding HOME='/home/runner/work/_temp/aeae2c4b-1aab-4e0c-bce9-7057ca96b55a' before making global git config changes
2026-07-21T13:50:59.1906791Z Adding repository directory to the temporary git global config as a safe directory
2026-07-21T13:50:59.1910818Z [command]/usr/bin/git config --global --add safe.directory /home/runner/work/monochromatic-no-three-in-line-solver/monochromatic-no-three-in-line-solver
2026-07-21T13:50:59.1952154Z [command]/usr/bin/git config --local --name-only --get-regexp core\.sshCommand
2026-07-21T13:50:59.1988515Z [command]/usr/bin/git submodule foreach --recursive sh -c "git config --local --name-only --get-regexp 'core\.sshCommand' && git config --local --unset-all 'core.sshCommand' || :"
2026-07-21T13:50:59.2349009Z [command]/usr/bin/git config --local --name-only --get-regexp http\.https\:\/\/github\.com\/\.extraheader
2026-07-21T13:50:59.2372330Z http.https://github.com/.extraheader
2026-07-21T13:50:59.2400703Z [command]/usr/bin/git config --local --unset-all http.https://github.com/.extraheader
2026-07-21T13:50:59.2450755Z [command]/usr/bin/git submodule foreach --recursive sh -c "git config --local --name-only --get-regexp 'http\.https\:\/\/github\.com\/\.extraheader' && git config --local --unset-all 'http.https://github.com/.extraheader' || :"
2026-07-21T13:50:59.2780913Z [command]/usr/bin/git config --local --name-only --get-regexp ^includeIf\.gitdir:
2026-07-21T13:50:59.2832083Z [command]/usr/bin/git submodule foreach --recursive git config --local --show-origin --name-only --get-regexp remote.origin.url
2026-07-21T13:50:59.3286043Z Cleaning up orphan processes
2026-07-21T13:50:59.3542345Z Terminate orphan process: pid (5984) (sleep)
2026-07-21T13:50:59.3557540Z ##[warning]Node.js 20 is deprecated. The following actions target Node.js 20 but are being forced to run on Node.js 24: actions/checkout@v4, actions/upload-artifact@v4. For more information see: https://github.blog/changelog/2025-09-19-deprecation-of-node-20-on-github-actions-runners/
