2026-07-21T08:45:50.8393395Z Current runner version: '2.335.1'
2026-07-21T08:45:50.8418952Z ##[group]Runner Image Provisioner
2026-07-21T08:45:50.8420359Z Hosted Compute Agent
2026-07-21T08:45:50.8421071Z Version: 20260707.563
2026-07-21T08:45:50.8421710Z Commit: 02667638d2b423fbc733a8e32a88b44996a3ba6e
2026-07-21T08:45:50.8422510Z Build Date: 2026-07-07T19:33:50Z
2026-07-21T08:45:50.8423203Z Worker ID: {2f77545f-e808-40cf-a37e-f6b869296a28}
2026-07-21T08:45:50.8423910Z Azure Region: westus
2026-07-21T08:45:50.8424559Z ##[endgroup]
2026-07-21T08:45:50.8426266Z ##[group]Operating System
2026-07-21T08:45:50.8426994Z Ubuntu
2026-07-21T08:45:50.8427573Z 24.04.4
2026-07-21T08:45:50.8428149Z LTS
2026-07-21T08:45:50.8428777Z ##[endgroup]
2026-07-21T08:45:50.8429438Z ##[group]Runner Image
2026-07-21T08:45:50.8430385Z Image: ubuntu-24.04
2026-07-21T08:45:50.8431081Z Version: 20260714.240.1
2026-07-21T08:45:50.8432642Z Included Software: https://github.com/actions/runner-images/blob/ubuntu24/20260714.240/images/ubuntu/Ubuntu2404-Readme.md
2026-07-21T08:45:50.8434304Z Image Release: https://github.com/actions/runner-images/releases/tag/ubuntu24%2F20260714.240
2026-07-21T08:45:50.8435236Z ##[endgroup]
2026-07-21T08:45:50.8436495Z ##[group]GITHUB_TOKEN Permissions
2026-07-21T08:45:50.8438588Z Actions: read
2026-07-21T08:45:50.8439359Z Contents: write
2026-07-21T08:45:50.8440165Z Metadata: read
2026-07-21T08:45:50.8440792Z ##[endgroup]
2026-07-21T08:45:50.8443247Z Secret source: Actions
2026-07-21T08:45:50.8444012Z Prepare workflow directory
2026-07-21T08:45:50.8849029Z Prepare all required actions
2026-07-21T08:45:50.8887492Z Getting action download info
2026-07-21T08:45:51.2375579Z Download action repository 'actions/checkout@v4' (SHA:11d5960a326750d5838078e36cf38b85af677262)
2026-07-21T08:45:51.6995678Z Download action repository 'actions/upload-artifact@v4' (SHA:ea165f8d65b6e75b540449e92b4886f43607fa02)
2026-07-21T08:45:51.9088069Z Complete job name: Residual shard 19
2026-07-21T08:45:51.9832086Z Node 20 is being deprecated. This workflow is running with Node 24 by default. If you need to temporarily use Node 20, you can set the ACTIONS_ALLOW_USE_UNSECURE_NODE_VERSION=true environment variable. For more information see: https://github.blog/changelog/2025-09-19-deprecation-of-node-20-on-github-actions-runners/
2026-07-21T08:45:51.9841034Z ##[group]Run actions/checkout@v4
2026-07-21T08:45:51.9841793Z with:
2026-07-21T08:45:51.9842280Z   ref: 0fa82b4e804d862e087a6058f2b933a614415bf3
2026-07-21T08:45:51.9843042Z   repository: Grisha-Pochuev/monochromatic-no-three-in-line-solver
2026-07-21T08:45:51.9846908Z   token: ***
2026-07-21T08:45:51.9847405Z   ssh-strict: true
2026-07-21T08:45:51.9847912Z   ssh-user: git
2026-07-21T08:45:51.9848367Z   persist-credentials: true
2026-07-21T08:45:51.9848863Z   clean: true
2026-07-21T08:45:51.9849321Z   sparse-checkout-cone-mode: true
2026-07-21T08:45:51.9850039Z   fetch-depth: 1
2026-07-21T08:45:51.9850502Z   fetch-tags: false
2026-07-21T08:45:51.9850990Z   show-progress: true
2026-07-21T08:45:51.9851454Z   lfs: false
2026-07-21T08:45:51.9851879Z   submodules: false
2026-07-21T08:45:51.9852332Z   set-safe-directory: true
2026-07-21T08:45:51.9852851Z   allow-unsafe-pr-checkout: false
2026-07-21T08:45:51.9853630Z env:
2026-07-21T08:45:51.9854067Z   PYTHONUNBUFFERED: 1
2026-07-21T08:45:51.9854540Z   MALLOC_ARENA_MAX: 2
2026-07-21T08:45:51.9854995Z   OMP_NUM_THREADS: 1
2026-07-21T08:45:51.9855460Z   OPENBLAS_NUM_THREADS: 1
2026-07-21T08:45:51.9855935Z   MKL_NUM_THREADS: 1
2026-07-21T08:45:51.9856377Z ##[endgroup]
2026-07-21T08:45:52.0938605Z Syncing repository: Grisha-Pochuev/monochromatic-no-three-in-line-solver
2026-07-21T08:45:52.0941746Z ##[group]Getting Git version info
2026-07-21T08:45:52.0943574Z Working directory is '/home/runner/work/monochromatic-no-three-in-line-solver/monochromatic-no-three-in-line-solver'
2026-07-21T08:45:52.0945879Z [command]/usr/bin/git version
2026-07-21T08:45:52.1010571Z git version 2.54.0
2026-07-21T08:45:52.1067737Z ##[endgroup]
2026-07-21T08:45:52.1087403Z Temporarily overriding HOME='/home/runner/work/_temp/f2ec5186-461e-4c0a-96ba-6bbdc4dbe43e' before making global git config changes
2026-07-21T08:45:52.1092629Z Adding repository directory to the temporary git global config as a safe directory
2026-07-21T08:45:52.1098360Z [command]/usr/bin/git config --global --add safe.directory /home/runner/work/monochromatic-no-three-in-line-solver/monochromatic-no-three-in-line-solver
2026-07-21T08:45:52.1153685Z Deleting the contents of '/home/runner/work/monochromatic-no-three-in-line-solver/monochromatic-no-three-in-line-solver'
2026-07-21T08:45:52.1156764Z ##[group]Initializing the repository
2026-07-21T08:45:52.1162842Z [command]/usr/bin/git init /home/runner/work/monochromatic-no-three-in-line-solver/monochromatic-no-three-in-line-solver
2026-07-21T08:45:52.1273728Z hint: Using 'master' as the name for the initial branch. This default branch name
2026-07-21T08:45:52.1275492Z hint: will change to "main" in Git 3.0. To configure the initial branch name
2026-07-21T08:45:52.1276512Z hint: to use in all of your new repositories, which will suppress this warning,
2026-07-21T08:45:52.1277304Z hint: call:
2026-07-21T08:45:52.1277724Z hint:
2026-07-21T08:45:52.1278271Z hint: 	git config --global init.defaultBranch <name>
2026-07-21T08:45:52.1278922Z hint:
2026-07-21T08:45:52.1279528Z hint: Names commonly chosen instead of 'master' are 'main', 'trunk' and
2026-07-21T08:45:52.1281001Z hint: 'development'. The just-created branch can be renamed via this command:
2026-07-21T08:45:52.1281804Z hint:
2026-07-21T08:45:52.1282238Z hint: 	git branch -m <name>
2026-07-21T08:45:52.1282734Z hint:
2026-07-21T08:45:52.1283396Z hint: Disable this message with "git config set advice.defaultBranchName false"
2026-07-21T08:45:52.1287749Z Initialized empty Git repository in /home/runner/work/monochromatic-no-three-in-line-solver/monochromatic-no-three-in-line-solver/.git/
2026-07-21T08:45:52.1304421Z [command]/usr/bin/git remote add origin https://github.com/Grisha-Pochuev/monochromatic-no-three-in-line-solver
2026-07-21T08:45:52.1357001Z ##[endgroup]
2026-07-21T08:45:52.1358323Z ##[group]Disabling automatic garbage collection
2026-07-21T08:45:52.1362586Z [command]/usr/bin/git config --local gc.auto 0
2026-07-21T08:45:52.1396675Z ##[endgroup]
2026-07-21T08:45:52.1398047Z ##[group]Setting up auth
2026-07-21T08:45:52.1404345Z [command]/usr/bin/git config --local --name-only --get-regexp core\.sshCommand
2026-07-21T08:45:52.1444087Z [command]/usr/bin/git submodule foreach --recursive sh -c "git config --local --name-only --get-regexp 'core\.sshCommand' && git config --local --unset-all 'core.sshCommand' || :"
2026-07-21T08:45:52.1846968Z [command]/usr/bin/git config --local --name-only --get-regexp http\.https\:\/\/github\.com\/\.extraheader
2026-07-21T08:45:52.1884667Z [command]/usr/bin/git submodule foreach --recursive sh -c "git config --local --name-only --get-regexp 'http\.https\:\/\/github\.com\/\.extraheader' && git config --local --unset-all 'http.https://github.com/.extraheader' || :"
2026-07-21T08:45:52.2110883Z [command]/usr/bin/git config --local --name-only --get-regexp ^includeIf\.gitdir:
2026-07-21T08:45:52.2146146Z [command]/usr/bin/git submodule foreach --recursive git config --local --show-origin --name-only --get-regexp remote.origin.url
2026-07-21T08:45:52.2370721Z [command]/usr/bin/git config --local http.https://github.com/.extraheader AUTHORIZATION: basic ***
2026-07-21T08:45:52.2409490Z ##[endgroup]
2026-07-21T08:45:52.2418897Z ##[group]Fetching the repository
2026-07-21T08:45:52.2420799Z [command]/usr/bin/git -c protocol.version=2 fetch --no-tags --prune --no-recurse-submodules --depth=1 origin 0fa82b4e804d862e087a6058f2b933a614415bf3
2026-07-21T08:45:52.8875064Z From https://github.com/Grisha-Pochuev/monochromatic-no-three-in-line-solver
2026-07-21T08:45:52.8876651Z  * branch            0fa82b4e804d862e087a6058f2b933a614415bf3 -> FETCH_HEAD
2026-07-21T08:45:52.8909660Z ##[endgroup]
2026-07-21T08:45:52.8911281Z ##[group]Determining the checkout info
2026-07-21T08:45:52.8912992Z ##[endgroup]
2026-07-21T08:45:52.8920406Z [command]/usr/bin/git sparse-checkout disable
2026-07-21T08:45:52.8969377Z [command]/usr/bin/git config --local --unset-all extensions.worktreeConfig
2026-07-21T08:45:52.9000848Z ##[group]Checking out the ref
2026-07-21T08:45:52.9006832Z [command]/usr/bin/git checkout --progress --force 0fa82b4e804d862e087a6058f2b933a614415bf3
2026-07-21T08:45:52.9695088Z Note: switching to '0fa82b4e804d862e087a6058f2b933a614415bf3'.
2026-07-21T08:45:52.9697015Z 
2026-07-21T08:45:52.9698363Z You are in 'detached HEAD' state. You can look around, make experimental
2026-07-21T08:45:52.9701537Z changes and commit them, and you can discard any commits you make in this
2026-07-21T08:45:52.9704455Z state without impacting any branches by switching back to a branch.
2026-07-21T08:45:52.9705768Z 
2026-07-21T08:45:52.9706528Z If you want to create a new branch to retain commits you create, you may
2026-07-21T08:45:52.9709010Z do so (now or later) by using -c with the switch command. Example:
2026-07-21T08:45:52.9711017Z 
2026-07-21T08:45:52.9711623Z   git switch -c <new-branch-name>
2026-07-21T08:45:52.9712535Z 
2026-07-21T08:45:52.9713030Z Or undo this operation with:
2026-07-21T08:45:52.9713832Z 
2026-07-21T08:45:52.9714274Z   git switch -
2026-07-21T08:45:52.9714909Z 
2026-07-21T08:45:52.9715909Z Turn off this advice by setting config variable advice.detachedHead to false
2026-07-21T08:45:52.9717887Z 
2026-07-21T08:45:52.9719040Z HEAD is now at 0fa82b4 record n22 residual-frontier run 29815441947
2026-07-21T08:45:52.9724381Z ##[endgroup]
2026-07-21T08:45:52.9763545Z [command]/usr/bin/git log -1 --format=%H
2026-07-21T08:45:52.9790707Z 0fa82b4e804d862e087a6058f2b933a614415bf3
2026-07-21T08:45:53.0035106Z ##[group]Run python -m pip install ortools==9.15.6755
2026-07-21T08:45:53.0036843Z [36;1mpython -m pip install ortools==9.15.6755[0m
2026-07-21T08:45:53.0119064Z shell: /usr/bin/bash -e {0}
2026-07-21T08:45:53.0120531Z env:
2026-07-21T08:45:53.0121392Z   PYTHONUNBUFFERED: 1
2026-07-21T08:45:53.0122407Z   MALLOC_ARENA_MAX: 2
2026-07-21T08:45:53.0123414Z   OMP_NUM_THREADS: 1
2026-07-21T08:45:53.0124427Z   OPENBLAS_NUM_THREADS: 1
2026-07-21T08:45:53.0125463Z   MKL_NUM_THREADS: 1
2026-07-21T08:45:53.0126399Z ##[endgroup]
2026-07-21T08:45:53.4467696Z Defaulting to user installation because normal site-packages is not writeable
2026-07-21T08:45:53.8600980Z Collecting ortools==9.15.6755
2026-07-21T08:45:53.8953460Z   Downloading ortools-9.15.6755-cp312-cp312-manylinux_2_27_x86_64.manylinux_2_28_x86_64.whl.metadata (3.3 kB)
2026-07-21T08:45:53.9298352Z Collecting absl-py>=2.0.0 (from ortools==9.15.6755)
2026-07-21T08:45:53.9332098Z   Downloading absl_py-2.5.0-py3-none-any.whl.metadata (3.3 kB)
2026-07-21T08:45:54.2127306Z Collecting numpy>=2.0.2 (from ortools==9.15.6755)
2026-07-21T08:45:54.2155496Z   Downloading numpy-2.5.1-cp312-cp312-manylinux_2_27_x86_64.manylinux_2_28_x86_64.whl.metadata (6.6 kB)
2026-07-21T08:45:54.3682421Z Collecting pandas>=2.0.0 (from ortools==9.15.6755)
2026-07-21T08:45:54.3707472Z   Downloading pandas-3.0.3-cp312-cp312-manylinux_2_24_x86_64.manylinux_2_28_x86_64.whl.metadata (79 kB)
2026-07-21T08:45:54.3828458Z      ━━━━━━━━━━━━━━━━━━━━━━━━━━━━━━━━━━━━━━━━ 79.5/79.5 kB 7.3 MB/s eta 0:00:00
2026-07-21T08:45:54.5975636Z Collecting protobuf<6.34,>=6.33.1 (from ortools==9.15.6755)
2026-07-21T08:45:54.6012373Z   Downloading protobuf-6.33.6-cp39-abi3-manylinux2014_x86_64.whl.metadata (593 bytes)
2026-07-21T08:45:54.6371956Z Collecting typing-extensions>=4.12 (from ortools==9.15.6755)
2026-07-21T08:45:54.6395920Z   Downloading typing_extensions-4.16.0-py3-none-any.whl.metadata (3.3 kB)
2026-07-21T08:45:54.6695542Z Collecting immutabledict>=3.0.0 (from ortools==9.15.6755)
2026-07-21T08:45:54.6726831Z   Downloading immutabledict-4.3.1-py3-none-any.whl.metadata (3.5 kB)
2026-07-21T08:45:54.7574404Z Requirement already satisfied: python-dateutil>=2.8.2 in /usr/lib/python3/dist-packages (from pandas>=2.0.0->ortools==9.15.6755) (2.8.2)
2026-07-21T08:45:54.7649748Z Downloading ortools-9.15.6755-cp312-cp312-manylinux_2_27_x86_64.manylinux_2_28_x86_64.whl (29.8 MB)
2026-07-21T08:45:54.9382681Z    ━━━━━━━━━━━━━━━━━━━━━━━━━━━━━━━━━━━━━━━━ 29.8/29.8 MB 131.0 MB/s eta 0:00:00
2026-07-21T08:45:54.9409246Z Downloading absl_py-2.5.0-py3-none-any.whl (137 kB)
2026-07-21T08:45:54.9456511Z    ━━━━━━━━━━━━━━━━━━━━━━━━━━━━━━━━━━━━━━━━ 137.4/137.4 kB 44.3 MB/s eta 0:00:00
2026-07-21T08:45:54.9478855Z Downloading immutabledict-4.3.1-py3-none-any.whl (5.0 kB)
2026-07-21T08:45:54.9523058Z Downloading numpy-2.5.1-cp312-cp312-manylinux_2_27_x86_64.manylinux_2_28_x86_64.whl (16.7 MB)
2026-07-21T08:45:55.0452215Z    ━━━━━━━━━━━━━━━━━━━━━━━━━━━━━━━━━━━━━━━━ 16.7/16.7 MB 163.9 MB/s eta 0:00:00
2026-07-21T08:45:55.0475981Z Downloading pandas-3.0.3-cp312-cp312-manylinux_2_24_x86_64.manylinux_2_28_x86_64.whl (10.9 MB)
2026-07-21T08:45:55.1095964Z    ━━━━━━━━━━━━━━━━━━━━━━━━━━━━━━━━━━━━━━━━ 10.9/10.9 MB 178.1 MB/s eta 0:00:00
2026-07-21T08:45:55.1120618Z Downloading protobuf-6.33.6-cp39-abi3-manylinux2014_x86_64.whl (323 kB)
2026-07-21T08:45:55.1176948Z    ━━━━━━━━━━━━━━━━━━━━━━━━━━━━━━━━━━━━━━━━ 323.4/323.4 kB 83.5 MB/s eta 0:00:00
2026-07-21T08:45:55.1200386Z Downloading typing_extensions-4.16.0-py3-none-any.whl (45 kB)
2026-07-21T08:45:55.1247384Z    ━━━━━━━━━━━━━━━━━━━━━━━━━━━━━━━━━━━━━━━━ 45.6/45.6 kB 14.8 MB/s eta 0:00:00
2026-07-21T08:45:55.5074320Z Installing collected packages: typing-extensions, protobuf, numpy, immutabledict, absl-py, pandas, ortools
2026-07-21T08:46:01.9365360Z Successfully installed absl-py-2.5.0 immutabledict-4.3.1 numpy-2.5.1 ortools-9.15.6755 pandas-3.0.3 protobuf-6.33.6 typing-extensions-4.16.0
2026-07-21T08:46:02.0558364Z ##[group]Run {
2026-07-21T08:46:02.0558655Z [36;1m{[0m
2026-07-21T08:46:02.0558896Z [36;1m  echo "=== machine ==="[0m
2026-07-21T08:46:02.0559224Z [36;1m  date -u[0m
2026-07-21T08:46:02.0559453Z [36;1m  echo "nproc=$(nproc)"[0m
2026-07-21T08:46:02.0559708Z [36;1m  free -h[0m
2026-07-21T08:46:02.0560221Z [36;1m  df -h[0m
2026-07-21T08:46:02.0560495Z [36;1m  grep -m1 'model name' /proc/cpuinfo || true[0m
2026-07-21T08:46:02.0560855Z [36;1m} | tee machine-19.log[0m
2026-07-21T08:46:02.0621815Z shell: /usr/bin/bash -e {0}
2026-07-21T08:46:02.0622081Z env:
2026-07-21T08:46:02.0622281Z   PYTHONUNBUFFERED: 1
2026-07-21T08:46:02.0622515Z   MALLOC_ARENA_MAX: 2
2026-07-21T08:46:02.0622733Z   OMP_NUM_THREADS: 1
2026-07-21T08:46:02.0622957Z   OPENBLAS_NUM_THREADS: 1
2026-07-21T08:46:02.0623186Z   MKL_NUM_THREADS: 1
2026-07-21T08:46:02.0623395Z ##[endgroup]
2026-07-21T08:46:02.0775859Z === machine ===
2026-07-21T08:46:02.0776557Z Tue Jul 21 08:46:02 UTC 2026
2026-07-21T08:46:02.0795905Z nproc=1
2026-07-21T08:46:02.0811909Z                total        used        free      shared  buff/cache   available
2026-07-21T08:46:02.0812692Z Mem:            15Gi       1.1Gi        12Gi        43Mi       1.9Gi        14Gi
2026-07-21T08:46:02.0813119Z Swap:          3.0Gi          0B       3.0Gi
2026-07-21T08:46:02.0918730Z Filesystem      Size  Used Avail Use% Mounted on
2026-07-21T08:46:02.0919574Z /dev/root       145G   57G   88G  40% /
2026-07-21T08:46:02.0920459Z tmpfs           7.9G   84K  7.9G   1% /dev/shm
2026-07-21T08:46:02.0921172Z tmpfs           3.2G  988K  3.2G   1% /run
2026-07-21T08:46:02.0921824Z tmpfs           5.0M     0  5.0M   0% /run/lock
2026-07-21T08:46:02.0922600Z efivarfs        128M   32K  128M   1% /sys/firmware/efi/efivars
2026-07-21T08:46:02.0923197Z /dev/sda16      881M   64M  756M   8% /boot
2026-07-21T08:46:02.0923607Z /dev/sda15      105M  6.2M   99M   6% /boot/efi
2026-07-21T08:46:02.0924035Z tmpfs           1.6G   12K  1.6G   1% /run/user/1001
2026-07-21T08:46:02.0932844Z model name	: AMD EPYC 7763 64-Core Processor
2026-07-21T08:46:02.0971433Z ##[group]Run set -uo pipefail
2026-07-21T08:46:02.0971762Z [36;1mset -uo pipefail[0m
2026-07-21T08:46:02.0971993Z [36;1m([0m
2026-07-21T08:46:02.0972187Z [36;1m  while true; do[0m
2026-07-21T08:46:02.0972439Z [36;1m    echo "=== $(date -u +%FT%TZ) ==="[0m
2026-07-21T08:46:02.0972726Z [36;1m    free -h[0m
2026-07-21T08:46:02.0973042Z [36;1m    ps -eo pid,ppid,rss,vsz,%mem,%cpu,cmd --sort=-rss | head -n 15[0m
2026-07-21T08:46:02.0973579Z [36;1m    sleep 60[0m
2026-07-21T08:46:02.0973792Z [36;1m  done[0m
2026-07-21T08:46:02.0974003Z [36;1m) > "memory-19.log" 2>&1 &[0m
2026-07-21T08:46:02.0974266Z [36;1mmonitor_pid=$![0m
2026-07-21T08:46:02.0974556Z [36;1mpython 22x22/run_n22_profile_followup_shard.py \[0m
2026-07-21T08:46:02.0974963Z [36;1m  --schedule 22x22/current_remaining_schedule.json \[0m
2026-07-21T08:46:02.0975310Z [36;1m  --shard "19" \[0m
2026-07-21T08:46:02.0975551Z [36;1m  --total-seconds 21000 \[0m
2026-07-21T08:46:02.0975845Z [36;1m  --workers 4 \[0m
2026-07-21T08:46:02.0976092Z [36;1m  --fallback-workers 2 \[0m
2026-07-21T08:46:02.0976360Z [36;1m  --memory-guard-mb 13000 \[0m
2026-07-21T08:46:02.0976625Z [36;1m  --max-seconds 20700 \[0m
2026-07-21T08:46:02.0976898Z [36;1m  --artifact-buffer-seconds 180 \[0m
2026-07-21T08:46:02.0977192Z [36;1m  --seed-base "2026072200" \[0m
2026-07-21T08:46:02.0977473Z [36;1m  --output-dir "results/shard-19"[0m
2026-07-21T08:46:02.0977748Z [36;1mrc=$?[0m
2026-07-21T08:46:02.0977983Z [36;1mkill "$monitor_pid" 2>/dev/null || true[0m
2026-07-21T08:46:02.0978304Z [36;1mwait "$monitor_pid" 2>/dev/null || true[0m
2026-07-21T08:46:02.0978587Z [36;1mexit "$rc"[0m
2026-07-21T08:46:02.1037254Z shell: /usr/bin/bash --noprofile --norc -e -o pipefail {0}
2026-07-21T08:46:02.1037621Z env:
2026-07-21T08:46:02.1037832Z   PYTHONUNBUFFERED: 1
2026-07-21T08:46:02.1038061Z   MALLOC_ARENA_MAX: 2
2026-07-21T08:46:02.1038285Z   OMP_NUM_THREADS: 1
2026-07-21T08:46:02.1038524Z   OPENBLAS_NUM_THREADS: 1
2026-07-21T08:46:02.1038813Z   MKL_NUM_THREADS: 1
2026-07-21T08:46:02.1039027Z ##[endgroup]
2026-07-21T13:14:00.4952714Z ##[group]Run free -h
2026-07-21T13:14:00.4953014Z [36;1mfree -h[0m
2026-07-21T13:14:00.4953217Z [36;1mdf -h[0m
2026-07-21T13:14:00.5011303Z shell: /usr/bin/bash -e {0}
2026-07-21T13:14:00.5011552Z env:
2026-07-21T13:14:00.5011748Z   PYTHONUNBUFFERED: 1
2026-07-21T13:14:00.5011971Z   MALLOC_ARENA_MAX: 2
2026-07-21T13:14:00.5012192Z   OMP_NUM_THREADS: 1
2026-07-21T13:14:00.5012402Z   OPENBLAS_NUM_THREADS: 1
2026-07-21T13:14:00.5012622Z   MKL_NUM_THREADS: 1
2026-07-21T13:14:00.5012828Z ##[endgroup]
2026-07-21T13:14:00.5100674Z                total        used        free      shared  buff/cache   available
2026-07-21T13:14:00.5101370Z Mem:            15Gi       942Mi        13Gi        48Mi       2.0Gi        14Gi
2026-07-21T13:14:00.5101749Z Swap:          3.0Gi          0B       3.0Gi
2026-07-21T13:14:00.5116697Z Filesystem      Size  Used Avail Use% Mounted on
2026-07-21T13:14:00.5117220Z /dev/root       145G   57G   88G  40% /
2026-07-21T13:14:00.5117644Z tmpfs           7.9G   84K  7.9G   1% /dev/shm
2026-07-21T13:14:00.5117948Z tmpfs           3.2G 1012K  3.2G   1% /run
2026-07-21T13:14:00.5118254Z tmpfs           5.0M     0  5.0M   0% /run/lock
2026-07-21T13:14:00.5118596Z efivarfs        128M   32K  128M   1% /sys/firmware/efi/efivars
2026-07-21T13:14:00.5118928Z /dev/sda16      881M   64M  756M   8% /boot
2026-07-21T13:14:00.5119218Z /dev/sda15      105M  6.2M   99M   6% /boot/efi
2026-07-21T13:14:00.5120177Z tmpfs           1.6G   12K  1.6G   1% /run/user/1001
2026-07-21T13:14:00.5172200Z Node 20 is being deprecated. This workflow is running with Node 24 by default. If you need to temporarily use Node 20, you can set the ACTIONS_ALLOW_USE_UNSECURE_NODE_VERSION=true environment variable. For more information see: https://github.blog/changelog/2025-09-19-deprecation-of-node-20-on-github-actions-runners/
2026-07-21T13:14:00.5174130Z ##[group]Run actions/upload-artifact@v4
2026-07-21T13:14:00.5174414Z with:
2026-07-21T13:14:00.5174635Z   name: n22-profile-dynamic-shard-19
2026-07-21T13:14:00.5174943Z   path: results/
memory-19.log
machine-19.log

2026-07-21T13:14:00.5175236Z   retention-days: 30
2026-07-21T13:14:00.5175458Z   if-no-files-found: warn
2026-07-21T13:14:00.5175688Z   compression-level: 6
2026-07-21T13:14:00.5175901Z   overwrite: false
2026-07-21T13:14:00.5176112Z   include-hidden-files: false
2026-07-21T13:14:00.5176531Z env:
2026-07-21T13:14:00.5176718Z   PYTHONUNBUFFERED: 1
2026-07-21T13:14:00.5176929Z   MALLOC_ARENA_MAX: 2
2026-07-21T13:14:00.5177167Z   OMP_NUM_THREADS: 1
2026-07-21T13:14:00.5177377Z   OPENBLAS_NUM_THREADS: 1
2026-07-21T13:14:00.5177594Z   MKL_NUM_THREADS: 1
2026-07-21T13:14:00.5177794Z ##[endgroup]
2026-07-21T13:14:00.6852107Z (node:6095) [DEP0040] DeprecationWarning: The `punycode` module is deprecated. Please use a userland alternative instead.
2026-07-21T13:14:00.6852831Z (Use `node --trace-deprecation ...` to show where the warning was created)
2026-07-21T13:14:00.6956497Z Multiple search paths detected. Calculating the least common ancestor of all paths
2026-07-21T13:14:00.6960176Z The least common ancestor is /home/runner/work/monochromatic-no-three-in-line-solver/monochromatic-no-three-in-line-solver. This will be the root directory of the artifact
2026-07-21T13:14:00.6961737Z With the provided path, there will be 12 files uploaded
2026-07-21T13:14:00.6967594Z Artifact name is valid!
2026-07-21T13:14:00.6968675Z Root directory input is valid!
2026-07-21T13:14:01.0526735Z Beginning upload of artifact content to blob storage
2026-07-21T13:14:01.0941223Z (node:6095) [DEP0169] DeprecationWarning: `url.parse()` behavior is not standardized and prone to errors that have security implications. Use the WHATWG URL API instead. CVEs are not issued for `url.parse()` vulnerabilities.
2026-07-21T13:14:01.4507677Z Uploaded bytes 36991
2026-07-21T13:14:01.5319779Z Finished uploading artifact content to blob storage!
2026-07-21T13:14:01.5321241Z SHA256 digest of uploaded artifact zip is 09e7d02d5d6c165899bf3f5a0989ed67d476219764db4f0e1c8af4cc84171aae
2026-07-21T13:14:01.5323855Z Finalizing artifact upload
2026-07-21T13:14:01.8080295Z Artifact n22-profile-dynamic-shard-19.zip successfully finalized. Artifact ID 8496290846
2026-07-21T13:14:01.8082166Z Artifact n22-profile-dynamic-shard-19 has been successfully uploaded! Final size is 36991 bytes. Artifact ID is 8496290846
2026-07-21T13:14:01.8087475Z Artifact download URL: https://github.com/Grisha-Pochuev/monochromatic-no-three-in-line-solver/actions/runs/29815441947/artifacts/8496290846
2026-07-21T13:14:01.8300536Z Node 20 is being deprecated. This workflow is running with Node 24 by default. If you need to temporarily use Node 20, you can set the ACTIONS_ALLOW_USE_UNSECURE_NODE_VERSION=true environment variable. For more information see: https://github.blog/changelog/2025-09-19-deprecation-of-node-20-on-github-actions-runners/
2026-07-21T13:14:01.8301825Z Post job cleanup.
2026-07-21T13:14:01.9143409Z [command]/usr/bin/git version
2026-07-21T13:14:01.9186293Z git version 2.54.0
2026-07-21T13:14:01.9259112Z Temporarily overriding HOME='/home/runner/work/_temp/38c6419d-9d1c-4838-a437-383f811fd3e2' before making global git config changes
2026-07-21T13:14:01.9260872Z Adding repository directory to the temporary git global config as a safe directory
2026-07-21T13:14:01.9266109Z [command]/usr/bin/git config --global --add safe.directory /home/runner/work/monochromatic-no-three-in-line-solver/monochromatic-no-three-in-line-solver
2026-07-21T13:14:01.9307587Z [command]/usr/bin/git config --local --name-only --get-regexp core\.sshCommand
2026-07-21T13:14:01.9343535Z [command]/usr/bin/git submodule foreach --recursive sh -c "git config --local --name-only --get-regexp 'core\.sshCommand' && git config --local --unset-all 'core.sshCommand' || :"
2026-07-21T13:14:01.9596176Z [command]/usr/bin/git config --local --name-only --get-regexp http\.https\:\/\/github\.com\/\.extraheader
2026-07-21T13:14:01.9626224Z http.https://github.com/.extraheader
2026-07-21T13:14:01.9640423Z [command]/usr/bin/git config --local --unset-all http.https://github.com/.extraheader
2026-07-21T13:14:01.9684771Z [command]/usr/bin/git submodule foreach --recursive sh -c "git config --local --name-only --get-regexp 'http\.https\:\/\/github\.com\/\.extraheader' && git config --local --unset-all 'http.https://github.com/.extraheader' || :"
2026-07-21T13:14:01.9982635Z [command]/usr/bin/git config --local --name-only --get-regexp ^includeIf\.gitdir:
2026-07-21T13:14:02.0042942Z [command]/usr/bin/git submodule foreach --recursive git config --local --show-origin --name-only --get-regexp remote.origin.url
2026-07-21T13:14:02.0547071Z Cleaning up orphan processes
2026-07-21T13:14:02.0991642Z Terminate orphan process: pid (6088) (sleep)
2026-07-21T13:14:02.1006730Z ##[warning]Node.js 20 is deprecated. The following actions target Node.js 20 but are being forced to run on Node.js 24: actions/checkout@v4, actions/upload-artifact@v4. For more information see: https://github.blog/changelog/2025-09-19-deprecation-of-node-20-on-github-actions-runners/
