2026-07-21T08:45:50.9524718Z Current runner version: '2.335.1'
2026-07-21T08:45:50.9551387Z ##[group]Runner Image Provisioner
2026-07-21T08:45:50.9552382Z Hosted Compute Agent
2026-07-21T08:45:50.9552990Z Version: 20260707.563
2026-07-21T08:45:50.9553635Z Commit: 02667638d2b423fbc733a8e32a88b44996a3ba6e
2026-07-21T08:45:50.9554364Z Build Date: 2026-07-07T19:33:50Z
2026-07-21T08:45:50.9555031Z Worker ID: {87bcfea6-e3a1-4355-b4d5-15fb5eb35ee7}
2026-07-21T08:45:50.9555777Z Azure Region: westus2
2026-07-21T08:45:50.9556361Z ##[endgroup]
2026-07-21T08:45:50.9557847Z ##[group]Operating System
2026-07-21T08:45:50.9558610Z Ubuntu
2026-07-21T08:45:50.9559124Z 24.04.4
2026-07-21T08:45:50.9559953Z LTS
2026-07-21T08:45:50.9560513Z ##[endgroup]
2026-07-21T08:45:50.9561063Z ##[group]Runner Image
2026-07-21T08:45:50.9561705Z Image: ubuntu-24.04
2026-07-21T08:45:50.9562266Z Version: 20260714.240.1
2026-07-21T08:45:50.9564012Z Included Software: https://github.com/actions/runner-images/blob/ubuntu24/20260714.240/images/ubuntu/Ubuntu2404-Readme.md
2026-07-21T08:45:50.9565543Z Image Release: https://github.com/actions/runner-images/releases/tag/ubuntu24%2F20260714.240
2026-07-21T08:45:50.9566515Z ##[endgroup]
2026-07-21T08:45:50.9567666Z ##[group]GITHUB_TOKEN Permissions
2026-07-21T08:45:50.9570413Z Actions: read
2026-07-21T08:45:50.9571026Z Contents: write
2026-07-21T08:45:50.9571569Z Metadata: read
2026-07-21T08:45:50.9572184Z ##[endgroup]
2026-07-21T08:45:50.9574471Z Secret source: Actions
2026-07-21T08:45:50.9575348Z Prepare workflow directory
2026-07-21T08:45:51.0051971Z Prepare all required actions
2026-07-21T08:45:51.0104904Z Getting action download info
2026-07-21T08:45:51.3711731Z Download action repository 'actions/checkout@v4' (SHA:11d5960a326750d5838078e36cf38b85af677262)
2026-07-21T08:45:51.6814031Z Download action repository 'actions/upload-artifact@v4' (SHA:ea165f8d65b6e75b540449e92b4886f43607fa02)
2026-07-21T08:45:51.8917415Z Complete job name: Residual shard 13
2026-07-21T08:45:51.9713878Z Node 20 is being deprecated. This workflow is running with Node 24 by default. If you need to temporarily use Node 20, you can set the ACTIONS_ALLOW_USE_UNSECURE_NODE_VERSION=true environment variable. For more information see: https://github.blog/changelog/2025-09-19-deprecation-of-node-20-on-github-actions-runners/
2026-07-21T08:45:51.9723067Z ##[group]Run actions/checkout@v4
2026-07-21T08:45:51.9723816Z with:
2026-07-21T08:45:51.9724278Z   ref: 0fa82b4e804d862e087a6058f2b933a614415bf3
2026-07-21T08:45:51.9725031Z   repository: Grisha-Pochuev/monochromatic-no-three-in-line-solver
2026-07-21T08:45:51.9729445Z   token: ***
2026-07-21T08:45:51.9729884Z   ssh-strict: true
2026-07-21T08:45:51.9730314Z   ssh-user: git
2026-07-21T08:45:51.9730746Z   persist-credentials: true
2026-07-21T08:45:51.9731220Z   clean: true
2026-07-21T08:45:51.9731648Z   sparse-checkout-cone-mode: true
2026-07-21T08:45:51.9732153Z   fetch-depth: 1
2026-07-21T08:45:51.9732566Z   fetch-tags: false
2026-07-21T08:45:51.9733045Z   show-progress: true
2026-07-21T08:45:51.9733486Z   lfs: false
2026-07-21T08:45:51.9733905Z   submodules: false
2026-07-21T08:45:51.9734341Z   set-safe-directory: true
2026-07-21T08:45:51.9734828Z   allow-unsafe-pr-checkout: false
2026-07-21T08:45:51.9735583Z env:
2026-07-21T08:45:51.9735995Z   PYTHONUNBUFFERED: 1
2026-07-21T08:45:51.9736429Z   MALLOC_ARENA_MAX: 2
2026-07-21T08:45:51.9736856Z   OMP_NUM_THREADS: 1
2026-07-21T08:45:51.9737290Z   OPENBLAS_NUM_THREADS: 1
2026-07-21T08:45:51.9737739Z   MKL_NUM_THREADS: 1
2026-07-21T08:45:51.9738161Z ##[endgroup]
2026-07-21T08:45:52.0766163Z Syncing repository: Grisha-Pochuev/monochromatic-no-three-in-line-solver
2026-07-21T08:45:52.0769630Z ##[group]Getting Git version info
2026-07-21T08:45:52.0771405Z Working directory is '/home/runner/work/monochromatic-no-three-in-line-solver/monochromatic-no-three-in-line-solver'
2026-07-21T08:45:52.0773850Z [command]/usr/bin/git version
2026-07-21T08:45:52.0878848Z git version 2.54.0
2026-07-21T08:45:52.0952381Z ##[endgroup]
2026-07-21T08:45:52.0957972Z Temporarily overriding HOME='/home/runner/work/_temp/8065cedf-81a4-4283-a6cd-74f3e09a5a60' before making global git config changes
2026-07-21T08:45:52.0960296Z Adding repository directory to the temporary git global config as a safe directory
2026-07-21T08:45:52.0961804Z [command]/usr/bin/git config --global --add safe.directory /home/runner/work/monochromatic-no-three-in-line-solver/monochromatic-no-three-in-line-solver
2026-07-21T08:45:52.1015816Z Deleting the contents of '/home/runner/work/monochromatic-no-three-in-line-solver/monochromatic-no-three-in-line-solver'
2026-07-21T08:45:52.1019924Z ##[group]Initializing the repository
2026-07-21T08:45:52.1025391Z [command]/usr/bin/git init /home/runner/work/monochromatic-no-three-in-line-solver/monochromatic-no-three-in-line-solver
2026-07-21T08:45:52.1196482Z hint: Using 'master' as the name for the initial branch. This default branch name
2026-07-21T08:45:52.1198268Z hint: will change to "main" in Git 3.0. To configure the initial branch name
2026-07-21T08:45:52.1199499Z hint: to use in all of your new repositories, which will suppress this warning,
2026-07-21T08:45:52.1200381Z hint: call:
2026-07-21T08:45:52.1200781Z hint:
2026-07-21T08:45:52.1201309Z hint: 	git config --global init.defaultBranch <name>
2026-07-21T08:45:52.1201922Z hint:
2026-07-21T08:45:52.1202502Z hint: Names commonly chosen instead of 'master' are 'main', 'trunk' and
2026-07-21T08:45:52.1203444Z hint: 'development'. The just-created branch can be renamed via this command:
2026-07-21T08:45:52.1204189Z hint:
2026-07-21T08:45:52.1204589Z hint: 	git branch -m <name>
2026-07-21T08:45:52.1205060Z hint:
2026-07-21T08:45:52.1205685Z hint: Disable this message with "git config set advice.defaultBranchName false"
2026-07-21T08:45:52.1216276Z Initialized empty Git repository in /home/runner/work/monochromatic-no-three-in-line-solver/monochromatic-no-three-in-line-solver/.git/
2026-07-21T08:45:52.1231826Z [command]/usr/bin/git remote add origin https://github.com/Grisha-Pochuev/monochromatic-no-three-in-line-solver
2026-07-21T08:45:52.1287979Z ##[endgroup]
2026-07-21T08:45:52.1289395Z ##[group]Disabling automatic garbage collection
2026-07-21T08:45:52.1292649Z [command]/usr/bin/git config --local gc.auto 0
2026-07-21T08:45:52.1327316Z ##[endgroup]
2026-07-21T08:45:52.1328942Z ##[group]Setting up auth
2026-07-21T08:45:52.1337818Z [command]/usr/bin/git config --local --name-only --get-regexp core\.sshCommand
2026-07-21T08:45:52.1384780Z [command]/usr/bin/git submodule foreach --recursive sh -c "git config --local --name-only --get-regexp 'core\.sshCommand' && git config --local --unset-all 'core.sshCommand' || :"
2026-07-21T08:45:52.1797245Z [command]/usr/bin/git config --local --name-only --get-regexp http\.https\:\/\/github\.com\/\.extraheader
2026-07-21T08:45:52.1835982Z [command]/usr/bin/git submodule foreach --recursive sh -c "git config --local --name-only --get-regexp 'http\.https\:\/\/github\.com\/\.extraheader' && git config --local --unset-all 'http.https://github.com/.extraheader' || :"
2026-07-21T08:45:52.2072121Z [command]/usr/bin/git config --local --name-only --get-regexp ^includeIf\.gitdir:
2026-07-21T08:45:52.2110529Z [command]/usr/bin/git submodule foreach --recursive git config --local --show-origin --name-only --get-regexp remote.origin.url
2026-07-21T08:45:52.2344119Z [command]/usr/bin/git config --local http.https://github.com/.extraheader AUTHORIZATION: basic ***
2026-07-21T08:45:52.2387384Z ##[endgroup]
2026-07-21T08:45:52.2388630Z ##[group]Fetching the repository
2026-07-21T08:45:52.2398111Z [command]/usr/bin/git -c protocol.version=2 fetch --no-tags --prune --no-recurse-submodules --depth=1 origin 0fa82b4e804d862e087a6058f2b933a614415bf3
2026-07-21T08:45:52.6497082Z From https://github.com/Grisha-Pochuev/monochromatic-no-three-in-line-solver
2026-07-21T08:45:52.6499440Z  * branch            0fa82b4e804d862e087a6058f2b933a614415bf3 -> FETCH_HEAD
2026-07-21T08:45:52.6546713Z ##[endgroup]
2026-07-21T08:45:52.6552211Z ##[group]Determining the checkout info
2026-07-21T08:45:52.6554383Z ##[endgroup]
2026-07-21T08:45:52.6555331Z [command]/usr/bin/git sparse-checkout disable
2026-07-21T08:45:52.6602088Z [command]/usr/bin/git config --local --unset-all extensions.worktreeConfig
2026-07-21T08:45:52.6637047Z ##[group]Checking out the ref
2026-07-21T08:45:52.6643029Z [command]/usr/bin/git checkout --progress --force 0fa82b4e804d862e087a6058f2b933a614415bf3
2026-07-21T08:45:52.7328553Z Note: switching to '0fa82b4e804d862e087a6058f2b933a614415bf3'.
2026-07-21T08:45:52.7330374Z 
2026-07-21T08:45:52.7331537Z You are in 'detached HEAD' state. You can look around, make experimental
2026-07-21T08:45:52.7334202Z changes and commit them, and you can discard any commits you make in this
2026-07-21T08:45:52.7336213Z state without impacting any branches by switching back to a branch.
2026-07-21T08:45:52.7337202Z 
2026-07-21T08:45:52.7337871Z If you want to create a new branch to retain commits you create, you may
2026-07-21T08:45:52.7340379Z do so (now or later) by using -c with the switch command. Example:
2026-07-21T08:45:52.7341297Z 
2026-07-21T08:45:52.7341681Z   git switch -c <new-branch-name>
2026-07-21T08:45:52.7342321Z 
2026-07-21T08:45:52.7342684Z Or undo this operation with:
2026-07-21T08:45:52.7343344Z 
2026-07-21T08:45:52.7343856Z   git switch -
2026-07-21T08:45:52.7344600Z 
2026-07-21T08:45:52.7345489Z Turn off this advice by setting config variable advice.detachedHead to false
2026-07-21T08:45:52.7346773Z 
2026-07-21T08:45:52.7347478Z HEAD is now at 0fa82b4 record n22 residual-frontier run 29815441947
2026-07-21T08:45:52.7351588Z ##[endgroup]
2026-07-21T08:45:52.7389980Z [command]/usr/bin/git log -1 --format=%H
2026-07-21T08:45:52.7417492Z 0fa82b4e804d862e087a6058f2b933a614415bf3
2026-07-21T08:45:52.7655420Z ##[group]Run python -m pip install ortools==9.15.6755
2026-07-21T08:45:52.7657073Z [36;1mpython -m pip install ortools==9.15.6755[0m
2026-07-21T08:45:52.7761662Z shell: /usr/bin/bash -e {0}
2026-07-21T08:45:52.7762788Z env:
2026-07-21T08:45:52.7763619Z   PYTHONUNBUFFERED: 1
2026-07-21T08:45:52.7764566Z   MALLOC_ARENA_MAX: 2
2026-07-21T08:45:52.7765528Z   OMP_NUM_THREADS: 1
2026-07-21T08:45:52.7766472Z   OPENBLAS_NUM_THREADS: 1
2026-07-21T08:45:52.7767454Z   MKL_NUM_THREADS: 1
2026-07-21T08:45:52.7768342Z ##[endgroup]
2026-07-21T08:45:53.2561087Z Defaulting to user installation because normal site-packages is not writeable
2026-07-21T08:45:53.6998170Z Collecting ortools==9.15.6755
2026-07-21T08:45:53.7466077Z   Downloading ortools-9.15.6755-cp312-cp312-manylinux_2_27_x86_64.manylinux_2_28_x86_64.whl.metadata (3.3 kB)
2026-07-21T08:45:53.7759947Z Collecting absl-py>=2.0.0 (from ortools==9.15.6755)
2026-07-21T08:45:53.7828535Z   Downloading absl_py-2.5.0-py3-none-any.whl.metadata (3.3 kB)
2026-07-21T08:45:54.0448786Z Collecting numpy>=2.0.2 (from ortools==9.15.6755)
2026-07-21T08:45:54.0520384Z   Downloading numpy-2.5.1-cp312-cp312-manylinux_2_27_x86_64.manylinux_2_28_x86_64.whl.metadata (6.6 kB)
2026-07-21T08:45:54.2078098Z Collecting pandas>=2.0.0 (from ortools==9.15.6755)
2026-07-21T08:45:54.2148515Z   Downloading pandas-3.0.3-cp312-cp312-manylinux_2_24_x86_64.manylinux_2_28_x86_64.whl.metadata (79 kB)
2026-07-21T08:45:54.2301053Z      ━━━━━━━━━━━━━━━━━━━━━━━━━━━━━━━━━━━━━━━━ 79.5/79.5 kB 5.6 MB/s eta 0:00:00
2026-07-21T08:45:54.4586684Z Collecting protobuf<6.34,>=6.33.1 (from ortools==9.15.6755)
2026-07-21T08:45:54.4660666Z   Downloading protobuf-6.33.6-cp39-abi3-manylinux2014_x86_64.whl.metadata (593 bytes)
2026-07-21T08:45:54.4988273Z Collecting typing-extensions>=4.12 (from ortools==9.15.6755)
2026-07-21T08:45:54.5060111Z   Downloading typing_extensions-4.16.0-py3-none-any.whl.metadata (3.3 kB)
2026-07-21T08:45:54.5313973Z Collecting immutabledict>=3.0.0 (from ortools==9.15.6755)
2026-07-21T08:45:54.5384709Z   Downloading immutabledict-4.3.1-py3-none-any.whl.metadata (3.5 kB)
2026-07-21T08:45:54.6330653Z Requirement already satisfied: python-dateutil>=2.8.2 in /usr/lib/python3/dist-packages (from pandas>=2.0.0->ortools==9.15.6755) (2.8.2)
2026-07-21T08:45:54.6472537Z Downloading ortools-9.15.6755-cp312-cp312-manylinux_2_27_x86_64.manylinux_2_28_x86_64.whl (29.8 MB)
2026-07-21T08:45:54.8527262Z    ━━━━━━━━━━━━━━━━━━━━━━━━━━━━━━━━━━━━━━━━ 29.8/29.8 MB 118.7 MB/s eta 0:00:00
2026-07-21T08:45:54.8595818Z Downloading absl_py-2.5.0-py3-none-any.whl (137 kB)
2026-07-21T08:45:54.8646690Z    ━━━━━━━━━━━━━━━━━━━━━━━━━━━━━━━━━━━━━━━━ 137.4/137.4 kB 42.7 MB/s eta 0:00:00
2026-07-21T08:45:54.8715641Z Downloading immutabledict-4.3.1-py3-none-any.whl (5.0 kB)
2026-07-21T08:45:54.8840411Z Downloading numpy-2.5.1-cp312-cp312-manylinux_2_27_x86_64.manylinux_2_28_x86_64.whl (16.7 MB)
2026-07-21T08:45:54.9898338Z    ━━━━━━━━━━━━━━━━━━━━━━━━━━━━━━━━━━━━━━━━ 16.7/16.7 MB 138.6 MB/s eta 0:00:00
2026-07-21T08:45:54.9968024Z Downloading pandas-3.0.3-cp312-cp312-manylinux_2_24_x86_64.manylinux_2_28_x86_64.whl (10.9 MB)
2026-07-21T08:45:55.0579506Z    ━━━━━━━━━━━━━━━━━━━━━━━━━━━━━━━━━━━━━━━━ 10.9/10.9 MB 182.6 MB/s eta 0:00:00
2026-07-21T08:45:55.0650854Z Downloading protobuf-6.33.6-cp39-abi3-manylinux2014_x86_64.whl (323 kB)
2026-07-21T08:45:55.0712612Z    ━━━━━━━━━━━━━━━━━━━━━━━━━━━━━━━━━━━━━━━━ 323.4/323.4 kB 76.8 MB/s eta 0:00:00
2026-07-21T08:45:55.0779752Z Downloading typing_extensions-4.16.0-py3-none-any.whl (45 kB)
2026-07-21T08:45:55.0823527Z    ━━━━━━━━━━━━━━━━━━━━━━━━━━━━━━━━━━━━━━━━ 45.6/45.6 kB 14.2 MB/s eta 0:00:00
2026-07-21T08:45:55.4679071Z Installing collected packages: typing-extensions, protobuf, numpy, immutabledict, absl-py, pandas, ortools
2026-07-21T08:46:02.3110995Z Successfully installed absl-py-2.5.0 immutabledict-4.3.1 numpy-2.5.1 ortools-9.15.6755 pandas-3.0.3 protobuf-6.33.6 typing-extensions-4.16.0
2026-07-21T08:46:02.5135380Z ##[group]Run {
2026-07-21T08:46:02.5135658Z [36;1m{[0m
2026-07-21T08:46:02.5135868Z [36;1m  echo "=== machine ==="[0m
2026-07-21T08:46:02.5136164Z [36;1m  date -u[0m
2026-07-21T08:46:02.5136384Z [36;1m  echo "nproc=$(nproc)"[0m
2026-07-21T08:46:02.5136624Z [36;1m  free -h[0m
2026-07-21T08:46:02.5136822Z [36;1m  df -h[0m
2026-07-21T08:46:02.5137076Z [36;1m  grep -m1 'model name' /proc/cpuinfo || true[0m
2026-07-21T08:46:02.5137421Z [36;1m} | tee machine-13.log[0m
2026-07-21T08:46:02.5198387Z shell: /usr/bin/bash -e {0}
2026-07-21T08:46:02.5198670Z env:
2026-07-21T08:46:02.5198874Z   PYTHONUNBUFFERED: 1
2026-07-21T08:46:02.5199109Z   MALLOC_ARENA_MAX: 2
2026-07-21T08:46:02.5199590Z   OMP_NUM_THREADS: 1
2026-07-21T08:46:02.5199806Z   OPENBLAS_NUM_THREADS: 1
2026-07-21T08:46:02.5200027Z   MKL_NUM_THREADS: 1
2026-07-21T08:46:02.5200228Z ##[endgroup]
2026-07-21T08:46:02.5370536Z === machine ===
2026-07-21T08:46:02.5372471Z Tue Jul 21 08:46:02 UTC 2026
2026-07-21T08:46:02.5391831Z nproc=1
2026-07-21T08:46:02.5407828Z                total        used        free      shared  buff/cache   available
2026-07-21T08:46:02.5408536Z Mem:            15Gi       966Mi        12Gi        43Mi       2.8Gi        14Gi
2026-07-21T08:46:02.5408913Z Swap:          3.0Gi          0B       3.0Gi
2026-07-21T08:46:02.5516560Z Filesystem      Size  Used Avail Use% Mounted on
2026-07-21T08:46:02.5517061Z /dev/root       145G   58G   87G  40% /
2026-07-21T08:46:02.5517420Z tmpfs           7.9G   84K  7.9G   1% /dev/shm
2026-07-21T08:46:02.5517717Z tmpfs           3.2G 1012K  3.2G   1% /run
2026-07-21T08:46:02.5518007Z tmpfs           5.0M     0  5.0M   0% /run/lock
2026-07-21T08:46:02.5518345Z efivarfs        128M   29K  128M   1% /sys/firmware/efi/efivars
2026-07-21T08:46:02.5518680Z /dev/sda16      881M   64M  756M   8% /boot
2026-07-21T08:46:02.5518964Z /dev/sda15      105M  6.2M   99M   6% /boot/efi
2026-07-21T08:46:02.5519689Z tmpfs           1.6G   12K  1.6G   1% /run/user/1001
2026-07-21T08:46:02.5532834Z model name	: AMD EPYC 7763 64-Core Processor
2026-07-21T08:46:02.5572794Z ##[group]Run set -uo pipefail
2026-07-21T08:46:02.5573129Z [36;1mset -uo pipefail[0m
2026-07-21T08:46:02.5573357Z [36;1m([0m
2026-07-21T08:46:02.5573547Z [36;1m  while true; do[0m
2026-07-21T08:46:02.5573804Z [36;1m    echo "=== $(date -u +%FT%TZ) ==="[0m
2026-07-21T08:46:02.5574093Z [36;1m    free -h[0m
2026-07-21T08:46:02.5574421Z [36;1m    ps -eo pid,ppid,rss,vsz,%mem,%cpu,cmd --sort=-rss | head -n 15[0m
2026-07-21T08:46:02.5574959Z [36;1m    sleep 60[0m
2026-07-21T08:46:02.5575169Z [36;1m  done[0m
2026-07-21T08:46:02.5575374Z [36;1m) > "memory-13.log" 2>&1 &[0m
2026-07-21T08:46:02.5575626Z [36;1mmonitor_pid=$![0m
2026-07-21T08:46:02.5575908Z [36;1mpython 22x22/run_n22_profile_followup_shard.py \[0m
2026-07-21T08:46:02.5576334Z [36;1m  --schedule 22x22/current_remaining_schedule.json \[0m
2026-07-21T08:46:02.5576674Z [36;1m  --shard "13" \[0m
2026-07-21T08:46:02.5576906Z [36;1m  --total-seconds 21000 \[0m
2026-07-21T08:46:02.5577208Z [36;1m  --workers 4 \[0m
2026-07-21T08:46:02.5577440Z [36;1m  --fallback-workers 2 \[0m
2026-07-21T08:46:02.5577696Z [36;1m  --memory-guard-mb 13000 \[0m
2026-07-21T08:46:02.5577958Z [36;1m  --max-seconds 20700 \[0m
2026-07-21T08:46:02.5578228Z [36;1m  --artifact-buffer-seconds 180 \[0m
2026-07-21T08:46:02.5578508Z [36;1m  --seed-base "2026072200" \[0m
2026-07-21T08:46:02.5578780Z [36;1m  --output-dir "results/shard-13"[0m
2026-07-21T08:46:02.5579048Z [36;1mrc=$?[0m
2026-07-21T08:46:02.5579613Z [36;1mkill "$monitor_pid" 2>/dev/null || true[0m
2026-07-21T08:46:02.5579948Z [36;1mwait "$monitor_pid" 2>/dev/null || true[0m
2026-07-21T08:46:02.5580244Z [36;1mexit "$rc"[0m
2026-07-21T08:46:02.5643222Z shell: /usr/bin/bash --noprofile --norc -e -o pipefail {0}
2026-07-21T08:46:02.5643584Z env:
2026-07-21T08:46:02.5643790Z   PYTHONUNBUFFERED: 1
2026-07-21T08:46:02.5644011Z   MALLOC_ARENA_MAX: 2
2026-07-21T08:46:02.5644217Z   OMP_NUM_THREADS: 1
2026-07-21T08:46:02.5644424Z   OPENBLAS_NUM_THREADS: 1
2026-07-21T08:46:02.5644698Z   MKL_NUM_THREADS: 1
2026-07-21T08:46:02.5644973Z ##[endgroup]
2026-07-21T13:59:09.7844490Z ##[group]Run free -h
2026-07-21T13:59:09.7844777Z [36;1mfree -h[0m
2026-07-21T13:59:09.7844977Z [36;1mdf -h[0m
2026-07-21T13:59:09.7902819Z shell: /usr/bin/bash -e {0}
2026-07-21T13:59:09.7903064Z env:
2026-07-21T13:59:09.7903257Z   PYTHONUNBUFFERED: 1
2026-07-21T13:59:09.7903477Z   MALLOC_ARENA_MAX: 2
2026-07-21T13:59:09.7903692Z   OMP_NUM_THREADS: 1
2026-07-21T13:59:09.7903899Z   OPENBLAS_NUM_THREADS: 1
2026-07-21T13:59:09.7904119Z   MKL_NUM_THREADS: 1
2026-07-21T13:59:09.7904320Z ##[endgroup]
2026-07-21T13:59:09.7992461Z                total        used        free      shared  buff/cache   available
2026-07-21T13:59:09.7993227Z Mem:            15Gi       988Mi        12Gi        48Mi       2.9Gi        14Gi
2026-07-21T13:59:09.7993622Z Swap:          3.0Gi          0B       3.0Gi
2026-07-21T13:59:09.8008586Z Filesystem      Size  Used Avail Use% Mounted on
2026-07-21T13:59:09.8009110Z /dev/root       145G   58G   87G  40% /
2026-07-21T13:59:09.8009740Z tmpfs           7.9G   84K  7.9G   1% /dev/shm
2026-07-21T13:59:09.8010049Z tmpfs           3.2G 1012K  3.2G   1% /run
2026-07-21T13:59:09.8010348Z tmpfs           5.0M     0  5.0M   0% /run/lock
2026-07-21T13:59:09.8010697Z efivarfs        128M   29K  128M   1% /sys/firmware/efi/efivars
2026-07-21T13:59:09.8011038Z /dev/sda16      881M   64M  756M   8% /boot
2026-07-21T13:59:09.8011571Z /dev/sda15      105M  6.2M   99M   6% /boot/efi
2026-07-21T13:59:09.8012095Z tmpfs           1.6G   12K  1.6G   1% /run/user/1001
2026-07-21T13:59:09.8064139Z Node 20 is being deprecated. This workflow is running with Node 24 by default. If you need to temporarily use Node 20, you can set the ACTIONS_ALLOW_USE_UNSECURE_NODE_VERSION=true environment variable. For more information see: https://github.blog/changelog/2025-09-19-deprecation-of-node-20-on-github-actions-runners/
2026-07-21T13:59:09.8066082Z ##[group]Run actions/upload-artifact@v4
2026-07-21T13:59:09.8066355Z with:
2026-07-21T13:59:09.8066565Z   name: n22-profile-dynamic-shard-13
2026-07-21T13:59:09.8066874Z   path: results/
memory-13.log
machine-13.log

2026-07-21T13:59:09.8067163Z   retention-days: 30
2026-07-21T13:59:09.8067375Z   if-no-files-found: warn
2026-07-21T13:59:09.8067596Z   compression-level: 6
2026-07-21T13:59:09.8067803Z   overwrite: false
2026-07-21T13:59:09.8068014Z   include-hidden-files: false
2026-07-21T13:59:09.8068430Z env:
2026-07-21T13:59:09.8068607Z   PYTHONUNBUFFERED: 1
2026-07-21T13:59:09.8068812Z   MALLOC_ARENA_MAX: 2
2026-07-21T13:59:09.8069041Z   OMP_NUM_THREADS: 1
2026-07-21T13:59:09.8069537Z   OPENBLAS_NUM_THREADS: 1
2026-07-21T13:59:09.8069758Z   MKL_NUM_THREADS: 1
2026-07-21T13:59:09.8069951Z ##[endgroup]
2026-07-21T13:59:09.9654376Z (node:6769) [DEP0040] DeprecationWarning: The `punycode` module is deprecated. Please use a userland alternative instead.
2026-07-21T13:59:09.9655099Z (Use `node --trace-deprecation ...` to show where the warning was created)
2026-07-21T13:59:09.9753649Z Multiple search paths detected. Calculating the least common ancestor of all paths
2026-07-21T13:59:09.9757233Z The least common ancestor is /home/runner/work/monochromatic-no-three-in-line-solver/monochromatic-no-three-in-line-solver. This will be the root directory of the artifact
2026-07-21T13:59:09.9758739Z With the provided path, there will be 12 files uploaded
2026-07-21T13:59:09.9765546Z Artifact name is valid!
2026-07-21T13:59:09.9766232Z Root directory input is valid!
2026-07-21T13:59:10.3367763Z Beginning upload of artifact content to blob storage
2026-07-21T13:59:10.3864438Z (node:6769) [DEP0169] DeprecationWarning: `url.parse()` behavior is not standardized and prone to errors that have security implications. Use the WHATWG URL API instead. CVEs are not issued for `url.parse()` vulnerabilities.
2026-07-21T13:59:10.7456943Z Uploaded bytes 38941
2026-07-21T13:59:10.8267045Z Finished uploading artifact content to blob storage!
2026-07-21T13:59:10.8268320Z SHA256 digest of uploaded artifact zip is 3472cafb595c2735a4aa109fcdb44a5d3653dd5dfd1076687f87ff0198a80f8f
2026-07-21T13:59:10.8271662Z Finalizing artifact upload
2026-07-21T13:59:11.0995303Z Artifact n22-profile-dynamic-shard-13.zip successfully finalized. Artifact ID 8497686412
2026-07-21T13:59:11.0997044Z Artifact n22-profile-dynamic-shard-13 has been successfully uploaded! Final size is 38941 bytes. Artifact ID is 8497686412
2026-07-21T13:59:11.1003480Z Artifact download URL: https://github.com/Grisha-Pochuev/monochromatic-no-three-in-line-solver/actions/runs/29815441947/artifacts/8497686412
2026-07-21T13:59:11.1213061Z Node 20 is being deprecated. This workflow is running with Node 24 by default. If you need to temporarily use Node 20, you can set the ACTIONS_ALLOW_USE_UNSECURE_NODE_VERSION=true environment variable. For more information see: https://github.blog/changelog/2025-09-19-deprecation-of-node-20-on-github-actions-runners/
2026-07-21T13:59:11.1214336Z Post job cleanup.
2026-07-21T13:59:11.2036654Z [command]/usr/bin/git version
2026-07-21T13:59:11.2077878Z git version 2.54.0
2026-07-21T13:59:11.2121220Z Temporarily overriding HOME='/home/runner/work/_temp/1674ed4b-ceb9-45fc-b0de-dcd5b0b39698' before making global git config changes
2026-07-21T13:59:11.2122629Z Adding repository directory to the temporary git global config as a safe directory
2026-07-21T13:59:11.2126524Z [command]/usr/bin/git config --global --add safe.directory /home/runner/work/monochromatic-no-three-in-line-solver/monochromatic-no-three-in-line-solver
2026-07-21T13:59:11.2164926Z [command]/usr/bin/git config --local --name-only --get-regexp core\.sshCommand
2026-07-21T13:59:11.2200178Z [command]/usr/bin/git submodule foreach --recursive sh -c "git config --local --name-only --get-regexp 'core\.sshCommand' && git config --local --unset-all 'core.sshCommand' || :"
2026-07-21T13:59:11.2444240Z [command]/usr/bin/git config --local --name-only --get-regexp http\.https\:\/\/github\.com\/\.extraheader
2026-07-21T13:59:11.2478607Z http.https://github.com/.extraheader
2026-07-21T13:59:11.2486069Z [command]/usr/bin/git config --local --unset-all http.https://github.com/.extraheader
2026-07-21T13:59:11.2522604Z [command]/usr/bin/git submodule foreach --recursive sh -c "git config --local --name-only --get-regexp 'http\.https\:\/\/github\.com\/\.extraheader' && git config --local --unset-all 'http.https://github.com/.extraheader' || :"
2026-07-21T13:59:11.2773317Z [command]/usr/bin/git config --local --name-only --get-regexp ^includeIf\.gitdir:
2026-07-21T13:59:11.2807530Z [command]/usr/bin/git submodule foreach --recursive git config --local --show-origin --name-only --get-regexp remote.origin.url
2026-07-21T13:59:11.3184089Z Cleaning up orphan processes
2026-07-21T13:59:11.3432981Z Terminate orphan process: pid (6759) (sleep)
2026-07-21T13:59:11.3447922Z ##[warning]Node.js 20 is deprecated. The following actions target Node.js 20 but are being forced to run on Node.js 24: actions/checkout@v4, actions/upload-artifact@v4. For more information see: https://github.blog/changelog/2025-09-19-deprecation-of-node-20-on-github-actions-runners/
