2026-07-21T14:33:15.3891692Z Current runner version: '2.335.1'
2026-07-21T14:33:15.3916261Z ##[group]Runner Image Provisioner
2026-07-21T14:33:15.3917446Z Hosted Compute Agent
2026-07-21T14:33:15.3918308Z Version: 20260707.563
2026-07-21T14:33:15.3919007Z Commit: 02667638d2b423fbc733a8e32a88b44996a3ba6e
2026-07-21T14:33:15.3919752Z Build Date: 2026-07-07T19:33:50Z
2026-07-21T14:33:15.3920434Z Worker ID: {ee75b5b1-c2a6-47b8-83e4-aa4a935ffac0}
2026-07-21T14:33:15.3921215Z Azure Region: westus
2026-07-21T14:33:15.3921774Z ##[endgroup]
2026-07-21T14:33:15.3923228Z ##[group]Operating System
2026-07-21T14:33:15.3923956Z Ubuntu
2026-07-21T14:33:15.3924461Z 24.04.4
2026-07-21T14:33:15.3924986Z LTS
2026-07-21T14:33:15.3925536Z ##[endgroup]
2026-07-21T14:33:15.3926071Z ##[group]Runner Image
2026-07-21T14:33:15.3926697Z Image: ubuntu-24.04
2026-07-21T14:33:15.3927257Z Version: 20260714.240.1
2026-07-21T14:33:15.3928815Z Included Software: https://github.com/actions/runner-images/blob/ubuntu24/20260714.240/images/ubuntu/Ubuntu2404-Readme.md
2026-07-21T14:33:15.3930339Z Image Release: https://github.com/actions/runner-images/releases/tag/ubuntu24%2F20260714.240
2026-07-21T14:33:15.3931744Z ##[endgroup]
2026-07-21T14:33:15.3932887Z ##[group]GITHUB_TOKEN Permissions
2026-07-21T14:33:15.3935098Z Actions: read
2026-07-21T14:33:15.3935729Z Contents: write
2026-07-21T14:33:15.3936283Z Metadata: read
2026-07-21T14:33:15.3936884Z ##[endgroup]
2026-07-21T14:33:15.3939151Z Secret source: Actions
2026-07-21T14:33:15.3940161Z Prepare workflow directory
2026-07-21T14:33:15.4285048Z Prepare all required actions
2026-07-21T14:33:15.4343191Z Getting action download info
2026-07-21T14:33:15.8177651Z Download action repository 'actions/checkout@v4' (SHA:11d5960a326750d5838078e36cf38b85af677262)
2026-07-21T14:33:16.2494002Z Download action repository 'actions/download-artifact@v4' (SHA:d3f86a106a0bac45b974a628896c90dbdf5c8093)
2026-07-21T14:33:16.6536201Z Download action repository 'actions/upload-artifact@v4' (SHA:ea165f8d65b6e75b540449e92b4886f43607fa02)
2026-07-21T14:33:16.8843991Z Complete job name: Collect n22 dynamic residual run
2026-07-21T14:33:16.9760083Z Node 20 is being deprecated. This workflow is running with Node 24 by default. If you need to temporarily use Node 20, you can set the ACTIONS_ALLOW_USE_UNSECURE_NODE_VERSION=true environment variable. For more information see: https://github.blog/changelog/2025-09-19-deprecation-of-node-20-on-github-actions-runners/
2026-07-21T14:33:16.9771601Z ##[group]Run actions/checkout@v4
2026-07-21T14:33:16.9772880Z with:
2026-07-21T14:33:16.9773778Z   ref: 0fa82b4e804d862e087a6058f2b933a614415bf3
2026-07-21T14:33:16.9775310Z   repository: Grisha-Pochuev/monochromatic-no-three-in-line-solver
2026-07-21T14:33:16.9785480Z   token: ***
2026-07-21T14:33:16.9786319Z   ssh-strict: true
2026-07-21T14:33:16.9787160Z   ssh-user: git
2026-07-21T14:33:16.9788215Z   persist-credentials: true
2026-07-21T14:33:16.9789217Z   clean: true
2026-07-21T14:33:16.9790081Z   sparse-checkout-cone-mode: true
2026-07-21T14:33:16.9791108Z   fetch-depth: 1
2026-07-21T14:33:16.9791980Z   fetch-tags: false
2026-07-21T14:33:16.9792915Z   show-progress: true
2026-07-21T14:33:16.9793800Z   lfs: false
2026-07-21T14:33:16.9794606Z   submodules: false
2026-07-21T14:33:16.9795496Z   set-safe-directory: true
2026-07-21T14:33:16.9796495Z   allow-unsafe-pr-checkout: false
2026-07-21T14:33:16.9798031Z ##[endgroup]
2026-07-21T14:33:17.0832624Z Syncing repository: Grisha-Pochuev/monochromatic-no-three-in-line-solver
2026-07-21T14:33:17.0836061Z ##[group]Getting Git version info
2026-07-21T14:33:17.0838739Z Working directory is '/home/runner/work/monochromatic-no-three-in-line-solver/monochromatic-no-three-in-line-solver'
2026-07-21T14:33:17.0842593Z [command]/usr/bin/git version
2026-07-21T14:33:17.0941122Z git version 2.54.0
2026-07-21T14:33:17.0967776Z ##[endgroup]
2026-07-21T14:33:17.0983861Z Temporarily overriding HOME='/home/runner/work/_temp/c6aea7bf-3cc9-4a7b-a3dc-454681dac92f' before making global git config changes
2026-07-21T14:33:17.0989649Z Adding repository directory to the temporary git global config as a safe directory
2026-07-21T14:33:17.0996236Z [command]/usr/bin/git config --global --add safe.directory /home/runner/work/monochromatic-no-three-in-line-solver/monochromatic-no-three-in-line-solver
2026-07-21T14:33:17.1055490Z Deleting the contents of '/home/runner/work/monochromatic-no-three-in-line-solver/monochromatic-no-three-in-line-solver'
2026-07-21T14:33:17.1060755Z ##[group]Initializing the repository
2026-07-21T14:33:17.1065826Z [command]/usr/bin/git init /home/runner/work/monochromatic-no-three-in-line-solver/monochromatic-no-three-in-line-solver
2026-07-21T14:33:17.1215531Z hint: Using 'master' as the name for the initial branch. This default branch name
2026-07-21T14:33:17.1219136Z hint: will change to "main" in Git 3.0. To configure the initial branch name
2026-07-21T14:33:17.1222326Z hint: to use in all of your new repositories, which will suppress this warning,
2026-07-21T14:33:17.1224819Z hint: call:
2026-07-21T14:33:17.1226072Z hint:
2026-07-21T14:33:17.1227721Z hint: 	git config --global init.defaultBranch <name>
2026-07-21T14:33:17.1229956Z hint:
2026-07-21T14:33:17.1231808Z hint: Names commonly chosen instead of 'master' are 'main', 'trunk' and
2026-07-21T14:33:17.1234991Z hint: 'development'. The just-created branch can be renamed via this command:
2026-07-21T14:33:17.1237500Z hint:
2026-07-21T14:33:17.1239311Z hint: 	git branch -m <name>
2026-07-21T14:33:17.1240851Z hint:
2026-07-21T14:33:17.1242901Z hint: Disable this message with "git config set advice.defaultBranchName false"
2026-07-21T14:33:17.1246882Z Initialized empty Git repository in /home/runner/work/monochromatic-no-three-in-line-solver/monochromatic-no-three-in-line-solver/.git/
2026-07-21T14:33:17.1254648Z [command]/usr/bin/git remote add origin https://github.com/Grisha-Pochuev/monochromatic-no-three-in-line-solver
2026-07-21T14:33:17.1295128Z ##[endgroup]
2026-07-21T14:33:17.1297789Z ##[group]Disabling automatic garbage collection
2026-07-21T14:33:17.1300671Z [command]/usr/bin/git config --local gc.auto 0
2026-07-21T14:33:17.1343159Z ##[endgroup]
2026-07-21T14:33:17.1345357Z ##[group]Setting up auth
2026-07-21T14:33:17.1348921Z [command]/usr/bin/git config --local --name-only --get-regexp core\.sshCommand
2026-07-21T14:33:17.1401359Z [command]/usr/bin/git submodule foreach --recursive sh -c "git config --local --name-only --get-regexp 'core\.sshCommand' && git config --local --unset-all 'core.sshCommand' || :"
2026-07-21T14:33:17.1813953Z [command]/usr/bin/git config --local --name-only --get-regexp http\.https\:\/\/github\.com\/\.extraheader
2026-07-21T14:33:17.1851277Z [command]/usr/bin/git submodule foreach --recursive sh -c "git config --local --name-only --get-regexp 'http\.https\:\/\/github\.com\/\.extraheader' && git config --local --unset-all 'http.https://github.com/.extraheader' || :"
2026-07-21T14:33:17.2071787Z [command]/usr/bin/git config --local --name-only --get-regexp ^includeIf\.gitdir:
2026-07-21T14:33:17.2107800Z [command]/usr/bin/git submodule foreach --recursive git config --local --show-origin --name-only --get-regexp remote.origin.url
2026-07-21T14:33:17.2333133Z [command]/usr/bin/git config --local http.https://github.com/.extraheader AUTHORIZATION: basic ***
2026-07-21T14:33:17.2371062Z ##[endgroup]
2026-07-21T14:33:17.2372748Z ##[group]Fetching the repository
2026-07-21T14:33:17.2380714Z [command]/usr/bin/git -c protocol.version=2 fetch --no-tags --prune --no-recurse-submodules --depth=1 origin 0fa82b4e804d862e087a6058f2b933a614415bf3
2026-07-21T14:33:17.9009891Z From https://github.com/Grisha-Pochuev/monochromatic-no-three-in-line-solver
2026-07-21T14:33:17.9010884Z  * branch            0fa82b4e804d862e087a6058f2b933a614415bf3 -> FETCH_HEAD
2026-07-21T14:33:17.9048508Z ##[endgroup]
2026-07-21T14:33:17.9049289Z ##[group]Determining the checkout info
2026-07-21T14:33:17.9051224Z ##[endgroup]
2026-07-21T14:33:17.9057136Z [command]/usr/bin/git sparse-checkout disable
2026-07-21T14:33:17.9110454Z [command]/usr/bin/git config --local --unset-all extensions.worktreeConfig
2026-07-21T14:33:17.9140486Z ##[group]Checking out the ref
2026-07-21T14:33:17.9146986Z [command]/usr/bin/git checkout --progress --force 0fa82b4e804d862e087a6058f2b933a614415bf3
2026-07-21T14:33:17.9823307Z Note: switching to '0fa82b4e804d862e087a6058f2b933a614415bf3'.
2026-07-21T14:33:17.9823975Z 
2026-07-21T14:33:17.9824392Z You are in 'detached HEAD' state. You can look around, make experimental
2026-07-21T14:33:17.9825389Z changes and commit them, and you can discard any commits you make in this
2026-07-21T14:33:17.9826367Z state without impacting any branches by switching back to a branch.
2026-07-21T14:33:17.9826931Z 
2026-07-21T14:33:17.9827330Z If you want to create a new branch to retain commits you create, you may
2026-07-21T14:33:17.9828495Z do so (now or later) by using -c with the switch command. Example:
2026-07-21T14:33:17.9829021Z 
2026-07-21T14:33:17.9829263Z   git switch -c <new-branch-name>
2026-07-21T14:33:17.9829694Z 
2026-07-21T14:33:17.9829933Z Or undo this operation with:
2026-07-21T14:33:17.9830318Z 
2026-07-21T14:33:17.9830549Z   git switch -
2026-07-21T14:33:17.9830882Z 
2026-07-21T14:33:17.9831349Z Turn off this advice by setting config variable advice.detachedHead to false
2026-07-21T14:33:17.9832013Z 
2026-07-21T14:33:17.9832400Z HEAD is now at 0fa82b4 record n22 residual-frontier run 29815441947
2026-07-21T14:33:17.9838721Z ##[endgroup]
2026-07-21T14:33:17.9888581Z [command]/usr/bin/git log -1 --format=%H
2026-07-21T14:33:17.9915851Z 0fa82b4e804d862e087a6058f2b933a614415bf3
2026-07-21T14:33:18.0109578Z ##[group]Run python -m pip install ortools==9.15.6755
2026-07-21T14:33:18.0110169Z [36;1mpython -m pip install ortools==9.15.6755[0m
2026-07-21T14:33:18.0211243Z shell: /usr/bin/bash -e {0}
2026-07-21T14:33:18.0211647Z ##[endgroup]
2026-07-21T14:33:19.1858074Z Defaulting to user installation because normal site-packages is not writeable
2026-07-21T14:33:19.9967215Z Collecting ortools==9.15.6755
2026-07-21T14:33:20.0494294Z   Downloading ortools-9.15.6755-cp312-cp312-manylinux_2_27_x86_64.manylinux_2_28_x86_64.whl.metadata (3.3 kB)
2026-07-21T14:33:20.0752007Z Collecting absl-py>=2.0.0 (from ortools==9.15.6755)
2026-07-21T14:33:20.0785512Z   Downloading absl_py-2.5.0-py3-none-any.whl.metadata (3.3 kB)
2026-07-21T14:33:20.3170089Z Collecting numpy>=2.0.2 (from ortools==9.15.6755)
2026-07-21T14:33:20.3199832Z   Downloading numpy-2.5.1-cp312-cp312-manylinux_2_27_x86_64.manylinux_2_28_x86_64.whl.metadata (6.6 kB)
2026-07-21T14:33:20.4588455Z Collecting pandas>=2.0.0 (from ortools==9.15.6755)
2026-07-21T14:33:20.4616186Z   Downloading pandas-3.0.3-cp312-cp312-manylinux_2_24_x86_64.manylinux_2_28_x86_64.whl.metadata (79 kB)
2026-07-21T14:33:20.4732352Z      ━━━━━━━━━━━━━━━━━━━━━━━━━━━━━━━━━━━━━━━━ 79.5/79.5 kB 7.5 MB/s eta 0:00:00
2026-07-21T14:33:20.6684006Z Collecting protobuf<6.34,>=6.33.1 (from ortools==9.15.6755)
2026-07-21T14:33:20.6715659Z   Downloading protobuf-6.33.6-cp39-abi3-manylinux2014_x86_64.whl.metadata (593 bytes)
2026-07-21T14:33:20.6981822Z Collecting typing-extensions>=4.12 (from ortools==9.15.6755)
2026-07-21T14:33:20.7013341Z   Downloading typing_extensions-4.16.0-py3-none-any.whl.metadata (3.3 kB)
2026-07-21T14:33:20.7227790Z Collecting immutabledict>=3.0.0 (from ortools==9.15.6755)
2026-07-21T14:33:20.7263546Z   Downloading immutabledict-4.3.1-py3-none-any.whl.metadata (3.5 kB)
2026-07-21T14:33:20.8222800Z Requirement already satisfied: python-dateutil>=2.8.2 in /usr/lib/python3/dist-packages (from pandas>=2.0.0->ortools==9.15.6755) (2.8.2)
2026-07-21T14:33:20.8367482Z Downloading ortools-9.15.6755-cp312-cp312-manylinux_2_27_x86_64.manylinux_2_28_x86_64.whl (29.8 MB)
2026-07-21T14:33:21.0390434Z    ━━━━━━━━━━━━━━━━━━━━━━━━━━━━━━━━━━━━━━━━ 29.8/29.8 MB 119.9 MB/s eta 0:00:00
2026-07-21T14:33:21.0420700Z Downloading absl_py-2.5.0-py3-none-any.whl (137 kB)
2026-07-21T14:33:21.0470690Z    ━━━━━━━━━━━━━━━━━━━━━━━━━━━━━━━━━━━━━━━━ 137.4/137.4 kB 39.6 MB/s eta 0:00:00
2026-07-21T14:33:21.0498308Z Downloading immutabledict-4.3.1-py3-none-any.whl (5.0 kB)
2026-07-21T14:33:21.0550519Z Downloading numpy-2.5.1-cp312-cp312-manylinux_2_27_x86_64.manylinux_2_28_x86_64.whl (16.7 MB)
2026-07-21T14:33:21.1499105Z    ━━━━━━━━━━━━━━━━━━━━━━━━━━━━━━━━━━━━━━━━ 16.7/16.7 MB 152.8 MB/s eta 0:00:00
2026-07-21T14:33:21.1528634Z Downloading pandas-3.0.3-cp312-cp312-manylinux_2_24_x86_64.manylinux_2_28_x86_64.whl (10.9 MB)
2026-07-21T14:33:21.2149989Z    ━━━━━━━━━━━━━━━━━━━━━━━━━━━━━━━━━━━━━━━━ 10.9/10.9 MB 178.0 MB/s eta 0:00:00
2026-07-21T14:33:21.2193087Z Downloading protobuf-6.33.6-cp39-abi3-manylinux2014_x86_64.whl (323 kB)
2026-07-21T14:33:21.2250950Z    ━━━━━━━━━━━━━━━━━━━━━━━━━━━━━━━━━━━━━━━━ 323.4/323.4 kB 78.6 MB/s eta 0:00:00
2026-07-21T14:33:21.2278082Z Downloading typing_extensions-4.16.0-py3-none-any.whl (45 kB)
2026-07-21T14:33:21.2323155Z    ━━━━━━━━━━━━━━━━━━━━━━━━━━━━━━━━━━━━━━━━ 45.6/45.6 kB 12.8 MB/s eta 0:00:00
2026-07-21T14:33:21.6357110Z Installing collected packages: typing-extensions, protobuf, numpy, immutabledict, absl-py, pandas, ortools
2026-07-21T14:33:28.0292262Z Successfully installed absl-py-2.5.0 immutabledict-4.3.1 numpy-2.5.1 ortools-9.15.6755 pandas-3.0.3 protobuf-6.33.6 typing-extensions-4.16.0
2026-07-21T14:33:28.1584016Z Node 20 is being deprecated. This workflow is running with Node 24 by default. If you need to temporarily use Node 20, you can set the ACTIONS_ALLOW_USE_UNSECURE_NODE_VERSION=true environment variable. For more information see: https://github.blog/changelog/2025-09-19-deprecation-of-node-20-on-github-actions-runners/
2026-07-21T14:33:28.1585638Z ##[group]Run actions/download-artifact@v4
2026-07-21T14:33:28.1585922Z with:
2026-07-21T14:33:28.1586142Z   pattern: n22-profile-dynamic-shard-*
2026-07-21T14:33:28.1586419Z   path: gathered
2026-07-21T14:33:28.1586635Z   merge-multiple: false
2026-07-21T14:33:28.1586979Z   repository: Grisha-Pochuev/monochromatic-no-three-in-line-solver
2026-07-21T14:33:28.1587350Z   run-id: 29815441947
2026-07-21T14:33:28.1587565Z ##[endgroup]
2026-07-21T14:33:28.3176571Z (node:2282) [DEP0040] DeprecationWarning: The `punycode` module is deprecated. Please use a userland alternative instead.
2026-07-21T14:33:28.3177370Z (Use `node --trace-deprecation ...` to show where the warning was created)
2026-07-21T14:33:28.5950224Z Found 21 artifact(s)
2026-07-21T14:33:28.5951261Z Filtering artifacts by pattern 'n22-profile-dynamic-shard-*'
2026-07-21T14:33:28.5973393Z Preparing to download the following artifacts:
2026-07-21T14:33:28.5974656Z - n22-profile-dynamic-shard-17 (ID: 8498774038, Size: 38064, Expected Digest: sha256:47c07e824dcfa81f6e744f72956a8a366fce28c219358f99663f7b93c1aa6c1a)
2026-07-21T14:33:28.5976495Z - n22-profile-dynamic-shard-14 (ID: 8498773259, Size: 40126, Expected Digest: sha256:d20788cfa21760e17fda72cd92ad7698d48444ededcc8889b22ee00c43212cf9)
2026-07-21T14:33:28.5978462Z - n22-profile-dynamic-shard-13 (ID: 8497686412, Size: 38941, Expected Digest: sha256:3472cafb595c2735a4aa109fcdb44a5d3653dd5dfd1076687f87ff0198a80f8f)
2026-07-21T14:33:28.5980194Z - n22-profile-dynamic-shard-1 (ID: 8497427159, Size: 29162, Expected Digest: sha256:abb1bcd2738da69f3f0e1ade6ac659b5c9b5fd05cb57af71df6fe9a0d7679611)
2026-07-21T14:33:28.5981392Z - n22-profile-dynamic-shard-15 (ID: 8497288055, Size: 37426, Expected Digest: sha256:509c3060193eca6f4dfd95b131a7a58af96ec5eb88ceba2f179ef9e849a8c489)
2026-07-21T14:33:28.5982572Z - n22-profile-dynamic-shard-0 (ID: 8497111143, Size: 28063, Expected Digest: sha256:0eac58cffcc46c5dc3e584fd6c839790086ca5e4dc57a7fad3c179555689ac01)
2026-07-21T14:33:28.5983746Z - n22-profile-dynamic-shard-19 (ID: 8496290846, Size: 36991, Expected Digest: sha256:09e7d02d5d6c165899bf3f5a0989ed67d476219764db4f0e1c8af4cc84171aae)
2026-07-21T14:33:28.5984875Z - n22-profile-dynamic-shard-7 (ID: 8496287215, Size: 36147, Expected Digest: sha256:96b28f89c4e5b9fd8fe079aa910c5fca4842eee02575dae187cf6d8560896aa1)
2026-07-21T14:33:28.5985898Z - n22-profile-dynamic-shard-6 (ID: 8495475803, Size: 36224, Expected Digest: sha256:74e29c112e3af3bdc1f40d12a2b42dea82ddb8ffb58bac0b11297f0b691fe28d)
2026-07-21T14:33:28.5986921Z - n22-profile-dynamic-shard-11 (ID: 8495457321, Size: 35659, Expected Digest: sha256:caca6c2c236860fa4436e4a39931d78c38cb1732f88e0d02e96230e5e85a3d11)
2026-07-21T14:33:28.5989110Z - n22-profile-dynamic-shard-18 (ID: 8494802529, Size: 36537, Expected Digest: sha256:4a839cf54b89aa8fd9811898a0e3681b56af71c9f2fc19e597c9c29d38aeabde)
2026-07-21T14:33:28.5990157Z - n22-profile-dynamic-shard-12 (ID: 8494740858, Size: 35853, Expected Digest: sha256:8cb9462bf645ab008b049bbd895275f76e1cf3b474d3cd214c4aa24de77e3f5d)
2026-07-21T14:33:28.5991187Z - n22-profile-dynamic-shard-3 (ID: 8494689046, Size: 26937, Expected Digest: sha256:225bb9e79545c4d3ec766b045bf8471e8657d931f559a3ab2748718a6da4da88)
2026-07-21T14:33:28.5992188Z - n22-profile-dynamic-shard-10 (ID: 8494646845, Size: 36018, Expected Digest: sha256:89a19d07e300fa4ef467d5434d4a5246e8212852f84faf5f8ba61e7a730661bd)
2026-07-21T14:33:28.5993711Z - n22-profile-dynamic-shard-9 (ID: 8493591588, Size: 34660, Expected Digest: sha256:267e86fb8c7400509ac8a555d2cef3af3f2b3f94229b01ab74cd2ed557187f6d)
2026-07-21T14:33:28.5994987Z - n22-profile-dynamic-shard-8 (ID: 8493572836, Size: 34322, Expected Digest: sha256:719ed676a8617c054c80dfd12bb282065a8ba335649a03203221c3cf66d7398c)
2026-07-21T14:33:28.5996013Z - n22-profile-dynamic-shard-16 (ID: 8493552622, Size: 34913, Expected Digest: sha256:a5839d17348ad9130dc94cd62502345a5a1e120808fcef7229add737c4726625)
2026-07-21T14:33:28.5997050Z - n22-profile-dynamic-shard-5 (ID: 8492993958, Size: 34034, Expected Digest: sha256:5c23a56917a7040002ee2380e58fb082cda23fb6cc4fb967944955973fdbbe38)
2026-07-21T14:33:28.5998373Z - n22-profile-dynamic-shard-4 (ID: 8492983763, Size: 34389, Expected Digest: sha256:d7b7574dbde6957056c0db9c227c134894b933e4231ed28dcb2363c98e075d38)
2026-07-21T14:33:28.5999445Z - n22-profile-dynamic-shard-2 (ID: 8492519112, Size: 24771, Expected Digest: sha256:0f455c6292dc98c0a77cff5da15e743440060a4efed991485138e2c9930a8254)
2026-07-21T14:33:28.8335541Z Redirecting to blob download url: https://productionresultssa16.blob.core.windows.net/actions-results/d99c7dec-7a0c-4df7-9057-14284e56d651/workflow-job-run-535eea19-75bc-5c15-b9ad-379d4f2b56d5/artifacts/d668c9fadad5d2ffed8ef5d921d2be7eb41bab10a8a16c70e87a15f69e015f6d.zip
2026-07-21T14:33:28.8339321Z Starting download of artifact to: /home/runner/work/monochromatic-no-three-in-line-solver/monochromatic-no-three-in-line-solver/gathered/n22-profile-dynamic-shard-17
2026-07-21T14:33:28.9883062Z Redirecting to blob download url: https://productionresultssa16.blob.core.windows.net/actions-results/d99c7dec-7a0c-4df7-9057-14284e56d651/workflow-job-run-99180c73-e761-5a16-9002-62da0109442b/artifacts/f1a87b15b94211968d7cd52c67b0f9f48c2cfad615c94e50a4efdd74a4520234.zip
2026-07-21T14:33:28.9886299Z Starting download of artifact to: /home/runner/work/monochromatic-no-three-in-line-solver/monochromatic-no-three-in-line-solver/gathered/n22-profile-dynamic-shard-6
2026-07-21T14:33:28.9940084Z Redirecting to blob download url: https://productionresultssa16.blob.core.windows.net/actions-results/d99c7dec-7a0c-4df7-9057-14284e56d651/workflow-job-run-d8b0f0d4-3af7-5f9a-8909-e88a5c90227c/artifacts/d6c3fb1deedd477149da353144b2444d77306a8aae73e6cb8c671d3ca1f81c9a.zip
2026-07-21T14:33:28.9943231Z Starting download of artifact to: /home/runner/work/monochromatic-no-three-in-line-solver/monochromatic-no-three-in-line-solver/gathered/n22-profile-dynamic-shard-15
2026-07-21T14:33:28.9972493Z Redirecting to blob download url: https://productionresultssa16.blob.core.windows.net/actions-results/d99c7dec-7a0c-4df7-9057-14284e56d651/workflow-job-run-2279edc0-1b01-5cad-a23a-bca89a9fbb14/artifacts/6e990a06801384f73c58f7fee955f31b02225d017d2679e9086da016b60b074f.zip
2026-07-21T14:33:28.9975849Z Starting download of artifact to: /home/runner/work/monochromatic-no-three-in-line-solver/monochromatic-no-three-in-line-solver/gathered/n22-profile-dynamic-shard-4
2026-07-21T14:33:28.9990924Z Redirecting to blob download url: https://productionresultssa16.blob.core.windows.net/actions-results/d99c7dec-7a0c-4df7-9057-14284e56d651/workflow-job-run-ac7d51f8-96c8-5d1a-a6a0-f6ba881de3cf/artifacts/5b555be5ef95a5b45f50a705e89ebf6de45617393874a943825a93610a054e37.zip
2026-07-21T14:33:28.9993957Z Starting download of artifact to: /home/runner/work/monochromatic-no-three-in-line-solver/monochromatic-no-three-in-line-solver/gathered/n22-profile-dynamic-shard-1
2026-07-21T14:33:29.0003147Z Redirecting to blob download url: https://productionresultssa16.blob.core.windows.net/actions-results/d99c7dec-7a0c-4df7-9057-14284e56d651/workflow-job-run-76676318-858e-5bc9-849d-9e68ca78fed1/artifacts/898c2b64ea71abe259f3849248cb9479fc285c6bebef23b1fcf58b22ccc9c393.zip
2026-07-21T14:33:29.0005691Z Starting download of artifact to: /home/runner/work/monochromatic-no-three-in-line-solver/monochromatic-no-three-in-line-solver/gathered/n22-profile-dynamic-shard-14
2026-07-21T14:33:29.0058219Z Redirecting to blob download url: https://productionresultssa16.blob.core.windows.net/actions-results/d99c7dec-7a0c-4df7-9057-14284e56d651/workflow-job-run-437a6386-bf87-5060-a49e-dc8c02d7a1a0/artifacts/05a782b634a25cab4694d429904f0d683120a05e0721a9bffc122ed083e58e6a.zip
2026-07-21T14:33:29.0061531Z Starting download of artifact to: /home/runner/work/monochromatic-no-three-in-line-solver/monochromatic-no-three-in-line-solver/gathered/n22-profile-dynamic-shard-18
2026-07-21T14:33:29.0087054Z Redirecting to blob download url: https://productionresultssa16.blob.core.windows.net/actions-results/d99c7dec-7a0c-4df7-9057-14284e56d651/workflow-job-run-e10bd7af-d0f9-5899-bc2b-ed089b581231/artifacts/09a49787ea5de2156b2db4eebe5f7a278ca12f3db7e4d8fab812e563dbc81bd7.zip
2026-07-21T14:33:29.0090697Z Starting download of artifact to: /home/runner/work/monochromatic-no-three-in-line-solver/monochromatic-no-three-in-line-solver/gathered/n22-profile-dynamic-shard-5
2026-07-21T14:33:29.0106292Z Redirecting to blob download url: https://productionresultssa16.blob.core.windows.net/actions-results/d99c7dec-7a0c-4df7-9057-14284e56d651/workflow-job-run-b5333bba-f229-5f1b-9a3c-20e565419149/artifacts/ee495e0daefbf6b02e8ff20188af0bed4e4d00301f5540d384053e06883cc2cc.zip
2026-07-21T14:33:29.0109796Z Starting download of artifact to: /home/runner/work/monochromatic-no-three-in-line-solver/monochromatic-no-three-in-line-solver/gathered/n22-profile-dynamic-shard-8
2026-07-21T14:33:29.0153467Z Redirecting to blob download url: https://productionresultssa16.blob.core.windows.net/actions-results/d99c7dec-7a0c-4df7-9057-14284e56d651/workflow-job-run-e588c971-f3b5-5144-acfe-66ff93d76f2d/artifacts/edaf184e9cb6c895b7c3ba3ccb3b02685f49182fe6bf68b3266ce504b2799995.zip
2026-07-21T14:33:29.0156628Z Starting download of artifact to: /home/runner/work/monochromatic-no-three-in-line-solver/monochromatic-no-three-in-line-solver/gathered/n22-profile-dynamic-shard-10
2026-07-21T14:33:29.0171978Z Redirecting to blob download url: https://productionresultssa16.blob.core.windows.net/actions-results/d99c7dec-7a0c-4df7-9057-14284e56d651/workflow-job-run-b82fae4c-6655-5d8d-b133-cd5c13f7e264/artifacts/e2e50895df1031ba3b5ad936c373c9d4d24a56ffe9d1fb709a9c887944bd99d1.zip
2026-07-21T14:33:29.0176635Z Starting download of artifact to: /home/runner/work/monochromatic-no-three-in-line-solver/monochromatic-no-three-in-line-solver/gathered/n22-profile-dynamic-shard-12
2026-07-21T14:33:29.0223661Z Redirecting to blob download url: https://productionresultssa16.blob.core.windows.net/actions-results/d99c7dec-7a0c-4df7-9057-14284e56d651/workflow-job-run-7eea299a-5e91-5ee7-bc82-351b54cc3e9f/artifacts/746e438fc4478a7f457fef6715a76806f791ddb2a3a1ef229cbc16890e2bd308.zip
2026-07-21T14:33:29.0226924Z Starting download of artifact to: /home/runner/work/monochromatic-no-three-in-line-solver/monochromatic-no-three-in-line-solver/gathered/n22-profile-dynamic-shard-2
2026-07-21T14:33:29.0256350Z Redirecting to blob download url: https://productionresultssa16.blob.core.windows.net/actions-results/d99c7dec-7a0c-4df7-9057-14284e56d651/workflow-job-run-addbbb1a-6084-5395-82b1-0188970d1df5/artifacts/4dc1521d353f96c28a0abf0e3d62419b4edec3d38c3fa9331a5594f9602bc5a9.zip
2026-07-21T14:33:29.0260368Z Starting download of artifact to: /home/runner/work/monochromatic-no-three-in-line-solver/monochromatic-no-three-in-line-solver/gathered/n22-profile-dynamic-shard-13
2026-07-21T14:33:29.0266755Z Redirecting to blob download url: https://productionresultssa16.blob.core.windows.net/actions-results/d99c7dec-7a0c-4df7-9057-14284e56d651/workflow-job-run-d710157d-ed20-55ed-97d5-88b6a651e647/artifacts/3c784ba0d62546e8f3d122189d950040a72c9be35591502ff00f4df691ce6d33.zip
2026-07-21T14:33:29.0271864Z Starting download of artifact to: /home/runner/work/monochromatic-no-three-in-line-solver/monochromatic-no-three-in-line-solver/gathered/n22-profile-dynamic-shard-9
2026-07-21T14:33:29.0278750Z Redirecting to blob download url: https://productionresultssa16.blob.core.windows.net/actions-results/d99c7dec-7a0c-4df7-9057-14284e56d651/workflow-job-run-294a0887-678a-57d4-b495-e1c761be17a1/artifacts/bb2fcecdd2f3c1a69c4366c429a58013b6f439aa29891048f9f0ece1819c1370.zip
2026-07-21T14:33:29.0282349Z Starting download of artifact to: /home/runner/work/monochromatic-no-three-in-line-solver/monochromatic-no-three-in-line-solver/gathered/n22-profile-dynamic-shard-7
2026-07-21T14:33:29.0295151Z Redirecting to blob download url: https://productionresultssa16.blob.core.windows.net/actions-results/d99c7dec-7a0c-4df7-9057-14284e56d651/workflow-job-run-88b0b849-17da-5a66-9e32-0450ac65f55f/artifacts/e1b52087e15d0bc0f6e9b37766cb351191e60de24dcac9b8828050c39c4a5379.zip
2026-07-21T14:33:29.0299202Z Starting download of artifact to: /home/runner/work/monochromatic-no-three-in-line-solver/monochromatic-no-three-in-line-solver/gathered/n22-profile-dynamic-shard-11
2026-07-21T14:33:29.0376072Z Redirecting to blob download url: https://productionresultssa16.blob.core.windows.net/actions-results/d99c7dec-7a0c-4df7-9057-14284e56d651/workflow-job-run-c200a9a6-5fc7-5210-b125-3964c17f5368/artifacts/898af2f04256fa9ee40aa26752f312b81011fff78bb794da2e8b48fe848e2b75.zip
2026-07-21T14:33:29.0379708Z Starting download of artifact to: /home/runner/work/monochromatic-no-three-in-line-solver/monochromatic-no-three-in-line-solver/gathered/n22-profile-dynamic-shard-0
2026-07-21T14:33:29.0395248Z Redirecting to blob download url: https://productionresultssa16.blob.core.windows.net/actions-results/d99c7dec-7a0c-4df7-9057-14284e56d651/workflow-job-run-7dc6ac86-4829-5957-a097-0db75c044811/artifacts/33a85bd5f1c6151da84866bb663084c9172060d1f07de40f79210240bf3f1e59.zip
2026-07-21T14:33:29.0402617Z Starting download of artifact to: /home/runner/work/monochromatic-no-three-in-line-solver/monochromatic-no-three-in-line-solver/gathered/n22-profile-dynamic-shard-19
2026-07-21T14:33:29.0411394Z Redirecting to blob download url: https://productionresultssa16.blob.core.windows.net/actions-results/d99c7dec-7a0c-4df7-9057-14284e56d651/workflow-job-run-9dae2596-bed7-5960-b947-6f26d98cb3f3/artifacts/94d394ff190aac75624e7dca80645f2cdef4df07bc8645de11502cff5753f77d.zip
2026-07-21T14:33:29.0414689Z Starting download of artifact to: /home/runner/work/monochromatic-no-three-in-line-solver/monochromatic-no-three-in-line-solver/gathered/n22-profile-dynamic-shard-16
2026-07-21T14:33:29.0440783Z Redirecting to blob download url: https://productionresultssa16.blob.core.windows.net/actions-results/d99c7dec-7a0c-4df7-9057-14284e56d651/workflow-job-run-9cfec478-9191-59ad-8a66-680265c6f484/artifacts/ac2fe413c4b292ce6dc1e3f69f0cdef00c8607f23497201877ce452dfad7a25f.zip
2026-07-21T14:33:29.0444159Z Starting download of artifact to: /home/runner/work/monochromatic-no-three-in-line-solver/monochromatic-no-three-in-line-solver/gathered/n22-profile-dynamic-shard-3
2026-07-21T14:33:29.1242205Z (node:2282) [DEP0005] DeprecationWarning: Buffer() is deprecated due to security and usability issues. Please use the Buffer.alloc(), Buffer.allocUnsafe(), or Buffer.from() methods instead.
2026-07-21T14:33:29.1982840Z SHA256 digest of downloaded artifact is 47c07e824dcfa81f6e744f72956a8a366fce28c219358f99663f7b93c1aa6c1a
2026-07-21T14:33:29.1983600Z Artifact download completed successfully.
2026-07-21T14:33:29.3701362Z SHA256 digest of downloaded artifact is 8cb9462bf645ab008b049bbd895275f76e1cf3b474d3cd214c4aa24de77e3f5d
2026-07-21T14:33:29.3702357Z Artifact download completed successfully.
2026-07-21T14:33:29.3710592Z SHA256 digest of downloaded artifact is 74e29c112e3af3bdc1f40d12a2b42dea82ddb8ffb58bac0b11297f0b691fe28d
2026-07-21T14:33:29.3711802Z Artifact download completed successfully.
2026-07-21T14:33:29.3735090Z SHA256 digest of downloaded artifact is 4a839cf54b89aa8fd9811898a0e3681b56af71c9f2fc19e597c9c29d38aeabde
2026-07-21T14:33:29.3736151Z Artifact download completed successfully.
2026-07-21T14:33:29.4034438Z SHA256 digest of downloaded artifact is 509c3060193eca6f4dfd95b131a7a58af96ec5eb88ceba2f179ef9e849a8c489
2026-07-21T14:33:29.4035627Z Artifact download completed successfully.
2026-07-21T14:33:29.4050352Z SHA256 digest of downloaded artifact is abb1bcd2738da69f3f0e1ade6ac659b5c9b5fd05cb57af71df6fe9a0d7679611
2026-07-21T14:33:29.4051594Z Artifact download completed successfully.
2026-07-21T14:33:29.4067501Z SHA256 digest of downloaded artifact is 719ed676a8617c054c80dfd12bb282065a8ba335649a03203221c3cf66d7398c
2026-07-21T14:33:29.4068840Z Artifact download completed successfully.
2026-07-21T14:33:29.4090627Z SHA256 digest of downloaded artifact is d20788cfa21760e17fda72cd92ad7698d48444ededcc8889b22ee00c43212cf9
2026-07-21T14:33:29.4091539Z Artifact download completed successfully.
2026-07-21T14:33:29.4105152Z SHA256 digest of downloaded artifact is 0f455c6292dc98c0a77cff5da15e743440060a4efed991485138e2c9930a8254
2026-07-21T14:33:29.4106204Z Artifact download completed successfully.
2026-07-21T14:33:29.4110985Z SHA256 digest of downloaded artifact is 5c23a56917a7040002ee2380e58fb082cda23fb6cc4fb967944955973fdbbe38
2026-07-21T14:33:29.4111981Z Artifact download completed successfully.
2026-07-21T14:33:29.4124075Z SHA256 digest of downloaded artifact is 89a19d07e300fa4ef467d5434d4a5246e8212852f84faf5f8ba61e7a730661bd
2026-07-21T14:33:29.4124986Z Artifact download completed successfully.
2026-07-21T14:33:29.4131815Z SHA256 digest of downloaded artifact is a5839d17348ad9130dc94cd62502345a5a1e120808fcef7229add737c4726625
2026-07-21T14:33:29.4132976Z Artifact download completed successfully.
2026-07-21T14:33:29.4134017Z SHA256 digest of downloaded artifact is 267e86fb8c7400509ac8a555d2cef3af3f2b3f94229b01ab74cd2ed557187f6d
2026-07-21T14:33:29.4134716Z Artifact download completed successfully.
2026-07-21T14:33:29.4147401Z SHA256 digest of downloaded artifact is 225bb9e79545c4d3ec766b045bf8471e8657d931f559a3ab2748718a6da4da88
2026-07-21T14:33:29.4148733Z Artifact download completed successfully.
2026-07-21T14:33:29.4161301Z SHA256 digest of downloaded artifact is caca6c2c236860fa4436e4a39931d78c38cb1732f88e0d02e96230e5e85a3d11
2026-07-21T14:33:29.4162449Z Artifact download completed successfully.
2026-07-21T14:33:29.4163288Z SHA256 digest of downloaded artifact is 09e7d02d5d6c165899bf3f5a0989ed67d476219764db4f0e1c8af4cc84171aae
2026-07-21T14:33:29.4163979Z Artifact download completed successfully.
2026-07-21T14:33:29.4168064Z SHA256 digest of downloaded artifact is 96b28f89c4e5b9fd8fe079aa910c5fca4842eee02575dae187cf6d8560896aa1
2026-07-21T14:33:29.4169489Z Artifact download completed successfully.
2026-07-21T14:33:29.4173225Z SHA256 digest of downloaded artifact is 3472cafb595c2735a4aa109fcdb44a5d3653dd5dfd1076687f87ff0198a80f8f
2026-07-21T14:33:29.4174024Z Artifact download completed successfully.
2026-07-21T14:33:29.4174747Z SHA256 digest of downloaded artifact is 0eac58cffcc46c5dc3e584fd6c839790086ca5e4dc57a7fad3c179555689ac01
2026-07-21T14:33:29.4175486Z Artifact download completed successfully.
2026-07-21T14:33:30.0752268Z SHA256 digest of downloaded artifact is d7b7574dbde6957056c0db9c227c134894b933e4231ed28dcb2363c98e075d38
2026-07-21T14:33:30.0753065Z Artifact download completed successfully.
2026-07-21T14:33:30.0753538Z Total of 20 artifact(s) downloaded
2026-07-21T14:33:30.0758037Z Download artifact has finished successfully
2026-07-21T14:33:30.0936307Z ##[group]Run python 22x22/collect_n22_profile_followup.py \
2026-07-21T14:33:30.0937112Z [36;1mpython 22x22/collect_n22_profile_followup.py \[0m
2026-07-21T14:33:30.0937685Z [36;1m  --schedule 22x22/current_remaining_schedule.json \[0m
2026-07-21T14:33:30.0938584Z [36;1m  --prior-overall 22x22/current_prior_overall.json \[0m
2026-07-21T14:33:30.0939093Z [36;1m  --input-dir gathered \[0m
2026-07-21T14:33:30.0939501Z [36;1m  --overall overall.json \[0m
2026-07-21T14:33:30.0939913Z [36;1m  --summary SUMMARY.md \[0m
2026-07-21T14:33:30.0940290Z [36;1m  --run-id "29815441947" \[0m
2026-07-21T14:33:30.0941026Z [36;1m  --run-url "https://github.com/Grisha-Pochuev/monochromatic-no-three-in-line-solver/actions/runs/29815441947" \[0m
2026-07-21T14:33:30.0941848Z [36;1m  --run-sha "0fa82b4e804d862e087a6058f2b933a614415bf3"[0m
2026-07-21T14:33:30.1003742Z shell: /usr/bin/bash -e {0}
2026-07-21T14:33:30.1004126Z ##[endgroup]
2026-07-21T14:33:31.1618221Z {
2026-07-21T14:33:31.1618951Z   "conclusion": "FOLLOWUP_RUN_INCOMPLETE",
2026-07-21T14:33:31.1619565Z   "current_status_counts": {
2026-07-21T14:33:31.1620053Z     "INFEASIBLE": 46,
2026-07-21T14:33:31.1620479Z     "UNKNOWN": 10,
2026-07-21T14:33:31.1620883Z     "FEASIBLE": 0,
2026-07-21T14:33:31.1621284Z     "OPTIMAL": 0,
2026-07-21T14:33:31.1621713Z     "MODEL_INVALID": 0
2026-07-21T14:33:31.1622211Z   },
2026-07-21T14:33:31.1622605Z   "cumulative_all_children_infeasible": 2630,
2026-07-21T14:33:31.1623115Z   "missing": [],
2026-07-21T14:33:31.1623503Z   "newly_closed_pairs": [
2026-07-21T14:33:31.1641726Z     41,
2026-07-21T14:33:31.1642198Z     43,
2026-07-21T14:33:31.1642656Z     51,
2026-07-21T14:33:31.1643081Z     52,
2026-07-21T14:33:31.1643499Z     59,
2026-07-21T14:33:31.1643933Z     60,
2026-07-21T14:33:31.1644388Z     66,
2026-07-21T14:33:31.1644839Z     67,
2026-07-21T14:33:31.1645304Z     68,
2026-07-21T14:33:31.1645764Z     69,
2026-07-21T14:33:31.1646250Z     72,
2026-07-21T14:33:31.1646744Z     80,
2026-07-21T14:33:31.1647235Z     81,
2026-07-21T14:33:31.1647716Z     82,
2026-07-21T14:33:31.1648496Z     83,
2026-07-21T14:33:31.1649023Z     84,
2026-07-21T14:33:31.1649519Z     92,
2026-07-21T14:33:31.1650076Z     93,
2026-07-21T14:33:31.1650594Z     94,
2026-07-21T14:33:31.1650994Z     95
2026-07-21T14:33:31.1651284Z   ],
2026-07-21T14:33:31.1651588Z   "remaining_pairs": 10,
2026-07-21T14:33:31.1651973Z   "remaining_children": 10,
2026-07-21T14:33:31.1652353Z   "memory_guard_records": 0
2026-07-21T14:33:31.1652704Z }
2026-07-21T14:33:31.2105689Z Node 20 is being deprecated. This workflow is running with Node 24 by default. If you need to temporarily use Node 20, you can set the ACTIONS_ALLOW_USE_UNSECURE_NODE_VERSION=true environment variable. For more information see: https://github.blog/changelog/2025-09-19-deprecation-of-node-20-on-github-actions-runners/
2026-07-21T14:33:31.2107202Z ##[group]Run actions/upload-artifact@v4
2026-07-21T14:33:31.2107619Z with:
2026-07-21T14:33:31.2108305Z   name: n22-profile-dynamic-overall
2026-07-21T14:33:31.2108813Z   path: overall.json
SUMMARY.md

2026-07-21T14:33:31.2109219Z   retention-days: 30
2026-07-21T14:33:31.2109564Z   if-no-files-found: warn
2026-07-21T14:33:31.2109919Z   compression-level: 6
2026-07-21T14:33:31.2110273Z   overwrite: false
2026-07-21T14:33:31.2110615Z   include-hidden-files: false
2026-07-21T14:33:31.2110988Z ##[endgroup]
2026-07-21T14:33:31.3751346Z (node:2299) [DEP0040] DeprecationWarning: The `punycode` module is deprecated. Please use a userland alternative instead.
2026-07-21T14:33:31.3752496Z (Use `node --trace-deprecation ...` to show where the warning was created)
2026-07-21T14:33:31.3811978Z Multiple search paths detected. Calculating the least common ancestor of all paths
2026-07-21T14:33:31.3815346Z The least common ancestor is /home/runner/work/monochromatic-no-three-in-line-solver/monochromatic-no-three-in-line-solver. This will be the root directory of the artifact
2026-07-21T14:33:31.3817174Z With the provided path, there will be 2 files uploaded
2026-07-21T14:33:31.3818709Z Artifact name is valid!
2026-07-21T14:33:31.3819748Z Root directory input is valid!
2026-07-21T14:33:31.7051376Z Beginning upload of artifact content to blob storage
2026-07-21T14:33:31.7426948Z (node:2299) [DEP0169] DeprecationWarning: `url.parse()` behavior is not standardized and prone to errors that have security implications. Use the WHATWG URL API instead. CVEs are not issued for `url.parse()` vulnerabilities.
2026-07-21T14:33:32.1392989Z Uploaded bytes 79780
2026-07-21T14:33:32.2154235Z Finished uploading artifact content to blob storage!
2026-07-21T14:33:32.2155444Z SHA256 digest of uploaded artifact zip is ba5d3c22821d096167f23b0d365c7a3ecabe612f9d2090a9a15527e91c6963bf
2026-07-21T14:33:32.2157842Z Finalizing artifact upload
2026-07-21T14:33:32.4449982Z Artifact n22-profile-dynamic-overall.zip successfully finalized. Artifact ID 8498787371
2026-07-21T14:33:32.4451879Z Artifact n22-profile-dynamic-overall has been successfully uploaded! Final size is 79780 bytes. Artifact ID is 8498787371
2026-07-21T14:33:32.4459089Z Artifact download URL: https://github.com/Grisha-Pochuev/monochromatic-no-three-in-line-solver/actions/runs/29815441947/artifacts/8498787371
2026-07-21T14:33:32.4646025Z Node 20 is being deprecated. This workflow is running with Node 24 by default. If you need to temporarily use Node 20, you can set the ACTIONS_ALLOW_USE_UNSECURE_NODE_VERSION=true environment variable. For more information see: https://github.blog/changelog/2025-09-19-deprecation-of-node-20-on-github-actions-runners/
2026-07-21T14:33:32.4647519Z Post job cleanup.
2026-07-21T14:33:32.5497829Z [command]/usr/bin/git version
2026-07-21T14:33:32.5541265Z git version 2.54.0
2026-07-21T14:33:32.5581982Z Temporarily overriding HOME='/home/runner/work/_temp/c3a4a794-cfdf-46be-96f5-67cf273ed57d' before making global git config changes
2026-07-21T14:33:32.5583646Z Adding repository directory to the temporary git global config as a safe directory
2026-07-21T14:33:32.5587600Z [command]/usr/bin/git config --global --add safe.directory /home/runner/work/monochromatic-no-three-in-line-solver/monochromatic-no-three-in-line-solver
2026-07-21T14:33:32.5625236Z [command]/usr/bin/git config --local --name-only --get-regexp core\.sshCommand
2026-07-21T14:33:32.5659883Z [command]/usr/bin/git submodule foreach --recursive sh -c "git config --local --name-only --get-regexp 'core\.sshCommand' && git config --local --unset-all 'core.sshCommand' || :"
2026-07-21T14:33:32.5903530Z [command]/usr/bin/git config --local --name-only --get-regexp http\.https\:\/\/github\.com\/\.extraheader
2026-07-21T14:33:32.5935694Z http.https://github.com/.extraheader
2026-07-21T14:33:32.5948705Z [command]/usr/bin/git config --local --unset-all http.https://github.com/.extraheader
2026-07-21T14:33:32.5987672Z [command]/usr/bin/git submodule foreach --recursive sh -c "git config --local --name-only --get-regexp 'http\.https\:\/\/github\.com\/\.extraheader' && git config --local --unset-all 'http.https://github.com/.extraheader' || :"
2026-07-21T14:33:32.6241281Z [command]/usr/bin/git config --local --name-only --get-regexp ^includeIf\.gitdir:
2026-07-21T14:33:32.6278161Z [command]/usr/bin/git submodule foreach --recursive git config --local --show-origin --name-only --get-regexp remote.origin.url
2026-07-21T14:33:32.6685929Z Cleaning up orphan processes
2026-07-21T14:33:32.6983130Z ##[warning]Node.js 20 is deprecated. The following actions target Node.js 20 but are being forced to run on Node.js 24: actions/checkout@v4, actions/download-artifact@v4, actions/upload-artifact@v4. For more information see: https://github.blog/changelog/2025-09-19-deprecation-of-node-20-on-github-actions-runners/
