2026-07-21T02:23:00.9181850Z Current runner version: '2.335.1'
2026-07-21T02:23:00.9206400Z ##[group]Runner Image Provisioner
2026-07-21T02:23:00.9207251Z Hosted Compute Agent
2026-07-21T02:23:00.9207779Z Version: 20260707.563
2026-07-21T02:23:00.9208434Z Commit: 02667638d2b423fbc733a8e32a88b44996a3ba6e
2026-07-21T02:23:00.9209110Z Build Date: 2026-07-07T19:33:50Z
2026-07-21T02:23:00.9209717Z Worker ID: {f234133d-9f77-4c61-ab3a-f8faab9fb854}
2026-07-21T02:23:00.9210381Z Azure Region: westus3
2026-07-21T02:23:00.9210877Z ##[endgroup]
2026-07-21T02:23:00.9212328Z ##[group]Operating System
2026-07-21T02:23:00.9212951Z Ubuntu
2026-07-21T02:23:00.9213400Z 24.04.4
2026-07-21T02:23:00.9213871Z LTS
2026-07-21T02:23:00.9214355Z ##[endgroup]
2026-07-21T02:23:00.9214864Z ##[group]Runner Image
2026-07-21T02:23:00.9215412Z Image: ubuntu-24.04
2026-07-21T02:23:00.9215921Z Version: 20260714.240.1
2026-07-21T02:23:00.9217378Z Included Software: https://github.com/actions/runner-images/blob/ubuntu24/20260714.240/images/ubuntu/Ubuntu2404-Readme.md
2026-07-21T02:23:00.9218759Z Image Release: https://github.com/actions/runner-images/releases/tag/ubuntu24%2F20260714.240
2026-07-21T02:23:00.9219599Z ##[endgroup]
2026-07-21T02:23:00.9220637Z ##[group]GITHUB_TOKEN Permissions
2026-07-21T02:23:00.9223064Z Actions: read
2026-07-21T02:23:00.9223655Z Contents: write
2026-07-21T02:23:00.9224136Z Metadata: read
2026-07-21T02:23:00.9224689Z ##[endgroup]
2026-07-21T02:23:00.9226707Z Secret source: Actions
2026-07-21T02:23:00.9227435Z Prepare workflow directory
2026-07-21T02:23:00.9648099Z Prepare all required actions
2026-07-21T02:23:00.9685681Z Getting action download info
2026-07-21T02:23:01.2481002Z Download action repository 'actions/checkout@v4' (SHA:11d5960a326750d5838078e36cf38b85af677262)
2026-07-21T02:23:01.9113096Z Download action repository 'actions/upload-artifact@v4' (SHA:ea165f8d65b6e75b540449e92b4886f43607fa02)
2026-07-21T02:23:02.0843228Z Complete job name: Follow-up shard 15
2026-07-21T02:23:02.1553632Z Node 20 is being deprecated. This workflow is running with Node 24 by default. If you need to temporarily use Node 20, you can set the ACTIONS_ALLOW_USE_UNSECURE_NODE_VERSION=true environment variable. For more information see: https://github.blog/changelog/2025-09-19-deprecation-of-node-20-on-github-actions-runners/
2026-07-21T02:23:02.1562630Z ##[group]Run actions/checkout@v4
2026-07-21T02:23:02.1563603Z with:
2026-07-21T02:23:02.1564290Z   ref: 43c006977c6dcc906968fe9b1a8d37e3ddd31309
2026-07-21T02:23:02.1565166Z   repository: Grisha-Pochuev/monochromatic-no-three-in-line-solver
2026-07-21T02:23:02.1569504Z   token: ***
2026-07-21T02:23:02.1570113Z   ssh-strict: true
2026-07-21T02:23:02.1570670Z   ssh-user: git
2026-07-21T02:23:02.1571266Z   persist-credentials: true
2026-07-21T02:23:02.1571895Z   clean: true
2026-07-21T02:23:02.1572804Z   sparse-checkout-cone-mode: true
2026-07-21T02:23:02.1573491Z   fetch-depth: 1
2026-07-21T02:23:02.1574090Z   fetch-tags: false
2026-07-21T02:23:02.1574809Z   show-progress: true
2026-07-21T02:23:02.1575412Z   lfs: false
2026-07-21T02:23:02.1575953Z   submodules: false
2026-07-21T02:23:02.1576556Z   set-safe-directory: true
2026-07-21T02:23:02.1577195Z   allow-unsafe-pr-checkout: false
2026-07-21T02:23:02.1578203Z env:
2026-07-21T02:23:02.1578775Z   PYTHONUNBUFFERED: 1
2026-07-21T02:23:02.1579372Z   MALLOC_ARENA_MAX: 2
2026-07-21T02:23:02.1579962Z   OMP_NUM_THREADS: 1
2026-07-21T02:23:02.1580536Z   OPENBLAS_NUM_THREADS: 1
2026-07-21T02:23:02.1581112Z   MKL_NUM_THREADS: 1
2026-07-21T02:23:02.1581704Z ##[endgroup]
2026-07-21T02:23:02.2739622Z Syncing repository: Grisha-Pochuev/monochromatic-no-three-in-line-solver
2026-07-21T02:23:02.2743669Z ##[group]Getting Git version info
2026-07-21T02:23:02.2746035Z Working directory is '/home/runner/work/monochromatic-no-three-in-line-solver/monochromatic-no-three-in-line-solver'
2026-07-21T02:23:02.2748913Z [command]/usr/bin/git version
2026-07-21T02:23:02.2763237Z git version 2.54.0
2026-07-21T02:23:02.2784351Z ##[endgroup]
2026-07-21T02:23:02.2797949Z Temporarily overriding HOME='/home/runner/work/_temp/3e8a03ab-627f-4c11-81f3-af3facfdc955' before making global git config changes
2026-07-21T02:23:02.2801404Z Adding repository directory to the temporary git global config as a safe directory
2026-07-21T02:23:02.2805119Z [command]/usr/bin/git config --global --add safe.directory /home/runner/work/monochromatic-no-three-in-line-solver/monochromatic-no-three-in-line-solver
2026-07-21T02:23:02.2866211Z Deleting the contents of '/home/runner/work/monochromatic-no-three-in-line-solver/monochromatic-no-three-in-line-solver'
2026-07-21T02:23:02.2869973Z ##[group]Initializing the repository
2026-07-21T02:23:02.2871596Z [command]/usr/bin/git init /home/runner/work/monochromatic-no-three-in-line-solver/monochromatic-no-three-in-line-solver
2026-07-21T02:23:02.2976138Z hint: Using 'master' as the name for the initial branch. This default branch name
2026-07-21T02:23:02.2978555Z hint: will change to "main" in Git 3.0. To configure the initial branch name
2026-07-21T02:23:02.2980879Z hint: to use in all of your new repositories, which will suppress this warning,
2026-07-21T02:23:02.2983016Z hint: call:
2026-07-21T02:23:02.2984088Z hint:
2026-07-21T02:23:02.2985340Z hint: 	git config --global init.defaultBranch <name>
2026-07-21T02:23:02.2986849Z hint:
2026-07-21T02:23:02.2988185Z hint: Names commonly chosen instead of 'master' are 'main', 'trunk' and
2026-07-21T02:23:02.2990335Z hint: 'development'. The just-created branch can be renamed via this command:
2026-07-21T02:23:02.2992216Z hint:
2026-07-21T02:23:02.2993317Z hint: 	git branch -m <name>
2026-07-21T02:23:02.2994487Z hint:
2026-07-21T02:23:02.2996223Z hint: Disable this message with "git config set advice.defaultBranchName false"
2026-07-21T02:23:02.2999366Z Initialized empty Git repository in /home/runner/work/monochromatic-no-three-in-line-solver/monochromatic-no-three-in-line-solver/.git/
2026-07-21T02:23:02.3005113Z [command]/usr/bin/git remote add origin https://github.com/Grisha-Pochuev/monochromatic-no-three-in-line-solver
2026-07-21T02:23:02.3031735Z ##[endgroup]
2026-07-21T02:23:02.3033522Z ##[group]Disabling automatic garbage collection
2026-07-21T02:23:02.3035751Z [command]/usr/bin/git config --local gc.auto 0
2026-07-21T02:23:02.3063771Z ##[endgroup]
2026-07-21T02:23:02.3065615Z ##[group]Setting up auth
2026-07-21T02:23:02.3068841Z [command]/usr/bin/git config --local --name-only --get-regexp core\.sshCommand
2026-07-21T02:23:02.3100424Z [command]/usr/bin/git submodule foreach --recursive sh -c "git config --local --name-only --get-regexp 'core\.sshCommand' && git config --local --unset-all 'core.sshCommand' || :"
2026-07-21T02:23:02.3405269Z [command]/usr/bin/git config --local --name-only --get-regexp http\.https\:\/\/github\.com\/\.extraheader
2026-07-21T02:23:02.3435497Z [command]/usr/bin/git submodule foreach --recursive sh -c "git config --local --name-only --get-regexp 'http\.https\:\/\/github\.com\/\.extraheader' && git config --local --unset-all 'http.https://github.com/.extraheader' || :"
2026-07-21T02:23:02.3635371Z [command]/usr/bin/git config --local --name-only --get-regexp ^includeIf\.gitdir:
2026-07-21T02:23:02.3665650Z [command]/usr/bin/git submodule foreach --recursive git config --local --show-origin --name-only --get-regexp remote.origin.url
2026-07-21T02:23:02.3847552Z [command]/usr/bin/git config --local http.https://github.com/.extraheader AUTHORIZATION: basic ***
2026-07-21T02:23:02.3878819Z ##[endgroup]
2026-07-21T02:23:02.3880455Z ##[group]Fetching the repository
2026-07-21T02:23:02.3889808Z [command]/usr/bin/git -c protocol.version=2 fetch --no-tags --prune --no-recurse-submodules --depth=1 origin 43c006977c6dcc906968fe9b1a8d37e3ddd31309
2026-07-21T02:23:03.0497080Z From https://github.com/Grisha-Pochuev/monochromatic-no-three-in-line-solver
2026-07-21T02:23:03.0500373Z  * branch            43c006977c6dcc906968fe9b1a8d37e3ddd31309 -> FETCH_HEAD
2026-07-21T02:23:03.0527791Z ##[endgroup]
2026-07-21T02:23:03.0530347Z ##[group]Determining the checkout info
2026-07-21T02:23:03.0533272Z ##[endgroup]
2026-07-21T02:23:03.0536621Z [command]/usr/bin/git sparse-checkout disable
2026-07-21T02:23:03.0574510Z [command]/usr/bin/git config --local --unset-all extensions.worktreeConfig
2026-07-21T02:23:03.0598084Z ##[group]Checking out the ref
2026-07-21T02:23:03.0601645Z [command]/usr/bin/git checkout --progress --force 43c006977c6dcc906968fe9b1a8d37e3ddd31309
2026-07-21T02:23:03.0714148Z Note: switching to '43c006977c6dcc906968fe9b1a8d37e3ddd31309'.
2026-07-21T02:23:03.0723635Z 
2026-07-21T02:23:03.0724500Z You are in 'detached HEAD' state. You can look around, make experimental
2026-07-21T02:23:03.0727515Z changes and commit them, and you can discard any commits you make in this
2026-07-21T02:23:03.0730829Z state without impacting any branches by switching back to a branch.
2026-07-21T02:23:03.0732637Z 
2026-07-21T02:23:03.0733539Z If you want to create a new branch to retain commits you create, you may
2026-07-21T02:23:03.0735725Z do so (now or later) by using -c with the switch command. Example:
2026-07-21T02:23:03.0736961Z 
2026-07-21T02:23:03.0737609Z   git switch -c <new-branch-name>
2026-07-21T02:23:03.0738578Z 
2026-07-21T02:23:03.0739148Z Or undo this operation with:
2026-07-21T02:23:03.0739941Z 
2026-07-21T02:23:03.0740424Z   git switch -
2026-07-21T02:23:03.0741052Z 
2026-07-21T02:23:03.0742227Z Turn off this advice by setting config variable advice.detachedHead to false
2026-07-21T02:23:03.0743717Z 
2026-07-21T02:23:03.0744664Z HEAD is now at 43c0069 archive n22 run 29770927206 and schedule 170 survivors
2026-07-21T02:23:03.0749280Z ##[endgroup]
2026-07-21T02:23:03.0766326Z [command]/usr/bin/git log -1 --format=%H
2026-07-21T02:23:03.0786453Z 43c006977c6dcc906968fe9b1a8d37e3ddd31309
2026-07-21T02:23:03.0986760Z ##[group]Run python -m pip install ortools==9.15.6755
2026-07-21T02:23:03.0988394Z [36;1mpython -m pip install ortools==9.15.6755[0m
2026-07-21T02:23:03.1044818Z shell: /usr/bin/bash -e {0}
2026-07-21T02:23:03.1045913Z env:
2026-07-21T02:23:03.1046774Z   PYTHONUNBUFFERED: 1
2026-07-21T02:23:03.1047764Z   MALLOC_ARENA_MAX: 2
2026-07-21T02:23:03.1048748Z   OMP_NUM_THREADS: 1
2026-07-21T02:23:03.1049734Z   OPENBLAS_NUM_THREADS: 1
2026-07-21T02:23:03.1050751Z   MKL_NUM_THREADS: 1
2026-07-21T02:23:03.1051689Z ##[endgroup]
2026-07-21T02:23:03.4836582Z Defaulting to user installation because normal site-packages is not writeable
2026-07-21T02:23:03.8622554Z Collecting ortools==9.15.6755
2026-07-21T02:23:03.9256459Z   Downloading ortools-9.15.6755-cp312-cp312-manylinux_2_27_x86_64.manylinux_2_28_x86_64.whl.metadata (3.3 kB)
2026-07-21T02:23:03.9557375Z Collecting absl-py>=2.0.0 (from ortools==9.15.6755)
2026-07-21T02:23:03.9660518Z   Downloading absl_py-2.5.0-py3-none-any.whl.metadata (3.3 kB)
2026-07-21T02:23:04.2082428Z Collecting numpy>=2.0.2 (from ortools==9.15.6755)
2026-07-21T02:23:04.2183644Z   Downloading numpy-2.5.1-cp312-cp312-manylinux_2_27_x86_64.manylinux_2_28_x86_64.whl.metadata (6.6 kB)
2026-07-21T02:23:04.3519196Z Collecting pandas>=2.0.0 (from ortools==9.15.6755)
2026-07-21T02:23:04.3647909Z   Downloading pandas-3.0.3-cp312-cp312-manylinux_2_24_x86_64.manylinux_2_28_x86_64.whl.metadata (79 kB)
2026-07-21T02:23:04.3801442Z      ━━━━━━━━━━━━━━━━━━━━━━━━━━━━━━━━━━━━━━━━ 79.5/79.5 kB 5.4 MB/s eta 0:00:00
2026-07-21T02:23:04.5757420Z Collecting protobuf<6.34,>=6.33.1 (from ortools==9.15.6755)
2026-07-21T02:23:04.5855597Z   Downloading protobuf-6.33.6-cp39-abi3-manylinux2014_x86_64.whl.metadata (593 bytes)
2026-07-21T02:23:04.6175925Z Collecting typing-extensions>=4.12 (from ortools==9.15.6755)
2026-07-21T02:23:04.6284183Z   Downloading typing_extensions-4.16.0-py3-none-any.whl.metadata (3.3 kB)
2026-07-21T02:23:04.6565574Z Collecting immutabledict>=3.0.0 (from ortools==9.15.6755)
2026-07-21T02:23:04.6687536Z   Downloading immutabledict-4.3.1-py3-none-any.whl.metadata (3.5 kB)
2026-07-21T02:23:04.7488753Z Requirement already satisfied: python-dateutil>=2.8.2 in /usr/lib/python3/dist-packages (from pandas>=2.0.0->ortools==9.15.6755) (2.8.2)
2026-07-21T02:23:04.7631792Z Downloading ortools-9.15.6755-cp312-cp312-manylinux_2_27_x86_64.manylinux_2_28_x86_64.whl (29.8 MB)
2026-07-21T02:23:05.0494272Z    ━━━━━━━━━━━━━━━━━━━━━━━━━━━━━━━━━━━━━━━━ 29.8/29.8 MB 127.5 MB/s eta 0:00:00
2026-07-21T02:23:05.0599348Z Downloading absl_py-2.5.0-py3-none-any.whl (137 kB)
2026-07-21T02:23:05.0642146Z    ━━━━━━━━━━━━━━━━━━━━━━━━━━━━━━━━━━━━━━━━ 137.4/137.4 kB 51.5 MB/s eta 0:00:00
2026-07-21T02:23:05.0746441Z Downloading immutabledict-4.3.1-py3-none-any.whl (5.0 kB)
2026-07-21T02:23:05.0867752Z Downloading numpy-2.5.1-cp312-cp312-manylinux_2_27_x86_64.manylinux_2_28_x86_64.whl (16.7 MB)
2026-07-21T02:23:05.1482195Z    ━━━━━━━━━━━━━━━━━━━━━━━━━━━━━━━━━━━━━━━━ 16.7/16.7 MB 246.8 MB/s eta 0:00:00
2026-07-21T02:23:05.1584241Z Downloading pandas-3.0.3-cp312-cp312-manylinux_2_24_x86_64.manylinux_2_28_x86_64.whl (10.9 MB)
2026-07-21T02:23:05.2289069Z    ━━━━━━━━━━━━━━━━━━━━━━━━━━━━━━━━━━━━━━━━ 10.9/10.9 MB 154.4 MB/s eta 0:00:00
2026-07-21T02:23:05.2404900Z Downloading protobuf-6.33.6-cp39-abi3-manylinux2014_x86_64.whl (323 kB)
2026-07-21T02:23:05.2460095Z    ━━━━━━━━━━━━━━━━━━━━━━━━━━━━━━━━━━━━━━━━ 323.4/323.4 kB 88.6 MB/s eta 0:00:00
2026-07-21T02:23:05.2560718Z Downloading typing_extensions-4.16.0-py3-none-any.whl (45 kB)
2026-07-21T02:23:05.2600021Z    ━━━━━━━━━━━━━━━━━━━━━━━━━━━━━━━━━━━━━━━━ 45.6/45.6 kB 15.5 MB/s eta 0:00:00
2026-07-21T02:23:05.6202863Z Installing collected packages: typing-extensions, protobuf, numpy, immutabledict, absl-py, pandas, ortools
2026-07-21T02:23:11.9330673Z Successfully installed absl-py-2.5.0 immutabledict-4.3.1 numpy-2.5.1 ortools-9.15.6755 pandas-3.0.3 protobuf-6.33.6 typing-extensions-4.16.0
2026-07-21T02:23:12.0707934Z ##[group]Run {
2026-07-21T02:23:12.0708224Z [36;1m{[0m
2026-07-21T02:23:12.0708445Z [36;1m  echo "=== machine ==="[0m
2026-07-21T02:23:12.0708715Z [36;1m  date -u[0m
2026-07-21T02:23:12.0708923Z [36;1m  echo "nproc=$(nproc)"[0m
2026-07-21T02:23:12.0709158Z [36;1m  free -h[0m
2026-07-21T02:23:12.0709351Z [36;1m  df -h[0m
2026-07-21T02:23:12.0709594Z [36;1m  grep -m1 'model name' /proc/cpuinfo || true[0m
2026-07-21T02:23:12.0709918Z [36;1m} | tee machine-15.log[0m
2026-07-21T02:23:12.0744941Z shell: /usr/bin/bash -e {0}
2026-07-21T02:23:12.0745205Z env:
2026-07-21T02:23:12.0745395Z   PYTHONUNBUFFERED: 1
2026-07-21T02:23:12.0745616Z   MALLOC_ARENA_MAX: 2
2026-07-21T02:23:12.0745820Z   OMP_NUM_THREADS: 1
2026-07-21T02:23:12.0746027Z   OPENBLAS_NUM_THREADS: 1
2026-07-21T02:23:12.0746240Z   MKL_NUM_THREADS: 1
2026-07-21T02:23:12.0746430Z ##[endgroup]
2026-07-21T02:23:12.0991229Z === machine ===
2026-07-21T02:23:12.0992480Z Tue Jul 21 02:23:12 UTC 2026
2026-07-21T02:23:12.2531507Z nproc=1
2026-07-21T02:23:12.2549537Z                total        used        free      shared  buff/cache   available
2026-07-21T02:23:12.2550147Z Mem:            15Gi       1.2Gi        12Gi        45Mi       2.8Gi        14Gi
2026-07-21T02:23:12.2550817Z Swap:          3.0Gi          0B       3.0Gi
2026-07-21T02:23:12.3504748Z Filesystem      Size  Used Avail Use% Mounted on
2026-07-21T02:23:12.3506184Z /dev/root       145G   58G   87G  40% /
2026-07-21T02:23:12.3506862Z tmpfs           7.9G   84K  7.9G   1% /dev/shm
2026-07-21T02:23:12.3507498Z tmpfs           3.2G 1008K  3.2G   1% /run
2026-07-21T02:23:12.3507980Z tmpfs           5.0M     0  5.0M   0% /run/lock
2026-07-21T02:23:12.3508341Z efivarfs        128M   26K  128M   1% /sys/firmware/efi/efivars
2026-07-21T02:23:12.3508663Z /dev/sda16      881M   64M  756M   8% /boot
2026-07-21T02:23:12.3508942Z /dev/sda15      105M  6.2M   99M   6% /boot/efi
2026-07-21T02:23:12.3509233Z tmpfs           1.6G   12K  1.6G   1% /run/user/1001
2026-07-21T02:23:12.3519835Z model name	: Intel(R) Xeon(R) Platinum 8370C CPU @ 2.80GHz
2026-07-21T02:23:12.3555645Z ##[group]Run set -uo pipefail
2026-07-21T02:23:12.3555966Z [36;1mset -uo pipefail[0m
2026-07-21T02:23:12.3556181Z [36;1m([0m
2026-07-21T02:23:12.3556366Z [36;1m  while true; do[0m
2026-07-21T02:23:12.3556603Z [36;1m    echo "=== $(date -u +%FT%TZ) ==="[0m
2026-07-21T02:23:12.3556868Z [36;1m    free -h[0m
2026-07-21T02:23:12.3557302Z [36;1m    ps -eo pid,ppid,rss,vsz,%mem,%cpu,cmd --sort=-rss | head -n 15[0m
2026-07-21T02:23:12.3557643Z [36;1m    sleep 60[0m
2026-07-21T02:23:12.3557847Z [36;1m  done[0m
2026-07-21T02:23:12.3558048Z [36;1m) > "memory-15.log" 2>&1 &[0m
2026-07-21T02:23:12.3558289Z [36;1mmonitor_pid=$![0m
2026-07-21T02:23:12.3558558Z [36;1mpython 22x22/run_n22_profile_followup_shard.py \[0m
2026-07-21T02:23:12.3558996Z [36;1m  --schedule 22x22/runs/2026-07-21-run-29770927206/remaining_schedule.json \[0m
2026-07-21T02:23:12.3559376Z [36;1m  --shard "15" \[0m
2026-07-21T02:23:12.3559600Z [36;1m  --total-seconds 21000 \[0m
2026-07-21T02:23:12.3559877Z [36;1m  --workers 4 \[0m
2026-07-21T02:23:12.3560107Z [36;1m  --fallback-workers 2 \[0m
2026-07-21T02:23:12.3560357Z [36;1m  --memory-guard-mb 13000 \[0m
2026-07-21T02:23:12.3560609Z [36;1m  --max-seconds 2500 \[0m
2026-07-21T02:23:12.3560864Z [36;1m  --artifact-buffer-seconds 180 \[0m
2026-07-21T02:23:12.3561132Z [36;1m  --seed-base 2026072100 \[0m
2026-07-21T02:23:12.3561398Z [36;1m  --output-dir "results/shard-15"[0m
2026-07-21T02:23:12.3561649Z [36;1mrc=$?[0m
2026-07-21T02:23:12.3561870Z [36;1mkill "$monitor_pid" 2>/dev/null || true[0m
2026-07-21T02:23:12.3562337Z [36;1mwait "$monitor_pid" 2>/dev/null || true[0m
2026-07-21T02:23:12.3562601Z [36;1mexit "$rc"[0m
2026-07-21T02:23:12.3600108Z shell: /usr/bin/bash --noprofile --norc -e -o pipefail {0}
2026-07-21T02:23:12.3600446Z env:
2026-07-21T02:23:12.3600641Z   PYTHONUNBUFFERED: 1
2026-07-21T02:23:12.3600858Z   MALLOC_ARENA_MAX: 2
2026-07-21T02:23:12.3601069Z   OMP_NUM_THREADS: 1
2026-07-21T02:23:12.3601299Z   OPENBLAS_NUM_THREADS: 1
2026-07-21T02:23:12.3601517Z   MKL_NUM_THREADS: 1
2026-07-21T02:23:12.3601713Z ##[endgroup]
2026-07-21T07:17:37.0451571Z ##[group]Run free -h
2026-07-21T07:17:37.0451832Z [36;1mfree -h[0m
2026-07-21T07:17:37.0452018Z [36;1mdf -h[0m
2026-07-21T07:17:37.0484959Z shell: /usr/bin/bash -e {0}
2026-07-21T07:17:37.0485203Z env:
2026-07-21T07:17:37.0485399Z   PYTHONUNBUFFERED: 1
2026-07-21T07:17:37.0485630Z   MALLOC_ARENA_MAX: 2
2026-07-21T07:17:37.0485826Z   OMP_NUM_THREADS: 1
2026-07-21T07:17:37.0486027Z   OPENBLAS_NUM_THREADS: 1
2026-07-21T07:17:37.0486236Z   MKL_NUM_THREADS: 1
2026-07-21T07:17:37.0486427Z ##[endgroup]
2026-07-21T07:17:37.0550860Z                total        used        free      shared  buff/cache   available
2026-07-21T07:17:37.0552868Z Mem:            15Gi       995Mi        12Gi        49Mi       2.8Gi        14Gi
2026-07-21T07:17:37.0553585Z Swap:          3.0Gi          0B       3.0Gi
2026-07-21T07:17:37.0564877Z Filesystem      Size  Used Avail Use% Mounted on
2026-07-21T07:17:37.0565415Z /dev/root       145G   58G   87G  40% /
2026-07-21T07:17:37.0565842Z tmpfs           7.9G   84K  7.9G   1% /dev/shm
2026-07-21T07:17:37.0566110Z tmpfs           3.2G 1008K  3.2G   1% /run
2026-07-21T07:17:37.0566372Z tmpfs           5.0M     0  5.0M   0% /run/lock
2026-07-21T07:17:37.0567033Z efivarfs        128M   26K  128M   1% /sys/firmware/efi/efivars
2026-07-21T07:17:37.0567539Z /dev/sda16      881M   64M  756M   8% /boot
2026-07-21T07:17:37.0567985Z /dev/sda15      105M  6.2M   99M   6% /boot/efi
2026-07-21T07:17:37.0568388Z tmpfs           1.6G   12K  1.6G   1% /run/user/1001
2026-07-21T07:17:37.0615917Z Node 20 is being deprecated. This workflow is running with Node 24 by default. If you need to temporarily use Node 20, you can set the ACTIONS_ALLOW_USE_UNSECURE_NODE_VERSION=true environment variable. For more information see: https://github.blog/changelog/2025-09-19-deprecation-of-node-20-on-github-actions-runners/
2026-07-21T07:17:37.0617352Z ##[group]Run actions/upload-artifact@v4
2026-07-21T07:17:37.0617605Z with:
2026-07-21T07:17:37.0617809Z   name: n22-profile-followup-shard-15
2026-07-21T07:17:37.0618094Z   path: results/
memory-15.log
machine-15.log

2026-07-21T07:17:37.0618375Z   retention-days: 30
2026-07-21T07:17:37.0618582Z   if-no-files-found: warn
2026-07-21T07:17:37.0618801Z   compression-level: 6
2026-07-21T07:17:37.0619004Z   overwrite: false
2026-07-21T07:17:37.0619347Z   include-hidden-files: false
2026-07-21T07:17:37.0619565Z env:
2026-07-21T07:17:37.0619743Z   PYTHONUNBUFFERED: 1
2026-07-21T07:17:37.0619945Z   MALLOC_ARENA_MAX: 2
2026-07-21T07:17:37.0620180Z   OMP_NUM_THREADS: 1
2026-07-21T07:17:37.0620384Z   OPENBLAS_NUM_THREADS: 1
2026-07-21T07:17:37.0620590Z   MKL_NUM_THREADS: 1
2026-07-21T07:17:37.0620786Z ##[endgroup]
2026-07-21T07:17:37.2220478Z (node:5712) [DEP0040] DeprecationWarning: The `punycode` module is deprecated. Please use a userland alternative instead.
2026-07-21T07:17:37.2221221Z (Use `node --trace-deprecation ...` to show where the warning was created)
2026-07-21T07:17:37.2333191Z Multiple search paths detected. Calculating the least common ancestor of all paths
2026-07-21T07:17:37.2336220Z The least common ancestor is /home/runner/work/monochromatic-no-three-in-line-solver/monochromatic-no-three-in-line-solver. This will be the root directory of the artifact
2026-07-21T07:17:37.2337827Z With the provided path, there will be 30 files uploaded
2026-07-21T07:17:37.2341665Z Artifact name is valid!
2026-07-21T07:17:37.2342676Z Root directory input is valid!
2026-07-21T07:17:37.5559005Z Beginning upload of artifact content to blob storage
2026-07-21T07:17:37.6224707Z (node:5712) [DEP0169] DeprecationWarning: `url.parse()` behavior is not standardized and prone to errors that have security implications. Use the WHATWG URL API instead. CVEs are not issued for `url.parse()` vulnerabilities.
2026-07-21T07:17:37.9887704Z Uploaded bytes 90284
2026-07-21T07:17:38.0573791Z Finished uploading artifact content to blob storage!
2026-07-21T07:17:38.0574853Z SHA256 digest of uploaded artifact zip is c31f58122c390d4740529c1a85417638b165a3d43b9a2d08bff6b64d38a5abdb
2026-07-21T07:17:38.0577823Z Finalizing artifact upload
2026-07-21T07:17:38.2914246Z Artifact n22-profile-followup-shard-15.zip successfully finalized. Artifact ID 8486983118
2026-07-21T07:17:38.2915772Z Artifact n22-profile-followup-shard-15 has been successfully uploaded! Final size is 90284 bytes. Artifact ID is 8486983118
2026-07-21T07:17:38.2922555Z Artifact download URL: https://github.com/Grisha-Pochuev/monochromatic-no-three-in-line-solver/actions/runs/29795643015/artifacts/8486983118
2026-07-21T07:17:38.3111094Z Node 20 is being deprecated. This workflow is running with Node 24 by default. If you need to temporarily use Node 20, you can set the ACTIONS_ALLOW_USE_UNSECURE_NODE_VERSION=true environment variable. For more information see: https://github.blog/changelog/2025-09-19-deprecation-of-node-20-on-github-actions-runners/
2026-07-21T07:17:38.3112499Z Post job cleanup.
2026-07-21T07:17:38.3941920Z [command]/usr/bin/git version
2026-07-21T07:17:38.3979395Z git version 2.54.0
2026-07-21T07:17:38.4015945Z Temporarily overriding HOME='/home/runner/work/_temp/a7ece09a-42bc-429f-b10a-7a8427324fa4' before making global git config changes
2026-07-21T07:17:38.4017624Z Adding repository directory to the temporary git global config as a safe directory
2026-07-21T07:17:38.4021434Z [command]/usr/bin/git config --global --add safe.directory /home/runner/work/monochromatic-no-three-in-line-solver/monochromatic-no-three-in-line-solver
2026-07-21T07:17:38.4055273Z [command]/usr/bin/git config --local --name-only --get-regexp core\.sshCommand
2026-07-21T07:17:38.4085005Z [command]/usr/bin/git submodule foreach --recursive sh -c "git config --local --name-only --get-regexp 'core\.sshCommand' && git config --local --unset-all 'core.sshCommand' || :"
2026-07-21T07:17:38.4283947Z [command]/usr/bin/git config --local --name-only --get-regexp http\.https\:\/\/github\.com\/\.extraheader
2026-07-21T07:17:38.4311151Z http.https://github.com/.extraheader
2026-07-21T07:17:38.4321769Z [command]/usr/bin/git config --local --unset-all http.https://github.com/.extraheader
2026-07-21T07:17:38.4350730Z [command]/usr/bin/git submodule foreach --recursive sh -c "git config --local --name-only --get-regexp 'http\.https\:\/\/github\.com\/\.extraheader' && git config --local --unset-all 'http.https://github.com/.extraheader' || :"
2026-07-21T07:17:38.4548761Z [command]/usr/bin/git config --local --name-only --get-regexp ^includeIf\.gitdir:
2026-07-21T07:17:38.4577857Z [command]/usr/bin/git submodule foreach --recursive git config --local --show-origin --name-only --get-regexp remote.origin.url
2026-07-21T07:17:38.4940826Z Cleaning up orphan processes
2026-07-21T07:17:38.5226846Z Terminate orphan process: pid (5706) (sleep)
2026-07-21T07:17:38.5240866Z ##[warning]Node.js 20 is deprecated. The following actions target Node.js 20 but are being forced to run on Node.js 24: actions/checkout@v4, actions/upload-artifact@v4. For more information see: https://github.blog/changelog/2025-09-19-deprecation-of-node-20-on-github-actions-runners/
