2026-07-21T02:23:00.5273778Z Current runner version: '2.335.1'
2026-07-21T02:23:00.5304172Z ##[group]Runner Image Provisioner
2026-07-21T02:23:00.5305141Z Hosted Compute Agent
2026-07-21T02:23:00.5305750Z Version: 20260707.563
2026-07-21T02:23:00.5306429Z Commit: 02667638d2b423fbc733a8e32a88b44996a3ba6e
2026-07-21T02:23:00.5307201Z Build Date: 2026-07-07T19:33:50Z
2026-07-21T02:23:00.5307877Z Worker ID: {ed578804-1786-4844-84af-cd74a6bcfd7e}
2026-07-21T02:23:00.5308706Z Azure Region: northcentralus
2026-07-21T02:23:00.5309323Z ##[endgroup]
2026-07-21T02:23:00.5310871Z ##[group]Operating System
2026-07-21T02:23:00.5311944Z Ubuntu
2026-07-21T02:23:00.5312541Z 24.04.4
2026-07-21T02:23:00.5313100Z LTS
2026-07-21T02:23:00.5313634Z ##[endgroup]
2026-07-21T02:23:00.5314187Z ##[group]Runner Image
2026-07-21T02:23:00.5314872Z Image: ubuntu-24.04
2026-07-21T02:23:00.5315463Z Version: 20260714.240.1
2026-07-21T02:23:00.5317123Z Included Software: https://github.com/actions/runner-images/blob/ubuntu24/20260714.240/images/ubuntu/Ubuntu2404-Readme.md
2026-07-21T02:23:00.5318748Z Image Release: https://github.com/actions/runner-images/releases/tag/ubuntu24%2F20260714.240
2026-07-21T02:23:00.5319734Z ##[endgroup]
2026-07-21T02:23:00.5320897Z ##[group]GITHUB_TOKEN Permissions
2026-07-21T02:23:00.5323467Z Actions: read
2026-07-21T02:23:00.5324110Z Contents: write
2026-07-21T02:23:00.5324767Z Metadata: read
2026-07-21T02:23:00.5325496Z ##[endgroup]
2026-07-21T02:23:00.5327630Z Secret source: Actions
2026-07-21T02:23:00.5328776Z Prepare workflow directory
2026-07-21T02:23:00.5845831Z Prepare all required actions
2026-07-21T02:23:00.5902639Z Getting action download info
2026-07-21T02:23:00.8237480Z Download action repository 'actions/checkout@v4' (SHA:11d5960a326750d5838078e36cf38b85af677262)
2026-07-21T02:23:01.1741244Z Download action repository 'actions/upload-artifact@v4' (SHA:ea165f8d65b6e75b540449e92b4886f43607fa02)
2026-07-21T02:23:01.3830265Z Complete job name: Follow-up shard 3
2026-07-21T02:23:01.4578149Z Node 20 is being deprecated. This workflow is running with Node 24 by default. If you need to temporarily use Node 20, you can set the ACTIONS_ALLOW_USE_UNSECURE_NODE_VERSION=true environment variable. For more information see: https://github.blog/changelog/2025-09-19-deprecation-of-node-20-on-github-actions-runners/
2026-07-21T02:23:01.4587872Z ##[group]Run actions/checkout@v4
2026-07-21T02:23:01.4588645Z with:
2026-07-21T02:23:01.4589130Z   ref: 43c006977c6dcc906968fe9b1a8d37e3ddd31309
2026-07-21T02:23:01.4589889Z   repository: Grisha-Pochuev/monochromatic-no-three-in-line-solver
2026-07-21T02:23:01.4594164Z   token: ***
2026-07-21T02:23:01.4594610Z   ssh-strict: true
2026-07-21T02:23:01.4595048Z   ssh-user: git
2026-07-21T02:23:01.4595498Z   persist-credentials: true
2026-07-21T02:23:01.4595985Z   clean: true
2026-07-21T02:23:01.4596421Z   sparse-checkout-cone-mode: true
2026-07-21T02:23:01.4596943Z   fetch-depth: 1
2026-07-21T02:23:01.4597374Z   fetch-tags: false
2026-07-21T02:23:01.4597851Z   show-progress: true
2026-07-21T02:23:01.4598298Z   lfs: false
2026-07-21T02:23:01.4598717Z   submodules: false
2026-07-21T02:23:01.4599157Z   set-safe-directory: true
2026-07-21T02:23:01.4599653Z   allow-unsafe-pr-checkout: false
2026-07-21T02:23:01.4600478Z env:
2026-07-21T02:23:01.4600901Z   PYTHONUNBUFFERED: 1
2026-07-21T02:23:01.4601364Z   MALLOC_ARENA_MAX: 2
2026-07-21T02:23:01.4602452Z   OMP_NUM_THREADS: 1
2026-07-21T02:23:01.4603139Z   OPENBLAS_NUM_THREADS: 1
2026-07-21T02:23:01.4603830Z   MKL_NUM_THREADS: 1
2026-07-21T02:23:01.4604491Z ##[endgroup]
2026-07-21T02:23:01.5722858Z Syncing repository: Grisha-Pochuev/monochromatic-no-three-in-line-solver
2026-07-21T02:23:01.5726138Z ##[group]Getting Git version info
2026-07-21T02:23:01.5728023Z Working directory is '/home/runner/work/monochromatic-no-three-in-line-solver/monochromatic-no-three-in-line-solver'
2026-07-21T02:23:01.5730694Z [command]/usr/bin/git version
2026-07-21T02:23:01.5802645Z git version 2.54.0
2026-07-21T02:23:01.5843148Z ##[endgroup]
2026-07-21T02:23:01.5857992Z Temporarily overriding HOME='/home/runner/work/_temp/a67e4c39-f972-48b1-ad5d-e3163dca95fb' before making global git config changes
2026-07-21T02:23:01.5861064Z Adding repository directory to the temporary git global config as a safe directory
2026-07-21T02:23:01.5885265Z [command]/usr/bin/git config --global --add safe.directory /home/runner/work/monochromatic-no-three-in-line-solver/monochromatic-no-three-in-line-solver
2026-07-21T02:23:01.5975389Z Deleting the contents of '/home/runner/work/monochromatic-no-three-in-line-solver/monochromatic-no-three-in-line-solver'
2026-07-21T02:23:01.5978292Z ##[group]Initializing the repository
2026-07-21T02:23:01.5983060Z [command]/usr/bin/git init /home/runner/work/monochromatic-no-three-in-line-solver/monochromatic-no-three-in-line-solver
2026-07-21T02:23:01.6146172Z hint: Using 'master' as the name for the initial branch. This default branch name
2026-07-21T02:23:01.6148153Z hint: will change to "main" in Git 3.0. To configure the initial branch name
2026-07-21T02:23:01.6149480Z hint: to use in all of your new repositories, which will suppress this warning,
2026-07-21T02:23:01.6150509Z hint: call:
2026-07-21T02:23:01.6150959Z hint:
2026-07-21T02:23:01.6151871Z hint: 	git config --global init.defaultBranch <name>
2026-07-21T02:23:01.6152875Z hint:
2026-07-21T02:23:01.6153896Z hint: Names commonly chosen instead of 'master' are 'main', 'trunk' and
2026-07-21T02:23:01.6155532Z hint: 'development'. The just-created branch can be renamed via this command:
2026-07-21T02:23:01.6156938Z hint:
2026-07-21T02:23:01.6157710Z hint: 	git branch -m <name>
2026-07-21T02:23:01.6158552Z hint:
2026-07-21T02:23:01.6159741Z hint: Disable this message with "git config set advice.defaultBranchName false"
2026-07-21T02:23:01.6162097Z Initialized empty Git repository in /home/runner/work/monochromatic-no-three-in-line-solver/monochromatic-no-three-in-line-solver/.git/
2026-07-21T02:23:01.6170174Z [command]/usr/bin/git remote add origin https://github.com/Grisha-Pochuev/monochromatic-no-three-in-line-solver
2026-07-21T02:23:01.6233456Z ##[endgroup]
2026-07-21T02:23:01.6234963Z ##[group]Disabling automatic garbage collection
2026-07-21T02:23:01.6236127Z [command]/usr/bin/git config --local gc.auto 0
2026-07-21T02:23:01.6273839Z ##[endgroup]
2026-07-21T02:23:01.6275215Z ##[group]Setting up auth
2026-07-21T02:23:01.6284097Z [command]/usr/bin/git config --local --name-only --get-regexp core\.sshCommand
2026-07-21T02:23:01.6326520Z [command]/usr/bin/git submodule foreach --recursive sh -c "git config --local --name-only --get-regexp 'core\.sshCommand' && git config --local --unset-all 'core.sshCommand' || :"
2026-07-21T02:23:01.6738854Z [command]/usr/bin/git config --local --name-only --get-regexp http\.https\:\/\/github\.com\/\.extraheader
2026-07-21T02:23:01.6777227Z [command]/usr/bin/git submodule foreach --recursive sh -c "git config --local --name-only --get-regexp 'http\.https\:\/\/github\.com\/\.extraheader' && git config --local --unset-all 'http.https://github.com/.extraheader' || :"
2026-07-21T02:23:01.7004042Z [command]/usr/bin/git config --local --name-only --get-regexp ^includeIf\.gitdir:
2026-07-21T02:23:01.7047882Z [command]/usr/bin/git submodule foreach --recursive git config --local --show-origin --name-only --get-regexp remote.origin.url
2026-07-21T02:23:01.7323120Z [command]/usr/bin/git config --local http.https://github.com/.extraheader AUTHORIZATION: basic ***
2026-07-21T02:23:01.7362783Z ##[endgroup]
2026-07-21T02:23:01.7363681Z ##[group]Fetching the repository
2026-07-21T02:23:01.7372055Z [command]/usr/bin/git -c protocol.version=2 fetch --no-tags --prune --no-recurse-submodules --depth=1 origin 43c006977c6dcc906968fe9b1a8d37e3ddd31309
2026-07-21T02:23:02.1245634Z From https://github.com/Grisha-Pochuev/monochromatic-no-three-in-line-solver
2026-07-21T02:23:02.1280511Z  * branch            43c006977c6dcc906968fe9b1a8d37e3ddd31309 -> FETCH_HEAD
2026-07-21T02:23:02.1291110Z ##[endgroup]
2026-07-21T02:23:02.1293107Z ##[group]Determining the checkout info
2026-07-21T02:23:02.1294712Z ##[endgroup]
2026-07-21T02:23:02.1295943Z [command]/usr/bin/git sparse-checkout disable
2026-07-21T02:23:02.1347732Z [command]/usr/bin/git config --local --unset-all extensions.worktreeConfig
2026-07-21T02:23:02.1382928Z ##[group]Checking out the ref
2026-07-21T02:23:02.1390099Z [command]/usr/bin/git checkout --progress --force 43c006977c6dcc906968fe9b1a8d37e3ddd31309
2026-07-21T02:23:02.1548327Z Note: switching to '43c006977c6dcc906968fe9b1a8d37e3ddd31309'.
2026-07-21T02:23:02.1550168Z 
2026-07-21T02:23:02.1552203Z You are in 'detached HEAD' state. You can look around, make experimental
2026-07-21T02:23:02.1553813Z changes and commit them, and you can discard any commits you make in this
2026-07-21T02:23:02.1555347Z state without impacting any branches by switching back to a branch.
2026-07-21T02:23:02.1556606Z 
2026-07-21T02:23:02.1557225Z If you want to create a new branch to retain commits you create, you may
2026-07-21T02:23:02.1558683Z do so (now or later) by using -c with the switch command. Example:
2026-07-21T02:23:02.1559596Z 
2026-07-21T02:23:02.1559974Z   git switch -c <new-branch-name>
2026-07-21T02:23:02.1560566Z 
2026-07-21T02:23:02.1561002Z Or undo this operation with:
2026-07-21T02:23:02.1561964Z 
2026-07-21T02:23:02.1562281Z   git switch -
2026-07-21T02:23:02.1562943Z 
2026-07-21T02:23:02.1563925Z Turn off this advice by setting config variable advice.detachedHead to false
2026-07-21T02:23:02.1565452Z 
2026-07-21T02:23:02.1566388Z HEAD is now at 43c0069 archive n22 run 29770927206 and schedule 170 survivors
2026-07-21T02:23:02.1570241Z ##[endgroup]
2026-07-21T02:23:02.1609234Z [command]/usr/bin/git log -1 --format=%H
2026-07-21T02:23:02.1635608Z 43c006977c6dcc906968fe9b1a8d37e3ddd31309
2026-07-21T02:23:02.1865055Z ##[group]Run python -m pip install ortools==9.15.6755
2026-07-21T02:23:02.1866786Z [36;1mpython -m pip install ortools==9.15.6755[0m
2026-07-21T02:23:02.1949132Z shell: /usr/bin/bash -e {0}
2026-07-21T02:23:02.1950199Z env:
2026-07-21T02:23:02.1951019Z   PYTHONUNBUFFERED: 1
2026-07-21T02:23:02.1952315Z   MALLOC_ARENA_MAX: 2
2026-07-21T02:23:02.1953295Z   OMP_NUM_THREADS: 1
2026-07-21T02:23:02.1954248Z   OPENBLAS_NUM_THREADS: 1
2026-07-21T02:23:02.1955233Z   MKL_NUM_THREADS: 1
2026-07-21T02:23:02.1956133Z ##[endgroup]
2026-07-21T02:23:03.4533917Z Defaulting to user installation because normal site-packages is not writeable
2026-07-21T02:23:04.4393200Z Collecting ortools==9.15.6755
2026-07-21T02:23:04.4673477Z   Downloading ortools-9.15.6755-cp312-cp312-manylinux_2_27_x86_64.manylinux_2_28_x86_64.whl.metadata (3.3 kB)
2026-07-21T02:23:04.4917895Z Collecting absl-py>=2.0.0 (from ortools==9.15.6755)
2026-07-21T02:23:04.4949354Z   Downloading absl_py-2.5.0-py3-none-any.whl.metadata (3.3 kB)
2026-07-21T02:23:04.7305932Z Collecting numpy>=2.0.2 (from ortools==9.15.6755)
2026-07-21T02:23:04.7339481Z   Downloading numpy-2.5.1-cp312-cp312-manylinux_2_27_x86_64.manylinux_2_28_x86_64.whl.metadata (6.6 kB)
2026-07-21T02:23:04.8689794Z Collecting pandas>=2.0.0 (from ortools==9.15.6755)
2026-07-21T02:23:04.8729946Z   Downloading pandas-3.0.3-cp312-cp312-manylinux_2_24_x86_64.manylinux_2_28_x86_64.whl.metadata (79 kB)
2026-07-21T02:23:04.8830934Z      ━━━━━━━━━━━━━━━━━━━━━━━━━━━━━━━━━━━━━━━━ 79.5/79.5 kB 9.5 MB/s eta 0:00:00
2026-07-21T02:23:05.0938709Z Collecting protobuf<6.34,>=6.33.1 (from ortools==9.15.6755)
2026-07-21T02:23:05.0972206Z   Downloading protobuf-6.33.6-cp39-abi3-manylinux2014_x86_64.whl.metadata (593 bytes)
2026-07-21T02:23:05.1247628Z Collecting typing-extensions>=4.12 (from ortools==9.15.6755)
2026-07-21T02:23:05.1278260Z   Downloading typing_extensions-4.16.0-py3-none-any.whl.metadata (3.3 kB)
2026-07-21T02:23:05.1505017Z Collecting immutabledict>=3.0.0 (from ortools==9.15.6755)
2026-07-21T02:23:05.1537168Z   Downloading immutabledict-4.3.1-py3-none-any.whl.metadata (3.5 kB)
2026-07-21T02:23:05.2434847Z Requirement already satisfied: python-dateutil>=2.8.2 in /usr/lib/python3/dist-packages (from pandas>=2.0.0->ortools==9.15.6755) (2.8.2)
2026-07-21T02:23:05.2530501Z Downloading ortools-9.15.6755-cp312-cp312-manylinux_2_27_x86_64.manylinux_2_28_x86_64.whl (29.8 MB)
2026-07-21T02:23:05.4207866Z    ━━━━━━━━━━━━━━━━━━━━━━━━━━━━━━━━━━━━━━━━ 29.8/29.8 MB 130.8 MB/s eta 0:00:00
2026-07-21T02:23:05.4242264Z Downloading absl_py-2.5.0-py3-none-any.whl (137 kB)
2026-07-21T02:23:05.4288031Z    ━━━━━━━━━━━━━━━━━━━━━━━━━━━━━━━━━━━━━━━━ 137.4/137.4 kB 47.6 MB/s eta 0:00:00
2026-07-21T02:23:05.4317752Z Downloading immutabledict-4.3.1-py3-none-any.whl (5.0 kB)
2026-07-21T02:23:05.4373590Z Downloading numpy-2.5.1-cp312-cp312-manylinux_2_27_x86_64.manylinux_2_28_x86_64.whl (16.7 MB)
2026-07-21T02:23:05.5516645Z    ━━━━━━━━━━━━━━━━━━━━━━━━━━━━━━━━━━━━━━━━ 16.7/16.7 MB 131.3 MB/s eta 0:00:00
2026-07-21T02:23:05.5554280Z Downloading pandas-3.0.3-cp312-cp312-manylinux_2_24_x86_64.manylinux_2_28_x86_64.whl (10.9 MB)
2026-07-21T02:23:05.6332017Z    ━━━━━━━━━━━━━━━━━━━━━━━━━━━━━━━━━━━━━━━━ 10.9/10.9 MB 145.7 MB/s eta 0:00:00
2026-07-21T02:23:05.6367981Z Downloading protobuf-6.33.6-cp39-abi3-manylinux2014_x86_64.whl (323 kB)
2026-07-21T02:23:05.6428939Z    ━━━━━━━━━━━━━━━━━━━━━━━━━━━━━━━━━━━━━━━━ 323.4/323.4 kB 73.6 MB/s eta 0:00:00
2026-07-21T02:23:05.6459104Z Downloading typing_extensions-4.16.0-py3-none-any.whl (45 kB)
2026-07-21T02:23:05.6497530Z    ━━━━━━━━━━━━━━━━━━━━━━━━━━━━━━━━━━━━━━━━ 45.6/45.6 kB 16.7 MB/s eta 0:00:00
2026-07-21T02:23:06.0603012Z Installing collected packages: typing-extensions, protobuf, numpy, immutabledict, absl-py, pandas, ortools
2026-07-21T02:23:12.4867764Z Successfully installed absl-py-2.5.0 immutabledict-4.3.1 numpy-2.5.1 ortools-9.15.6755 pandas-3.0.3 protobuf-6.33.6 typing-extensions-4.16.0
2026-07-21T02:23:12.6121775Z ##[group]Run {
2026-07-21T02:23:12.6122169Z [36;1m{[0m
2026-07-21T02:23:12.6122381Z [36;1m  echo "=== machine ==="[0m
2026-07-21T02:23:12.6122707Z [36;1m  date -u[0m
2026-07-21T02:23:12.6122951Z [36;1m  echo "nproc=$(nproc)"[0m
2026-07-21T02:23:12.6123187Z [36;1m  free -h[0m
2026-07-21T02:23:12.6123378Z [36;1m  df -h[0m
2026-07-21T02:23:12.6123626Z [36;1m  grep -m1 'model name' /proc/cpuinfo || true[0m
2026-07-21T02:23:12.6123959Z [36;1m} | tee machine-3.log[0m
2026-07-21T02:23:12.6184495Z shell: /usr/bin/bash -e {0}
2026-07-21T02:23:12.6184743Z env:
2026-07-21T02:23:12.6184928Z   PYTHONUNBUFFERED: 1
2026-07-21T02:23:12.6185144Z   MALLOC_ARENA_MAX: 2
2026-07-21T02:23:12.6185340Z   OMP_NUM_THREADS: 1
2026-07-21T02:23:12.6185537Z   OPENBLAS_NUM_THREADS: 1
2026-07-21T02:23:12.6185748Z   MKL_NUM_THREADS: 1
2026-07-21T02:23:12.6185935Z ##[endgroup]
2026-07-21T02:23:12.6344734Z === machine ===
2026-07-21T02:23:12.6345777Z Tue Jul 21 02:23:12 UTC 2026
2026-07-21T02:23:12.6366603Z nproc=1
2026-07-21T02:23:12.6382759Z                total        used        free      shared  buff/cache   available
2026-07-21T02:23:12.6383798Z Mem:            15Gi       1.0Gi        12Gi        42Mi       2.8Gi        14Gi
2026-07-21T02:23:12.6384470Z Swap:          3.0Gi          0B       3.0Gi
2026-07-21T02:23:12.6586117Z Filesystem      Size  Used Avail Use% Mounted on
2026-07-21T02:23:12.6586707Z /dev/root       145G   58G   87G  40% /
2026-07-21T02:23:12.6587250Z tmpfs           7.9G   84K  7.9G   1% /dev/shm
2026-07-21T02:23:12.6587765Z tmpfs           3.2G 1012K  3.2G   1% /run
2026-07-21T02:23:12.6588316Z tmpfs           5.0M     0  5.0M   0% /run/lock
2026-07-21T02:23:12.6589127Z efivarfs        128M   32K  128M   1% /sys/firmware/efi/efivars
2026-07-21T02:23:12.6589884Z /dev/sda16      881M   64M  756M   8% /boot
2026-07-21T02:23:12.6590227Z /dev/sda15      105M  6.2M   99M   6% /boot/efi
2026-07-21T02:23:12.6590588Z tmpfs           1.6G   12K  1.6G   1% /run/user/1001
2026-07-21T02:23:12.6600202Z model name	: AMD EPYC 7763 64-Core Processor
2026-07-21T02:23:12.6636101Z ##[group]Run set -uo pipefail
2026-07-21T02:23:12.6636419Z [36;1mset -uo pipefail[0m
2026-07-21T02:23:12.6636637Z [36;1m([0m
2026-07-21T02:23:12.6636817Z [36;1m  while true; do[0m
2026-07-21T02:23:12.6637055Z [36;1m    echo "=== $(date -u +%FT%TZ) ==="[0m
2026-07-21T02:23:12.6637332Z [36;1m    free -h[0m
2026-07-21T02:23:12.6637639Z [36;1m    ps -eo pid,ppid,rss,vsz,%mem,%cpu,cmd --sort=-rss | head -n 15[0m
2026-07-21T02:23:12.6638151Z [36;1m    sleep 60[0m
2026-07-21T02:23:12.6638345Z [36;1m  done[0m
2026-07-21T02:23:12.6638537Z [36;1m) > "memory-3.log" 2>&1 &[0m
2026-07-21T02:23:12.6638782Z [36;1mmonitor_pid=$![0m
2026-07-21T02:23:12.6639048Z [36;1mpython 22x22/run_n22_profile_followup_shard.py \[0m
2026-07-21T02:23:12.6639501Z [36;1m  --schedule 22x22/runs/2026-07-21-run-29770927206/remaining_schedule.json \[0m
2026-07-21T02:23:12.6639905Z [36;1m  --shard "3" \[0m
2026-07-21T02:23:12.6640131Z [36;1m  --total-seconds 21000 \[0m
2026-07-21T02:23:12.6640407Z [36;1m  --workers 4 \[0m
2026-07-21T02:23:12.6640628Z [36;1m  --fallback-workers 2 \[0m
2026-07-21T02:23:12.6640876Z [36;1m  --memory-guard-mb 13000 \[0m
2026-07-21T02:23:12.6641125Z [36;1m  --max-seconds 2500 \[0m
2026-07-21T02:23:12.6641379Z [36;1m  --artifact-buffer-seconds 180 \[0m
2026-07-21T02:23:12.6642059Z [36;1m  --seed-base 2026072100 \[0m
2026-07-21T02:23:12.6642326Z [36;1m  --output-dir "results/shard-3"[0m
2026-07-21T02:23:12.6642578Z [36;1mrc=$?[0m
2026-07-21T02:23:12.6642794Z [36;1mkill "$monitor_pid" 2>/dev/null || true[0m
2026-07-21T02:23:12.6643094Z [36;1mwait "$monitor_pid" 2>/dev/null || true[0m
2026-07-21T02:23:12.6643357Z [36;1mexit "$rc"[0m
2026-07-21T02:23:12.6704142Z shell: /usr/bin/bash --noprofile --norc -e -o pipefail {0}
2026-07-21T02:23:12.6704471Z env:
2026-07-21T02:23:12.6704653Z   PYTHONUNBUFFERED: 1
2026-07-21T02:23:12.6704864Z   MALLOC_ARENA_MAX: 2
2026-07-21T02:23:12.6705062Z   OMP_NUM_THREADS: 1
2026-07-21T02:23:12.6705279Z   OPENBLAS_NUM_THREADS: 1
2026-07-21T02:23:12.6705511Z   MKL_NUM_THREADS: 1
2026-07-21T02:23:12.6705746Z ##[endgroup]
2026-07-21T06:23:20.6522430Z ##[group]Run free -h
2026-07-21T06:23:20.6522706Z [36;1mfree -h[0m
2026-07-21T06:23:20.6522899Z [36;1mdf -h[0m
2026-07-21T06:23:20.6581108Z shell: /usr/bin/bash -e {0}
2026-07-21T06:23:20.6588626Z env:
2026-07-21T06:23:20.6588844Z   PYTHONUNBUFFERED: 1
2026-07-21T06:23:20.6589090Z   MALLOC_ARENA_MAX: 2
2026-07-21T06:23:20.6589304Z   OMP_NUM_THREADS: 1
2026-07-21T06:23:20.6589518Z   OPENBLAS_NUM_THREADS: 1
2026-07-21T06:23:20.6589738Z   MKL_NUM_THREADS: 1
2026-07-21T06:23:20.6589944Z ##[endgroup]
2026-07-21T06:23:20.6678766Z                total        used        free      shared  buff/cache   available
2026-07-21T06:23:20.6679342Z Mem:            15Gi       956Mi        12Gi        47Mi       2.9Gi        14Gi
2026-07-21T06:23:20.6679712Z Swap:          3.0Gi          0B       3.0Gi
2026-07-21T06:23:20.6694995Z Filesystem      Size  Used Avail Use% Mounted on
2026-07-21T06:23:20.6695393Z /dev/root       145G   58G   87G  40% /
2026-07-21T06:23:20.6695738Z tmpfs           7.9G   84K  7.9G   1% /dev/shm
2026-07-21T06:23:20.6696267Z tmpfs           3.2G 1012K  3.2G   1% /run
2026-07-21T06:23:20.6696772Z tmpfs           5.0M     0  5.0M   0% /run/lock
2026-07-21T06:23:20.6697400Z efivarfs        128M   32K  128M   1% /sys/firmware/efi/efivars
2026-07-21T06:23:20.6698070Z /dev/sda16      881M   64M  756M   8% /boot
2026-07-21T06:23:20.6698560Z /dev/sda15      105M  6.2M   99M   6% /boot/efi
2026-07-21T06:23:20.6699019Z tmpfs           1.6G   12K  1.6G   1% /run/user/1001
2026-07-21T06:23:20.6752552Z Node 20 is being deprecated. This workflow is running with Node 24 by default. If you need to temporarily use Node 20, you can set the ACTIONS_ALLOW_USE_UNSECURE_NODE_VERSION=true environment variable. For more information see: https://github.blog/changelog/2025-09-19-deprecation-of-node-20-on-github-actions-runners/
2026-07-21T06:23:20.6754405Z ##[group]Run actions/upload-artifact@v4
2026-07-21T06:23:20.6754669Z with:
2026-07-21T06:23:20.6754876Z   name: n22-profile-followup-shard-3
2026-07-21T06:23:20.6755161Z   path: results/
memory-3.log
machine-3.log

2026-07-21T06:23:20.6755433Z   retention-days: 30
2026-07-21T06:23:20.6755638Z   if-no-files-found: warn
2026-07-21T06:23:20.6755852Z   compression-level: 6
2026-07-21T06:23:20.6756052Z   overwrite: false
2026-07-21T06:23:20.6756439Z   include-hidden-files: false
2026-07-21T06:23:20.6756657Z env:
2026-07-21T06:23:20.6756829Z   PYTHONUNBUFFERED: 1
2026-07-21T06:23:20.6757028Z   MALLOC_ARENA_MAX: 2
2026-07-21T06:23:20.6757249Z   OMP_NUM_THREADS: 1
2026-07-21T06:23:20.6757449Z   OPENBLAS_NUM_THREADS: 1
2026-07-21T06:23:20.6757653Z   MKL_NUM_THREADS: 1
2026-07-21T06:23:20.6757837Z ##[endgroup]
2026-07-21T06:23:20.8376341Z (node:5844) [DEP0040] DeprecationWarning: The `punycode` module is deprecated. Please use a userland alternative instead.
2026-07-21T06:23:20.8377241Z (Use `node --trace-deprecation ...` to show where the warning was created)
2026-07-21T06:23:20.8506454Z Multiple search paths detected. Calculating the least common ancestor of all paths
2026-07-21T06:23:20.8511093Z The least common ancestor is /home/runner/work/monochromatic-no-three-in-line-solver/monochromatic-no-three-in-line-solver. This will be the root directory of the artifact
2026-07-21T06:23:20.8513190Z With the provided path, there will be 27 files uploaded
2026-07-21T06:23:20.8517105Z Artifact name is valid!
2026-07-21T06:23:20.8518222Z Root directory input is valid!
2026-07-21T06:23:21.0499425Z Beginning upload of artifact content to blob storage
2026-07-21T06:23:21.1069371Z (node:5844) [DEP0169] DeprecationWarning: `url.parse()` behavior is not standardized and prone to errors that have security implications. Use the WHATWG URL API instead. CVEs are not issued for `url.parse()` vulnerabilities.
2026-07-21T06:23:21.2293042Z Uploaded bytes 80877
2026-07-21T06:23:21.2707814Z Finished uploading artifact content to blob storage!
2026-07-21T06:23:21.2709024Z SHA256 digest of uploaded artifact zip is 53eab546d07d5d771e0228951e1c4e977489e6588a3d66c0fc5d9c8fa713bb04
2026-07-21T06:23:21.2712235Z Finalizing artifact upload
2026-07-21T06:23:21.4462638Z Artifact n22-profile-followup-shard-3.zip successfully finalized. Artifact ID 8485805704
2026-07-21T06:23:21.4464094Z Artifact n22-profile-followup-shard-3 has been successfully uploaded! Final size is 80877 bytes. Artifact ID is 8485805704
2026-07-21T06:23:21.4468384Z Artifact download URL: https://github.com/Grisha-Pochuev/monochromatic-no-three-in-line-solver/actions/runs/29795643015/artifacts/8485805704
2026-07-21T06:23:21.4682830Z Node 20 is being deprecated. This workflow is running with Node 24 by default. If you need to temporarily use Node 20, you can set the ACTIONS_ALLOW_USE_UNSECURE_NODE_VERSION=true environment variable. For more information see: https://github.blog/changelog/2025-09-19-deprecation-of-node-20-on-github-actions-runners/
2026-07-21T06:23:21.4684122Z Post job cleanup.
2026-07-21T06:23:21.5544204Z [command]/usr/bin/git version
2026-07-21T06:23:21.5585341Z git version 2.54.0
2026-07-21T06:23:21.5657681Z Temporarily overriding HOME='/home/runner/work/_temp/e2ad2fdf-bf9a-4c2f-b571-8cc21d27d3aa' before making global git config changes
2026-07-21T06:23:21.5659196Z Adding repository directory to the temporary git global config as a safe directory
2026-07-21T06:23:21.5663833Z [command]/usr/bin/git config --global --add safe.directory /home/runner/work/monochromatic-no-three-in-line-solver/monochromatic-no-three-in-line-solver
2026-07-21T06:23:21.5702129Z [command]/usr/bin/git config --local --name-only --get-regexp core\.sshCommand
2026-07-21T06:23:21.5739297Z [command]/usr/bin/git submodule foreach --recursive sh -c "git config --local --name-only --get-regexp 'core\.sshCommand' && git config --local --unset-all 'core.sshCommand' || :"
2026-07-21T06:23:21.5994426Z [command]/usr/bin/git config --local --name-only --get-regexp http\.https\:\/\/github\.com\/\.extraheader
2026-07-21T06:23:21.6026511Z http.https://github.com/.extraheader
2026-07-21T06:23:21.6038536Z [command]/usr/bin/git config --local --unset-all http.https://github.com/.extraheader
2026-07-21T06:23:21.6083549Z [command]/usr/bin/git submodule foreach --recursive sh -c "git config --local --name-only --get-regexp 'http\.https\:\/\/github\.com\/\.extraheader' && git config --local --unset-all 'http.https://github.com/.extraheader' || :"
2026-07-21T06:23:21.6336266Z [command]/usr/bin/git config --local --name-only --get-regexp ^includeIf\.gitdir:
2026-07-21T06:23:21.6373870Z [command]/usr/bin/git submodule foreach --recursive git config --local --show-origin --name-only --get-regexp remote.origin.url
2026-07-21T06:23:21.6771095Z Cleaning up orphan processes
2026-07-21T06:23:21.7104756Z Terminate orphan process: pid (5837) (sleep)
2026-07-21T06:23:21.7127689Z ##[warning]Node.js 20 is deprecated. The following actions target Node.js 20 but are being forced to run on Node.js 24: actions/checkout@v4, actions/upload-artifact@v4. For more information see: https://github.blog/changelog/2025-09-19-deprecation-of-node-20-on-github-actions-runners/
