2026-07-21T02:23:00.7754834Z Current runner version: '2.335.1'
2026-07-21T02:23:00.7781721Z ##[group]Runner Image Provisioner
2026-07-21T02:23:00.7782607Z Hosted Compute Agent
2026-07-21T02:23:00.7783178Z Version: 20260707.563
2026-07-21T02:23:00.7783854Z Commit: 02667638d2b423fbc733a8e32a88b44996a3ba6e
2026-07-21T02:23:00.7784562Z Build Date: 2026-07-07T19:33:50Z
2026-07-21T02:23:00.7785261Z Worker ID: {3280e725-a841-4c6d-b06d-62d0c79cd52e}
2026-07-21T02:23:00.7786036Z Azure Region: northcentralus
2026-07-21T02:23:00.7786653Z ##[endgroup]
2026-07-21T02:23:00.7788646Z ##[group]Operating System
2026-07-21T02:23:00.7789308Z Ubuntu
2026-07-21T02:23:00.7789806Z 24.04.4
2026-07-21T02:23:00.7790438Z LTS
2026-07-21T02:23:00.7790940Z ##[endgroup]
2026-07-21T02:23:00.7791511Z ##[group]Runner Image
2026-07-21T02:23:00.7792113Z Image: ubuntu-24.04
2026-07-21T02:23:00.7792672Z Version: 20260714.240.1
2026-07-21T02:23:00.7794357Z Included Software: https://github.com/actions/runner-images/blob/ubuntu24/20260714.240/images/ubuntu/Ubuntu2404-Readme.md
2026-07-21T02:23:00.7795922Z Image Release: https://github.com/actions/runner-images/releases/tag/ubuntu24%2F20260714.240
2026-07-21T02:23:00.7796887Z ##[endgroup]
2026-07-21T02:23:00.7798176Z ##[group]GITHUB_TOKEN Permissions
2026-07-21T02:23:00.7800533Z Actions: read
2026-07-21T02:23:00.7801138Z Contents: write
2026-07-21T02:23:00.7801764Z Metadata: read
2026-07-21T02:23:00.7802304Z ##[endgroup]
2026-07-21T02:23:00.7804351Z Secret source: Actions
2026-07-21T02:23:00.7805539Z Prepare workflow directory
2026-07-21T02:23:00.8217664Z Prepare all required actions
2026-07-21T02:23:00.8255986Z Getting action download info
2026-07-21T02:23:01.0767947Z Download action repository 'actions/checkout@v4' (SHA:11d5960a326750d5838078e36cf38b85af677262)
2026-07-21T02:23:01.4526007Z Download action repository 'actions/upload-artifact@v4' (SHA:ea165f8d65b6e75b540449e92b4886f43607fa02)
2026-07-21T02:23:01.6574384Z Complete job name: Follow-up shard 4
2026-07-21T02:23:01.7339891Z Node 20 is being deprecated. This workflow is running with Node 24 by default. If you need to temporarily use Node 20, you can set the ACTIONS_ALLOW_USE_UNSECURE_NODE_VERSION=true environment variable. For more information see: https://github.blog/changelog/2025-09-19-deprecation-of-node-20-on-github-actions-runners/
2026-07-21T02:23:01.7349072Z ##[group]Run actions/checkout@v4
2026-07-21T02:23:01.7349813Z with:
2026-07-21T02:23:01.7350285Z   ref: 43c006977c6dcc906968fe9b1a8d37e3ddd31309
2026-07-21T02:23:01.7351048Z   repository: Grisha-Pochuev/monochromatic-no-three-in-line-solver
2026-07-21T02:23:01.7355028Z   token: ***
2026-07-21T02:23:01.7355451Z   ssh-strict: true
2026-07-21T02:23:01.7355878Z   ssh-user: git
2026-07-21T02:23:01.7356315Z   persist-credentials: true
2026-07-21T02:23:01.7356789Z   clean: true
2026-07-21T02:23:01.7357227Z   sparse-checkout-cone-mode: true
2026-07-21T02:23:01.7357737Z   fetch-depth: 1
2026-07-21T02:23:01.7358351Z   fetch-tags: false
2026-07-21T02:23:01.7358836Z   show-progress: true
2026-07-21T02:23:01.7359275Z   lfs: false
2026-07-21T02:23:01.7359686Z   submodules: false
2026-07-21T02:23:01.7360122Z   set-safe-directory: true
2026-07-21T02:23:01.7360621Z   allow-unsafe-pr-checkout: false
2026-07-21T02:23:01.7361373Z env:
2026-07-21T02:23:01.7361784Z   PYTHONUNBUFFERED: 1
2026-07-21T02:23:01.7362300Z   MALLOC_ARENA_MAX: 2
2026-07-21T02:23:01.7362801Z   OMP_NUM_THREADS: 1
2026-07-21T02:23:01.7363300Z   OPENBLAS_NUM_THREADS: 1
2026-07-21T02:23:01.7363824Z   MKL_NUM_THREADS: 1
2026-07-21T02:23:01.7364312Z ##[endgroup]
2026-07-21T02:23:01.8449521Z Syncing repository: Grisha-Pochuev/monochromatic-no-three-in-line-solver
2026-07-21T02:23:01.8452957Z ##[group]Getting Git version info
2026-07-21T02:23:01.8454704Z Working directory is '/home/runner/work/monochromatic-no-three-in-line-solver/monochromatic-no-three-in-line-solver'
2026-07-21T02:23:01.8456917Z [command]/usr/bin/git version
2026-07-21T02:23:01.8545807Z git version 2.54.0
2026-07-21T02:23:01.8589829Z ##[endgroup]
2026-07-21T02:23:01.8598206Z Temporarily overriding HOME='/home/runner/work/_temp/845b0445-52b4-422e-a33f-0f246073a77d' before making global git config changes
2026-07-21T02:23:01.8599966Z Adding repository directory to the temporary git global config as a safe directory
2026-07-21T02:23:01.8604507Z [command]/usr/bin/git config --global --add safe.directory /home/runner/work/monochromatic-no-three-in-line-solver/monochromatic-no-three-in-line-solver
2026-07-21T02:23:01.8675384Z Deleting the contents of '/home/runner/work/monochromatic-no-three-in-line-solver/monochromatic-no-three-in-line-solver'
2026-07-21T02:23:01.8678935Z ##[group]Initializing the repository
2026-07-21T02:23:01.8684414Z [command]/usr/bin/git init /home/runner/work/monochromatic-no-three-in-line-solver/monochromatic-no-three-in-line-solver
2026-07-21T02:23:01.8798644Z hint: Using 'master' as the name for the initial branch. This default branch name
2026-07-21T02:23:01.8800498Z hint: will change to "main" in Git 3.0. To configure the initial branch name
2026-07-21T02:23:01.8802345Z hint: to use in all of your new repositories, which will suppress this warning,
2026-07-21T02:23:01.8803382Z hint: call:
2026-07-21T02:23:01.8804459Z hint:
2026-07-21T02:23:01.8805787Z hint: 	git config --global init.defaultBranch <name>
2026-07-21T02:23:01.8807400Z hint:
2026-07-21T02:23:01.8809195Z hint: Names commonly chosen instead of 'master' are 'main', 'trunk' and
2026-07-21T02:23:01.8811158Z hint: 'development'. The just-created branch can be renamed via this command:
2026-07-21T02:23:01.8812724Z hint:
2026-07-21T02:23:01.8813653Z hint: 	git branch -m <name>
2026-07-21T02:23:01.8814654Z hint:
2026-07-21T02:23:01.8816051Z hint: Disable this message with "git config set advice.defaultBranchName false"
2026-07-21T02:23:01.8819318Z Initialized empty Git repository in /home/runner/work/monochromatic-no-three-in-line-solver/monochromatic-no-three-in-line-solver/.git/
2026-07-21T02:23:01.8824447Z [command]/usr/bin/git remote add origin https://github.com/Grisha-Pochuev/monochromatic-no-three-in-line-solver
2026-07-21T02:23:01.8869048Z ##[endgroup]
2026-07-21T02:23:01.8869851Z ##[group]Disabling automatic garbage collection
2026-07-21T02:23:01.8874340Z [command]/usr/bin/git config --local gc.auto 0
2026-07-21T02:23:01.8906390Z ##[endgroup]
2026-07-21T02:23:01.8907103Z ##[group]Setting up auth
2026-07-21T02:23:01.8915550Z [command]/usr/bin/git config --local --name-only --get-regexp core\.sshCommand
2026-07-21T02:23:01.8971662Z [command]/usr/bin/git submodule foreach --recursive sh -c "git config --local --name-only --get-regexp 'core\.sshCommand' && git config --local --unset-all 'core.sshCommand' || :"
2026-07-21T02:23:01.9378512Z [command]/usr/bin/git config --local --name-only --get-regexp http\.https\:\/\/github\.com\/\.extraheader
2026-07-21T02:23:01.9420418Z [command]/usr/bin/git submodule foreach --recursive sh -c "git config --local --name-only --get-regexp 'http\.https\:\/\/github\.com\/\.extraheader' && git config --local --unset-all 'http.https://github.com/.extraheader' || :"
2026-07-21T02:23:01.9675812Z [command]/usr/bin/git config --local --name-only --get-regexp ^includeIf\.gitdir:
2026-07-21T02:23:01.9714873Z [command]/usr/bin/git submodule foreach --recursive git config --local --show-origin --name-only --get-regexp remote.origin.url
2026-07-21T02:23:01.9951133Z [command]/usr/bin/git config --local http.https://github.com/.extraheader AUTHORIZATION: basic ***
2026-07-21T02:23:01.9994104Z ##[endgroup]
2026-07-21T02:23:02.0003248Z ##[group]Fetching the repository
2026-07-21T02:23:02.0004622Z [command]/usr/bin/git -c protocol.version=2 fetch --no-tags --prune --no-recurse-submodules --depth=1 origin 43c006977c6dcc906968fe9b1a8d37e3ddd31309
2026-07-21T02:23:02.3468825Z From https://github.com/Grisha-Pochuev/monochromatic-no-three-in-line-solver
2026-07-21T02:23:02.3471524Z  * branch            43c006977c6dcc906968fe9b1a8d37e3ddd31309 -> FETCH_HEAD
2026-07-21T02:23:02.3504959Z ##[endgroup]
2026-07-21T02:23:02.3506467Z ##[group]Determining the checkout info
2026-07-21T02:23:02.3508576Z ##[endgroup]
2026-07-21T02:23:02.3513845Z [command]/usr/bin/git sparse-checkout disable
2026-07-21T02:23:02.3565151Z [command]/usr/bin/git config --local --unset-all extensions.worktreeConfig
2026-07-21T02:23:02.3599617Z ##[group]Checking out the ref
2026-07-21T02:23:02.3605483Z [command]/usr/bin/git checkout --progress --force 43c006977c6dcc906968fe9b1a8d37e3ddd31309
2026-07-21T02:23:02.3759199Z Note: switching to '43c006977c6dcc906968fe9b1a8d37e3ddd31309'.
2026-07-21T02:23:02.3760482Z 
2026-07-21T02:23:02.3761217Z You are in 'detached HEAD' state. You can look around, make experimental
2026-07-21T02:23:02.3764191Z changes and commit them, and you can discard any commits you make in this
2026-07-21T02:23:02.3766957Z state without impacting any branches by switching back to a branch.
2026-07-21T02:23:02.3768957Z 
2026-07-21T02:23:02.3770093Z If you want to create a new branch to retain commits you create, you may
2026-07-21T02:23:02.3772780Z do so (now or later) by using -c with the switch command. Example:
2026-07-21T02:23:02.3774348Z 
2026-07-21T02:23:02.3775040Z   git switch -c <new-branch-name>
2026-07-21T02:23:02.3776064Z 
2026-07-21T02:23:02.3776620Z Or undo this operation with:
2026-07-21T02:23:02.3777840Z 
2026-07-21T02:23:02.3778752Z   git switch -
2026-07-21T02:23:02.3779534Z 
2026-07-21T02:23:02.3780736Z Turn off this advice by setting config variable advice.detachedHead to false
2026-07-21T02:23:02.3782545Z 
2026-07-21T02:23:02.3783743Z HEAD is now at 43c0069 archive n22 run 29770927206 and schedule 170 survivors
2026-07-21T02:23:02.3789702Z ##[endgroup]
2026-07-21T02:23:02.3830573Z [command]/usr/bin/git log -1 --format=%H
2026-07-21T02:23:02.3856802Z 43c006977c6dcc906968fe9b1a8d37e3ddd31309
2026-07-21T02:23:02.4087525Z ##[group]Run python -m pip install ortools==9.15.6755
2026-07-21T02:23:02.4089486Z [36;1mpython -m pip install ortools==9.15.6755[0m
2026-07-21T02:23:02.4174852Z shell: /usr/bin/bash -e {0}
2026-07-21T02:23:02.4175998Z env:
2026-07-21T02:23:02.4176808Z   PYTHONUNBUFFERED: 1
2026-07-21T02:23:02.4177767Z   MALLOC_ARENA_MAX: 2
2026-07-21T02:23:02.4179091Z   OMP_NUM_THREADS: 1
2026-07-21T02:23:02.4180052Z   OPENBLAS_NUM_THREADS: 1
2026-07-21T02:23:02.4181036Z   MKL_NUM_THREADS: 1
2026-07-21T02:23:02.4181940Z ##[endgroup]
2026-07-21T02:23:03.7100732Z Defaulting to user installation because normal site-packages is not writeable
2026-07-21T02:23:04.5371612Z Collecting ortools==9.15.6755
2026-07-21T02:23:04.5659737Z   Downloading ortools-9.15.6755-cp312-cp312-manylinux_2_27_x86_64.manylinux_2_28_x86_64.whl.metadata (3.3 kB)
2026-07-21T02:23:04.5924369Z Collecting absl-py>=2.0.0 (from ortools==9.15.6755)
2026-07-21T02:23:04.5955938Z   Downloading absl_py-2.5.0-py3-none-any.whl.metadata (3.3 kB)
2026-07-21T02:23:04.8399429Z Collecting numpy>=2.0.2 (from ortools==9.15.6755)
2026-07-21T02:23:04.8433305Z   Downloading numpy-2.5.1-cp312-cp312-manylinux_2_27_x86_64.manylinux_2_28_x86_64.whl.metadata (6.6 kB)
2026-07-21T02:23:04.9879039Z Collecting pandas>=2.0.0 (from ortools==9.15.6755)
2026-07-21T02:23:04.9913424Z   Downloading pandas-3.0.3-cp312-cp312-manylinux_2_24_x86_64.manylinux_2_28_x86_64.whl.metadata (79 kB)
2026-07-21T02:23:05.0034525Z      ━━━━━━━━━━━━━━━━━━━━━━━━━━━━━━━━━━━━━━━━ 79.5/79.5 kB 7.5 MB/s eta 0:00:00
2026-07-21T02:23:05.2102693Z Collecting protobuf<6.34,>=6.33.1 (from ortools==9.15.6755)
2026-07-21T02:23:05.2139091Z   Downloading protobuf-6.33.6-cp39-abi3-manylinux2014_x86_64.whl.metadata (593 bytes)
2026-07-21T02:23:05.2414324Z Collecting typing-extensions>=4.12 (from ortools==9.15.6755)
2026-07-21T02:23:05.2453299Z   Downloading typing_extensions-4.16.0-py3-none-any.whl.metadata (3.3 kB)
2026-07-21T02:23:05.2677706Z Collecting immutabledict>=3.0.0 (from ortools==9.15.6755)
2026-07-21T02:23:05.2712482Z   Downloading immutabledict-4.3.1-py3-none-any.whl.metadata (3.5 kB)
2026-07-21T02:23:05.3615394Z Requirement already satisfied: python-dateutil>=2.8.2 in /usr/lib/python3/dist-packages (from pandas>=2.0.0->ortools==9.15.6755) (2.8.2)
2026-07-21T02:23:05.3696824Z Downloading ortools-9.15.6755-cp312-cp312-manylinux_2_27_x86_64.manylinux_2_28_x86_64.whl (29.8 MB)
2026-07-21T02:23:05.5731176Z    ━━━━━━━━━━━━━━━━━━━━━━━━━━━━━━━━━━━━━━━━ 29.8/29.8 MB 113.1 MB/s eta 0:00:00
2026-07-21T02:23:05.5772936Z Downloading absl_py-2.5.0-py3-none-any.whl (137 kB)
2026-07-21T02:23:05.5824383Z    ━━━━━━━━━━━━━━━━━━━━━━━━━━━━━━━━━━━━━━━━ 137.4/137.4 kB 41.8 MB/s eta 0:00:00
2026-07-21T02:23:05.5856042Z Downloading immutabledict-4.3.1-py3-none-any.whl (5.0 kB)
2026-07-21T02:23:05.5912303Z Downloading numpy-2.5.1-cp312-cp312-manylinux_2_27_x86_64.manylinux_2_28_x86_64.whl (16.7 MB)
2026-07-21T02:23:05.7029738Z    ━━━━━━━━━━━━━━━━━━━━━━━━━━━━━━━━━━━━━━━━ 16.7/16.7 MB 136.0 MB/s eta 0:00:00
2026-07-21T02:23:05.7066984Z Downloading pandas-3.0.3-cp312-cp312-manylinux_2_24_x86_64.manylinux_2_28_x86_64.whl (10.9 MB)
2026-07-21T02:23:05.7835879Z    ━━━━━━━━━━━━━━━━━━━━━━━━━━━━━━━━━━━━━━━━ 10.9/10.9 MB 143.3 MB/s eta 0:00:00
2026-07-21T02:23:05.7872551Z Downloading protobuf-6.33.6-cp39-abi3-manylinux2014_x86_64.whl (323 kB)
2026-07-21T02:23:05.7928321Z    ━━━━━━━━━━━━━━━━━━━━━━━━━━━━━━━━━━━━━━━━ 323.4/323.4 kB 83.1 MB/s eta 0:00:00
2026-07-21T02:23:05.7961545Z Downloading typing_extensions-4.16.0-py3-none-any.whl (45 kB)
2026-07-21T02:23:05.8015784Z    ━━━━━━━━━━━━━━━━━━━━━━━━━━━━━━━━━━━━━━━━ 45.6/45.6 kB 12.4 MB/s eta 0:00:00
2026-07-21T02:23:06.2083608Z Installing collected packages: typing-extensions, protobuf, numpy, immutabledict, absl-py, pandas, ortools
2026-07-21T02:23:12.9050029Z Successfully installed absl-py-2.5.0 immutabledict-4.3.1 numpy-2.5.1 ortools-9.15.6755 pandas-3.0.3 protobuf-6.33.6 typing-extensions-4.16.0
2026-07-21T02:23:13.0702017Z ##[group]Run {
2026-07-21T02:23:13.0702272Z [36;1m{[0m
2026-07-21T02:23:13.0702470Z [36;1m  echo "=== machine ==="[0m
2026-07-21T02:23:13.0702739Z [36;1m  date -u[0m
2026-07-21T02:23:13.0702959Z [36;1m  echo "nproc=$(nproc)"[0m
2026-07-21T02:23:13.0703203Z [36;1m  free -h[0m
2026-07-21T02:23:13.0703403Z [36;1m  df -h[0m
2026-07-21T02:23:13.0703655Z [36;1m  grep -m1 'model name' /proc/cpuinfo || true[0m
2026-07-21T02:23:13.0704004Z [36;1m} | tee machine-4.log[0m
2026-07-21T02:23:13.0765883Z shell: /usr/bin/bash -e {0}
2026-07-21T02:23:13.0766130Z env:
2026-07-21T02:23:13.0766325Z   PYTHONUNBUFFERED: 1
2026-07-21T02:23:13.0766547Z   MALLOC_ARENA_MAX: 2
2026-07-21T02:23:13.0766753Z   OMP_NUM_THREADS: 1
2026-07-21T02:23:13.0766969Z   OPENBLAS_NUM_THREADS: 1
2026-07-21T02:23:13.0767193Z   MKL_NUM_THREADS: 1
2026-07-21T02:23:13.0767399Z ##[endgroup]
2026-07-21T02:23:13.0938217Z === machine ===
2026-07-21T02:23:13.0938684Z Tue Jul 21 02:23:13 UTC 2026
2026-07-21T02:23:13.0957918Z nproc=1
2026-07-21T02:23:13.0973920Z                total        used        free      shared  buff/cache   available
2026-07-21T02:23:13.0974637Z Mem:            15Gi       1.0Gi        12Gi        42Mi       2.8Gi        14Gi
2026-07-21T02:23:13.0975016Z Swap:          3.0Gi          0B       3.0Gi
2026-07-21T02:23:13.1079781Z Filesystem      Size  Used Avail Use% Mounted on
2026-07-21T02:23:13.1080406Z /dev/root       145G   58G   87G  40% /
2026-07-21T02:23:13.1080955Z tmpfs           7.9G   84K  7.9G   1% /dev/shm
2026-07-21T02:23:13.1081492Z tmpfs           3.2G 1012K  3.2G   1% /run
2026-07-21T02:23:13.1082007Z tmpfs           5.0M     0  5.0M   0% /run/lock
2026-07-21T02:23:13.1082618Z efivarfs        128M   32K  128M   1% /sys/firmware/efi/efivars
2026-07-21T02:23:13.1083211Z /dev/sda16      881M   64M  756M   8% /boot
2026-07-21T02:23:13.1083710Z /dev/sda15      105M  6.2M   99M   6% /boot/efi
2026-07-21T02:23:13.1084226Z tmpfs           1.6G   12K  1.6G   1% /run/user/1001
2026-07-21T02:23:13.1095086Z model name	: AMD EPYC 7763 64-Core Processor
2026-07-21T02:23:13.1132408Z ##[group]Run set -uo pipefail
2026-07-21T02:23:13.1132726Z [36;1mset -uo pipefail[0m
2026-07-21T02:23:13.1132954Z [36;1m([0m
2026-07-21T02:23:13.1133144Z [36;1m  while true; do[0m
2026-07-21T02:23:13.1133390Z [36;1m    echo "=== $(date -u +%FT%TZ) ==="[0m
2026-07-21T02:23:13.1133668Z [36;1m    free -h[0m
2026-07-21T02:23:13.1133993Z [36;1m    ps -eo pid,ppid,rss,vsz,%mem,%cpu,cmd --sort=-rss | head -n 15[0m
2026-07-21T02:23:13.1134533Z [36;1m    sleep 60[0m
2026-07-21T02:23:13.1134746Z [36;1m  done[0m
2026-07-21T02:23:13.1134954Z [36;1m) > "memory-4.log" 2>&1 &[0m
2026-07-21T02:23:13.1135217Z [36;1mmonitor_pid=$![0m
2026-07-21T02:23:13.1135502Z [36;1mpython 22x22/run_n22_profile_followup_shard.py \[0m
2026-07-21T02:23:13.1135978Z [36;1m  --schedule 22x22/runs/2026-07-21-run-29770927206/remaining_schedule.json \[0m
2026-07-21T02:23:13.1136399Z [36;1m  --shard "4" \[0m
2026-07-21T02:23:13.1136633Z [36;1m  --total-seconds 21000 \[0m
2026-07-21T02:23:13.1136917Z [36;1m  --workers 4 \[0m
2026-07-21T02:23:13.1137146Z [36;1m  --fallback-workers 2 \[0m
2026-07-21T02:23:13.1137402Z [36;1m  --memory-guard-mb 13000 \[0m
2026-07-21T02:23:13.1137660Z [36;1m  --max-seconds 2500 \[0m
2026-07-21T02:23:13.1137928Z [36;1m  --artifact-buffer-seconds 180 \[0m
2026-07-21T02:23:13.1138621Z [36;1m  --seed-base 2026072100 \[0m
2026-07-21T02:23:13.1138902Z [36;1m  --output-dir "results/shard-4"[0m
2026-07-21T02:23:13.1139165Z [36;1mrc=$?[0m
2026-07-21T02:23:13.1139388Z [36;1mkill "$monitor_pid" 2>/dev/null || true[0m
2026-07-21T02:23:13.1139702Z [36;1mwait "$monitor_pid" 2>/dev/null || true[0m
2026-07-21T02:23:13.1139976Z [36;1mexit "$rc"[0m
2026-07-21T02:23:13.1204108Z shell: /usr/bin/bash --noprofile --norc -e -o pipefail {0}
2026-07-21T02:23:13.1204454Z env:
2026-07-21T02:23:13.1204650Z   PYTHONUNBUFFERED: 1
2026-07-21T02:23:13.1204868Z   MALLOC_ARENA_MAX: 2
2026-07-21T02:23:13.1205068Z   OMP_NUM_THREADS: 1
2026-07-21T02:23:13.1205292Z   OPENBLAS_NUM_THREADS: 1
2026-07-21T02:23:13.1205548Z   MKL_NUM_THREADS: 1
2026-07-21T02:23:13.1205794Z ##[endgroup]
2026-07-21T06:28:07.2555094Z ##[group]Run free -h
2026-07-21T06:28:07.2555376Z [36;1mfree -h[0m
2026-07-21T06:28:07.2555577Z [36;1mdf -h[0m
2026-07-21T06:28:07.2615214Z shell: /usr/bin/bash -e {0}
2026-07-21T06:28:07.2615476Z env:
2026-07-21T06:28:07.2615673Z   PYTHONUNBUFFERED: 1
2026-07-21T06:28:07.2615922Z   MALLOC_ARENA_MAX: 2
2026-07-21T06:28:07.2616139Z   OMP_NUM_THREADS: 1
2026-07-21T06:28:07.2616363Z   OPENBLAS_NUM_THREADS: 1
2026-07-21T06:28:07.2616594Z   MKL_NUM_THREADS: 1
2026-07-21T06:28:07.2616805Z ##[endgroup]
2026-07-21T06:28:07.2714022Z                total        used        free      shared  buff/cache   available
2026-07-21T06:28:07.2714833Z Mem:            15Gi       963Mi        12Gi        47Mi       2.8Gi        14Gi
2026-07-21T06:28:07.2715417Z Swap:          3.0Gi          0B       3.0Gi
2026-07-21T06:28:07.2731038Z Filesystem      Size  Used Avail Use% Mounted on
2026-07-21T06:28:07.2731562Z /dev/root       145G   58G   87G  40% /
2026-07-21T06:28:07.2732071Z tmpfs           7.9G   84K  7.9G   1% /dev/shm
2026-07-21T06:28:07.2732544Z tmpfs           3.2G 1012K  3.2G   1% /run
2026-07-21T06:28:07.2733013Z tmpfs           5.0M     0  5.0M   0% /run/lock
2026-07-21T06:28:07.2733571Z efivarfs        128M   32K  128M   1% /sys/firmware/efi/efivars
2026-07-21T06:28:07.2734150Z /dev/sda16      881M   64M  756M   8% /boot
2026-07-21T06:28:07.2734602Z /dev/sda15      105M  6.2M   99M   6% /boot/efi
2026-07-21T06:28:07.2735101Z tmpfs           1.6G   12K  1.6G   1% /run/user/1001
2026-07-21T06:28:07.2794661Z Node 20 is being deprecated. This workflow is running with Node 24 by default. If you need to temporarily use Node 20, you can set the ACTIONS_ALLOW_USE_UNSECURE_NODE_VERSION=true environment variable. For more information see: https://github.blog/changelog/2025-09-19-deprecation-of-node-20-on-github-actions-runners/
2026-07-21T06:28:07.2796939Z ##[group]Run actions/upload-artifact@v4
2026-07-21T06:28:07.2797235Z with:
2026-07-21T06:28:07.2797450Z   name: n22-profile-followup-shard-4
2026-07-21T06:28:07.2797756Z   path: results/
memory-4.log
machine-4.log

2026-07-21T06:28:07.2798363Z   retention-days: 30
2026-07-21T06:28:07.2798597Z   if-no-files-found: warn
2026-07-21T06:28:07.2798827Z   compression-level: 6
2026-07-21T06:28:07.2799035Z   overwrite: false
2026-07-21T06:28:07.2799459Z   include-hidden-files: false
2026-07-21T06:28:07.2799696Z env:
2026-07-21T06:28:07.2799875Z   PYTHONUNBUFFERED: 1
2026-07-21T06:28:07.2800085Z   MALLOC_ARENA_MAX: 2
2026-07-21T06:28:07.2800325Z   OMP_NUM_THREADS: 1
2026-07-21T06:28:07.2800535Z   OPENBLAS_NUM_THREADS: 1
2026-07-21T06:28:07.2800751Z   MKL_NUM_THREADS: 1
2026-07-21T06:28:07.2800947Z ##[endgroup]
2026-07-21T06:28:07.4464968Z (node:5286) [DEP0040] DeprecationWarning: The `punycode` module is deprecated. Please use a userland alternative instead.
2026-07-21T06:28:07.4465697Z (Use `node --trace-deprecation ...` to show where the warning was created)
2026-07-21T06:28:07.4620745Z Multiple search paths detected. Calculating the least common ancestor of all paths
2026-07-21T06:28:07.4623722Z The least common ancestor is /home/runner/work/monochromatic-no-three-in-line-solver/monochromatic-no-three-in-line-solver. This will be the root directory of the artifact
2026-07-21T06:28:07.4625677Z With the provided path, there will be 27 files uploaded
2026-07-21T06:28:07.4626849Z Artifact name is valid!
2026-07-21T06:28:07.4627374Z Root directory input is valid!
2026-07-21T06:28:07.6443091Z Beginning upload of artifact content to blob storage
2026-07-21T06:28:07.7041297Z (node:5286) [DEP0169] DeprecationWarning: `url.parse()` behavior is not standardized and prone to errors that have security implications. Use the WHATWG URL API instead. CVEs are not issued for `url.parse()` vulnerabilities.
2026-07-21T06:28:07.8243493Z Uploaded bytes 80482
2026-07-21T06:28:07.8534513Z Finished uploading artifact content to blob storage!
2026-07-21T06:28:07.8535706Z SHA256 digest of uploaded artifact zip is 38119a68c419ac3c458a27264fd5299f842dd39ca067b316b1926e3a77d33e3c
2026-07-21T06:28:07.8538511Z Finalizing artifact upload
2026-07-21T06:28:08.0295000Z Artifact n22-profile-followup-shard-4.zip successfully finalized. Artifact ID 8485899786
2026-07-21T06:28:08.0296389Z Artifact n22-profile-followup-shard-4 has been successfully uploaded! Final size is 80482 bytes. Artifact ID is 8485899786
2026-07-21T06:28:08.0306104Z Artifact download URL: https://github.com/Grisha-Pochuev/monochromatic-no-three-in-line-solver/actions/runs/29795643015/artifacts/8485899786
2026-07-21T06:28:08.0552382Z Node 20 is being deprecated. This workflow is running with Node 24 by default. If you need to temporarily use Node 20, you can set the ACTIONS_ALLOW_USE_UNSECURE_NODE_VERSION=true environment variable. For more information see: https://github.blog/changelog/2025-09-19-deprecation-of-node-20-on-github-actions-runners/
2026-07-21T06:28:08.0553687Z Post job cleanup.
2026-07-21T06:28:08.1437256Z [command]/usr/bin/git version
2026-07-21T06:28:08.1484877Z git version 2.54.0
2026-07-21T06:28:08.1527467Z Temporarily overriding HOME='/home/runner/work/_temp/fe2a530e-4e9c-4700-8760-3760d891f869' before making global git config changes
2026-07-21T06:28:08.1529109Z Adding repository directory to the temporary git global config as a safe directory
2026-07-21T06:28:08.1535036Z [command]/usr/bin/git config --global --add safe.directory /home/runner/work/monochromatic-no-three-in-line-solver/monochromatic-no-three-in-line-solver
2026-07-21T06:28:08.1579189Z [command]/usr/bin/git config --local --name-only --get-regexp core\.sshCommand
2026-07-21T06:28:08.1617324Z [command]/usr/bin/git submodule foreach --recursive sh -c "git config --local --name-only --get-regexp 'core\.sshCommand' && git config --local --unset-all 'core.sshCommand' || :"
2026-07-21T06:28:08.1880585Z [command]/usr/bin/git config --local --name-only --get-regexp http\.https\:\/\/github\.com\/\.extraheader
2026-07-21T06:28:08.1917148Z http.https://github.com/.extraheader
2026-07-21T06:28:08.1930086Z [command]/usr/bin/git config --local --unset-all http.https://github.com/.extraheader
2026-07-21T06:28:08.1965730Z [command]/usr/bin/git submodule foreach --recursive sh -c "git config --local --name-only --get-regexp 'http\.https\:\/\/github\.com\/\.extraheader' && git config --local --unset-all 'http.https://github.com/.extraheader' || :"
2026-07-21T06:28:08.2235313Z [command]/usr/bin/git config --local --name-only --get-regexp ^includeIf\.gitdir:
2026-07-21T06:28:08.2277703Z [command]/usr/bin/git submodule foreach --recursive git config --local --show-origin --name-only --get-regexp remote.origin.url
2026-07-21T06:28:08.2691936Z Cleaning up orphan processes
2026-07-21T06:28:08.3045159Z Terminate orphan process: pid (5280) (sleep)
2026-07-21T06:28:08.3062332Z ##[warning]Node.js 20 is deprecated. The following actions target Node.js 20 but are being forced to run on Node.js 24: actions/checkout@v4, actions/upload-artifact@v4. For more information see: https://github.blog/changelog/2025-09-19-deprecation-of-node-20-on-github-actions-runners/
