2026-07-21T02:23:01.4596600Z Current runner version: '2.335.1'
2026-07-21T02:23:01.4623119Z ##[group]Runner Image Provisioner
2026-07-21T02:23:01.4623968Z Hosted Compute Agent
2026-07-21T02:23:01.4624669Z Version: 20260707.563
2026-07-21T02:23:01.4625313Z Commit: 02667638d2b423fbc733a8e32a88b44996a3ba6e
2026-07-21T02:23:01.4626061Z Build Date: 2026-07-07T19:33:50Z
2026-07-21T02:23:01.4626753Z Worker ID: {44998605-8934-4490-94d1-426b8e40de17}
2026-07-21T02:23:01.4627464Z Azure Region: westus2
2026-07-21T02:23:01.4628445Z ##[endgroup]
2026-07-21T02:23:01.4630000Z ##[group]Operating System
2026-07-21T02:23:01.4630631Z Ubuntu
2026-07-21T02:23:01.4631249Z 24.04.4
2026-07-21T02:23:01.4631763Z LTS
2026-07-21T02:23:01.4632312Z ##[endgroup]
2026-07-21T02:23:01.4632906Z ##[group]Runner Image
2026-07-21T02:23:01.4633501Z Image: ubuntu-24.04
2026-07-21T02:23:01.4634104Z Version: 20260714.240.1
2026-07-21T02:23:01.4635340Z Included Software: https://github.com/actions/runner-images/blob/ubuntu24/20260714.240/images/ubuntu/Ubuntu2404-Readme.md
2026-07-21T02:23:01.4637351Z Image Release: https://github.com/actions/runner-images/releases/tag/ubuntu24%2F20260714.240
2026-07-21T02:23:01.4638561Z ##[endgroup]
2026-07-21T02:23:01.4639786Z ##[group]GITHUB_TOKEN Permissions
2026-07-21T02:23:01.4641967Z Actions: read
2026-07-21T02:23:01.4642715Z Contents: write
2026-07-21T02:23:01.4643293Z Metadata: read
2026-07-21T02:23:01.4643824Z ##[endgroup]
2026-07-21T02:23:01.4645958Z Secret source: Actions
2026-07-21T02:23:01.4646745Z Prepare workflow directory
2026-07-21T02:23:01.5050177Z Prepare all required actions
2026-07-21T02:23:01.5087962Z Getting action download info
2026-07-21T02:23:01.8707246Z Download action repository 'actions/checkout@v4' (SHA:11d5960a326750d5838078e36cf38b85af677262)
2026-07-21T02:23:02.1879388Z Download action repository 'actions/upload-artifact@v4' (SHA:ea165f8d65b6e75b540449e92b4886f43607fa02)
2026-07-21T02:23:02.3988820Z Complete job name: Follow-up shard 10
2026-07-21T02:23:02.4745313Z Node 20 is being deprecated. This workflow is running with Node 24 by default. If you need to temporarily use Node 20, you can set the ACTIONS_ALLOW_USE_UNSECURE_NODE_VERSION=true environment variable. For more information see: https://github.blog/changelog/2025-09-19-deprecation-of-node-20-on-github-actions-runners/
2026-07-21T02:23:02.4754359Z ##[group]Run actions/checkout@v4
2026-07-21T02:23:02.4755114Z with:
2026-07-21T02:23:02.4755589Z   ref: 43c006977c6dcc906968fe9b1a8d37e3ddd31309
2026-07-21T02:23:02.4756362Z   repository: Grisha-Pochuev/monochromatic-no-three-in-line-solver
2026-07-21T02:23:02.4760694Z   token: ***
2026-07-21T02:23:02.4761139Z   ssh-strict: true
2026-07-21T02:23:02.4761584Z   ssh-user: git
2026-07-21T02:23:02.4762034Z   persist-credentials: true
2026-07-21T02:23:02.4762522Z   clean: true
2026-07-21T02:23:02.4762967Z   sparse-checkout-cone-mode: true
2026-07-21T02:23:02.4763483Z   fetch-depth: 1
2026-07-21T02:23:02.4763909Z   fetch-tags: false
2026-07-21T02:23:02.4764387Z   show-progress: true
2026-07-21T02:23:02.4764862Z   lfs: false
2026-07-21T02:23:02.4765339Z   submodules: false
2026-07-21T02:23:02.4765784Z   set-safe-directory: true
2026-07-21T02:23:02.4766290Z   allow-unsafe-pr-checkout: false
2026-07-21T02:23:02.4767068Z env:
2026-07-21T02:23:02.4767492Z   PYTHONUNBUFFERED: 1
2026-07-21T02:23:02.4768128Z   MALLOC_ARENA_MAX: 2
2026-07-21T02:23:02.4768579Z   OMP_NUM_THREADS: 1
2026-07-21T02:23:02.4769028Z   OPENBLAS_NUM_THREADS: 1
2026-07-21T02:23:02.4769509Z   MKL_NUM_THREADS: 1
2026-07-21T02:23:02.4769944Z ##[endgroup]
2026-07-21T02:23:02.5783208Z Syncing repository: Grisha-Pochuev/monochromatic-no-three-in-line-solver
2026-07-21T02:23:02.5785327Z ##[group]Getting Git version info
2026-07-21T02:23:02.5786426Z Working directory is '/home/runner/work/monochromatic-no-three-in-line-solver/monochromatic-no-three-in-line-solver'
2026-07-21T02:23:02.5788077Z [command]/usr/bin/git version
2026-07-21T02:23:02.5860620Z git version 2.54.0
2026-07-21T02:23:02.5926341Z ##[endgroup]
2026-07-21T02:23:02.5946130Z Temporarily overriding HOME='/home/runner/work/_temp/d8cf5f30-cd88-49f8-b39c-2ce92ed3ea37' before making global git config changes
2026-07-21T02:23:02.5949944Z Adding repository directory to the temporary git global config as a safe directory
2026-07-21T02:23:02.5953365Z [command]/usr/bin/git config --global --add safe.directory /home/runner/work/monochromatic-no-three-in-line-solver/monochromatic-no-three-in-line-solver
2026-07-21T02:23:02.5998155Z Deleting the contents of '/home/runner/work/monochromatic-no-three-in-line-solver/monochromatic-no-three-in-line-solver'
2026-07-21T02:23:02.6000995Z ##[group]Initializing the repository
2026-07-21T02:23:02.6006704Z [command]/usr/bin/git init /home/runner/work/monochromatic-no-three-in-line-solver/monochromatic-no-three-in-line-solver
2026-07-21T02:23:02.6123966Z hint: Using 'master' as the name for the initial branch. This default branch name
2026-07-21T02:23:02.6125679Z hint: will change to "main" in Git 3.0. To configure the initial branch name
2026-07-21T02:23:02.6127208Z hint: to use in all of your new repositories, which will suppress this warning,
2026-07-21T02:23:02.6128743Z hint: call:
2026-07-21T02:23:02.6129384Z hint:
2026-07-21T02:23:02.6130196Z hint: 	git config --global init.defaultBranch <name>
2026-07-21T02:23:02.6131168Z hint:
2026-07-21T02:23:02.6132079Z hint: Names commonly chosen instead of 'master' are 'main', 'trunk' and
2026-07-21T02:23:02.6133641Z hint: 'development'. The just-created branch can be renamed via this command:
2026-07-21T02:23:02.6134857Z hint:
2026-07-21T02:23:02.6135490Z hint: 	git branch -m <name>
2026-07-21T02:23:02.6136221Z hint:
2026-07-21T02:23:02.6137227Z hint: Disable this message with "git config set advice.defaultBranchName false"
2026-07-21T02:23:02.6139790Z Initialized empty Git repository in /home/runner/work/monochromatic-no-three-in-line-solver/monochromatic-no-three-in-line-solver/.git/
2026-07-21T02:23:02.6143506Z [command]/usr/bin/git remote add origin https://github.com/Grisha-Pochuev/monochromatic-no-three-in-line-solver
2026-07-21T02:23:02.6189205Z ##[endgroup]
2026-07-21T02:23:02.6190396Z ##[group]Disabling automatic garbage collection
2026-07-21T02:23:02.6192740Z [command]/usr/bin/git config --local gc.auto 0
2026-07-21T02:23:02.6223652Z ##[endgroup]
2026-07-21T02:23:02.6224750Z ##[group]Setting up auth
2026-07-21T02:23:02.6230900Z [command]/usr/bin/git config --local --name-only --get-regexp core\.sshCommand
2026-07-21T02:23:02.6274504Z [command]/usr/bin/git submodule foreach --recursive sh -c "git config --local --name-only --get-regexp 'core\.sshCommand' && git config --local --unset-all 'core.sshCommand' || :"
2026-07-21T02:23:02.6675658Z [command]/usr/bin/git config --local --name-only --get-regexp http\.https\:\/\/github\.com\/\.extraheader
2026-07-21T02:23:02.6713967Z [command]/usr/bin/git submodule foreach --recursive sh -c "git config --local --name-only --get-regexp 'http\.https\:\/\/github\.com\/\.extraheader' && git config --local --unset-all 'http.https://github.com/.extraheader' || :"
2026-07-21T02:23:02.6940033Z [command]/usr/bin/git config --local --name-only --get-regexp ^includeIf\.gitdir:
2026-07-21T02:23:02.6977947Z [command]/usr/bin/git submodule foreach --recursive git config --local --show-origin --name-only --get-regexp remote.origin.url
2026-07-21T02:23:02.7207141Z [command]/usr/bin/git config --local http.https://github.com/.extraheader AUTHORIZATION: basic ***
2026-07-21T02:23:02.7245892Z ##[endgroup]
2026-07-21T02:23:02.7246703Z ##[group]Fetching the repository
2026-07-21T02:23:02.7255904Z [command]/usr/bin/git -c protocol.version=2 fetch --no-tags --prune --no-recurse-submodules --depth=1 origin 43c006977c6dcc906968fe9b1a8d37e3ddd31309
2026-07-21T02:23:03.1416983Z From https://github.com/Grisha-Pochuev/monochromatic-no-three-in-line-solver
2026-07-21T02:23:03.1419707Z  * branch            43c006977c6dcc906968fe9b1a8d37e3ddd31309 -> FETCH_HEAD
2026-07-21T02:23:03.1457290Z ##[endgroup]
2026-07-21T02:23:03.1459119Z ##[group]Determining the checkout info
2026-07-21T02:23:03.1461168Z ##[endgroup]
2026-07-21T02:23:03.1467122Z [command]/usr/bin/git sparse-checkout disable
2026-07-21T02:23:03.1519633Z [command]/usr/bin/git config --local --unset-all extensions.worktreeConfig
2026-07-21T02:23:03.1553821Z ##[group]Checking out the ref
2026-07-21T02:23:03.1557234Z [command]/usr/bin/git checkout --progress --force 43c006977c6dcc906968fe9b1a8d37e3ddd31309
2026-07-21T02:23:03.1714819Z Note: switching to '43c006977c6dcc906968fe9b1a8d37e3ddd31309'.
2026-07-21T02:23:03.1716163Z 
2026-07-21T02:23:03.1717373Z You are in 'detached HEAD' state. You can look around, make experimental
2026-07-21T02:23:03.1719603Z changes and commit them, and you can discard any commits you make in this
2026-07-21T02:23:03.1721317Z state without impacting any branches by switching back to a branch.
2026-07-21T02:23:03.1722174Z 
2026-07-21T02:23:03.1722776Z If you want to create a new branch to retain commits you create, you may
2026-07-21T02:23:03.1724154Z do so (now or later) by using -c with the switch command. Example:
2026-07-21T02:23:03.1725070Z 
2026-07-21T02:23:03.1725441Z   git switch -c <new-branch-name>
2026-07-21T02:23:03.1726014Z 
2026-07-21T02:23:03.1726328Z Or undo this operation with:
2026-07-21T02:23:03.1726857Z 
2026-07-21T02:23:03.1727179Z   git switch -
2026-07-21T02:23:03.1727600Z 
2026-07-21T02:23:03.1728611Z Turn off this advice by setting config variable advice.detachedHead to false
2026-07-21T02:23:03.1730295Z 
2026-07-21T02:23:03.1731344Z HEAD is now at 43c0069 archive n22 run 29770927206 and schedule 170 survivors
2026-07-21T02:23:03.1735218Z ##[endgroup]
2026-07-21T02:23:03.1777251Z [command]/usr/bin/git log -1 --format=%H
2026-07-21T02:23:03.1804267Z 43c006977c6dcc906968fe9b1a8d37e3ddd31309
2026-07-21T02:23:03.2038245Z ##[group]Run python -m pip install ortools==9.15.6755
2026-07-21T02:23:03.2039868Z [36;1mpython -m pip install ortools==9.15.6755[0m
2026-07-21T02:23:03.2120811Z shell: /usr/bin/bash -e {0}
2026-07-21T02:23:03.2121870Z env:
2026-07-21T02:23:03.2122672Z   PYTHONUNBUFFERED: 1
2026-07-21T02:23:03.2123617Z   MALLOC_ARENA_MAX: 2
2026-07-21T02:23:03.2124561Z   OMP_NUM_THREADS: 1
2026-07-21T02:23:03.2125504Z   OPENBLAS_NUM_THREADS: 1
2026-07-21T02:23:03.2126477Z   MKL_NUM_THREADS: 1
2026-07-21T02:23:03.2127359Z ##[endgroup]
2026-07-21T02:23:04.2718117Z Defaulting to user installation because normal site-packages is not writeable
2026-07-21T02:23:05.0235662Z Collecting ortools==9.15.6755
2026-07-21T02:23:05.0718410Z   Downloading ortools-9.15.6755-cp312-cp312-manylinux_2_27_x86_64.manylinux_2_28_x86_64.whl.metadata (3.3 kB)
2026-07-21T02:23:05.1002984Z Collecting absl-py>=2.0.0 (from ortools==9.15.6755)
2026-07-21T02:23:05.1076272Z   Downloading absl_py-2.5.0-py3-none-any.whl.metadata (3.3 kB)
2026-07-21T02:23:05.3636325Z Collecting numpy>=2.0.2 (from ortools==9.15.6755)
2026-07-21T02:23:05.3708186Z   Downloading numpy-2.5.1-cp312-cp312-manylinux_2_27_x86_64.manylinux_2_28_x86_64.whl.metadata (6.6 kB)
2026-07-21T02:23:05.5199596Z Collecting pandas>=2.0.0 (from ortools==9.15.6755)
2026-07-21T02:23:05.5272717Z   Downloading pandas-3.0.3-cp312-cp312-manylinux_2_24_x86_64.manylinux_2_28_x86_64.whl.metadata (79 kB)
2026-07-21T02:23:05.5408665Z      ━━━━━━━━━━━━━━━━━━━━━━━━━━━━━━━━━━━━━━━━ 79.5/79.5 kB 6.5 MB/s eta 0:00:00
2026-07-21T02:23:05.7509010Z Collecting protobuf<6.34,>=6.33.1 (from ortools==9.15.6755)
2026-07-21T02:23:05.7578672Z   Downloading protobuf-6.33.6-cp39-abi3-manylinux2014_x86_64.whl.metadata (593 bytes)
2026-07-21T02:23:05.7886104Z Collecting typing-extensions>=4.12 (from ortools==9.15.6755)
2026-07-21T02:23:05.7955060Z   Downloading typing_extensions-4.16.0-py3-none-any.whl.metadata (3.3 kB)
2026-07-21T02:23:05.8202669Z Collecting immutabledict>=3.0.0 (from ortools==9.15.6755)
2026-07-21T02:23:05.8272787Z   Downloading immutabledict-4.3.1-py3-none-any.whl.metadata (3.5 kB)
2026-07-21T02:23:05.9158091Z Requirement already satisfied: python-dateutil>=2.8.2 in /usr/lib/python3/dist-packages (from pandas>=2.0.0->ortools==9.15.6755) (2.8.2)
2026-07-21T02:23:05.9326086Z Downloading ortools-9.15.6755-cp312-cp312-manylinux_2_27_x86_64.manylinux_2_28_x86_64.whl (29.8 MB)
2026-07-21T02:23:06.3078485Z    ━━━━━━━━━━━━━━━━━━━━━━━━━━━━━━━━━━━━━━━━ 29.8/29.8 MB 119.4 MB/s eta 0:00:00
2026-07-21T02:23:06.3150726Z Downloading absl_py-2.5.0-py3-none-any.whl (137 kB)
2026-07-21T02:23:06.3196417Z    ━━━━━━━━━━━━━━━━━━━━━━━━━━━━━━━━━━━━━━━━ 137.4/137.4 kB 46.0 MB/s eta 0:00:00
2026-07-21T02:23:06.3266578Z Downloading immutabledict-4.3.1-py3-none-any.whl (5.0 kB)
2026-07-21T02:23:06.3356687Z Downloading numpy-2.5.1-cp312-cp312-manylinux_2_27_x86_64.manylinux_2_28_x86_64.whl (16.7 MB)
2026-07-21T02:23:06.4251321Z    ━━━━━━━━━━━━━━━━━━━━━━━━━━━━━━━━━━━━━━━━ 16.7/16.7 MB 166.6 MB/s eta 0:00:00
2026-07-21T02:23:06.4322458Z Downloading pandas-3.0.3-cp312-cp312-manylinux_2_24_x86_64.manylinux_2_28_x86_64.whl (10.9 MB)
2026-07-21T02:23:06.4936076Z    ━━━━━━━━━━━━━━━━━━━━━━━━━━━━━━━━━━━━━━━━ 10.9/10.9 MB 181.2 MB/s eta 0:00:00
2026-07-21T02:23:06.5013656Z Downloading protobuf-6.33.6-cp39-abi3-manylinux2014_x86_64.whl (323 kB)
2026-07-21T02:23:06.5066271Z    ━━━━━━━━━━━━━━━━━━━━━━━━━━━━━━━━━━━━━━━━ 323.4/323.4 kB 89.4 MB/s eta 0:00:00
2026-07-21T02:23:06.5137983Z Downloading typing_extensions-4.16.0-py3-none-any.whl (45 kB)
2026-07-21T02:23:06.5184391Z    ━━━━━━━━━━━━━━━━━━━━━━━━━━━━━━━━━━━━━━━━ 45.6/45.6 kB 13.4 MB/s eta 0:00:00
2026-07-21T02:23:06.9159743Z Installing collected packages: typing-extensions, protobuf, numpy, immutabledict, absl-py, pandas, ortools
2026-07-21T02:23:13.3589187Z Successfully installed absl-py-2.5.0 immutabledict-4.3.1 numpy-2.5.1 ortools-9.15.6755 pandas-3.0.3 protobuf-6.33.6 typing-extensions-4.16.0
2026-07-21T02:23:13.4972909Z ##[group]Run {
2026-07-21T02:23:13.4973166Z [36;1m{[0m
2026-07-21T02:23:13.4973365Z [36;1m  echo "=== machine ==="[0m
2026-07-21T02:23:13.4973646Z [36;1m  date -u[0m
2026-07-21T02:23:13.4973862Z [36;1m  echo "nproc=$(nproc)"[0m
2026-07-21T02:23:13.4974105Z [36;1m  free -h[0m
2026-07-21T02:23:13.4974294Z [36;1m  df -h[0m
2026-07-21T02:23:13.4974546Z [36;1m  grep -m1 'model name' /proc/cpuinfo || true[0m
2026-07-21T02:23:13.4974885Z [36;1m} | tee machine-10.log[0m
2026-07-21T02:23:13.5035254Z shell: /usr/bin/bash -e {0}
2026-07-21T02:23:13.5035505Z env:
2026-07-21T02:23:13.5035696Z   PYTHONUNBUFFERED: 1
2026-07-21T02:23:13.5035922Z   MALLOC_ARENA_MAX: 2
2026-07-21T02:23:13.5036121Z   OMP_NUM_THREADS: 1
2026-07-21T02:23:13.5036324Z   OPENBLAS_NUM_THREADS: 1
2026-07-21T02:23:13.5036539Z   MKL_NUM_THREADS: 1
2026-07-21T02:23:13.5036734Z ##[endgroup]
2026-07-21T02:23:13.5198751Z === machine ===
2026-07-21T02:23:13.5200914Z Tue Jul 21 02:23:13 UTC 2026
2026-07-21T02:23:13.5218736Z nproc=1
2026-07-21T02:23:13.5234297Z                total        used        free      shared  buff/cache   available
2026-07-21T02:23:13.5234998Z Mem:            15Gi       1.0Gi        12Gi        43Mi       2.8Gi        14Gi
2026-07-21T02:23:13.5235363Z Swap:          3.0Gi          0B       3.0Gi
2026-07-21T02:23:13.5341265Z Filesystem      Size  Used Avail Use% Mounted on
2026-07-21T02:23:13.5341828Z /dev/root       145G   58G   87G  40% /
2026-07-21T02:23:13.5342253Z tmpfs           7.9G   84K  7.9G   1% /dev/shm
2026-07-21T02:23:13.5342600Z tmpfs           3.2G 1012K  3.2G   1% /run
2026-07-21T02:23:13.5342936Z tmpfs           5.0M     0  5.0M   0% /run/lock
2026-07-21T02:23:13.5343343Z efivarfs        128M   29K  128M   1% /sys/firmware/efi/efivars
2026-07-21T02:23:13.5343750Z /dev/sda16      881M   64M  756M   8% /boot
2026-07-21T02:23:13.5344083Z /dev/sda15      105M  6.2M   99M   6% /boot/efi
2026-07-21T02:23:13.5344435Z tmpfs           1.6G   12K  1.6G   1% /run/user/1001
2026-07-21T02:23:13.5355193Z model name	: AMD EPYC 7763 64-Core Processor
2026-07-21T02:23:13.5392957Z ##[group]Run set -uo pipefail
2026-07-21T02:23:13.5393275Z [36;1mset -uo pipefail[0m
2026-07-21T02:23:13.5393496Z [36;1m([0m
2026-07-21T02:23:13.5393680Z [36;1m  while true; do[0m
2026-07-21T02:23:13.5393923Z [36;1m    echo "=== $(date -u +%FT%TZ) ==="[0m
2026-07-21T02:23:13.5394206Z [36;1m    free -h[0m
2026-07-21T02:23:13.5394513Z [36;1m    ps -eo pid,ppid,rss,vsz,%mem,%cpu,cmd --sort=-rss | head -n 15[0m
2026-07-21T02:23:13.5395039Z [36;1m    sleep 60[0m
2026-07-21T02:23:13.5395238Z [36;1m  done[0m
2026-07-21T02:23:13.5395433Z [36;1m) > "memory-10.log" 2>&1 &[0m
2026-07-21T02:23:13.5395676Z [36;1mmonitor_pid=$![0m
2026-07-21T02:23:13.5395950Z [36;1mpython 22x22/run_n22_profile_followup_shard.py \[0m
2026-07-21T02:23:13.5396412Z [36;1m  --schedule 22x22/runs/2026-07-21-run-29770927206/remaining_schedule.json \[0m
2026-07-21T02:23:13.5396812Z [36;1m  --shard "10" \[0m
2026-07-21T02:23:13.5397034Z [36;1m  --total-seconds 21000 \[0m
2026-07-21T02:23:13.5397322Z [36;1m  --workers 4 \[0m
2026-07-21T02:23:13.5397545Z [36;1m  --fallback-workers 2 \[0m
2026-07-21T02:23:13.5398218Z [36;1m  --memory-guard-mb 13000 \[0m
2026-07-21T02:23:13.5398483Z [36;1m  --max-seconds 2500 \[0m
2026-07-21T02:23:13.5398745Z [36;1m  --artifact-buffer-seconds 180 \[0m
2026-07-21T02:23:13.5399021Z [36;1m  --seed-base 2026072100 \[0m
2026-07-21T02:23:13.5399291Z [36;1m  --output-dir "results/shard-10"[0m
2026-07-21T02:23:13.5399548Z [36;1mrc=$?[0m
2026-07-21T02:23:13.5399768Z [36;1mkill "$monitor_pid" 2>/dev/null || true[0m
2026-07-21T02:23:13.5400071Z [36;1mwait "$monitor_pid" 2>/dev/null || true[0m
2026-07-21T02:23:13.5400337Z [36;1mexit "$rc"[0m
2026-07-21T02:23:13.5462343Z shell: /usr/bin/bash --noprofile --norc -e -o pipefail {0}
2026-07-21T02:23:13.5462689Z env:
2026-07-21T02:23:13.5462885Z   PYTHONUNBUFFERED: 1
2026-07-21T02:23:13.5463101Z   MALLOC_ARENA_MAX: 2
2026-07-21T02:23:13.5463296Z   OMP_NUM_THREADS: 1
2026-07-21T02:23:13.5463532Z   OPENBLAS_NUM_THREADS: 1
2026-07-21T02:23:13.5463810Z   MKL_NUM_THREADS: 1
2026-07-21T02:23:13.5464009Z ##[endgroup]
2026-07-21T06:22:19.5404854Z ##[group]Run free -h
2026-07-21T06:22:19.5405142Z [36;1mfree -h[0m
2026-07-21T06:22:19.5405336Z [36;1mdf -h[0m
2026-07-21T06:22:19.5462902Z shell: /usr/bin/bash -e {0}
2026-07-21T06:22:19.5463144Z env:
2026-07-21T06:22:19.5463334Z   PYTHONUNBUFFERED: 1
2026-07-21T06:22:19.5463567Z   MALLOC_ARENA_MAX: 2
2026-07-21T06:22:19.5463764Z   OMP_NUM_THREADS: 1
2026-07-21T06:22:19.5463967Z   OPENBLAS_NUM_THREADS: 1
2026-07-21T06:22:19.5464178Z   MKL_NUM_THREADS: 1
2026-07-21T06:22:19.5464379Z ##[endgroup]
2026-07-21T06:22:19.5552479Z                total        used        free      shared  buff/cache   available
2026-07-21T06:22:19.5553044Z Mem:            15Gi       969Mi        12Gi        49Mi       2.8Gi        14Gi
2026-07-21T06:22:19.5553643Z Swap:          3.0Gi          0B       3.0Gi
2026-07-21T06:22:19.5569356Z Filesystem      Size  Used Avail Use% Mounted on
2026-07-21T06:22:19.5569894Z /dev/root       145G   58G   87G  40% /
2026-07-21T06:22:19.5570365Z tmpfs           7.9G   84K  7.9G   1% /dev/shm
2026-07-21T06:22:19.5570680Z tmpfs           3.2G 1012K  3.2G   1% /run
2026-07-21T06:22:19.5570990Z tmpfs           5.0M     0  5.0M   0% /run/lock
2026-07-21T06:22:19.5571355Z efivarfs        128M   29K  128M   1% /sys/firmware/efi/efivars
2026-07-21T06:22:19.5571770Z /dev/sda16      881M   64M  756M   8% /boot
2026-07-21T06:22:19.5572483Z /dev/sda15      105M  6.2M   99M   6% /boot/efi
2026-07-21T06:22:19.5573015Z tmpfs           1.6G   12K  1.6G   1% /run/user/1001
2026-07-21T06:22:19.5626179Z Node 20 is being deprecated. This workflow is running with Node 24 by default. If you need to temporarily use Node 20, you can set the ACTIONS_ALLOW_USE_UNSECURE_NODE_VERSION=true environment variable. For more information see: https://github.blog/changelog/2025-09-19-deprecation-of-node-20-on-github-actions-runners/
2026-07-21T06:22:19.5628490Z ##[group]Run actions/upload-artifact@v4
2026-07-21T06:22:19.5628771Z with:
2026-07-21T06:22:19.5628993Z   name: n22-profile-followup-shard-10
2026-07-21T06:22:19.5629292Z   path: results/
memory-10.log
machine-10.log

2026-07-21T06:22:19.5629574Z   retention-days: 30
2026-07-21T06:22:19.5629784Z   if-no-files-found: warn
2026-07-21T06:22:19.5630002Z   compression-level: 6
2026-07-21T06:22:19.5630203Z   overwrite: false
2026-07-21T06:22:19.5630597Z   include-hidden-files: false
2026-07-21T06:22:19.5630818Z env:
2026-07-21T06:22:19.5630988Z   PYTHONUNBUFFERED: 1
2026-07-21T06:22:19.5631187Z   MALLOC_ARENA_MAX: 2
2026-07-21T06:22:19.5631409Z   OMP_NUM_THREADS: 1
2026-07-21T06:22:19.5631605Z   OPENBLAS_NUM_THREADS: 1
2026-07-21T06:22:19.5631810Z   MKL_NUM_THREADS: 1
2026-07-21T06:22:19.5631997Z ##[endgroup]
2026-07-21T06:22:19.7254130Z (node:5318) [DEP0040] DeprecationWarning: The `punycode` module is deprecated. Please use a userland alternative instead.
2026-07-21T06:22:19.7254842Z (Use `node --trace-deprecation ...` to show where the warning was created)
2026-07-21T06:22:19.7385794Z Multiple search paths detected. Calculating the least common ancestor of all paths
2026-07-21T06:22:19.7389441Z The least common ancestor is /home/runner/work/monochromatic-no-three-in-line-solver/monochromatic-no-three-in-line-solver. This will be the root directory of the artifact
2026-07-21T06:22:19.7390587Z With the provided path, there will be 27 files uploaded
2026-07-21T06:22:19.7395845Z Artifact name is valid!
2026-07-21T06:22:19.7396418Z Root directory input is valid!
2026-07-21T06:22:20.1281550Z Beginning upload of artifact content to blob storage
2026-07-21T06:22:20.1830082Z (node:5318) [DEP0169] DeprecationWarning: `url.parse()` behavior is not standardized and prone to errors that have security implications. Use the WHATWG URL API instead. CVEs are not issued for `url.parse()` vulnerabilities.
2026-07-21T06:22:20.6057273Z Uploaded bytes 79834
2026-07-21T06:22:20.6855000Z Finished uploading artifact content to blob storage!
2026-07-21T06:22:20.6856058Z SHA256 digest of uploaded artifact zip is aa632147eb6fa89cc1489992b5321aa3f956c7865cc20d746bef9dd3e8c4a972
2026-07-21T06:22:20.6858154Z Finalizing artifact upload
2026-07-21T06:22:20.8910867Z Artifact n22-profile-followup-shard-10.zip successfully finalized. Artifact ID 8485785911
2026-07-21T06:22:20.8912306Z Artifact n22-profile-followup-shard-10 has been successfully uploaded! Final size is 79834 bytes. Artifact ID is 8485785911
2026-07-21T06:22:20.8919013Z Artifact download URL: https://github.com/Grisha-Pochuev/monochromatic-no-three-in-line-solver/actions/runs/29795643015/artifacts/8485785911
2026-07-21T06:22:20.9130983Z Node 20 is being deprecated. This workflow is running with Node 24 by default. If you need to temporarily use Node 20, you can set the ACTIONS_ALLOW_USE_UNSECURE_NODE_VERSION=true environment variable. For more information see: https://github.blog/changelog/2025-09-19-deprecation-of-node-20-on-github-actions-runners/
2026-07-21T06:22:20.9132216Z Post job cleanup.
2026-07-21T06:22:20.9969400Z [command]/usr/bin/git version
2026-07-21T06:22:21.0012393Z git version 2.54.0
2026-07-21T06:22:21.0085622Z Temporarily overriding HOME='/home/runner/work/_temp/912759dc-00c2-4fd4-88ba-9110dab45aae' before making global git config changes
2026-07-21T06:22:21.0087237Z Adding repository directory to the temporary git global config as a safe directory
2026-07-21T06:22:21.0091999Z [command]/usr/bin/git config --global --add safe.directory /home/runner/work/monochromatic-no-three-in-line-solver/monochromatic-no-three-in-line-solver
2026-07-21T06:22:21.0129617Z [command]/usr/bin/git config --local --name-only --get-regexp core\.sshCommand
2026-07-21T06:22:21.0164206Z [command]/usr/bin/git submodule foreach --recursive sh -c "git config --local --name-only --get-regexp 'core\.sshCommand' && git config --local --unset-all 'core.sshCommand' || :"
2026-07-21T06:22:21.0443047Z [command]/usr/bin/git config --local --name-only --get-regexp http\.https\:\/\/github\.com\/\.extraheader
2026-07-21T06:22:21.0474108Z http.https://github.com/.extraheader
2026-07-21T06:22:21.0486148Z [command]/usr/bin/git config --local --unset-all http.https://github.com/.extraheader
2026-07-21T06:22:21.0519389Z [command]/usr/bin/git submodule foreach --recursive sh -c "git config --local --name-only --get-regexp 'http\.https\:\/\/github\.com\/\.extraheader' && git config --local --unset-all 'http.https://github.com/.extraheader' || :"
2026-07-21T06:22:21.0777041Z [command]/usr/bin/git config --local --name-only --get-regexp ^includeIf\.gitdir:
2026-07-21T06:22:21.0815635Z [command]/usr/bin/git submodule foreach --recursive git config --local --show-origin --name-only --get-regexp remote.origin.url
2026-07-21T06:22:21.1210464Z Cleaning up orphan processes
2026-07-21T06:22:21.1475288Z Terminate orphan process: pid (5304) (sleep)
2026-07-21T06:22:21.1492012Z ##[warning]Node.js 20 is deprecated. The following actions target Node.js 20 but are being forced to run on Node.js 24: actions/checkout@v4, actions/upload-artifact@v4. For more information see: https://github.blog/changelog/2025-09-19-deprecation-of-node-20-on-github-actions-runners/
