2026-07-21T02:23:00.4830536Z Current runner version: '2.335.1'
2026-07-21T02:23:00.4865619Z ##[group]Runner Image Provisioner
2026-07-21T02:23:00.4866913Z Hosted Compute Agent
2026-07-21T02:23:00.4867940Z Version: 20260707.563
2026-07-21T02:23:00.4868902Z Commit: 02667638d2b423fbc733a8e32a88b44996a3ba6e
2026-07-21T02:23:00.4870067Z Build Date: 2026-07-07T19:33:50Z
2026-07-21T02:23:00.4871255Z Worker ID: {9ed69f6a-71c8-4daf-9bf4-423a5eac2f15}
2026-07-21T02:23:00.4872610Z Azure Region: eastus2
2026-07-21T02:23:00.4873663Z ##[endgroup]
2026-07-21T02:23:00.4875711Z ##[group]Operating System
2026-07-21T02:23:00.4876688Z Ubuntu
2026-07-21T02:23:00.4877465Z 24.04.4
2026-07-21T02:23:00.4878234Z LTS
2026-07-21T02:23:00.4879072Z ##[endgroup]
2026-07-21T02:23:00.4879902Z ##[group]Runner Image
2026-07-21T02:23:00.4880748Z Image: ubuntu-24.04
2026-07-21T02:23:00.4882478Z Version: 20260714.240.1
2026-07-21T02:23:00.4884393Z Included Software: https://github.com/actions/runner-images/blob/ubuntu24/20260714.240/images/ubuntu/Ubuntu2404-Readme.md
2026-07-21T02:23:00.4887064Z Image Release: https://github.com/actions/runner-images/releases/tag/ubuntu24%2F20260714.240
2026-07-21T02:23:00.4888599Z ##[endgroup]
2026-07-21T02:23:00.4890482Z ##[group]GITHUB_TOKEN Permissions
2026-07-21T02:23:00.4894198Z Actions: read
2026-07-21T02:23:00.4895195Z Contents: write
2026-07-21T02:23:00.4896015Z Metadata: read
2026-07-21T02:23:00.4896899Z ##[endgroup]
2026-07-21T02:23:00.4899796Z Secret source: Actions
2026-07-21T02:23:00.4900877Z Prepare workflow directory
2026-07-21T02:23:00.5446886Z Prepare all required actions
2026-07-21T02:23:00.5501359Z Getting action download info
2026-07-21T02:23:00.7495180Z Download action repository 'actions/checkout@v4' (SHA:11d5960a326750d5838078e36cf38b85af677262)
2026-07-21T02:23:00.9532917Z Download action repository 'actions/upload-artifact@v4' (SHA:ea165f8d65b6e75b540449e92b4886f43607fa02)
2026-07-21T02:23:01.1696695Z Complete job name: Follow-up shard 2
2026-07-21T02:23:01.2443747Z Node 20 is being deprecated. This workflow is running with Node 24 by default. If you need to temporarily use Node 20, you can set the ACTIONS_ALLOW_USE_UNSECURE_NODE_VERSION=true environment variable. For more information see: https://github.blog/changelog/2025-09-19-deprecation-of-node-20-on-github-actions-runners/
2026-07-21T02:23:01.2452730Z ##[group]Run actions/checkout@v4
2026-07-21T02:23:01.2453431Z with:
2026-07-21T02:23:01.2453906Z   ref: 43c006977c6dcc906968fe9b1a8d37e3ddd31309
2026-07-21T02:23:01.2454664Z   repository: Grisha-Pochuev/monochromatic-no-three-in-line-solver
2026-07-21T02:23:01.2458969Z   token: ***
2026-07-21T02:23:01.2459403Z   ssh-strict: true
2026-07-21T02:23:01.2459841Z   ssh-user: git
2026-07-21T02:23:01.2460276Z   persist-credentials: true
2026-07-21T02:23:01.2460754Z   clean: true
2026-07-21T02:23:01.2461189Z   sparse-checkout-cone-mode: true
2026-07-21T02:23:01.2461698Z   fetch-depth: 1
2026-07-21T02:23:01.2462267Z   fetch-tags: false
2026-07-21T02:23:01.2462772Z   show-progress: true
2026-07-21T02:23:01.2463259Z   lfs: false
2026-07-21T02:23:01.2463692Z   submodules: false
2026-07-21T02:23:01.2464145Z   set-safe-directory: true
2026-07-21T02:23:01.2464646Z   allow-unsafe-pr-checkout: false
2026-07-21T02:23:01.2465353Z env:
2026-07-21T02:23:01.2465760Z   PYTHONUNBUFFERED: 1
2026-07-21T02:23:01.2466212Z   MALLOC_ARENA_MAX: 2
2026-07-21T02:23:01.2466647Z   OMP_NUM_THREADS: 1
2026-07-21T02:23:01.2467088Z   OPENBLAS_NUM_THREADS: 1
2026-07-21T02:23:01.2467544Z   MKL_NUM_THREADS: 1
2026-07-21T02:23:01.2467971Z ##[endgroup]
2026-07-21T02:23:01.3492404Z Syncing repository: Grisha-Pochuev/monochromatic-no-three-in-line-solver
2026-07-21T02:23:01.3495002Z ##[group]Getting Git version info
2026-07-21T02:23:01.3496120Z Working directory is '/home/runner/work/monochromatic-no-three-in-line-solver/monochromatic-no-three-in-line-solver'
2026-07-21T02:23:01.3497573Z [command]/usr/bin/git version
2026-07-21T02:23:01.3537323Z git version 2.54.0
2026-07-21T02:23:01.3559722Z ##[endgroup]
2026-07-21T02:23:01.3576798Z Temporarily overriding HOME='/home/runner/work/_temp/ff0ec193-30b9-42b0-8a90-07ac07818650' before making global git config changes
2026-07-21T02:23:01.3578926Z Adding repository directory to the temporary git global config as a safe directory
2026-07-21T02:23:01.3583349Z [command]/usr/bin/git config --global --add safe.directory /home/runner/work/monochromatic-no-three-in-line-solver/monochromatic-no-three-in-line-solver
2026-07-21T02:23:01.3635912Z Deleting the contents of '/home/runner/work/monochromatic-no-three-in-line-solver/monochromatic-no-three-in-line-solver'
2026-07-21T02:23:01.3638791Z ##[group]Initializing the repository
2026-07-21T02:23:01.3645636Z [command]/usr/bin/git init /home/runner/work/monochromatic-no-three-in-line-solver/monochromatic-no-three-in-line-solver
2026-07-21T02:23:01.3734441Z hint: Using 'master' as the name for the initial branch. This default branch name
2026-07-21T02:23:01.3735968Z hint: will change to "main" in Git 3.0. To configure the initial branch name
2026-07-21T02:23:01.3737403Z hint: to use in all of your new repositories, which will suppress this warning,
2026-07-21T02:23:01.3738458Z hint: call:
2026-07-21T02:23:01.3739055Z hint:
2026-07-21T02:23:01.3739666Z hint: 	git config --global init.defaultBranch <name>
2026-07-21T02:23:01.3740288Z hint:
2026-07-21T02:23:01.3740860Z hint: Names commonly chosen instead of 'master' are 'main', 'trunk' and
2026-07-21T02:23:01.3741764Z hint: 'development'. The just-created branch can be renamed via this command:
2026-07-21T02:23:01.3742708Z hint:
2026-07-21T02:23:01.3743253Z hint: 	git branch -m <name>
2026-07-21T02:23:01.3743817Z hint:
2026-07-21T02:23:01.3744766Z hint: Disable this message with "git config set advice.defaultBranchName false"
2026-07-21T02:23:01.3746952Z Initialized empty Git repository in /home/runner/work/monochromatic-no-three-in-line-solver/monochromatic-no-three-in-line-solver/.git/
2026-07-21T02:23:01.3750053Z [command]/usr/bin/git remote add origin https://github.com/Grisha-Pochuev/monochromatic-no-three-in-line-solver
2026-07-21T02:23:01.3787649Z ##[endgroup]
2026-07-21T02:23:01.3788774Z ##[group]Disabling automatic garbage collection
2026-07-21T02:23:01.3791977Z [command]/usr/bin/git config --local gc.auto 0
2026-07-21T02:23:01.3825313Z ##[endgroup]
2026-07-21T02:23:01.3834369Z ##[group]Setting up auth
2026-07-21T02:23:01.3835233Z [command]/usr/bin/git config --local --name-only --get-regexp core\.sshCommand
2026-07-21T02:23:01.3871602Z [command]/usr/bin/git submodule foreach --recursive sh -c "git config --local --name-only --get-regexp 'core\.sshCommand' && git config --local --unset-all 'core.sshCommand' || :"
2026-07-21T02:23:01.4239132Z [command]/usr/bin/git config --local --name-only --get-regexp http\.https\:\/\/github\.com\/\.extraheader
2026-07-21T02:23:01.4282512Z [command]/usr/bin/git submodule foreach --recursive sh -c "git config --local --name-only --get-regexp 'http\.https\:\/\/github\.com\/\.extraheader' && git config --local --unset-all 'http.https://github.com/.extraheader' || :"
2026-07-21T02:23:01.4554314Z [command]/usr/bin/git config --local --name-only --get-regexp ^includeIf\.gitdir:
2026-07-21T02:23:01.4595589Z [command]/usr/bin/git submodule foreach --recursive git config --local --show-origin --name-only --get-regexp remote.origin.url
2026-07-21T02:23:01.4855423Z [command]/usr/bin/git config --local http.https://github.com/.extraheader AUTHORIZATION: basic ***
2026-07-21T02:23:01.4906378Z ##[endgroup]
2026-07-21T02:23:01.4907784Z ##[group]Fetching the repository
2026-07-21T02:23:01.4921084Z [command]/usr/bin/git -c protocol.version=2 fetch --no-tags --prune --no-recurse-submodules --depth=1 origin 43c006977c6dcc906968fe9b1a8d37e3ddd31309
2026-07-21T02:23:01.7235726Z From https://github.com/Grisha-Pochuev/monochromatic-no-three-in-line-solver
2026-07-21T02:23:01.7237314Z  * branch            43c006977c6dcc906968fe9b1a8d37e3ddd31309 -> FETCH_HEAD
2026-07-21T02:23:01.7266178Z ##[endgroup]
2026-07-21T02:23:01.7267351Z ##[group]Determining the checkout info
2026-07-21T02:23:01.7269038Z ##[endgroup]
2026-07-21T02:23:01.7275786Z [command]/usr/bin/git sparse-checkout disable
2026-07-21T02:23:01.7324969Z [command]/usr/bin/git config --local --unset-all extensions.worktreeConfig
2026-07-21T02:23:01.7356984Z ##[group]Checking out the ref
2026-07-21T02:23:01.7361692Z [command]/usr/bin/git checkout --progress --force 43c006977c6dcc906968fe9b1a8d37e3ddd31309
2026-07-21T02:23:01.7521296Z Note: switching to '43c006977c6dcc906968fe9b1a8d37e3ddd31309'.
2026-07-21T02:23:01.7522159Z 
2026-07-21T02:23:01.7523516Z You are in 'detached HEAD' state. You can look around, make experimental
2026-07-21T02:23:01.7524987Z changes and commit them, and you can discard any commits you make in this
2026-07-21T02:23:01.7526390Z state without impacting any branches by switching back to a branch.
2026-07-21T02:23:01.7527221Z 
2026-07-21T02:23:01.7527769Z If you want to create a new branch to retain commits you create, you may
2026-07-21T02:23:01.7529133Z do so (now or later) by using -c with the switch command. Example:
2026-07-21T02:23:01.7529941Z 
2026-07-21T02:23:01.7530314Z   git switch -c <new-branch-name>
2026-07-21T02:23:01.7530819Z 
2026-07-21T02:23:01.7531168Z Or undo this operation with:
2026-07-21T02:23:01.7531725Z 
2026-07-21T02:23:01.7532214Z   git switch -
2026-07-21T02:23:01.7532676Z 
2026-07-21T02:23:01.7533364Z Turn off this advice by setting config variable advice.detachedHead to false
2026-07-21T02:23:01.7534316Z 
2026-07-21T02:23:01.7534920Z HEAD is now at 43c0069 archive n22 run 29770927206 and schedule 170 survivors
2026-07-21T02:23:01.7537718Z ##[endgroup]
2026-07-21T02:23:01.7615144Z [command]/usr/bin/git log -1 --format=%H
2026-07-21T02:23:01.7646906Z 43c006977c6dcc906968fe9b1a8d37e3ddd31309
2026-07-21T02:23:01.7893712Z ##[group]Run python -m pip install ortools==9.15.6755
2026-07-21T02:23:01.7895029Z [36;1mpython -m pip install ortools==9.15.6755[0m
2026-07-21T02:23:01.7982797Z shell: /usr/bin/bash -e {0}
2026-07-21T02:23:01.7983583Z env:
2026-07-21T02:23:01.7984147Z   PYTHONUNBUFFERED: 1
2026-07-21T02:23:01.7984822Z   MALLOC_ARENA_MAX: 2
2026-07-21T02:23:01.7985520Z   OMP_NUM_THREADS: 1
2026-07-21T02:23:01.7986176Z   OPENBLAS_NUM_THREADS: 1
2026-07-21T02:23:01.7986885Z   MKL_NUM_THREADS: 1
2026-07-21T02:23:01.7987496Z ##[endgroup]
2026-07-21T02:23:02.1657556Z Defaulting to user installation because normal site-packages is not writeable
2026-07-21T02:23:02.4636847Z Collecting ortools==9.15.6755
2026-07-21T02:23:02.5102696Z   Downloading ortools-9.15.6755-cp312-cp312-manylinux_2_27_x86_64.manylinux_2_28_x86_64.whl.metadata (3.3 kB)
2026-07-21T02:23:02.5367246Z Collecting absl-py>=2.0.0 (from ortools==9.15.6755)
2026-07-21T02:23:02.5438890Z   Downloading absl_py-2.5.0-py3-none-any.whl.metadata (3.3 kB)
2026-07-21T02:23:02.7793536Z Collecting numpy>=2.0.2 (from ortools==9.15.6755)
2026-07-21T02:23:02.7868485Z   Downloading numpy-2.5.1-cp312-cp312-manylinux_2_27_x86_64.manylinux_2_28_x86_64.whl.metadata (6.6 kB)
2026-07-21T02:23:02.9254339Z Collecting pandas>=2.0.0 (from ortools==9.15.6755)
2026-07-21T02:23:02.9328929Z   Downloading pandas-3.0.3-cp312-cp312-manylinux_2_24_x86_64.manylinux_2_28_x86_64.whl.metadata (79 kB)
2026-07-21T02:23:02.9465559Z      ━━━━━━━━━━━━━━━━━━━━━━━━━━━━━━━━━━━━━━━━ 79.5/79.5 kB 6.7 MB/s eta 0:00:00
2026-07-21T02:23:03.1304606Z Collecting protobuf<6.34,>=6.33.1 (from ortools==9.15.6755)
2026-07-21T02:23:03.1383711Z   Downloading protobuf-6.33.6-cp39-abi3-manylinux2014_x86_64.whl.metadata (593 bytes)
2026-07-21T02:23:03.1667174Z Collecting typing-extensions>=4.12 (from ortools==9.15.6755)
2026-07-21T02:23:03.1740012Z   Downloading typing_extensions-4.16.0-py3-none-any.whl.metadata (3.3 kB)
2026-07-21T02:23:03.1964950Z Collecting immutabledict>=3.0.0 (from ortools==9.15.6755)
2026-07-21T02:23:03.2038376Z   Downloading immutabledict-4.3.1-py3-none-any.whl.metadata (3.5 kB)
2026-07-21T02:23:03.2899916Z Requirement already satisfied: python-dateutil>=2.8.2 in /usr/lib/python3/dist-packages (from pandas>=2.0.0->ortools==9.15.6755) (2.8.2)
2026-07-21T02:23:03.3035451Z Downloading ortools-9.15.6755-cp312-cp312-manylinux_2_27_x86_64.manylinux_2_28_x86_64.whl (29.8 MB)
2026-07-21T02:23:03.7133497Z    ━━━━━━━━━━━━━━━━━━━━━━━━━━━━━━━━━━━━━━━━ 29.8/29.8 MB 101.5 MB/s eta 0:00:00
2026-07-21T02:23:03.7212616Z Downloading absl_py-2.5.0-py3-none-any.whl (137 kB)
2026-07-21T02:23:03.7253713Z    ━━━━━━━━━━━━━━━━━━━━━━━━━━━━━━━━━━━━━━━━ 137.4/137.4 kB 54.9 MB/s eta 0:00:00
2026-07-21T02:23:03.7332240Z Downloading immutabledict-4.3.1-py3-none-any.whl (5.0 kB)
2026-07-21T02:23:03.7421228Z Downloading numpy-2.5.1-cp312-cp312-manylinux_2_27_x86_64.manylinux_2_28_x86_64.whl (16.7 MB)
2026-07-21T02:23:03.8368203Z    ━━━━━━━━━━━━━━━━━━━━━━━━━━━━━━━━━━━━━━━━ 16.7/16.7 MB 157.2 MB/s eta 0:00:00
2026-07-21T02:23:03.8443792Z Downloading pandas-3.0.3-cp312-cp312-manylinux_2_24_x86_64.manylinux_2_28_x86_64.whl (10.9 MB)
2026-07-21T02:23:03.9101650Z    ━━━━━━━━━━━━━━━━━━━━━━━━━━━━━━━━━━━━━━━━ 10.9/10.9 MB 173.0 MB/s eta 0:00:00
2026-07-21T02:23:03.9189695Z Downloading protobuf-6.33.6-cp39-abi3-manylinux2014_x86_64.whl (323 kB)
2026-07-21T02:23:03.9240601Z    ━━━━━━━━━━━━━━━━━━━━━━━━━━━━━━━━━━━━━━━━ 323.4/323.4 kB 94.8 MB/s eta 0:00:00
2026-07-21T02:23:03.9322958Z Downloading typing_extensions-4.16.0-py3-none-any.whl (45 kB)
2026-07-21T02:23:03.9358241Z    ━━━━━━━━━━━━━━━━━━━━━━━━━━━━━━━━━━━━━━━━ 45.6/45.6 kB 19.1 MB/s eta 0:00:00
2026-07-21T02:23:04.2905093Z Installing collected packages: typing-extensions, protobuf, numpy, immutabledict, absl-py, pandas, ortools
2026-07-21T02:23:11.1363086Z Successfully installed absl-py-2.5.0 immutabledict-4.3.1 numpy-2.5.1 ortools-9.15.6755 pandas-3.0.3 protobuf-6.33.6 typing-extensions-4.16.0
2026-07-21T02:23:11.2809349Z ##[group]Run {
2026-07-21T02:23:11.2809610Z [36;1m{[0m
2026-07-21T02:23:11.2809814Z [36;1m  echo "=== machine ==="[0m
2026-07-21T02:23:11.2810111Z [36;1m  date -u[0m
2026-07-21T02:23:11.2810337Z [36;1m  echo "nproc=$(nproc)"[0m
2026-07-21T02:23:11.2810591Z [36;1m  free -h[0m
2026-07-21T02:23:11.2810790Z [36;1m  df -h[0m
2026-07-21T02:23:11.2811047Z [36;1m  grep -m1 'model name' /proc/cpuinfo || true[0m
2026-07-21T02:23:11.2811394Z [36;1m} | tee machine-2.log[0m
2026-07-21T02:23:11.2878476Z shell: /usr/bin/bash -e {0}
2026-07-21T02:23:11.2878735Z env:
2026-07-21T02:23:11.2878942Z   PYTHONUNBUFFERED: 1
2026-07-21T02:23:11.2879166Z   MALLOC_ARENA_MAX: 2
2026-07-21T02:23:11.2879372Z   OMP_NUM_THREADS: 1
2026-07-21T02:23:11.2879586Z   OPENBLAS_NUM_THREADS: 1
2026-07-21T02:23:11.2879805Z   MKL_NUM_THREADS: 1
2026-07-21T02:23:11.2880007Z ##[endgroup]
2026-07-21T02:23:11.3055823Z === machine ===
2026-07-21T02:23:11.3056906Z Tue Jul 21 02:23:11 UTC 2026
2026-07-21T02:23:11.3075084Z nproc=1
2026-07-21T02:23:11.3092468Z                total        used        free      shared  buff/cache   available
2026-07-21T02:23:11.3093135Z Mem:            15Gi       1.1Gi        12Gi        42Mi       1.9Gi        14Gi
2026-07-21T02:23:11.3093666Z Swap:          3.0Gi          0B       3.0Gi
2026-07-21T02:23:11.3203012Z Filesystem      Size  Used Avail Use% Mounted on
2026-07-21T02:23:11.3203391Z /dev/root       145G   57G   88G  40% /
2026-07-21T02:23:11.3203872Z tmpfs           7.9G   84K  7.9G   1% /dev/shm
2026-07-21T02:23:11.3204308Z tmpfs           3.2G 1008K  3.2G   1% /run
2026-07-21T02:23:11.3204739Z tmpfs           5.0M     0  5.0M   0% /run/lock
2026-07-21T02:23:11.3205255Z efivarfs        128M   32K  128M   1% /sys/firmware/efi/efivars
2026-07-21T02:23:11.3205811Z /dev/sda16      881M   64M  756M   8% /boot
2026-07-21T02:23:11.3206418Z /dev/sda15      105M  6.2M   99M   6% /boot/efi
2026-07-21T02:23:11.3206983Z tmpfs           1.6G   12K  1.6G   1% /run/user/1001
2026-07-21T02:23:11.3219943Z model name	: AMD EPYC 9V74 80-Core Processor
2026-07-21T02:23:11.3257356Z ##[group]Run set -uo pipefail
2026-07-21T02:23:11.3257667Z [36;1mset -uo pipefail[0m
2026-07-21T02:23:11.3257897Z [36;1m([0m
2026-07-21T02:23:11.3258093Z [36;1m  while true; do[0m
2026-07-21T02:23:11.3258342Z [36;1m    echo "=== $(date -u +%FT%TZ) ==="[0m
2026-07-21T02:23:11.3258625Z [36;1m    free -h[0m
2026-07-21T02:23:11.3258945Z [36;1m    ps -eo pid,ppid,rss,vsz,%mem,%cpu,cmd --sort=-rss | head -n 15[0m
2026-07-21T02:23:11.3259496Z [36;1m    sleep 60[0m
2026-07-21T02:23:11.3259708Z [36;1m  done[0m
2026-07-21T02:23:11.3259915Z [36;1m) > "memory-2.log" 2>&1 &[0m
2026-07-21T02:23:11.3260169Z [36;1mmonitor_pid=$![0m
2026-07-21T02:23:11.3260450Z [36;1mpython 22x22/run_n22_profile_followup_shard.py \[0m
2026-07-21T02:23:11.3260896Z [36;1m  --schedule 22x22/runs/2026-07-21-run-29770927206/remaining_schedule.json \[0m
2026-07-21T02:23:11.3261317Z [36;1m  --shard "2" \[0m
2026-07-21T02:23:11.3261547Z [36;1m  --total-seconds 21000 \[0m
2026-07-21T02:23:11.3261823Z [36;1m  --workers 4 \[0m
2026-07-21T02:23:11.3262339Z [36;1m  --fallback-workers 2 \[0m
2026-07-21T02:23:11.3262632Z [36;1m  --memory-guard-mb 13000 \[0m
2026-07-21T02:23:11.3262889Z [36;1m  --max-seconds 2500 \[0m
2026-07-21T02:23:11.3263157Z [36;1m  --artifact-buffer-seconds 180 \[0m
2026-07-21T02:23:11.3263435Z [36;1m  --seed-base 2026072100 \[0m
2026-07-21T02:23:11.3263706Z [36;1m  --output-dir "results/shard-2"[0m
2026-07-21T02:23:11.3263966Z [36;1mrc=$?[0m
2026-07-21T02:23:11.3264194Z [36;1mkill "$monitor_pid" 2>/dev/null || true[0m
2026-07-21T02:23:11.3264497Z [36;1mwait "$monitor_pid" 2>/dev/null || true[0m
2026-07-21T02:23:11.3264763Z [36;1mexit "$rc"[0m
2026-07-21T02:23:11.3330896Z shell: /usr/bin/bash --noprofile --norc -e -o pipefail {0}
2026-07-21T02:23:11.3331234Z env:
2026-07-21T02:23:11.3331439Z   PYTHONUNBUFFERED: 1
2026-07-21T02:23:11.3331657Z   MALLOC_ARENA_MAX: 2
2026-07-21T02:23:11.3331859Z   OMP_NUM_THREADS: 1
2026-07-21T02:23:11.3332297Z   OPENBLAS_NUM_THREADS: 1
2026-07-21T02:23:11.3332546Z   MKL_NUM_THREADS: 1
2026-07-21T02:23:11.3332800Z ##[endgroup]
2026-07-21T05:43:48.9411384Z ##[group]Run free -h
2026-07-21T05:43:48.9411652Z [36;1mfree -h[0m
2026-07-21T05:43:48.9411849Z [36;1mdf -h[0m
2026-07-21T05:43:48.9476169Z shell: /usr/bin/bash -e {0}
2026-07-21T05:43:48.9476427Z env:
2026-07-21T05:43:48.9476639Z   PYTHONUNBUFFERED: 1
2026-07-21T05:43:48.9476893Z   MALLOC_ARENA_MAX: 2
2026-07-21T05:43:48.9477095Z   OMP_NUM_THREADS: 1
2026-07-21T05:43:48.9477305Z   OPENBLAS_NUM_THREADS: 1
2026-07-21T05:43:48.9477522Z   MKL_NUM_THREADS: 1
2026-07-21T05:43:48.9477719Z ##[endgroup]
2026-07-21T05:43:48.9579261Z                total        used        free      shared  buff/cache   available
2026-07-21T05:43:48.9579931Z Mem:            15Gi       942Mi        13Gi        47Mi       1.9Gi        14Gi
2026-07-21T05:43:48.9580301Z Swap:          3.0Gi          0B       3.0Gi
2026-07-21T05:43:48.9596035Z Filesystem      Size  Used Avail Use% Mounted on
2026-07-21T05:43:48.9596506Z /dev/root       145G   57G   88G  40% /
2026-07-21T05:43:48.9596963Z tmpfs           7.9G   84K  7.9G   1% /dev/shm
2026-07-21T05:43:48.9597254Z tmpfs           3.2G 1008K  3.2G   1% /run
2026-07-21T05:43:48.9597553Z tmpfs           5.0M     0  5.0M   0% /run/lock
2026-07-21T05:43:48.9597892Z efivarfs        128M   32K  128M   1% /sys/firmware/efi/efivars
2026-07-21T05:43:48.9598227Z /dev/sda16      881M   64M  756M   8% /boot
2026-07-21T05:43:48.9598526Z /dev/sda15      105M  6.2M   99M   6% /boot/efi
2026-07-21T05:43:48.9598826Z tmpfs           1.6G   12K  1.6G   1% /run/user/1001
2026-07-21T05:43:48.9654494Z Node 20 is being deprecated. This workflow is running with Node 24 by default. If you need to temporarily use Node 20, you can set the ACTIONS_ALLOW_USE_UNSECURE_NODE_VERSION=true environment variable. For more information see: https://github.blog/changelog/2025-09-19-deprecation-of-node-20-on-github-actions-runners/
2026-07-21T05:43:48.9656089Z ##[group]Run actions/upload-artifact@v4
2026-07-21T05:43:48.9656351Z with:
2026-07-21T05:43:48.9656566Z   name: n22-profile-followup-shard-2
2026-07-21T05:43:48.9656856Z   path: results/
memory-2.log
machine-2.log

2026-07-21T05:43:48.9657130Z   retention-days: 30
2026-07-21T05:43:48.9657350Z   if-no-files-found: warn
2026-07-21T05:43:48.9657580Z   compression-level: 6
2026-07-21T05:43:48.9657792Z   overwrite: false
2026-07-21T05:43:48.9658192Z   include-hidden-files: false
2026-07-21T05:43:48.9658423Z env:
2026-07-21T05:43:48.9658606Z   PYTHONUNBUFFERED: 1
2026-07-21T05:43:48.9658814Z   MALLOC_ARENA_MAX: 2
2026-07-21T05:43:48.9659051Z   OMP_NUM_THREADS: 1
2026-07-21T05:43:48.9659258Z   OPENBLAS_NUM_THREADS: 1
2026-07-21T05:43:48.9659473Z   MKL_NUM_THREADS: 1
2026-07-21T05:43:48.9659674Z ##[endgroup]
2026-07-21T05:43:49.1347103Z (node:4906) [DEP0040] DeprecationWarning: The `punycode` module is deprecated. Please use a userland alternative instead.
2026-07-21T05:43:49.1347968Z (Use `node --trace-deprecation ...` to show where the warning was created)
2026-07-21T05:43:49.1457458Z Multiple search paths detected. Calculating the least common ancestor of all paths
2026-07-21T05:43:49.1460584Z The least common ancestor is /home/runner/work/monochromatic-no-three-in-line-solver/monochromatic-no-three-in-line-solver. This will be the root directory of the artifact
2026-07-21T05:43:49.1461828Z With the provided path, there will be 27 files uploaded
2026-07-21T05:43:49.1466497Z Artifact name is valid!
2026-07-21T05:43:49.1467121Z Root directory input is valid!
2026-07-21T05:43:49.3330718Z Beginning upload of artifact content to blob storage
2026-07-21T05:43:49.4023753Z (node:4906) [DEP0169] DeprecationWarning: `url.parse()` behavior is not standardized and prone to errors that have security implications. Use the WHATWG URL API instead. CVEs are not issued for `url.parse()` vulnerabilities.
2026-07-21T05:43:49.4610391Z Uploaded bytes 78716
2026-07-21T05:43:49.4808692Z Finished uploading artifact content to blob storage!
2026-07-21T05:43:49.4809619Z SHA256 digest of uploaded artifact zip is f1207177178f66e4272047b5ff906032b4d2bef07bbbc14617fff432ec1d19d6
2026-07-21T05:43:49.4811600Z Finalizing artifact upload
2026-07-21T05:43:49.6342480Z Artifact n22-profile-followup-shard-2.zip successfully finalized. Artifact ID 8485081196
2026-07-21T05:43:49.6343947Z Artifact n22-profile-followup-shard-2 has been successfully uploaded! Final size is 78716 bytes. Artifact ID is 8485081196
2026-07-21T05:43:49.6351271Z Artifact download URL: https://github.com/Grisha-Pochuev/monochromatic-no-three-in-line-solver/actions/runs/29795643015/artifacts/8485081196
2026-07-21T05:43:49.6590156Z Node 20 is being deprecated. This workflow is running with Node 24 by default. If you need to temporarily use Node 20, you can set the ACTIONS_ALLOW_USE_UNSECURE_NODE_VERSION=true environment variable. For more information see: https://github.blog/changelog/2025-09-19-deprecation-of-node-20-on-github-actions-runners/
2026-07-21T05:43:49.6591381Z Post job cleanup.
2026-07-21T05:43:49.7462920Z [command]/usr/bin/git version
2026-07-21T05:43:49.7541633Z git version 2.54.0
2026-07-21T05:43:49.7584183Z Temporarily overriding HOME='/home/runner/work/_temp/02065527-9d09-4fa7-a5b6-53579a47e4ff' before making global git config changes
2026-07-21T05:43:49.7585421Z Adding repository directory to the temporary git global config as a safe directory
2026-07-21T05:43:49.7591444Z [command]/usr/bin/git config --global --add safe.directory /home/runner/work/monochromatic-no-three-in-line-solver/monochromatic-no-three-in-line-solver
2026-07-21T05:43:49.7636662Z [command]/usr/bin/git config --local --name-only --get-regexp core\.sshCommand
2026-07-21T05:43:49.7673180Z [command]/usr/bin/git submodule foreach --recursive sh -c "git config --local --name-only --get-regexp 'core\.sshCommand' && git config --local --unset-all 'core.sshCommand' || :"
2026-07-21T05:43:49.7953004Z [command]/usr/bin/git config --local --name-only --get-regexp http\.https\:\/\/github\.com\/\.extraheader
2026-07-21T05:43:49.7983320Z http.https://github.com/.extraheader
2026-07-21T05:43:49.7996804Z [command]/usr/bin/git config --local --unset-all http.https://github.com/.extraheader
2026-07-21T05:43:49.8040877Z [command]/usr/bin/git submodule foreach --recursive sh -c "git config --local --name-only --get-regexp 'http\.https\:\/\/github\.com\/\.extraheader' && git config --local --unset-all 'http.https://github.com/.extraheader' || :"
2026-07-21T05:43:49.8323012Z [command]/usr/bin/git config --local --name-only --get-regexp ^includeIf\.gitdir:
2026-07-21T05:43:49.8364278Z [command]/usr/bin/git submodule foreach --recursive git config --local --show-origin --name-only --get-regexp remote.origin.url
2026-07-21T05:43:49.8822684Z Cleaning up orphan processes
2026-07-21T05:43:49.9176361Z Terminate orphan process: pid (4899) (sleep)
2026-07-21T05:43:49.9192575Z ##[warning]Node.js 20 is deprecated. The following actions target Node.js 20 but are being forced to run on Node.js 24: actions/checkout@v4, actions/upload-artifact@v4. For more information see: https://github.blog/changelog/2025-09-19-deprecation-of-node-20-on-github-actions-runners/
