2026-07-21T02:23:01.1551367Z Current runner version: '2.335.1'
2026-07-21T02:23:01.1576813Z ##[group]Runner Image Provisioner
2026-07-21T02:23:01.1577647Z Hosted Compute Agent
2026-07-21T02:23:01.1578374Z Version: 20260707.563
2026-07-21T02:23:01.1578996Z Commit: 02667638d2b423fbc733a8e32a88b44996a3ba6e
2026-07-21T02:23:01.1579795Z Build Date: 2026-07-07T19:33:50Z
2026-07-21T02:23:01.1580491Z Worker ID: {3767a7f3-50c3-45f5-aa2e-f70d59cd3412}
2026-07-21T02:23:01.1581197Z Azure Region: westus2
2026-07-21T02:23:01.1582237Z ##[endgroup]
2026-07-21T02:23:01.1583759Z ##[group]Operating System
2026-07-21T02:23:01.1584380Z Ubuntu
2026-07-21T02:23:01.1584992Z 24.04.4
2026-07-21T02:23:01.1585497Z LTS
2026-07-21T02:23:01.1586074Z ##[endgroup]
2026-07-21T02:23:01.1586643Z ##[group]Runner Image
2026-07-21T02:23:01.1587243Z Image: ubuntu-24.04
2026-07-21T02:23:01.1587854Z Version: 20260714.240.1
2026-07-21T02:23:01.1589113Z Included Software: https://github.com/actions/runner-images/blob/ubuntu24/20260714.240/images/ubuntu/Ubuntu2404-Readme.md
2026-07-21T02:23:01.1591106Z Image Release: https://github.com/actions/runner-images/releases/tag/ubuntu24%2F20260714.240
2026-07-21T02:23:01.1592454Z ##[endgroup]
2026-07-21T02:23:01.1593741Z ##[group]GITHUB_TOKEN Permissions
2026-07-21T02:23:01.1595935Z Actions: read
2026-07-21T02:23:01.1596655Z Contents: write
2026-07-21T02:23:01.1597223Z Metadata: read
2026-07-21T02:23:01.1597755Z ##[endgroup]
2026-07-21T02:23:01.1599904Z Secret source: Actions
2026-07-21T02:23:01.1600710Z Prepare workflow directory
2026-07-21T02:23:01.2013179Z Prepare all required actions
2026-07-21T02:23:01.2052985Z Getting action download info
2026-07-21T02:23:01.5816082Z Download action repository 'actions/checkout@v4' (SHA:11d5960a326750d5838078e36cf38b85af677262)
2026-07-21T02:23:01.9205707Z Download action repository 'actions/upload-artifact@v4' (SHA:ea165f8d65b6e75b540449e92b4886f43607fa02)
2026-07-21T02:23:02.1242687Z Complete job name: Follow-up shard 9
2026-07-21T02:23:02.1996012Z Node 20 is being deprecated. This workflow is running with Node 24 by default. If you need to temporarily use Node 20, you can set the ACTIONS_ALLOW_USE_UNSECURE_NODE_VERSION=true environment variable. For more information see: https://github.blog/changelog/2025-09-19-deprecation-of-node-20-on-github-actions-runners/
2026-07-21T02:23:02.2005157Z ##[group]Run actions/checkout@v4
2026-07-21T02:23:02.2005919Z with:
2026-07-21T02:23:02.2006392Z   ref: 43c006977c6dcc906968fe9b1a8d37e3ddd31309
2026-07-21T02:23:02.2007157Z   repository: Grisha-Pochuev/monochromatic-no-three-in-line-solver
2026-07-21T02:23:02.2010870Z   token: ***
2026-07-21T02:23:02.2011291Z   ssh-strict: true
2026-07-21T02:23:02.2011993Z   ssh-user: git
2026-07-21T02:23:02.2012435Z   persist-credentials: true
2026-07-21T02:23:02.2012910Z   clean: true
2026-07-21T02:23:02.2013344Z   sparse-checkout-cone-mode: true
2026-07-21T02:23:02.2013842Z   fetch-depth: 1
2026-07-21T02:23:02.2014258Z   fetch-tags: false
2026-07-21T02:23:02.2014720Z   show-progress: true
2026-07-21T02:23:02.2015154Z   lfs: false
2026-07-21T02:23:02.2015553Z   submodules: false
2026-07-21T02:23:02.2015982Z   set-safe-directory: true
2026-07-21T02:23:02.2016475Z   allow-unsafe-pr-checkout: false
2026-07-21T02:23:02.2017251Z env:
2026-07-21T02:23:02.2017653Z   PYTHONUNBUFFERED: 1
2026-07-21T02:23:02.2018103Z   MALLOC_ARENA_MAX: 2
2026-07-21T02:23:02.2018542Z   OMP_NUM_THREADS: 1
2026-07-21T02:23:02.2018973Z   OPENBLAS_NUM_THREADS: 1
2026-07-21T02:23:02.2019429Z   MKL_NUM_THREADS: 1
2026-07-21T02:23:02.2019850Z ##[endgroup]
2026-07-21T02:23:02.3016086Z Syncing repository: Grisha-Pochuev/monochromatic-no-three-in-line-solver
2026-07-21T02:23:02.3018459Z ##[group]Getting Git version info
2026-07-21T02:23:02.3019766Z Working directory is '/home/runner/work/monochromatic-no-three-in-line-solver/monochromatic-no-three-in-line-solver'
2026-07-21T02:23:02.3021330Z [command]/usr/bin/git version
2026-07-21T02:23:02.3175796Z git version 2.54.0
2026-07-21T02:23:02.3196896Z ##[endgroup]
2026-07-21T02:23:02.3212501Z Temporarily overriding HOME='/home/runner/work/_temp/c6ac812f-6fd3-482a-9e81-76df19b91c7e' before making global git config changes
2026-07-21T02:23:02.3215250Z Adding repository directory to the temporary git global config as a safe directory
2026-07-21T02:23:02.3218713Z [command]/usr/bin/git config --global --add safe.directory /home/runner/work/monochromatic-no-three-in-line-solver/monochromatic-no-three-in-line-solver
2026-07-21T02:23:02.3285952Z Deleting the contents of '/home/runner/work/monochromatic-no-three-in-line-solver/monochromatic-no-three-in-line-solver'
2026-07-21T02:23:02.3288854Z ##[group]Initializing the repository
2026-07-21T02:23:02.3290876Z [command]/usr/bin/git init /home/runner/work/monochromatic-no-three-in-line-solver/monochromatic-no-three-in-line-solver
2026-07-21T02:23:02.3400006Z hint: Using 'master' as the name for the initial branch. This default branch name
2026-07-21T02:23:02.3402038Z hint: will change to "main" in Git 3.0. To configure the initial branch name
2026-07-21T02:23:02.3403725Z hint: to use in all of your new repositories, which will suppress this warning,
2026-07-21T02:23:02.3405278Z hint: call:
2026-07-21T02:23:02.3406341Z hint:
2026-07-21T02:23:02.3407486Z hint: 	git config --global init.defaultBranch <name>
2026-07-21T02:23:02.3408562Z hint:
2026-07-21T02:23:02.3409680Z hint: Names commonly chosen instead of 'master' are 'main', 'trunk' and
2026-07-21T02:23:02.3411995Z hint: 'development'. The just-created branch can be renamed via this command:
2026-07-21T02:23:02.3413434Z hint:
2026-07-21T02:23:02.3414422Z hint: 	git branch -m <name>
2026-07-21T02:23:02.3415220Z hint:
2026-07-21T02:23:02.3416231Z hint: Disable this message with "git config set advice.defaultBranchName false"
2026-07-21T02:23:02.3418316Z Initialized empty Git repository in /home/runner/work/monochromatic-no-three-in-line-solver/monochromatic-no-three-in-line-solver/.git/
2026-07-21T02:23:02.3424919Z [command]/usr/bin/git remote add origin https://github.com/Grisha-Pochuev/monochromatic-no-three-in-line-solver
2026-07-21T02:23:02.3504777Z ##[endgroup]
2026-07-21T02:23:02.3506172Z ##[group]Disabling automatic garbage collection
2026-07-21T02:23:02.3509013Z [command]/usr/bin/git config --local gc.auto 0
2026-07-21T02:23:02.3542407Z ##[endgroup]
2026-07-21T02:23:02.3543744Z ##[group]Setting up auth
2026-07-21T02:23:02.3550094Z [command]/usr/bin/git config --local --name-only --get-regexp core\.sshCommand
2026-07-21T02:23:02.3586956Z [command]/usr/bin/git submodule foreach --recursive sh -c "git config --local --name-only --get-regexp 'core\.sshCommand' && git config --local --unset-all 'core.sshCommand' || :"
2026-07-21T02:23:02.3974193Z [command]/usr/bin/git config --local --name-only --get-regexp http\.https\:\/\/github\.com\/\.extraheader
2026-07-21T02:23:02.4009013Z [command]/usr/bin/git submodule foreach --recursive sh -c "git config --local --name-only --get-regexp 'http\.https\:\/\/github\.com\/\.extraheader' && git config --local --unset-all 'http.https://github.com/.extraheader' || :"
2026-07-21T02:23:02.4240923Z [command]/usr/bin/git config --local --name-only --get-regexp ^includeIf\.gitdir:
2026-07-21T02:23:02.4277611Z [command]/usr/bin/git submodule foreach --recursive git config --local --show-origin --name-only --get-regexp remote.origin.url
2026-07-21T02:23:02.4506118Z [command]/usr/bin/git config --local http.https://github.com/.extraheader AUTHORIZATION: basic ***
2026-07-21T02:23:02.4546347Z ##[endgroup]
2026-07-21T02:23:02.4547157Z ##[group]Fetching the repository
2026-07-21T02:23:02.4557867Z [command]/usr/bin/git -c protocol.version=2 fetch --no-tags --prune --no-recurse-submodules --depth=1 origin 43c006977c6dcc906968fe9b1a8d37e3ddd31309
2026-07-21T02:23:02.8348444Z From https://github.com/Grisha-Pochuev/monochromatic-no-three-in-line-solver
2026-07-21T02:23:02.8351282Z  * branch            43c006977c6dcc906968fe9b1a8d37e3ddd31309 -> FETCH_HEAD
2026-07-21T02:23:02.8387199Z ##[endgroup]
2026-07-21T02:23:02.8389124Z ##[group]Determining the checkout info
2026-07-21T02:23:02.8391037Z ##[endgroup]
2026-07-21T02:23:02.8397897Z [command]/usr/bin/git sparse-checkout disable
2026-07-21T02:23:02.8455953Z [command]/usr/bin/git config --local --unset-all extensions.worktreeConfig
2026-07-21T02:23:02.8488528Z ##[group]Checking out the ref
2026-07-21T02:23:02.8493072Z [command]/usr/bin/git checkout --progress --force 43c006977c6dcc906968fe9b1a8d37e3ddd31309
2026-07-21T02:23:02.8650724Z Note: switching to '43c006977c6dcc906968fe9b1a8d37e3ddd31309'.
2026-07-21T02:23:02.8652751Z 
2026-07-21T02:23:02.8653704Z You are in 'detached HEAD' state. You can look around, make experimental
2026-07-21T02:23:02.8655472Z changes and commit them, and you can discard any commits you make in this
2026-07-21T02:23:02.8657130Z state without impacting any branches by switching back to a branch.
2026-07-21T02:23:02.8658277Z 
2026-07-21T02:23:02.8659850Z If you want to create a new branch to retain commits you create, you may
2026-07-21T02:23:02.8662411Z do so (now or later) by using -c with the switch command. Example:
2026-07-21T02:23:02.8663837Z 
2026-07-21T02:23:02.8664481Z   git switch -c <new-branch-name>
2026-07-21T02:23:02.8665444Z 
2026-07-21T02:23:02.8665944Z Or undo this operation with:
2026-07-21T02:23:02.8666776Z 
2026-07-21T02:23:02.8667295Z   git switch -
2026-07-21T02:23:02.8667962Z 
2026-07-21T02:23:02.8668905Z Turn off this advice by setting config variable advice.detachedHead to false
2026-07-21T02:23:02.8670360Z 
2026-07-21T02:23:02.8671367Z HEAD is now at 43c0069 archive n22 run 29770927206 and schedule 170 survivors
2026-07-21T02:23:02.8676350Z ##[endgroup]
2026-07-21T02:23:02.8719740Z [command]/usr/bin/git log -1 --format=%H
2026-07-21T02:23:02.8748007Z 43c006977c6dcc906968fe9b1a8d37e3ddd31309
2026-07-21T02:23:02.8984455Z ##[group]Run python -m pip install ortools==9.15.6755
2026-07-21T02:23:02.8986114Z [36;1mpython -m pip install ortools==9.15.6755[0m
2026-07-21T02:23:02.9069380Z shell: /usr/bin/bash -e {0}
2026-07-21T02:23:02.9070459Z env:
2026-07-21T02:23:02.9071285Z   PYTHONUNBUFFERED: 1
2026-07-21T02:23:02.9072621Z   MALLOC_ARENA_MAX: 2
2026-07-21T02:23:02.9073611Z   OMP_NUM_THREADS: 1
2026-07-21T02:23:02.9074565Z   OPENBLAS_NUM_THREADS: 1
2026-07-21T02:23:02.9075544Z   MKL_NUM_THREADS: 1
2026-07-21T02:23:02.9076438Z ##[endgroup]
2026-07-21T02:23:04.0446781Z Defaulting to user installation because normal site-packages is not writeable
2026-07-21T02:23:05.1393627Z Collecting ortools==9.15.6755
2026-07-21T02:23:05.1870034Z   Downloading ortools-9.15.6755-cp312-cp312-manylinux_2_27_x86_64.manylinux_2_28_x86_64.whl.metadata (3.3 kB)
2026-07-21T02:23:05.2159402Z Collecting absl-py>=2.0.0 (from ortools==9.15.6755)
2026-07-21T02:23:05.2228427Z   Downloading absl_py-2.5.0-py3-none-any.whl.metadata (3.3 kB)
2026-07-21T02:23:05.4728510Z Collecting numpy>=2.0.2 (from ortools==9.15.6755)
2026-07-21T02:23:05.4798507Z   Downloading numpy-2.5.1-cp312-cp312-manylinux_2_27_x86_64.manylinux_2_28_x86_64.whl.metadata (6.6 kB)
2026-07-21T02:23:05.6240811Z Collecting pandas>=2.0.0 (from ortools==9.15.6755)
2026-07-21T02:23:05.6317462Z   Downloading pandas-3.0.3-cp312-cp312-manylinux_2_24_x86_64.manylinux_2_28_x86_64.whl.metadata (79 kB)
2026-07-21T02:23:05.6426443Z      ━━━━━━━━━━━━━━━━━━━━━━━━━━━━━━━━━━━━━━━━ 79.5/79.5 kB 8.3 MB/s eta 0:00:00
2026-07-21T02:23:05.8463896Z Collecting protobuf<6.34,>=6.33.1 (from ortools==9.15.6755)
2026-07-21T02:23:05.8550324Z   Downloading protobuf-6.33.6-cp39-abi3-manylinux2014_x86_64.whl.metadata (593 bytes)
2026-07-21T02:23:05.8860116Z Collecting typing-extensions>=4.12 (from ortools==9.15.6755)
2026-07-21T02:23:05.8925602Z   Downloading typing_extensions-4.16.0-py3-none-any.whl.metadata (3.3 kB)
2026-07-21T02:23:05.9169522Z Collecting immutabledict>=3.0.0 (from ortools==9.15.6755)
2026-07-21T02:23:05.9235471Z   Downloading immutabledict-4.3.1-py3-none-any.whl.metadata (3.5 kB)
2026-07-21T02:23:06.0086782Z Requirement already satisfied: python-dateutil>=2.8.2 in /usr/lib/python3/dist-packages (from pandas>=2.0.0->ortools==9.15.6755) (2.8.2)
2026-07-21T02:23:06.0299191Z Downloading ortools-9.15.6755-cp312-cp312-manylinux_2_27_x86_64.manylinux_2_28_x86_64.whl (29.8 MB)
2026-07-21T02:23:06.3701991Z    ━━━━━━━━━━━━━━━━━━━━━━━━━━━━━━━━━━━━━━━━ 29.8/29.8 MB 52.0 MB/s eta 0:00:00
2026-07-21T02:23:06.3770669Z Downloading absl_py-2.5.0-py3-none-any.whl (137 kB)
2026-07-21T02:23:06.3819373Z    ━━━━━━━━━━━━━━━━━━━━━━━━━━━━━━━━━━━━━━━━ 137.4/137.4 kB 42.6 MB/s eta 0:00:00
2026-07-21T02:23:06.3884334Z Downloading immutabledict-4.3.1-py3-none-any.whl (5.0 kB)
2026-07-21T02:23:06.4008907Z Downloading numpy-2.5.1-cp312-cp312-manylinux_2_27_x86_64.manylinux_2_28_x86_64.whl (16.7 MB)
2026-07-21T02:23:06.5041421Z    ━━━━━━━━━━━━━━━━━━━━━━━━━━━━━━━━━━━━━━━━ 16.7/16.7 MB 144.8 MB/s eta 0:00:00
2026-07-21T02:23:06.5199273Z Downloading pandas-3.0.3-cp312-cp312-manylinux_2_24_x86_64.manylinux_2_28_x86_64.whl (10.9 MB)
2026-07-21T02:23:06.5908804Z    ━━━━━━━━━━━━━━━━━━━━━━━━━━━━━━━━━━━━━━━━ 10.9/10.9 MB 156.5 MB/s eta 0:00:00
2026-07-21T02:23:06.5979735Z Downloading protobuf-6.33.6-cp39-abi3-manylinux2014_x86_64.whl (323 kB)
2026-07-21T02:23:06.6037935Z    ━━━━━━━━━━━━━━━━━━━━━━━━━━━━━━━━━━━━━━━━ 323.4/323.4 kB 79.4 MB/s eta 0:00:00
2026-07-21T02:23:06.6107893Z Downloading typing_extensions-4.16.0-py3-none-any.whl (45 kB)
2026-07-21T02:23:06.6150330Z    ━━━━━━━━━━━━━━━━━━━━━━━━━━━━━━━━━━━━━━━━ 45.6/45.6 kB 14.1 MB/s eta 0:00:00
2026-07-21T02:23:07.0117833Z Installing collected packages: typing-extensions, protobuf, numpy, immutabledict, absl-py, pandas, ortools
2026-07-21T02:23:13.4849259Z Successfully installed absl-py-2.5.0 immutabledict-4.3.1 numpy-2.5.1 ortools-9.15.6755 pandas-3.0.3 protobuf-6.33.6 typing-extensions-4.16.0
2026-07-21T02:23:13.6198938Z ##[group]Run {
2026-07-21T02:23:13.6199207Z [36;1m{[0m
2026-07-21T02:23:13.6199422Z [36;1m  echo "=== machine ==="[0m
2026-07-21T02:23:13.6199705Z [36;1m  date -u[0m
2026-07-21T02:23:13.6199935Z [36;1m  echo "nproc=$(nproc)"[0m
2026-07-21T02:23:13.6200184Z [36;1m  free -h[0m
2026-07-21T02:23:13.6200384Z [36;1m  df -h[0m
2026-07-21T02:23:13.6200658Z [36;1m  grep -m1 'model name' /proc/cpuinfo || true[0m
2026-07-21T02:23:13.6201012Z [36;1m} | tee machine-9.log[0m
2026-07-21T02:23:13.6261986Z shell: /usr/bin/bash -e {0}
2026-07-21T02:23:13.6262344Z env:
2026-07-21T02:23:13.6262544Z   PYTHONUNBUFFERED: 1
2026-07-21T02:23:13.6262772Z   MALLOC_ARENA_MAX: 2
2026-07-21T02:23:13.6262977Z   OMP_NUM_THREADS: 1
2026-07-21T02:23:13.6263184Z   OPENBLAS_NUM_THREADS: 1
2026-07-21T02:23:13.6263401Z   MKL_NUM_THREADS: 1
2026-07-21T02:23:13.6263596Z ##[endgroup]
2026-07-21T02:23:13.6422075Z === machine ===
2026-07-21T02:23:13.6422634Z Tue Jul 21 02:23:13 UTC 2026
2026-07-21T02:23:13.6439469Z nproc=1
2026-07-21T02:23:13.6455211Z                total        used        free      shared  buff/cache   available
2026-07-21T02:23:13.6456003Z Mem:            15Gi       990Mi        12Gi        43Mi       2.8Gi        14Gi
2026-07-21T02:23:13.6456672Z Swap:          3.0Gi          0B       3.0Gi
2026-07-21T02:23:13.6654140Z Filesystem      Size  Used Avail Use% Mounted on
2026-07-21T02:23:13.6654756Z /dev/root       145G   58G   87G  40% /
2026-07-21T02:23:13.6655301Z tmpfs           7.9G   84K  7.9G   1% /dev/shm
2026-07-21T02:23:13.6655861Z tmpfs           3.2G 1008K  3.2G   1% /run
2026-07-21T02:23:13.6656381Z tmpfs           5.0M     0  5.0M   0% /run/lock
2026-07-21T02:23:13.6656990Z efivarfs        128M   32K  128M   1% /sys/firmware/efi/efivars
2026-07-21T02:23:13.6657609Z /dev/sda16      881M   64M  756M   8% /boot
2026-07-21T02:23:13.6658142Z /dev/sda15      105M  6.2M   99M   6% /boot/efi
2026-07-21T02:23:13.6658697Z tmpfs           1.6G   12K  1.6G   1% /run/user/1001
2026-07-21T02:23:13.6668964Z model name	: AMD EPYC 7763 64-Core Processor
2026-07-21T02:23:13.6705594Z ##[group]Run set -uo pipefail
2026-07-21T02:23:13.6705925Z [36;1mset -uo pipefail[0m
2026-07-21T02:23:13.6706158Z [36;1m([0m
2026-07-21T02:23:13.6706349Z [36;1m  while true; do[0m
2026-07-21T02:23:13.6706620Z [36;1m    echo "=== $(date -u +%FT%TZ) ==="[0m
2026-07-21T02:23:13.6706908Z [36;1m    free -h[0m
2026-07-21T02:23:13.6707231Z [36;1m    ps -eo pid,ppid,rss,vsz,%mem,%cpu,cmd --sort=-rss | head -n 15[0m
2026-07-21T02:23:13.6707756Z [36;1m    sleep 60[0m
2026-07-21T02:23:13.6707970Z [36;1m  done[0m
2026-07-21T02:23:13.6708171Z [36;1m) > "memory-9.log" 2>&1 &[0m
2026-07-21T02:23:13.6708426Z [36;1mmonitor_pid=$![0m
2026-07-21T02:23:13.6708718Z [36;1mpython 22x22/run_n22_profile_followup_shard.py \[0m
2026-07-21T02:23:13.6709198Z [36;1m  --schedule 22x22/runs/2026-07-21-run-29770927206/remaining_schedule.json \[0m
2026-07-21T02:23:13.6709611Z [36;1m  --shard "9" \[0m
2026-07-21T02:23:13.6709847Z [36;1m  --total-seconds 21000 \[0m
2026-07-21T02:23:13.6710143Z [36;1m  --workers 4 \[0m
2026-07-21T02:23:13.6710379Z [36;1m  --fallback-workers 2 \[0m
2026-07-21T02:23:13.6710637Z [36;1m  --memory-guard-mb 13000 \[0m
2026-07-21T02:23:13.6710907Z [36;1m  --max-seconds 2500 \[0m
2026-07-21T02:23:13.6711179Z [36;1m  --artifact-buffer-seconds 180 \[0m
2026-07-21T02:23:13.6711720Z [36;1m  --seed-base 2026072100 \[0m
2026-07-21T02:23:13.6712146Z [36;1m  --output-dir "results/shard-9"[0m
2026-07-21T02:23:13.6712417Z [36;1mrc=$?[0m
2026-07-21T02:23:13.6712647Z [36;1mkill "$monitor_pid" 2>/dev/null || true[0m
2026-07-21T02:23:13.6712959Z [36;1mwait "$monitor_pid" 2>/dev/null || true[0m
2026-07-21T02:23:13.6713232Z [36;1mexit "$rc"[0m
2026-07-21T02:23:13.6773874Z shell: /usr/bin/bash --noprofile --norc -e -o pipefail {0}
2026-07-21T02:23:13.6774222Z env:
2026-07-21T02:23:13.6774420Z   PYTHONUNBUFFERED: 1
2026-07-21T02:23:13.6774645Z   MALLOC_ARENA_MAX: 2
2026-07-21T02:23:13.6774855Z   OMP_NUM_THREADS: 1
2026-07-21T02:23:13.6775076Z   OPENBLAS_NUM_THREADS: 1
2026-07-21T02:23:13.6775327Z   MKL_NUM_THREADS: 1
2026-07-21T02:23:13.6775579Z ##[endgroup]
2026-07-21T05:45:13.1316062Z ##[group]Run free -h
2026-07-21T05:45:13.1316358Z [36;1mfree -h[0m
2026-07-21T05:45:13.1316569Z [36;1mdf -h[0m
2026-07-21T05:45:13.1374611Z shell: /usr/bin/bash -e {0}
2026-07-21T05:45:13.1374862Z env:
2026-07-21T05:45:13.1375058Z   PYTHONUNBUFFERED: 1
2026-07-21T05:45:13.1375302Z   MALLOC_ARENA_MAX: 2
2026-07-21T05:45:13.1375508Z   OMP_NUM_THREADS: 1
2026-07-21T05:45:13.1375720Z   OPENBLAS_NUM_THREADS: 1
2026-07-21T05:45:13.1375950Z   MKL_NUM_THREADS: 1
2026-07-21T05:45:13.1376163Z ##[endgroup]
2026-07-21T05:45:13.1464356Z                total        used        free      shared  buff/cache   available
2026-07-21T05:45:13.1464892Z Mem:            15Gi       974Mi        12Gi        48Mi       2.8Gi        14Gi
2026-07-21T05:45:13.1465274Z Swap:          3.0Gi          0B       3.0Gi
2026-07-21T05:45:13.1481191Z Filesystem      Size  Used Avail Use% Mounted on
2026-07-21T05:45:13.1482044Z /dev/root       145G   58G   87G  40% /
2026-07-21T05:45:13.1482479Z tmpfs           7.9G   84K  7.9G   1% /dev/shm
2026-07-21T05:45:13.1482789Z tmpfs           3.2G 1008K  3.2G   1% /run
2026-07-21T05:45:13.1483075Z tmpfs           5.0M     0  5.0M   0% /run/lock
2026-07-21T05:45:13.1483414Z efivarfs        128M   32K  128M   1% /sys/firmware/efi/efivars
2026-07-21T05:45:13.1483773Z /dev/sda16      881M   64M  756M   8% /boot
2026-07-21T05:45:13.1484421Z /dev/sda15      105M  6.2M   99M   6% /boot/efi
2026-07-21T05:45:13.1484960Z tmpfs           1.6G   12K  1.6G   1% /run/user/1001
2026-07-21T05:45:13.1537720Z Node 20 is being deprecated. This workflow is running with Node 24 by default. If you need to temporarily use Node 20, you can set the ACTIONS_ALLOW_USE_UNSECURE_NODE_VERSION=true environment variable. For more information see: https://github.blog/changelog/2025-09-19-deprecation-of-node-20-on-github-actions-runners/
2026-07-21T05:45:13.1539726Z ##[group]Run actions/upload-artifact@v4
2026-07-21T05:45:13.1539997Z with:
2026-07-21T05:45:13.1540208Z   name: n22-profile-followup-shard-9
2026-07-21T05:45:13.1540506Z   path: results/
memory-9.log
machine-9.log

2026-07-21T05:45:13.1540801Z   retention-days: 30
2026-07-21T05:45:13.1541021Z   if-no-files-found: warn
2026-07-21T05:45:13.1541261Z   compression-level: 6
2026-07-21T05:45:13.1541808Z   overwrite: false
2026-07-21T05:45:13.1542255Z   include-hidden-files: false
2026-07-21T05:45:13.1542495Z env:
2026-07-21T05:45:13.1542679Z   PYTHONUNBUFFERED: 1
2026-07-21T05:45:13.1542892Z   MALLOC_ARENA_MAX: 2
2026-07-21T05:45:13.1543132Z   OMP_NUM_THREADS: 1
2026-07-21T05:45:13.1543339Z   OPENBLAS_NUM_THREADS: 1
2026-07-21T05:45:13.1543559Z   MKL_NUM_THREADS: 1
2026-07-21T05:45:13.1543752Z ##[endgroup]
2026-07-21T05:45:13.3197138Z (node:4796) [DEP0040] DeprecationWarning: The `punycode` module is deprecated. Please use a userland alternative instead.
2026-07-21T05:45:13.3198410Z (Use `node --trace-deprecation ...` to show where the warning was created)
2026-07-21T05:45:13.3319690Z Multiple search paths detected. Calculating the least common ancestor of all paths
2026-07-21T05:45:13.3323344Z The least common ancestor is /home/runner/work/monochromatic-no-three-in-line-solver/monochromatic-no-three-in-line-solver. This will be the root directory of the artifact
2026-07-21T05:45:13.3324952Z With the provided path, there will be 27 files uploaded
2026-07-21T05:45:13.3333152Z Artifact name is valid!
2026-07-21T05:45:13.3333886Z Root directory input is valid!
2026-07-21T05:45:13.6876150Z Beginning upload of artifact content to blob storage
2026-07-21T05:45:13.7431357Z (node:4796) [DEP0169] DeprecationWarning: `url.parse()` behavior is not standardized and prone to errors that have security implications. Use the WHATWG URL API instead. CVEs are not issued for `url.parse()` vulnerabilities.
2026-07-21T05:45:14.1972812Z Uploaded bytes 79656
2026-07-21T05:45:14.2808119Z Finished uploading artifact content to blob storage!
2026-07-21T05:45:14.2809202Z SHA256 digest of uploaded artifact zip is 566c3b667bc74b4d019e4d023b95655847137ccbd70df1663518fde3fdbe723d
2026-07-21T05:45:14.2812280Z Finalizing artifact upload
2026-07-21T05:45:14.4920412Z Artifact n22-profile-followup-shard-9.zip successfully finalized. Artifact ID 8485106402
2026-07-21T05:45:14.4922471Z Artifact n22-profile-followup-shard-9 has been successfully uploaded! Final size is 79656 bytes. Artifact ID is 8485106402
2026-07-21T05:45:14.4930100Z Artifact download URL: https://github.com/Grisha-Pochuev/monochromatic-no-three-in-line-solver/actions/runs/29795643015/artifacts/8485106402
2026-07-21T05:45:14.5143332Z Node 20 is being deprecated. This workflow is running with Node 24 by default. If you need to temporarily use Node 20, you can set the ACTIONS_ALLOW_USE_UNSECURE_NODE_VERSION=true environment variable. For more information see: https://github.blog/changelog/2025-09-19-deprecation-of-node-20-on-github-actions-runners/
2026-07-21T05:45:14.5144613Z Post job cleanup.
2026-07-21T05:45:14.5978156Z [command]/usr/bin/git version
2026-07-21T05:45:14.6021926Z git version 2.54.0
2026-07-21T05:45:14.6065960Z Temporarily overriding HOME='/home/runner/work/_temp/89e39c95-c0ed-4a00-bca7-0c651b5fb4e2' before making global git config changes
2026-07-21T05:45:14.6067563Z Adding repository directory to the temporary git global config as a safe directory
2026-07-21T05:45:14.6076221Z [command]/usr/bin/git config --global --add safe.directory /home/runner/work/monochromatic-no-three-in-line-solver/monochromatic-no-three-in-line-solver
2026-07-21T05:45:14.6109821Z [command]/usr/bin/git config --local --name-only --get-regexp core\.sshCommand
2026-07-21T05:45:14.6168163Z [command]/usr/bin/git submodule foreach --recursive sh -c "git config --local --name-only --get-regexp 'core\.sshCommand' && git config --local --unset-all 'core.sshCommand' || :"
2026-07-21T05:45:14.6417166Z [command]/usr/bin/git config --local --name-only --get-regexp http\.https\:\/\/github\.com\/\.extraheader
2026-07-21T05:45:14.6444927Z http.https://github.com/.extraheader
2026-07-21T05:45:14.6464176Z [command]/usr/bin/git config --local --unset-all http.https://github.com/.extraheader
2026-07-21T05:45:14.6499430Z [command]/usr/bin/git submodule foreach --recursive sh -c "git config --local --name-only --get-regexp 'http\.https\:\/\/github\.com\/\.extraheader' && git config --local --unset-all 'http.https://github.com/.extraheader' || :"
2026-07-21T05:45:14.6752962Z [command]/usr/bin/git config --local --name-only --get-regexp ^includeIf\.gitdir:
2026-07-21T05:45:14.6792718Z [command]/usr/bin/git submodule foreach --recursive git config --local --show-origin --name-only --get-regexp remote.origin.url
2026-07-21T05:45:14.7186681Z Cleaning up orphan processes
2026-07-21T05:45:14.7530115Z Terminate orphan process: pid (4787) (sleep)
2026-07-21T05:45:14.7546506Z ##[warning]Node.js 20 is deprecated. The following actions target Node.js 20 but are being forced to run on Node.js 24: actions/checkout@v4, actions/upload-artifact@v4. For more information see: https://github.blog/changelog/2025-09-19-deprecation-of-node-20-on-github-actions-runners/
