2026-07-21T02:23:00.3335359Z Current runner version: '2.335.1'
2026-07-21T02:23:00.3371257Z ##[group]Runner Image Provisioner
2026-07-21T02:23:00.3372758Z Hosted Compute Agent
2026-07-21T02:23:00.3373705Z Version: 20260707.563
2026-07-21T02:23:00.3374765Z Commit: 02667638d2b423fbc733a8e32a88b44996a3ba6e
2026-07-21T02:23:00.3376261Z Build Date: 2026-07-07T19:33:50Z
2026-07-21T02:23:00.3377348Z Worker ID: {769086fc-4a60-4ebb-861f-5b64c8b9546b}
2026-07-21T02:23:00.3378688Z Azure Region: eastus
2026-07-21T02:23:00.3379704Z ##[endgroup]
2026-07-21T02:23:00.3381993Z ##[group]Operating System
2026-07-21T02:23:00.3383063Z Ubuntu
2026-07-21T02:23:00.3383926Z 24.04.4
2026-07-21T02:23:00.3384850Z LTS
2026-07-21T02:23:00.3385979Z ##[endgroup]
2026-07-21T02:23:00.3387462Z ##[group]Runner Image
2026-07-21T02:23:00.3388469Z Image: ubuntu-24.04
2026-07-21T02:23:00.3389492Z Version: 20260714.240.1
2026-07-21T02:23:00.3391667Z Included Software: https://github.com/actions/runner-images/blob/ubuntu24/20260714.240/images/ubuntu/Ubuntu2404-Readme.md
2026-07-21T02:23:00.3394373Z Image Release: https://github.com/actions/runner-images/releases/tag/ubuntu24%2F20260714.240
2026-07-21T02:23:00.3396358Z ##[endgroup]
2026-07-21T02:23:00.3398382Z ##[group]GITHUB_TOKEN Permissions
2026-07-21T02:23:00.3401330Z Actions: read
2026-07-21T02:23:00.3402305Z Contents: write
2026-07-21T02:23:00.3403345Z Metadata: read
2026-07-21T02:23:00.3404202Z ##[endgroup]
2026-07-21T02:23:00.3407574Z Secret source: Actions
2026-07-21T02:23:00.3409121Z Prepare workflow directory
2026-07-21T02:23:00.3981818Z Prepare all required actions
2026-07-21T02:23:00.4038395Z Getting action download info
2026-07-21T02:23:00.5839879Z Download action repository 'actions/checkout@v4' (SHA:11d5960a326750d5838078e36cf38b85af677262)
2026-07-21T02:23:00.8126073Z Download action repository 'actions/upload-artifact@v4' (SHA:ea165f8d65b6e75b540449e92b4886f43607fa02)
2026-07-21T02:23:01.0192371Z Complete job name: Follow-up shard 7
2026-07-21T02:23:01.0954957Z Node 20 is being deprecated. This workflow is running with Node 24 by default. If you need to temporarily use Node 20, you can set the ACTIONS_ALLOW_USE_UNSECURE_NODE_VERSION=true environment variable. For more information see: https://github.blog/changelog/2025-09-19-deprecation-of-node-20-on-github-actions-runners/
2026-07-21T02:23:01.0963971Z ##[group]Run actions/checkout@v4
2026-07-21T02:23:01.0964750Z with:
2026-07-21T02:23:01.0965223Z   ref: 43c006977c6dcc906968fe9b1a8d37e3ddd31309
2026-07-21T02:23:01.0966286Z   repository: Grisha-Pochuev/monochromatic-no-three-in-line-solver
2026-07-21T02:23:01.0970109Z   token: ***
2026-07-21T02:23:01.0970529Z   ssh-strict: true
2026-07-21T02:23:01.0970962Z   ssh-user: git
2026-07-21T02:23:01.0971397Z   persist-credentials: true
2026-07-21T02:23:01.0971879Z   clean: true
2026-07-21T02:23:01.0972319Z   sparse-checkout-cone-mode: true
2026-07-21T02:23:01.0972834Z   fetch-depth: 1
2026-07-21T02:23:01.0973261Z   fetch-tags: false
2026-07-21T02:23:01.0973748Z   show-progress: true
2026-07-21T02:23:01.0974192Z   lfs: false
2026-07-21T02:23:01.0974608Z   submodules: false
2026-07-21T02:23:01.0975053Z   set-safe-directory: true
2026-07-21T02:23:01.0975700Z   allow-unsafe-pr-checkout: false
2026-07-21T02:23:01.0976519Z env:
2026-07-21T02:23:01.0976941Z   PYTHONUNBUFFERED: 1
2026-07-21T02:23:01.0977392Z   MALLOC_ARENA_MAX: 2
2026-07-21T02:23:01.0977835Z   OMP_NUM_THREADS: 1
2026-07-21T02:23:01.0978283Z   OPENBLAS_NUM_THREADS: 1
2026-07-21T02:23:01.0978745Z   MKL_NUM_THREADS: 1
2026-07-21T02:23:01.0979182Z ##[endgroup]
2026-07-21T02:23:01.1978412Z Syncing repository: Grisha-Pochuev/monochromatic-no-three-in-line-solver
2026-07-21T02:23:01.1981232Z ##[group]Getting Git version info
2026-07-21T02:23:01.1982525Z Working directory is '/home/runner/work/monochromatic-no-three-in-line-solver/monochromatic-no-three-in-line-solver'
2026-07-21T02:23:01.1984763Z [command]/usr/bin/git version
2026-07-21T02:23:01.2077572Z git version 2.54.0
2026-07-21T02:23:01.2117403Z ##[endgroup]
2026-07-21T02:23:01.2139987Z Temporarily overriding HOME='/home/runner/work/_temp/dfc673ca-99a3-4700-b2f9-a3b903e70e84' before making global git config changes
2026-07-21T02:23:01.2142974Z Adding repository directory to the temporary git global config as a safe directory
2026-07-21T02:23:01.2146122Z [command]/usr/bin/git config --global --add safe.directory /home/runner/work/monochromatic-no-three-in-line-solver/monochromatic-no-three-in-line-solver
2026-07-21T02:23:01.2199981Z Deleting the contents of '/home/runner/work/monochromatic-no-three-in-line-solver/monochromatic-no-three-in-line-solver'
2026-07-21T02:23:01.2205878Z ##[group]Initializing the repository
2026-07-21T02:23:01.2210991Z [command]/usr/bin/git init /home/runner/work/monochromatic-no-three-in-line-solver/monochromatic-no-three-in-line-solver
2026-07-21T02:23:01.2333131Z hint: Using 'master' as the name for the initial branch. This default branch name
2026-07-21T02:23:01.2334864Z hint: will change to "main" in Git 3.0. To configure the initial branch name
2026-07-21T02:23:01.2336573Z hint: to use in all of your new repositories, which will suppress this warning,
2026-07-21T02:23:01.2337759Z hint: call:
2026-07-21T02:23:01.2338395Z hint:
2026-07-21T02:23:01.2339213Z hint: 	git config --global init.defaultBranch <name>
2026-07-21T02:23:01.2340279Z hint:
2026-07-21T02:23:01.2341194Z hint: Names commonly chosen instead of 'master' are 'main', 'trunk' and
2026-07-21T02:23:01.2342676Z hint: 'development'. The just-created branch can be renamed via this command:
2026-07-21T02:23:01.2343857Z hint:
2026-07-21T02:23:01.2344506Z hint: 	git branch -m <name>
2026-07-21T02:23:01.2345303Z hint:
2026-07-21T02:23:01.2346561Z hint: Disable this message with "git config set advice.defaultBranchName false"
2026-07-21T02:23:01.2348857Z Initialized empty Git repository in /home/runner/work/monochromatic-no-three-in-line-solver/monochromatic-no-three-in-line-solver/.git/
2026-07-21T02:23:01.2355462Z [command]/usr/bin/git remote add origin https://github.com/Grisha-Pochuev/monochromatic-no-three-in-line-solver
2026-07-21T02:23:01.2434706Z ##[endgroup]
2026-07-21T02:23:01.2436279Z ##[group]Disabling automatic garbage collection
2026-07-21T02:23:01.2448726Z [command]/usr/bin/git config --local gc.auto 0
2026-07-21T02:23:01.2494622Z ##[endgroup]
2026-07-21T02:23:01.2496109Z ##[group]Setting up auth
2026-07-21T02:23:01.2497191Z [command]/usr/bin/git config --local --name-only --get-regexp core\.sshCommand
2026-07-21T02:23:01.2534320Z [command]/usr/bin/git submodule foreach --recursive sh -c "git config --local --name-only --get-regexp 'core\.sshCommand' && git config --local --unset-all 'core.sshCommand' || :"
2026-07-21T02:23:01.2936646Z [command]/usr/bin/git config --local --name-only --get-regexp http\.https\:\/\/github\.com\/\.extraheader
2026-07-21T02:23:01.2989854Z [command]/usr/bin/git submodule foreach --recursive sh -c "git config --local --name-only --get-regexp 'http\.https\:\/\/github\.com\/\.extraheader' && git config --local --unset-all 'http.https://github.com/.extraheader' || :"
2026-07-21T02:23:01.3243040Z [command]/usr/bin/git config --local --name-only --get-regexp ^includeIf\.gitdir:
2026-07-21T02:23:01.3285257Z [command]/usr/bin/git submodule foreach --recursive git config --local --show-origin --name-only --get-regexp remote.origin.url
2026-07-21T02:23:01.3542404Z [command]/usr/bin/git config --local http.https://github.com/.extraheader AUTHORIZATION: basic ***
2026-07-21T02:23:01.3589383Z ##[endgroup]
2026-07-21T02:23:01.3590322Z ##[group]Fetching the repository
2026-07-21T02:23:01.3605229Z [command]/usr/bin/git -c protocol.version=2 fetch --no-tags --prune --no-recurse-submodules --depth=1 origin 43c006977c6dcc906968fe9b1a8d37e3ddd31309
2026-07-21T02:23:01.5700406Z From https://github.com/Grisha-Pochuev/monochromatic-no-three-in-line-solver
2026-07-21T02:23:01.5702146Z  * branch            43c006977c6dcc906968fe9b1a8d37e3ddd31309 -> FETCH_HEAD
2026-07-21T02:23:01.5736985Z ##[endgroup]
2026-07-21T02:23:01.5737921Z ##[group]Determining the checkout info
2026-07-21T02:23:01.5745950Z ##[endgroup]
2026-07-21T02:23:01.5748626Z [command]/usr/bin/git sparse-checkout disable
2026-07-21T02:23:01.5801102Z [command]/usr/bin/git config --local --unset-all extensions.worktreeConfig
2026-07-21T02:23:01.5833242Z ##[group]Checking out the ref
2026-07-21T02:23:01.5838582Z [command]/usr/bin/git checkout --progress --force 43c006977c6dcc906968fe9b1a8d37e3ddd31309
2026-07-21T02:23:01.5998713Z Note: switching to '43c006977c6dcc906968fe9b1a8d37e3ddd31309'.
2026-07-21T02:23:01.5999700Z 
2026-07-21T02:23:01.6000359Z You are in 'detached HEAD' state. You can look around, make experimental
2026-07-21T02:23:01.6001885Z changes and commit them, and you can discard any commits you make in this
2026-07-21T02:23:01.6003368Z state without impacting any branches by switching back to a branch.
2026-07-21T02:23:01.6003896Z 
2026-07-21T02:23:01.6004286Z If you want to create a new branch to retain commits you create, you may
2026-07-21T02:23:01.6005189Z do so (now or later) by using -c with the switch command. Example:
2026-07-21T02:23:01.6005994Z 
2026-07-21T02:23:01.6006409Z   git switch -c <new-branch-name>
2026-07-21T02:23:01.6006954Z 
2026-07-21T02:23:01.6007314Z Or undo this operation with:
2026-07-21T02:23:01.6007827Z 
2026-07-21T02:23:01.6008135Z   git switch -
2026-07-21T02:23:01.6008540Z 
2026-07-21T02:23:01.6008963Z Turn off this advice by setting config variable advice.detachedHead to false
2026-07-21T02:23:01.6009583Z 
2026-07-21T02:23:01.6009970Z HEAD is now at 43c0069 archive n22 run 29770927206 and schedule 170 survivors
2026-07-21T02:23:01.6011765Z ##[endgroup]
2026-07-21T02:23:01.6117248Z [command]/usr/bin/git log -1 --format=%H
2026-07-21T02:23:01.6117968Z 43c006977c6dcc906968fe9b1a8d37e3ddd31309
2026-07-21T02:23:01.6313517Z ##[group]Run python -m pip install ortools==9.15.6755
2026-07-21T02:23:01.6314379Z [36;1mpython -m pip install ortools==9.15.6755[0m
2026-07-21T02:23:01.6397600Z shell: /usr/bin/bash -e {0}
2026-07-21T02:23:01.6398199Z env:
2026-07-21T02:23:01.6398651Z   PYTHONUNBUFFERED: 1
2026-07-21T02:23:01.6399166Z   MALLOC_ARENA_MAX: 2
2026-07-21T02:23:01.6399692Z   OMP_NUM_THREADS: 1
2026-07-21T02:23:01.6400180Z   OPENBLAS_NUM_THREADS: 1
2026-07-21T02:23:01.6400697Z   MKL_NUM_THREADS: 1
2026-07-21T02:23:01.6401178Z ##[endgroup]
2026-07-21T02:23:02.9327856Z Defaulting to user installation because normal site-packages is not writeable
2026-07-21T02:23:04.1552194Z Collecting ortools==9.15.6755
2026-07-21T02:23:04.1929284Z   Downloading ortools-9.15.6755-cp312-cp312-manylinux_2_27_x86_64.manylinux_2_28_x86_64.whl.metadata (3.3 kB)
2026-07-21T02:23:04.2219895Z Collecting absl-py>=2.0.0 (from ortools==9.15.6755)
2026-07-21T02:23:04.2258662Z   Downloading absl_py-2.5.0-py3-none-any.whl.metadata (3.3 kB)
2026-07-21T02:23:04.4649115Z Collecting numpy>=2.0.2 (from ortools==9.15.6755)
2026-07-21T02:23:04.4692198Z   Downloading numpy-2.5.1-cp312-cp312-manylinux_2_27_x86_64.manylinux_2_28_x86_64.whl.metadata (6.6 kB)
2026-07-21T02:23:04.6160975Z Collecting pandas>=2.0.0 (from ortools==9.15.6755)
2026-07-21T02:23:04.6208309Z   Downloading pandas-3.0.3-cp312-cp312-manylinux_2_24_x86_64.manylinux_2_28_x86_64.whl.metadata (79 kB)
2026-07-21T02:23:04.6296050Z      ━━━━━━━━━━━━━━━━━━━━━━━━━━━━━━━━━━━━━━━━ 79.5/79.5 kB 10.7 MB/s eta 0:00:00
2026-07-21T02:23:04.8322767Z Collecting protobuf<6.34,>=6.33.1 (from ortools==9.15.6755)
2026-07-21T02:23:04.8361124Z   Downloading protobuf-6.33.6-cp39-abi3-manylinux2014_x86_64.whl.metadata (593 bytes)
2026-07-21T02:23:04.8632150Z Collecting typing-extensions>=4.12 (from ortools==9.15.6755)
2026-07-21T02:23:04.8669657Z   Downloading typing_extensions-4.16.0-py3-none-any.whl.metadata (3.3 kB)
2026-07-21T02:23:04.8873706Z Collecting immutabledict>=3.0.0 (from ortools==9.15.6755)
2026-07-21T02:23:04.8910105Z   Downloading immutabledict-4.3.1-py3-none-any.whl.metadata (3.5 kB)
2026-07-21T02:23:04.9767223Z Requirement already satisfied: python-dateutil>=2.8.2 in /usr/lib/python3/dist-packages (from pandas>=2.0.0->ortools==9.15.6755) (2.8.2)
2026-07-21T02:23:04.9849725Z Downloading ortools-9.15.6755-cp312-cp312-manylinux_2_27_x86_64.manylinux_2_28_x86_64.whl (29.8 MB)
2026-07-21T02:23:05.2604298Z    ━━━━━━━━━━━━━━━━━━━━━━━━━━━━━━━━━━━━━━━━ 29.8/29.8 MB 106.4 MB/s eta 0:00:00
2026-07-21T02:23:05.2646433Z Downloading absl_py-2.5.0-py3-none-any.whl (137 kB)
2026-07-21T02:23:05.2691413Z    ━━━━━━━━━━━━━━━━━━━━━━━━━━━━━━━━━━━━━━━━ 137.4/137.4 kB 47.7 MB/s eta 0:00:00
2026-07-21T02:23:05.2727272Z Downloading immutabledict-4.3.1-py3-none-any.whl (5.0 kB)
2026-07-21T02:23:05.2784855Z Downloading numpy-2.5.1-cp312-cp312-manylinux_2_27_x86_64.manylinux_2_28_x86_64.whl (16.7 MB)
2026-07-21T02:23:05.3842240Z    ━━━━━━━━━━━━━━━━━━━━━━━━━━━━━━━━━━━━━━━━ 16.7/16.7 MB 142.5 MB/s eta 0:00:00
2026-07-21T02:23:05.3888134Z Downloading pandas-3.0.3-cp312-cp312-manylinux_2_24_x86_64.manylinux_2_28_x86_64.whl (10.9 MB)
2026-07-21T02:23:05.4595364Z    ━━━━━━━━━━━━━━━━━━━━━━━━━━━━━━━━━━━━━━━━ 10.9/10.9 MB 155.5 MB/s eta 0:00:00
2026-07-21T02:23:05.4632766Z Downloading protobuf-6.33.6-cp39-abi3-manylinux2014_x86_64.whl (323 kB)
2026-07-21T02:23:05.4690810Z    ━━━━━━━━━━━━━━━━━━━━━━━━━━━━━━━━━━━━━━━━ 323.4/323.4 kB 78.6 MB/s eta 0:00:00
2026-07-21T02:23:05.4730815Z Downloading typing_extensions-4.16.0-py3-none-any.whl (45 kB)
2026-07-21T02:23:05.4780284Z    ━━━━━━━━━━━━━━━━━━━━━━━━━━━━━━━━━━━━━━━━ 45.6/45.6 kB 12.7 MB/s eta 0:00:00
2026-07-21T02:23:05.8981887Z Installing collected packages: typing-extensions, protobuf, numpy, immutabledict, absl-py, pandas, ortools
2026-07-21T02:23:12.3250974Z Successfully installed absl-py-2.5.0 immutabledict-4.3.1 numpy-2.5.1 ortools-9.15.6755 pandas-3.0.3 protobuf-6.33.6 typing-extensions-4.16.0
2026-07-21T02:23:12.4529258Z ##[group]Run {
2026-07-21T02:23:12.4529721Z [36;1m{[0m
2026-07-21T02:23:12.4530027Z [36;1m  echo "=== machine ==="[0m
2026-07-21T02:23:12.4530400Z [36;1m  date -u[0m
2026-07-21T02:23:12.4530629Z [36;1m  echo "nproc=$(nproc)"[0m
2026-07-21T02:23:12.4530874Z [36;1m  free -h[0m
2026-07-21T02:23:12.4531069Z [36;1m  df -h[0m
2026-07-21T02:23:12.4531322Z [36;1m  grep -m1 'model name' /proc/cpuinfo || true[0m
2026-07-21T02:23:12.4531672Z [36;1m} | tee machine-7.log[0m
2026-07-21T02:23:12.4593249Z shell: /usr/bin/bash -e {0}
2026-07-21T02:23:12.4593498Z env:
2026-07-21T02:23:12.4593694Z   PYTHONUNBUFFERED: 1
2026-07-21T02:23:12.4593912Z   MALLOC_ARENA_MAX: 2
2026-07-21T02:23:12.4594111Z   OMP_NUM_THREADS: 1
2026-07-21T02:23:12.4594316Z   OPENBLAS_NUM_THREADS: 1
2026-07-21T02:23:12.4594566Z   MKL_NUM_THREADS: 1
2026-07-21T02:23:12.4594795Z ##[endgroup]
2026-07-21T02:23:12.4753107Z === machine ===
2026-07-21T02:23:12.4753556Z Tue Jul 21 02:23:12 UTC 2026
2026-07-21T02:23:12.4773081Z nproc=1
2026-07-21T02:23:12.4788982Z                total        used        free      shared  buff/cache   available
2026-07-21T02:23:12.4789687Z Mem:            15Gi       1.0Gi        12Gi        42Mi       2.8Gi        14Gi
2026-07-21T02:23:12.4790055Z Swap:          3.0Gi          0B       3.0Gi
2026-07-21T02:23:12.5007526Z Filesystem      Size  Used Avail Use% Mounted on
2026-07-21T02:23:12.5008148Z /dev/root       145G   58G   87G  40% /
2026-07-21T02:23:12.5008481Z tmpfs           7.9G   84K  7.9G   1% /dev/shm
2026-07-21T02:23:12.5008790Z tmpfs           3.2G 1008K  3.2G   1% /run
2026-07-21T02:23:12.5009101Z tmpfs           5.0M     0  5.0M   0% /run/lock
2026-07-21T02:23:12.5009457Z efivarfs        128M   32K  128M   1% /sys/firmware/efi/efivars
2026-07-21T02:23:12.5009813Z /dev/sda16      881M   64M  756M   8% /boot
2026-07-21T02:23:12.5010120Z /dev/sda15      105M  6.2M   99M   6% /boot/efi
2026-07-21T02:23:12.5010444Z tmpfs           1.6G   12K  1.6G   1% /run/user/1001
2026-07-21T02:23:12.5021394Z model name	: AMD EPYC 7763 64-Core Processor
2026-07-21T02:23:12.5057830Z ##[group]Run set -uo pipefail
2026-07-21T02:23:12.5058166Z [36;1mset -uo pipefail[0m
2026-07-21T02:23:12.5058393Z [36;1m([0m
2026-07-21T02:23:12.5058588Z [36;1m  while true; do[0m
2026-07-21T02:23:12.5058842Z [36;1m    echo "=== $(date -u +%FT%TZ) ==="[0m
2026-07-21T02:23:12.5059133Z [36;1m    free -h[0m
2026-07-21T02:23:12.5059447Z [36;1m    ps -eo pid,ppid,rss,vsz,%mem,%cpu,cmd --sort=-rss | head -n 15[0m
2026-07-21T02:23:12.5059975Z [36;1m    sleep 60[0m
2026-07-21T02:23:12.5060184Z [36;1m  done[0m
2026-07-21T02:23:12.5060383Z [36;1m) > "memory-7.log" 2>&1 &[0m
2026-07-21T02:23:12.5060632Z [36;1mmonitor_pid=$![0m
2026-07-21T02:23:12.5060903Z [36;1mpython 22x22/run_n22_profile_followup_shard.py \[0m
2026-07-21T02:23:12.5061368Z [36;1m  --schedule 22x22/runs/2026-07-21-run-29770927206/remaining_schedule.json \[0m
2026-07-21T02:23:12.5061790Z [36;1m  --shard "7" \[0m
2026-07-21T02:23:12.5062016Z [36;1m  --total-seconds 21000 \[0m
2026-07-21T02:23:12.5062302Z [36;1m  --workers 4 \[0m
2026-07-21T02:23:12.5062537Z [36;1m  --fallback-workers 2 \[0m
2026-07-21T02:23:12.5062790Z [36;1m  --memory-guard-mb 13000 \[0m
2026-07-21T02:23:12.5063049Z [36;1m  --max-seconds 2500 \[0m
2026-07-21T02:23:12.5063311Z [36;1m  --artifact-buffer-seconds 180 \[0m
2026-07-21T02:23:12.5063587Z [36;1m  --seed-base 2026072100 \[0m
2026-07-21T02:23:12.5063855Z [36;1m  --output-dir "results/shard-7"[0m
2026-07-21T02:23:12.5064120Z [36;1mrc=$?[0m
2026-07-21T02:23:12.5064351Z [36;1mkill "$monitor_pid" 2>/dev/null || true[0m
2026-07-21T02:23:12.5064665Z [36;1mwait "$monitor_pid" 2>/dev/null || true[0m
2026-07-21T02:23:12.5064942Z [36;1mexit "$rc"[0m
2026-07-21T02:23:12.5126066Z shell: /usr/bin/bash --noprofile --norc -e -o pipefail {0}
2026-07-21T02:23:12.5126409Z env:
2026-07-21T02:23:12.5126603Z   PYTHONUNBUFFERED: 1
2026-07-21T02:23:12.5126819Z   MALLOC_ARENA_MAX: 2
2026-07-21T02:23:12.5127026Z   OMP_NUM_THREADS: 1
2026-07-21T02:23:12.5127262Z   OPENBLAS_NUM_THREADS: 1
2026-07-21T02:23:12.5127527Z   MKL_NUM_THREADS: 1
2026-07-21T02:23:12.5127723Z ##[endgroup]
2026-07-21T07:22:17.5820880Z ##[group]Run free -h
2026-07-21T07:22:17.5821191Z [36;1mfree -h[0m
2026-07-21T07:22:17.5821408Z [36;1mdf -h[0m
2026-07-21T07:22:17.5880921Z shell: /usr/bin/bash -e {0}
2026-07-21T07:22:17.5881210Z env:
2026-07-21T07:22:17.5881435Z   PYTHONUNBUFFERED: 1
2026-07-21T07:22:17.5881710Z   MALLOC_ARENA_MAX: 2
2026-07-21T07:22:17.5881958Z   OMP_NUM_THREADS: 1
2026-07-21T07:22:17.5882217Z   OPENBLAS_NUM_THREADS: 1
2026-07-21T07:22:17.5882503Z   MKL_NUM_THREADS: 1
2026-07-21T07:22:17.5882756Z ##[endgroup]
2026-07-21T07:22:17.5977525Z                total        used        free      shared  buff/cache   available
2026-07-21T07:22:17.5978197Z Mem:            15Gi       963Mi        12Gi        47Mi       2.8Gi        14Gi
2026-07-21T07:22:17.5978693Z Swap:          3.0Gi          0B       3.0Gi
2026-07-21T07:22:17.5993376Z Filesystem      Size  Used Avail Use% Mounted on
2026-07-21T07:22:17.5993886Z /dev/root       145G   58G   87G  40% /
2026-07-21T07:22:17.5994600Z tmpfs           7.9G   84K  7.9G   1% /dev/shm
2026-07-21T07:22:17.5995375Z tmpfs           3.2G 1008K  3.2G   1% /run
2026-07-21T07:22:17.5996373Z tmpfs           5.0M     0  5.0M   0% /run/lock
2026-07-21T07:22:17.5997332Z efivarfs        128M   32K  128M   1% /sys/firmware/efi/efivars
2026-07-21T07:22:17.5998364Z /dev/sda16      881M   64M  756M   8% /boot
2026-07-21T07:22:17.5998904Z /dev/sda15      105M  6.2M   99M   6% /boot/efi
2026-07-21T07:22:17.5999389Z tmpfs           1.6G   12K  1.6G   1% /run/user/1001
2026-07-21T07:22:17.6054853Z Node 20 is being deprecated. This workflow is running with Node 24 by default. If you need to temporarily use Node 20, you can set the ACTIONS_ALLOW_USE_UNSECURE_NODE_VERSION=true environment variable. For more information see: https://github.blog/changelog/2025-09-19-deprecation-of-node-20-on-github-actions-runners/
2026-07-21T07:22:17.6056880Z ##[group]Run actions/upload-artifact@v4
2026-07-21T07:22:17.6057165Z with:
2026-07-21T07:22:17.6057372Z   name: n22-profile-followup-shard-7
2026-07-21T07:22:17.6057663Z   path: results/
memory-7.log
machine-7.log

2026-07-21T07:22:17.6057945Z   retention-days: 30
2026-07-21T07:22:17.6058161Z   if-no-files-found: warn
2026-07-21T07:22:17.6058386Z   compression-level: 6
2026-07-21T07:22:17.6058594Z   overwrite: false
2026-07-21T07:22:17.6058992Z   include-hidden-files: false
2026-07-21T07:22:17.6059219Z env:
2026-07-21T07:22:17.6059397Z   PYTHONUNBUFFERED: 1
2026-07-21T07:22:17.6059604Z   MALLOC_ARENA_MAX: 2
2026-07-21T07:22:17.6059830Z   OMP_NUM_THREADS: 1
2026-07-21T07:22:17.6060033Z   OPENBLAS_NUM_THREADS: 1
2026-07-21T07:22:17.6060245Z   MKL_NUM_THREADS: 1
2026-07-21T07:22:17.6060437Z ##[endgroup]
2026-07-21T07:22:17.7674211Z (node:5864) [DEP0040] DeprecationWarning: The `punycode` module is deprecated. Please use a userland alternative instead.
2026-07-21T07:22:17.7675017Z (Use `node --trace-deprecation ...` to show where the warning was created)
2026-07-21T07:22:17.7810514Z Multiple search paths detected. Calculating the least common ancestor of all paths
2026-07-21T07:22:17.7812367Z The least common ancestor is /home/runner/work/monochromatic-no-three-in-line-solver/monochromatic-no-three-in-line-solver. This will be the root directory of the artifact
2026-07-21T07:22:17.7813395Z With the provided path, there will be 30 files uploaded
2026-07-21T07:22:17.7814348Z Artifact name is valid!
2026-07-21T07:22:17.7814841Z Root directory input is valid!
2026-07-21T07:22:17.9318577Z Beginning upload of artifact content to blob storage
2026-07-21T07:22:18.0004171Z (node:5864) [DEP0169] DeprecationWarning: `url.parse()` behavior is not standardized and prone to errors that have security implications. Use the WHATWG URL API instead. CVEs are not issued for `url.parse()` vulnerabilities.
2026-07-21T07:22:18.0419029Z Uploaded bytes 89716
2026-07-21T07:22:18.0561403Z Finished uploading artifact content to blob storage!
2026-07-21T07:22:18.0562605Z SHA256 digest of uploaded artifact zip is a567b802b1acfb8ba5f52d44a798be77bd3f37af3931fb97d30400e4107c10e4
2026-07-21T07:22:18.0565031Z Finalizing artifact upload
2026-07-21T07:22:18.2221163Z Artifact n22-profile-followup-shard-7.zip successfully finalized. Artifact ID 8487090142
2026-07-21T07:22:18.2223010Z Artifact n22-profile-followup-shard-7 has been successfully uploaded! Final size is 89716 bytes. Artifact ID is 8487090142
2026-07-21T07:22:18.2229300Z Artifact download URL: https://github.com/Grisha-Pochuev/monochromatic-no-three-in-line-solver/actions/runs/29795643015/artifacts/8487090142
2026-07-21T07:22:18.2445047Z Node 20 is being deprecated. This workflow is running with Node 24 by default. If you need to temporarily use Node 20, you can set the ACTIONS_ALLOW_USE_UNSECURE_NODE_VERSION=true environment variable. For more information see: https://github.blog/changelog/2025-09-19-deprecation-of-node-20-on-github-actions-runners/
2026-07-21T07:22:18.2446507Z Post job cleanup.
2026-07-21T07:22:18.3314273Z [command]/usr/bin/git version
2026-07-21T07:22:18.3356299Z git version 2.54.0
2026-07-21T07:22:18.3426421Z Temporarily overriding HOME='/home/runner/work/_temp/30746163-bee0-46e3-9f20-17fbe2aecbae' before making global git config changes
2026-07-21T07:22:18.3427873Z Adding repository directory to the temporary git global config as a safe directory
2026-07-21T07:22:18.3432172Z [command]/usr/bin/git config --global --add safe.directory /home/runner/work/monochromatic-no-three-in-line-solver/monochromatic-no-three-in-line-solver
2026-07-21T07:22:18.3469298Z [command]/usr/bin/git config --local --name-only --get-regexp core\.sshCommand
2026-07-21T07:22:18.3502453Z [command]/usr/bin/git submodule foreach --recursive sh -c "git config --local --name-only --get-regexp 'core\.sshCommand' && git config --local --unset-all 'core.sshCommand' || :"
2026-07-21T07:22:18.3756658Z [command]/usr/bin/git config --local --name-only --get-regexp http\.https\:\/\/github\.com\/\.extraheader
2026-07-21T07:22:18.3784773Z http.https://github.com/.extraheader
2026-07-21T07:22:18.3797704Z [command]/usr/bin/git config --local --unset-all http.https://github.com/.extraheader
2026-07-21T07:22:18.3832114Z [command]/usr/bin/git submodule foreach --recursive sh -c "git config --local --name-only --get-regexp 'http\.https\:\/\/github\.com\/\.extraheader' && git config --local --unset-all 'http.https://github.com/.extraheader' || :"
2026-07-21T07:22:18.4095739Z [command]/usr/bin/git config --local --name-only --get-regexp ^includeIf\.gitdir:
2026-07-21T07:22:18.4135014Z [command]/usr/bin/git submodule foreach --recursive git config --local --show-origin --name-only --get-regexp remote.origin.url
2026-07-21T07:22:18.4537864Z Cleaning up orphan processes
2026-07-21T07:22:18.4873520Z Terminate orphan process: pid (5858) (sleep)
2026-07-21T07:22:18.4888319Z ##[warning]Node.js 20 is deprecated. The following actions target Node.js 20 but are being forced to run on Node.js 24: actions/checkout@v4, actions/upload-artifact@v4. For more information see: https://github.blog/changelog/2025-09-19-deprecation-of-node-20-on-github-actions-runners/
