2026-07-21T02:23:01.4940940Z Current runner version: '2.335.1'
2026-07-21T02:23:01.4966464Z ##[group]Runner Image Provisioner
2026-07-21T02:23:01.4967454Z Hosted Compute Agent
2026-07-21T02:23:01.4968106Z Version: 20260707.563
2026-07-21T02:23:01.4968779Z Commit: 02667638d2b423fbc733a8e32a88b44996a3ba6e
2026-07-21T02:23:01.4969548Z Build Date: 2026-07-07T19:33:50Z
2026-07-21T02:23:01.4970245Z Worker ID: {f35d9f85-dfde-455e-a14f-9503a510c75e}
2026-07-21T02:23:01.4971063Z Azure Region: westus2
2026-07-21T02:23:01.4971680Z ##[endgroup]
2026-07-21T02:23:01.4973131Z ##[group]Operating System
2026-07-21T02:23:01.4973943Z Ubuntu
2026-07-21T02:23:01.4974679Z 24.04.4
2026-07-21T02:23:01.4975257Z LTS
2026-07-21T02:23:01.4975802Z ##[endgroup]
2026-07-21T02:23:01.4976399Z ##[group]Runner Image
2026-07-21T02:23:01.4977057Z Image: ubuntu-24.04
2026-07-21T02:23:01.4977638Z Version: 20260714.240.1
2026-07-21T02:23:01.4979348Z Included Software: https://github.com/actions/runner-images/blob/ubuntu24/20260714.240/images/ubuntu/Ubuntu2404-Readme.md
2026-07-21T02:23:01.4981098Z Image Release: https://github.com/actions/runner-images/releases/tag/ubuntu24%2F20260714.240
2026-07-21T02:23:01.4982195Z ##[endgroup]
2026-07-21T02:23:01.4983392Z ##[group]GITHUB_TOKEN Permissions
2026-07-21T02:23:01.4985958Z Actions: read
2026-07-21T02:23:01.4986634Z Contents: write
2026-07-21T02:23:01.4987168Z Metadata: read
2026-07-21T02:23:01.4987802Z ##[endgroup]
2026-07-21T02:23:01.4989896Z Secret source: Actions
2026-07-21T02:23:01.4990752Z Prepare workflow directory
2026-07-21T02:23:01.5434978Z Prepare all required actions
2026-07-21T02:23:01.5486988Z Getting action download info
2026-07-21T02:23:01.8914818Z Download action repository 'actions/checkout@v4' (SHA:11d5960a326750d5838078e36cf38b85af677262)
2026-07-21T02:23:02.1457991Z Download action repository 'actions/upload-artifact@v4' (SHA:ea165f8d65b6e75b540449e92b4886f43607fa02)
2026-07-21T02:23:02.3458338Z Complete job name: Follow-up shard 12
2026-07-21T02:23:02.4205258Z Node 20 is being deprecated. This workflow is running with Node 24 by default. If you need to temporarily use Node 20, you can set the ACTIONS_ALLOW_USE_UNSECURE_NODE_VERSION=true environment variable. For more information see: https://github.blog/changelog/2025-09-19-deprecation-of-node-20-on-github-actions-runners/
2026-07-21T02:23:02.4214128Z ##[group]Run actions/checkout@v4
2026-07-21T02:23:02.4215160Z with:
2026-07-21T02:23:02.4215641Z   ref: 43c006977c6dcc906968fe9b1a8d37e3ddd31309
2026-07-21T02:23:02.4216440Z   repository: Grisha-Pochuev/monochromatic-no-three-in-line-solver
2026-07-21T02:23:02.4220399Z   token: ***
2026-07-21T02:23:02.4220838Z   ssh-strict: true
2026-07-21T02:23:02.4221265Z   ssh-user: git
2026-07-21T02:23:02.4221699Z   persist-credentials: true
2026-07-21T02:23:02.4222179Z   clean: true
2026-07-21T02:23:02.4222611Z   sparse-checkout-cone-mode: true
2026-07-21T02:23:02.4223128Z   fetch-depth: 1
2026-07-21T02:23:02.4223545Z   fetch-tags: false
2026-07-21T02:23:02.4224025Z   show-progress: true
2026-07-21T02:23:02.4224644Z   lfs: false
2026-07-21T02:23:02.4225071Z   submodules: false
2026-07-21T02:23:02.4225576Z   set-safe-directory: true
2026-07-21T02:23:02.4226079Z   allow-unsafe-pr-checkout: false
2026-07-21T02:23:02.4226841Z env:
2026-07-21T02:23:02.4227250Z   PYTHONUNBUFFERED: 1
2026-07-21T02:23:02.4227698Z   MALLOC_ARENA_MAX: 2
2026-07-21T02:23:02.4228144Z   OMP_NUM_THREADS: 1
2026-07-21T02:23:02.4228589Z   OPENBLAS_NUM_THREADS: 1
2026-07-21T02:23:02.4229046Z   MKL_NUM_THREADS: 1
2026-07-21T02:23:02.4229474Z ##[endgroup]
2026-07-21T02:23:02.5283460Z Syncing repository: Grisha-Pochuev/monochromatic-no-three-in-line-solver
2026-07-21T02:23:02.5286877Z ##[group]Getting Git version info
2026-07-21T02:23:02.5288049Z Working directory is '/home/runner/work/monochromatic-no-three-in-line-solver/monochromatic-no-three-in-line-solver'
2026-07-21T02:23:02.5289421Z [command]/usr/bin/git version
2026-07-21T02:23:02.5387683Z git version 2.54.0
2026-07-21T02:23:02.5409948Z ##[endgroup]
2026-07-21T02:23:02.5425175Z Temporarily overriding HOME='/home/runner/work/_temp/1a2ab30f-8258-41ff-ae7c-7e91229934d0' before making global git config changes
2026-07-21T02:23:02.5428025Z Adding repository directory to the temporary git global config as a safe directory
2026-07-21T02:23:02.5432201Z [command]/usr/bin/git config --global --add safe.directory /home/runner/work/monochromatic-no-three-in-line-solver/monochromatic-no-three-in-line-solver
2026-07-21T02:23:02.5485713Z Deleting the contents of '/home/runner/work/monochromatic-no-three-in-line-solver/monochromatic-no-three-in-line-solver'
2026-07-21T02:23:02.5489372Z ##[group]Initializing the repository
2026-07-21T02:23:02.5516973Z [command]/usr/bin/git init /home/runner/work/monochromatic-no-three-in-line-solver/monochromatic-no-three-in-line-solver
2026-07-21T02:23:02.5655952Z hint: Using 'master' as the name for the initial branch. This default branch name
2026-07-21T02:23:02.5657636Z hint: will change to "main" in Git 3.0. To configure the initial branch name
2026-07-21T02:23:02.5659965Z hint: to use in all of your new repositories, which will suppress this warning,
2026-07-21T02:23:02.5661282Z hint: call:
2026-07-21T02:23:02.5662329Z hint:
2026-07-21T02:23:02.5663618Z hint: 	git config --global init.defaultBranch <name>
2026-07-21T02:23:02.5665199Z hint:
2026-07-21T02:23:02.5666418Z hint: Names commonly chosen instead of 'master' are 'main', 'trunk' and
2026-07-21T02:23:02.5668545Z hint: 'development'. The just-created branch can be renamed via this command:
2026-07-21T02:23:02.5671231Z hint:
2026-07-21T02:23:02.5672357Z hint: 	git branch -m <name>
2026-07-21T02:23:02.5673519Z hint:
2026-07-21T02:23:02.5675260Z hint: Disable this message with "git config set advice.defaultBranchName false"
2026-07-21T02:23:02.5678085Z Initialized empty Git repository in /home/runner/work/monochromatic-no-three-in-line-solver/monochromatic-no-three-in-line-solver/.git/
2026-07-21T02:23:02.5685434Z [command]/usr/bin/git remote add origin https://github.com/Grisha-Pochuev/monochromatic-no-three-in-line-solver
2026-07-21T02:23:02.5733144Z ##[endgroup]
2026-07-21T02:23:02.5734904Z ##[group]Disabling automatic garbage collection
2026-07-21T02:23:02.5738019Z [command]/usr/bin/git config --local gc.auto 0
2026-07-21T02:23:02.5771115Z ##[endgroup]
2026-07-21T02:23:02.5772774Z ##[group]Setting up auth
2026-07-21T02:23:02.5779532Z [command]/usr/bin/git config --local --name-only --get-regexp core\.sshCommand
2026-07-21T02:23:02.5822609Z [command]/usr/bin/git submodule foreach --recursive sh -c "git config --local --name-only --get-regexp 'core\.sshCommand' && git config --local --unset-all 'core.sshCommand' || :"
2026-07-21T02:23:02.6273130Z [command]/usr/bin/git config --local --name-only --get-regexp http\.https\:\/\/github\.com\/\.extraheader
2026-07-21T02:23:02.6311811Z [command]/usr/bin/git submodule foreach --recursive sh -c "git config --local --name-only --get-regexp 'http\.https\:\/\/github\.com\/\.extraheader' && git config --local --unset-all 'http.https://github.com/.extraheader' || :"
2026-07-21T02:23:02.6552929Z [command]/usr/bin/git config --local --name-only --get-regexp ^includeIf\.gitdir:
2026-07-21T02:23:02.6588678Z [command]/usr/bin/git submodule foreach --recursive git config --local --show-origin --name-only --get-regexp remote.origin.url
2026-07-21T02:23:02.6809865Z [command]/usr/bin/git config --local http.https://github.com/.extraheader AUTHORIZATION: basic ***
2026-07-21T02:23:02.6848990Z ##[endgroup]
2026-07-21T02:23:02.6849874Z ##[group]Fetching the repository
2026-07-21T02:23:02.6859550Z [command]/usr/bin/git -c protocol.version=2 fetch --no-tags --prune --no-recurse-submodules --depth=1 origin 43c006977c6dcc906968fe9b1a8d37e3ddd31309
2026-07-21T02:23:03.0903482Z From https://github.com/Grisha-Pochuev/monochromatic-no-three-in-line-solver
2026-07-21T02:23:03.0905776Z  * branch            43c006977c6dcc906968fe9b1a8d37e3ddd31309 -> FETCH_HEAD
2026-07-21T02:23:03.0940963Z ##[endgroup]
2026-07-21T02:23:03.0941879Z ##[group]Determining the checkout info
2026-07-21T02:23:03.0943302Z ##[endgroup]
2026-07-21T02:23:03.0949851Z [command]/usr/bin/git sparse-checkout disable
2026-07-21T02:23:03.1048839Z [command]/usr/bin/git config --local --unset-all extensions.worktreeConfig
2026-07-21T02:23:03.1080369Z ##[group]Checking out the ref
2026-07-21T02:23:03.1084972Z [command]/usr/bin/git checkout --progress --force 43c006977c6dcc906968fe9b1a8d37e3ddd31309
2026-07-21T02:23:03.1240221Z Note: switching to '43c006977c6dcc906968fe9b1a8d37e3ddd31309'.
2026-07-21T02:23:03.1241140Z 
2026-07-21T02:23:03.1241777Z You are in 'detached HEAD' state. You can look around, make experimental
2026-07-21T02:23:03.1243259Z changes and commit them, and you can discard any commits you make in this
2026-07-21T02:23:03.1244984Z state without impacting any branches by switching back to a branch.
2026-07-21T02:23:03.1245908Z 
2026-07-21T02:23:03.1246444Z If you want to create a new branch to retain commits you create, you may
2026-07-21T02:23:03.1247344Z do so (now or later) by using -c with the switch command. Example:
2026-07-21T02:23:03.1248053Z 
2026-07-21T02:23:03.1248421Z   git switch -c <new-branch-name>
2026-07-21T02:23:03.1248973Z 
2026-07-21T02:23:03.1249211Z Or undo this operation with:
2026-07-21T02:23:03.1249601Z 
2026-07-21T02:23:03.1249803Z   git switch -
2026-07-21T02:23:03.1250078Z 
2026-07-21T02:23:03.1250481Z Turn off this advice by setting config variable advice.detachedHead to false
2026-07-21T02:23:03.1251101Z 
2026-07-21T02:23:03.1251487Z HEAD is now at 43c0069 archive n22 run 29770927206 and schedule 170 survivors
2026-07-21T02:23:03.1253337Z ##[endgroup]
2026-07-21T02:23:03.1298396Z [command]/usr/bin/git log -1 --format=%H
2026-07-21T02:23:03.1323757Z 43c006977c6dcc906968fe9b1a8d37e3ddd31309
2026-07-21T02:23:03.1526536Z ##[group]Run python -m pip install ortools==9.15.6755
2026-07-21T02:23:03.1527310Z [36;1mpython -m pip install ortools==9.15.6755[0m
2026-07-21T02:23:03.1607406Z shell: /usr/bin/bash -e {0}
2026-07-21T02:23:03.1607953Z env:
2026-07-21T02:23:03.1608380Z   PYTHONUNBUFFERED: 1
2026-07-21T02:23:03.1608860Z   MALLOC_ARENA_MAX: 2
2026-07-21T02:23:03.1609346Z   OMP_NUM_THREADS: 1
2026-07-21T02:23:03.1609820Z   OPENBLAS_NUM_THREADS: 1
2026-07-21T02:23:03.1610316Z   MKL_NUM_THREADS: 1
2026-07-21T02:23:03.1610767Z ##[endgroup]
2026-07-21T02:23:03.6196929Z Defaulting to user installation because normal site-packages is not writeable
2026-07-21T02:23:03.9953567Z Collecting ortools==9.15.6755
2026-07-21T02:23:04.0372554Z   Downloading ortools-9.15.6755-cp312-cp312-manylinux_2_27_x86_64.manylinux_2_28_x86_64.whl.metadata (3.3 kB)
2026-07-21T02:23:04.0659253Z Collecting absl-py>=2.0.0 (from ortools==9.15.6755)
2026-07-21T02:23:04.0728487Z   Downloading absl_py-2.5.0-py3-none-any.whl.metadata (3.3 kB)
2026-07-21T02:23:04.3325644Z Collecting numpy>=2.0.2 (from ortools==9.15.6755)
2026-07-21T02:23:04.3422126Z   Downloading numpy-2.5.1-cp312-cp312-manylinux_2_27_x86_64.manylinux_2_28_x86_64.whl.metadata (6.6 kB)
2026-07-21T02:23:04.4897805Z Collecting pandas>=2.0.0 (from ortools==9.15.6755)
2026-07-21T02:23:04.4972465Z   Downloading pandas-3.0.3-cp312-cp312-manylinux_2_24_x86_64.manylinux_2_28_x86_64.whl.metadata (79 kB)
2026-07-21T02:23:04.5095939Z      ━━━━━━━━━━━━━━━━━━━━━━━━━━━━━━━━━━━━━━━━ 79.5/79.5 kB 7.0 MB/s eta 0:00:00
2026-07-21T02:23:04.7198022Z Collecting protobuf<6.34,>=6.33.1 (from ortools==9.15.6755)
2026-07-21T02:23:04.7269335Z   Downloading protobuf-6.33.6-cp39-abi3-manylinux2014_x86_64.whl.metadata (593 bytes)
2026-07-21T02:23:04.7575990Z Collecting typing-extensions>=4.12 (from ortools==9.15.6755)
2026-07-21T02:23:04.7655149Z   Downloading typing_extensions-4.16.0-py3-none-any.whl.metadata (3.3 kB)
2026-07-21T02:23:04.7899710Z Collecting immutabledict>=3.0.0 (from ortools==9.15.6755)
2026-07-21T02:23:04.7968439Z   Downloading immutabledict-4.3.1-py3-none-any.whl.metadata (3.5 kB)
2026-07-21T02:23:04.8819986Z Requirement already satisfied: python-dateutil>=2.8.2 in /usr/lib/python3/dist-packages (from pandas>=2.0.0->ortools==9.15.6755) (2.8.2)
2026-07-21T02:23:04.8961682Z Downloading ortools-9.15.6755-cp312-cp312-manylinux_2_27_x86_64.manylinux_2_28_x86_64.whl (29.8 MB)
2026-07-21T02:23:05.0983882Z    ━━━━━━━━━━━━━━━━━━━━━━━━━━━━━━━━━━━━━━━━ 29.8/29.8 MB 121.9 MB/s eta 0:00:00
2026-07-21T02:23:05.1062298Z Downloading absl_py-2.5.0-py3-none-any.whl (137 kB)
2026-07-21T02:23:05.1109647Z    ━━━━━━━━━━━━━━━━━━━━━━━━━━━━━━━━━━━━━━━━ 137.4/137.4 kB 43.7 MB/s eta 0:00:00
2026-07-21T02:23:05.1177362Z Downloading immutabledict-4.3.1-py3-none-any.whl (5.0 kB)
2026-07-21T02:23:05.1268629Z Downloading numpy-2.5.1-cp312-cp312-manylinux_2_27_x86_64.manylinux_2_28_x86_64.whl (16.7 MB)
2026-07-21T02:23:05.2324680Z    ━━━━━━━━━━━━━━━━━━━━━━━━━━━━━━━━━━━━━━━━ 16.7/16.7 MB 144.0 MB/s eta 0:00:00
2026-07-21T02:23:05.2397447Z Downloading pandas-3.0.3-cp312-cp312-manylinux_2_24_x86_64.manylinux_2_28_x86_64.whl (10.9 MB)
2026-07-21T02:23:05.3077884Z    ━━━━━━━━━━━━━━━━━━━━━━━━━━━━━━━━━━━━━━━━ 10.9/10.9 MB 162.2 MB/s eta 0:00:00
2026-07-21T02:23:05.3148497Z Downloading protobuf-6.33.6-cp39-abi3-manylinux2014_x86_64.whl (323 kB)
2026-07-21T02:23:05.3201187Z    ━━━━━━━━━━━━━━━━━━━━━━━━━━━━━━━━━━━━━━━━ 323.4/323.4 kB 88.9 MB/s eta 0:00:00
2026-07-21T02:23:05.3273314Z Downloading typing_extensions-4.16.0-py3-none-any.whl (45 kB)
2026-07-21T02:23:05.3317796Z    ━━━━━━━━━━━━━━━━━━━━━━━━━━━━━━━━━━━━━━━━ 45.6/45.6 kB 13.7 MB/s eta 0:00:00
2026-07-21T02:23:05.7126825Z Installing collected packages: typing-extensions, protobuf, numpy, immutabledict, absl-py, pandas, ortools
2026-07-21T02:23:12.2079867Z Successfully installed absl-py-2.5.0 immutabledict-4.3.1 numpy-2.5.1 ortools-9.15.6755 pandas-3.0.3 protobuf-6.33.6 typing-extensions-4.16.0
2026-07-21T02:23:12.3423257Z ##[group]Run {
2026-07-21T02:23:12.3423539Z [36;1m{[0m
2026-07-21T02:23:12.3423746Z [36;1m  echo "=== machine ==="[0m
2026-07-21T02:23:12.3424028Z [36;1m  date -u[0m
2026-07-21T02:23:12.3424254Z [36;1m  echo "nproc=$(nproc)"[0m
2026-07-21T02:23:12.3424789Z [36;1m  free -h[0m
2026-07-21T02:23:12.3424999Z [36;1m  df -h[0m
2026-07-21T02:23:12.3425261Z [36;1m  grep -m1 'model name' /proc/cpuinfo || true[0m
2026-07-21T02:23:12.3425653Z [36;1m} | tee machine-12.log[0m
2026-07-21T02:23:12.3486326Z shell: /usr/bin/bash -e {0}
2026-07-21T02:23:12.3486591Z env:
2026-07-21T02:23:12.3486798Z   PYTHONUNBUFFERED: 1
2026-07-21T02:23:12.3487039Z   MALLOC_ARENA_MAX: 2
2026-07-21T02:23:12.3487275Z   OMP_NUM_THREADS: 1
2026-07-21T02:23:12.3487502Z   OPENBLAS_NUM_THREADS: 1
2026-07-21T02:23:12.3487736Z   MKL_NUM_THREADS: 1
2026-07-21T02:23:12.3487947Z ##[endgroup]
2026-07-21T02:23:12.3642424Z === machine ===
2026-07-21T02:23:12.3642836Z Tue Jul 21 02:23:12 UTC 2026
2026-07-21T02:23:12.3663277Z nproc=1
2026-07-21T02:23:12.3679099Z                total        used        free      shared  buff/cache   available
2026-07-21T02:23:12.3679822Z Mem:            15Gi       1.0Gi        12Gi        42Mi       2.8Gi        14Gi
2026-07-21T02:23:12.3680235Z Swap:          3.0Gi          0B       3.0Gi
2026-07-21T02:23:12.3785824Z Filesystem      Size  Used Avail Use% Mounted on
2026-07-21T02:23:12.3786583Z /dev/root       145G   58G   87G  40% /
2026-07-21T02:23:12.3787046Z tmpfs           7.9G   84K  7.9G   1% /dev/shm
2026-07-21T02:23:12.3787476Z tmpfs           3.2G 1012K  3.2G   1% /run
2026-07-21T02:23:12.3787914Z tmpfs           5.0M     0  5.0M   0% /run/lock
2026-07-21T02:23:12.3788446Z efivarfs        128M   26K  128M   1% /sys/firmware/efi/efivars
2026-07-21T02:23:12.3788947Z /dev/sda16      881M   64M  756M   8% /boot
2026-07-21T02:23:12.3789358Z /dev/sda15      105M  6.2M   99M   6% /boot/efi
2026-07-21T02:23:12.3799303Z tmpfs           1.6G   12K  1.6G   1% /run/user/1001
2026-07-21T02:23:12.3800102Z model name	: AMD EPYC 7763 64-Core Processor
2026-07-21T02:23:12.3835934Z ##[group]Run set -uo pipefail
2026-07-21T02:23:12.3836264Z [36;1mset -uo pipefail[0m
2026-07-21T02:23:12.3836499Z [36;1m([0m
2026-07-21T02:23:12.3836699Z [36;1m  while true; do[0m
2026-07-21T02:23:12.3836953Z [36;1m    echo "=== $(date -u +%FT%TZ) ==="[0m
2026-07-21T02:23:12.3837238Z [36;1m    free -h[0m
2026-07-21T02:23:12.3837560Z [36;1m    ps -eo pid,ppid,rss,vsz,%mem,%cpu,cmd --sort=-rss | head -n 15[0m
2026-07-21T02:23:12.3838117Z [36;1m    sleep 60[0m
2026-07-21T02:23:12.3838334Z [36;1m  done[0m
2026-07-21T02:23:12.3838545Z [36;1m) > "memory-12.log" 2>&1 &[0m
2026-07-21T02:23:12.3838809Z [36;1mmonitor_pid=$![0m
2026-07-21T02:23:12.3839109Z [36;1mpython 22x22/run_n22_profile_followup_shard.py \[0m
2026-07-21T02:23:12.3839606Z [36;1m  --schedule 22x22/runs/2026-07-21-run-29770927206/remaining_schedule.json \[0m
2026-07-21T02:23:12.3840022Z [36;1m  --shard "12" \[0m
2026-07-21T02:23:12.3840256Z [36;1m  --total-seconds 21000 \[0m
2026-07-21T02:23:12.3840537Z [36;1m  --workers 4 \[0m
2026-07-21T02:23:12.3840778Z [36;1m  --fallback-workers 2 \[0m
2026-07-21T02:23:12.3841044Z [36;1m  --memory-guard-mb 13000 \[0m
2026-07-21T02:23:12.3841303Z [36;1m  --max-seconds 2500 \[0m
2026-07-21T02:23:12.3841572Z [36;1m  --artifact-buffer-seconds 180 \[0m
2026-07-21T02:23:12.3841853Z [36;1m  --seed-base 2026072100 \[0m
2026-07-21T02:23:12.3842131Z [36;1m  --output-dir "results/shard-12"[0m
2026-07-21T02:23:12.3842397Z [36;1mrc=$?[0m
2026-07-21T02:23:12.3842622Z [36;1mkill "$monitor_pid" 2>/dev/null || true[0m
2026-07-21T02:23:12.3842937Z [36;1mwait "$monitor_pid" 2>/dev/null || true[0m
2026-07-21T02:23:12.3843211Z [36;1mexit "$rc"[0m
2026-07-21T02:23:12.3902630Z shell: /usr/bin/bash --noprofile --norc -e -o pipefail {0}
2026-07-21T02:23:12.3902991Z env:
2026-07-21T02:23:12.3903188Z   PYTHONUNBUFFERED: 1
2026-07-21T02:23:12.3903409Z   MALLOC_ARENA_MAX: 2
2026-07-21T02:23:12.3903615Z   OMP_NUM_THREADS: 1
2026-07-21T02:23:12.3903838Z   OPENBLAS_NUM_THREADS: 1
2026-07-21T02:23:12.3904064Z   MKL_NUM_THREADS: 1
2026-07-21T02:23:12.3904266Z ##[endgroup]
2026-07-21T06:03:52.0811698Z ##[group]Run free -h
2026-07-21T06:03:52.0811990Z [36;1mfree -h[0m
2026-07-21T06:03:52.0812193Z [36;1mdf -h[0m
2026-07-21T06:03:52.0872743Z shell: /usr/bin/bash -e {0}
2026-07-21T06:03:52.0873012Z env:
2026-07-21T06:03:52.0873221Z   PYTHONUNBUFFERED: 1
2026-07-21T06:03:52.0873480Z   MALLOC_ARENA_MAX: 2
2026-07-21T06:03:52.0873702Z   OMP_NUM_THREADS: 1
2026-07-21T06:03:52.0873928Z   OPENBLAS_NUM_THREADS: 1
2026-07-21T06:03:52.0874166Z   MKL_NUM_THREADS: 1
2026-07-21T06:03:52.0874384Z ##[endgroup]
2026-07-21T06:03:52.0965012Z                total        used        free      shared  buff/cache   available
2026-07-21T06:03:52.0965835Z Mem:            15Gi       967Mi        12Gi        47Mi       2.9Gi        14Gi
2026-07-21T06:03:52.0966345Z Swap:          3.0Gi          0B       3.0Gi
2026-07-21T06:03:52.0980924Z Filesystem      Size  Used Avail Use% Mounted on
2026-07-21T06:03:52.0981449Z /dev/root       145G   58G   87G  40% /
2026-07-21T06:03:52.0982008Z tmpfs           7.9G   84K  7.9G   1% /dev/shm
2026-07-21T06:03:52.0982503Z tmpfs           3.2G 1012K  3.2G   1% /run
2026-07-21T06:03:52.0982984Z tmpfs           5.0M     0  5.0M   0% /run/lock
2026-07-21T06:03:52.0983607Z efivarfs        128M   26K  128M   1% /sys/firmware/efi/efivars
2026-07-21T06:03:52.0984210Z /dev/sda16      881M   64M  756M   8% /boot
2026-07-21T06:03:52.0985047Z /dev/sda15      105M  6.2M   99M   6% /boot/efi
2026-07-21T06:03:52.0985419Z tmpfs           1.6G   12K  1.6G   1% /run/user/1001
2026-07-21T06:03:52.1041333Z Node 20 is being deprecated. This workflow is running with Node 24 by default. If you need to temporarily use Node 20, you can set the ACTIONS_ALLOW_USE_UNSECURE_NODE_VERSION=true environment variable. For more information see: https://github.blog/changelog/2025-09-19-deprecation-of-node-20-on-github-actions-runners/
2026-07-21T06:03:52.1043174Z ##[group]Run actions/upload-artifact@v4
2026-07-21T06:03:52.1043443Z with:
2026-07-21T06:03:52.1043656Z   name: n22-profile-followup-shard-12
2026-07-21T06:03:52.1043962Z   path: results/
memory-12.log
machine-12.log

2026-07-21T06:03:52.1044261Z   retention-days: 30
2026-07-21T06:03:52.1044754Z   if-no-files-found: warn
2026-07-21T06:03:52.1045000Z   compression-level: 6
2026-07-21T06:03:52.1045215Z   overwrite: false
2026-07-21T06:03:52.1045629Z   include-hidden-files: false
2026-07-21T06:03:52.1045860Z env:
2026-07-21T06:03:52.1046047Z   PYTHONUNBUFFERED: 1
2026-07-21T06:03:52.1046256Z   MALLOC_ARENA_MAX: 2
2026-07-21T06:03:52.1046482Z   OMP_NUM_THREADS: 1
2026-07-21T06:03:52.1046691Z   OPENBLAS_NUM_THREADS: 1
2026-07-21T06:03:52.1046910Z   MKL_NUM_THREADS: 1
2026-07-21T06:03:52.1047107Z ##[endgroup]
2026-07-21T06:03:52.2649444Z (node:5713) [DEP0040] DeprecationWarning: The `punycode` module is deprecated. Please use a userland alternative instead.
2026-07-21T06:03:52.2650753Z (Use `node --trace-deprecation ...` to show where the warning was created)
2026-07-21T06:03:52.2789702Z Multiple search paths detected. Calculating the least common ancestor of all paths
2026-07-21T06:03:52.2793300Z The least common ancestor is /home/runner/work/monochromatic-no-three-in-line-solver/monochromatic-no-three-in-line-solver. This will be the root directory of the artifact
2026-07-21T06:03:52.2795098Z With the provided path, there will be 30 files uploaded
2026-07-21T06:03:52.2799677Z Artifact name is valid!
2026-07-21T06:03:52.2800367Z Root directory input is valid!
2026-07-21T06:03:52.6262611Z Beginning upload of artifact content to blob storage
2026-07-21T06:03:52.6848304Z (node:5713) [DEP0169] DeprecationWarning: `url.parse()` behavior is not standardized and prone to errors that have security implications. Use the WHATWG URL API instead. CVEs are not issued for `url.parse()` vulnerabilities.
2026-07-21T06:03:53.1378140Z Uploaded bytes 87816
2026-07-21T06:03:53.2227746Z Finished uploading artifact content to blob storage!
2026-07-21T06:03:53.2228957Z SHA256 digest of uploaded artifact zip is 6b57f08780236a6a068dcb62ee00afe1b35aaeeae5eb2b5e296f5df154c544f1
2026-07-21T06:03:53.2231696Z Finalizing artifact upload
2026-07-21T06:03:53.4751716Z Artifact n22-profile-followup-shard-12.zip successfully finalized. Artifact ID 8485435729
2026-07-21T06:03:53.4753131Z Artifact n22-profile-followup-shard-12 has been successfully uploaded! Final size is 87816 bytes. Artifact ID is 8485435729
2026-07-21T06:03:53.4760572Z Artifact download URL: https://github.com/Grisha-Pochuev/monochromatic-no-three-in-line-solver/actions/runs/29795643015/artifacts/8485435729
2026-07-21T06:03:53.4987696Z Node 20 is being deprecated. This workflow is running with Node 24 by default. If you need to temporarily use Node 20, you can set the ACTIONS_ALLOW_USE_UNSECURE_NODE_VERSION=true environment variable. For more information see: https://github.blog/changelog/2025-09-19-deprecation-of-node-20-on-github-actions-runners/
2026-07-21T06:03:53.4988980Z Post job cleanup.
2026-07-21T06:03:53.5833258Z [command]/usr/bin/git version
2026-07-21T06:03:53.5875436Z git version 2.54.0
2026-07-21T06:03:53.5916051Z Temporarily overriding HOME='/home/runner/work/_temp/9a700ac1-9306-4261-8f3f-effcf552fe62' before making global git config changes
2026-07-21T06:03:53.5917830Z Adding repository directory to the temporary git global config as a safe directory
2026-07-21T06:03:53.5923252Z [command]/usr/bin/git config --global --add safe.directory /home/runner/work/monochromatic-no-three-in-line-solver/monochromatic-no-three-in-line-solver
2026-07-21T06:03:53.5962777Z [command]/usr/bin/git config --local --name-only --get-regexp core\.sshCommand
2026-07-21T06:03:53.5997861Z [command]/usr/bin/git submodule foreach --recursive sh -c "git config --local --name-only --get-regexp 'core\.sshCommand' && git config --local --unset-all 'core.sshCommand' || :"
2026-07-21T06:03:53.6249581Z [command]/usr/bin/git config --local --name-only --get-regexp http\.https\:\/\/github\.com\/\.extraheader
2026-07-21T06:03:53.6277610Z http.https://github.com/.extraheader
2026-07-21T06:03:53.6292977Z [command]/usr/bin/git config --local --unset-all http.https://github.com/.extraheader
2026-07-21T06:03:53.6329138Z [command]/usr/bin/git submodule foreach --recursive sh -c "git config --local --name-only --get-regexp 'http\.https\:\/\/github\.com\/\.extraheader' && git config --local --unset-all 'http.https://github.com/.extraheader' || :"
2026-07-21T06:03:53.6616183Z [command]/usr/bin/git config --local --name-only --get-regexp ^includeIf\.gitdir:
2026-07-21T06:03:53.6666415Z [command]/usr/bin/git submodule foreach --recursive git config --local --show-origin --name-only --get-regexp remote.origin.url
2026-07-21T06:03:53.7084375Z Cleaning up orphan processes
2026-07-21T06:03:53.7405066Z Terminate orphan process: pid (5707) (sleep)
2026-07-21T06:03:53.7420425Z ##[warning]Node.js 20 is deprecated. The following actions target Node.js 20 but are being forced to run on Node.js 24: actions/checkout@v4, actions/upload-artifact@v4. For more information see: https://github.blog/changelog/2025-09-19-deprecation-of-node-20-on-github-actions-runners/
