2026-07-21T02:23:00.3556451Z Current runner version: '2.335.1'
2026-07-21T02:23:00.3581592Z ##[group]Runner Image Provisioner
2026-07-21T02:23:00.3582463Z Hosted Compute Agent
2026-07-21T02:23:00.3583052Z Version: 20260707.563
2026-07-21T02:23:00.3583771Z Commit: 02667638d2b423fbc733a8e32a88b44996a3ba6e
2026-07-21T02:23:00.3584515Z Build Date: 2026-07-07T19:33:50Z
2026-07-21T02:23:00.3585180Z Worker ID: {74f2f5a6-cd46-4922-856b-f7b15e0b7486}
2026-07-21T02:23:00.3586035Z Azure Region: eastus
2026-07-21T02:23:00.3586666Z ##[endgroup]
2026-07-21T02:23:00.3588283Z ##[group]Operating System
2026-07-21T02:23:00.3588927Z Ubuntu
2026-07-21T02:23:00.3589429Z 24.04.4
2026-07-21T02:23:00.3589997Z LTS
2026-07-21T02:23:00.3590502Z ##[endgroup]
2026-07-21T02:23:00.3591528Z ##[group]Runner Image
2026-07-21T02:23:00.3592217Z Image: ubuntu-24.04
2026-07-21T02:23:00.3592789Z Version: 20260714.240.1
2026-07-21T02:23:00.3594479Z Included Software: https://github.com/actions/runner-images/blob/ubuntu24/20260714.240/images/ubuntu/Ubuntu2404-Readme.md
2026-07-21T02:23:00.3596072Z Image Release: https://github.com/actions/runner-images/releases/tag/ubuntu24%2F20260714.240
2026-07-21T02:23:00.3597067Z ##[endgroup]
2026-07-21T02:23:00.3598271Z ##[group]GITHUB_TOKEN Permissions
2026-07-21T02:23:00.3600428Z Actions: read
2026-07-21T02:23:00.3601287Z Contents: write
2026-07-21T02:23:00.3601957Z Metadata: read
2026-07-21T02:23:00.3602513Z ##[endgroup]
2026-07-21T02:23:00.3604739Z Secret source: Actions
2026-07-21T02:23:00.3605647Z Prepare workflow directory
2026-07-21T02:23:00.3999228Z Prepare all required actions
2026-07-21T02:23:00.4037767Z Getting action download info
2026-07-21T02:23:00.6237597Z Download action repository 'actions/checkout@v4' (SHA:11d5960a326750d5838078e36cf38b85af677262)
2026-07-21T02:23:00.8263574Z Download action repository 'actions/upload-artifact@v4' (SHA:ea165f8d65b6e75b540449e92b4886f43607fa02)
2026-07-21T02:23:01.0365368Z Complete job name: Follow-up shard 0
2026-07-21T02:23:01.1149088Z Node 20 is being deprecated. This workflow is running with Node 24 by default. If you need to temporarily use Node 20, you can set the ACTIONS_ALLOW_USE_UNSECURE_NODE_VERSION=true environment variable. For more information see: https://github.blog/changelog/2025-09-19-deprecation-of-node-20-on-github-actions-runners/
2026-07-21T02:23:01.1158766Z ##[group]Run actions/checkout@v4
2026-07-21T02:23:01.1159516Z with:
2026-07-21T02:23:01.1159990Z   ref: 43c006977c6dcc906968fe9b1a8d37e3ddd31309
2026-07-21T02:23:01.1160761Z   repository: Grisha-Pochuev/monochromatic-no-three-in-line-solver
2026-07-21T02:23:01.1164804Z   token: ***
2026-07-21T02:23:01.1165268Z   ssh-strict: true
2026-07-21T02:23:01.1165704Z   ssh-user: git
2026-07-21T02:23:01.1166152Z   persist-credentials: true
2026-07-21T02:23:01.1166688Z   clean: true
2026-07-21T02:23:01.1167198Z   sparse-checkout-cone-mode: true
2026-07-21T02:23:01.1167778Z   fetch-depth: 1
2026-07-21T02:23:01.1168270Z   fetch-tags: false
2026-07-21T02:23:01.1168824Z   show-progress: true
2026-07-21T02:23:01.1169332Z   lfs: false
2026-07-21T02:23:01.1169813Z   submodules: false
2026-07-21T02:23:01.1170256Z   set-safe-directory: true
2026-07-21T02:23:01.1170759Z   allow-unsafe-pr-checkout: false
2026-07-21T02:23:01.1171718Z env:
2026-07-21T02:23:01.1172217Z   PYTHONUNBUFFERED: 1
2026-07-21T02:23:01.1172686Z   MALLOC_ARENA_MAX: 2
2026-07-21T02:23:01.1173133Z   OMP_NUM_THREADS: 1
2026-07-21T02:23:01.1173583Z   OPENBLAS_NUM_THREADS: 1
2026-07-21T02:23:01.1174045Z   MKL_NUM_THREADS: 1
2026-07-21T02:23:01.1174479Z ##[endgroup]
2026-07-21T02:23:01.2249478Z Syncing repository: Grisha-Pochuev/monochromatic-no-three-in-line-solver
2026-07-21T02:23:01.2252922Z ##[group]Getting Git version info
2026-07-21T02:23:01.2254848Z Working directory is '/home/runner/work/monochromatic-no-three-in-line-solver/monochromatic-no-three-in-line-solver'
2026-07-21T02:23:01.2257247Z [command]/usr/bin/git version
2026-07-21T02:23:01.2311319Z git version 2.54.0
2026-07-21T02:23:01.2366252Z ##[endgroup]
2026-07-21T02:23:01.2376038Z Temporarily overriding HOME='/home/runner/work/_temp/759f8ebb-3362-454d-b863-aa98634cdeb5' before making global git config changes
2026-07-21T02:23:01.2378640Z Adding repository directory to the temporary git global config as a safe directory
2026-07-21T02:23:01.2381513Z [command]/usr/bin/git config --global --add safe.directory /home/runner/work/monochromatic-no-three-in-line-solver/monochromatic-no-three-in-line-solver
2026-07-21T02:23:01.2425245Z Deleting the contents of '/home/runner/work/monochromatic-no-three-in-line-solver/monochromatic-no-three-in-line-solver'
2026-07-21T02:23:01.2431018Z ##[group]Initializing the repository
2026-07-21T02:23:01.2437502Z [command]/usr/bin/git init /home/runner/work/monochromatic-no-three-in-line-solver/monochromatic-no-three-in-line-solver
2026-07-21T02:23:01.2550926Z hint: Using 'master' as the name for the initial branch. This default branch name
2026-07-21T02:23:01.2553531Z hint: will change to "main" in Git 3.0. To configure the initial branch name
2026-07-21T02:23:01.2555086Z hint: to use in all of your new repositories, which will suppress this warning,
2026-07-21T02:23:01.2556480Z hint: call:
2026-07-21T02:23:01.2557395Z hint:
2026-07-21T02:23:01.2558269Z hint: 	git config --global init.defaultBranch <name>
2026-07-21T02:23:01.2559342Z hint:
2026-07-21T02:23:01.2560289Z hint: Names commonly chosen instead of 'master' are 'main', 'trunk' and
2026-07-21T02:23:01.2562061Z hint: 'development'. The just-created branch can be renamed via this command:
2026-07-21T02:23:01.2563131Z hint:
2026-07-21T02:23:01.2563744Z hint: 	git branch -m <name>
2026-07-21T02:23:01.2564285Z hint:
2026-07-21T02:23:01.2565362Z hint: Disable this message with "git config set advice.defaultBranchName false"
2026-07-21T02:23:01.2567687Z Initialized empty Git repository in /home/runner/work/monochromatic-no-three-in-line-solver/monochromatic-no-three-in-line-solver/.git/
2026-07-21T02:23:01.2573129Z [command]/usr/bin/git remote add origin https://github.com/Grisha-Pochuev/monochromatic-no-three-in-line-solver
2026-07-21T02:23:01.2622086Z ##[endgroup]
2026-07-21T02:23:01.2623348Z ##[group]Disabling automatic garbage collection
2026-07-21T02:23:01.2627462Z [command]/usr/bin/git config --local gc.auto 0
2026-07-21T02:23:01.2662193Z ##[endgroup]
2026-07-21T02:23:01.2663416Z ##[group]Setting up auth
2026-07-21T02:23:01.2674185Z [command]/usr/bin/git config --local --name-only --get-regexp core\.sshCommand
2026-07-21T02:23:01.2713916Z [command]/usr/bin/git submodule foreach --recursive sh -c "git config --local --name-only --get-regexp 'core\.sshCommand' && git config --local --unset-all 'core.sshCommand' || :"
2026-07-21T02:23:01.3103258Z [command]/usr/bin/git config --local --name-only --get-regexp http\.https\:\/\/github\.com\/\.extraheader
2026-07-21T02:23:01.3144396Z [command]/usr/bin/git submodule foreach --recursive sh -c "git config --local --name-only --get-regexp 'http\.https\:\/\/github\.com\/\.extraheader' && git config --local --unset-all 'http.https://github.com/.extraheader' || :"
2026-07-21T02:23:01.3408361Z [command]/usr/bin/git config --local --name-only --get-regexp ^includeIf\.gitdir:
2026-07-21T02:23:01.3447056Z [command]/usr/bin/git submodule foreach --recursive git config --local --show-origin --name-only --get-regexp remote.origin.url
2026-07-21T02:23:01.3711993Z [command]/usr/bin/git config --local http.https://github.com/.extraheader AUTHORIZATION: basic ***
2026-07-21T02:23:01.3762841Z ##[endgroup]
2026-07-21T02:23:01.3763981Z ##[group]Fetching the repository
2026-07-21T02:23:01.3778571Z [command]/usr/bin/git -c protocol.version=2 fetch --no-tags --prune --no-recurse-submodules --depth=1 origin 43c006977c6dcc906968fe9b1a8d37e3ddd31309
2026-07-21T02:23:01.5744713Z From https://github.com/Grisha-Pochuev/monochromatic-no-three-in-line-solver
2026-07-21T02:23:01.5746065Z  * branch            43c006977c6dcc906968fe9b1a8d37e3ddd31309 -> FETCH_HEAD
2026-07-21T02:23:01.5780297Z ##[endgroup]
2026-07-21T02:23:01.5781363Z ##[group]Determining the checkout info
2026-07-21T02:23:01.5784307Z ##[endgroup]
2026-07-21T02:23:01.5790876Z [command]/usr/bin/git sparse-checkout disable
2026-07-21T02:23:01.5846055Z [command]/usr/bin/git config --local --unset-all extensions.worktreeConfig
2026-07-21T02:23:01.5882951Z ##[group]Checking out the ref
2026-07-21T02:23:01.5888787Z [command]/usr/bin/git checkout --progress --force 43c006977c6dcc906968fe9b1a8d37e3ddd31309
2026-07-21T02:23:01.6047393Z Note: switching to '43c006977c6dcc906968fe9b1a8d37e3ddd31309'.
2026-07-21T02:23:01.6048110Z 
2026-07-21T02:23:01.6048545Z You are in 'detached HEAD' state. You can look around, make experimental
2026-07-21T02:23:01.6049844Z changes and commit them, and you can discard any commits you make in this
2026-07-21T02:23:01.6051733Z state without impacting any branches by switching back to a branch.
2026-07-21T02:23:01.6052786Z 
2026-07-21T02:23:01.6053406Z If you want to create a new branch to retain commits you create, you may
2026-07-21T02:23:01.6055115Z do so (now or later) by using -c with the switch command. Example:
2026-07-21T02:23:01.6056037Z 
2026-07-21T02:23:01.6056488Z   git switch -c <new-branch-name>
2026-07-21T02:23:01.6057078Z 
2026-07-21T02:23:01.6057501Z Or undo this operation with:
2026-07-21T02:23:01.6058166Z 
2026-07-21T02:23:01.6058559Z   git switch -
2026-07-21T02:23:01.6059020Z 
2026-07-21T02:23:01.6059784Z Turn off this advice by setting config variable advice.detachedHead to false
2026-07-21T02:23:01.6060922Z 
2026-07-21T02:23:01.6061882Z HEAD is now at 43c0069 archive n22 run 29770927206 and schedule 170 survivors
2026-07-21T02:23:01.6064966Z ##[endgroup]
2026-07-21T02:23:01.6117774Z [command]/usr/bin/git log -1 --format=%H
2026-07-21T02:23:01.6147090Z 43c006977c6dcc906968fe9b1a8d37e3ddd31309
2026-07-21T02:23:01.6361980Z ##[group]Run python -m pip install ortools==9.15.6755
2026-07-21T02:23:01.6362846Z [36;1mpython -m pip install ortools==9.15.6755[0m
2026-07-21T02:23:01.6445261Z shell: /usr/bin/bash -e {0}
2026-07-21T02:23:01.6445867Z env:
2026-07-21T02:23:01.6446295Z   PYTHONUNBUFFERED: 1
2026-07-21T02:23:01.6446772Z   MALLOC_ARENA_MAX: 2
2026-07-21T02:23:01.6447257Z   OMP_NUM_THREADS: 1
2026-07-21T02:23:01.6447701Z   OPENBLAS_NUM_THREADS: 1
2026-07-21T02:23:01.6448167Z   MKL_NUM_THREADS: 1
2026-07-21T02:23:01.6448605Z ##[endgroup]
2026-07-21T02:23:02.0807892Z Defaulting to user installation because normal site-packages is not writeable
2026-07-21T02:23:02.4780769Z Collecting ortools==9.15.6755
2026-07-21T02:23:02.5298878Z   Downloading ortools-9.15.6755-cp312-cp312-manylinux_2_27_x86_64.manylinux_2_28_x86_64.whl.metadata (3.3 kB)
2026-07-21T02:23:02.5571391Z Collecting absl-py>=2.0.0 (from ortools==9.15.6755)
2026-07-21T02:23:02.5672886Z   Downloading absl_py-2.5.0-py3-none-any.whl.metadata (3.3 kB)
2026-07-21T02:23:02.8099747Z Collecting numpy>=2.0.2 (from ortools==9.15.6755)
2026-07-21T02:23:02.8182569Z   Downloading numpy-2.5.1-cp312-cp312-manylinux_2_27_x86_64.manylinux_2_28_x86_64.whl.metadata (6.6 kB)
2026-07-21T02:23:02.9582568Z Collecting pandas>=2.0.0 (from ortools==9.15.6755)
2026-07-21T02:23:02.9636918Z   Downloading pandas-3.0.3-cp312-cp312-manylinux_2_24_x86_64.manylinux_2_28_x86_64.whl.metadata (79 kB)
2026-07-21T02:23:02.9714870Z      ━━━━━━━━━━━━━━━━━━━━━━━━━━━━━━━━━━━━━━━━ 79.5/79.5 kB 12.8 MB/s eta 0:00:00
2026-07-21T02:23:03.1790727Z Collecting protobuf<6.34,>=6.33.1 (from ortools==9.15.6755)
2026-07-21T02:23:03.1837010Z   Downloading protobuf-6.33.6-cp39-abi3-manylinux2014_x86_64.whl.metadata (593 bytes)
2026-07-21T02:23:03.2119498Z Collecting typing-extensions>=4.12 (from ortools==9.15.6755)
2026-07-21T02:23:03.2224387Z   Downloading typing_extensions-4.16.0-py3-none-any.whl.metadata (3.3 kB)
2026-07-21T02:23:03.2430318Z Collecting immutabledict>=3.0.0 (from ortools==9.15.6755)
2026-07-21T02:23:03.2472592Z   Downloading immutabledict-4.3.1-py3-none-any.whl.metadata (3.5 kB)
2026-07-21T02:23:03.3312191Z Requirement already satisfied: python-dateutil>=2.8.2 in /usr/lib/python3/dist-packages (from pandas>=2.0.0->ortools==9.15.6755) (2.8.2)
2026-07-21T02:23:03.3488690Z Downloading ortools-9.15.6755-cp312-cp312-manylinux_2_27_x86_64.manylinux_2_28_x86_64.whl (29.8 MB)
2026-07-21T02:23:03.7642167Z    ━━━━━━━━━━━━━━━━━━━━━━━━━━━━━━━━━━━━━━━━ 29.8/29.8 MB 103.8 MB/s eta 0:00:00
2026-07-21T02:23:03.7781638Z Downloading absl_py-2.5.0-py3-none-any.whl (137 kB)
2026-07-21T02:23:03.7835850Z    ━━━━━━━━━━━━━━━━━━━━━━━━━━━━━━━━━━━━━━━━ 137.4/137.4 kB 41.2 MB/s eta 0:00:00
2026-07-21T02:23:03.7884921Z Downloading immutabledict-4.3.1-py3-none-any.whl (5.0 kB)
2026-07-21T02:23:03.7961647Z Downloading numpy-2.5.1-cp312-cp312-manylinux_2_27_x86_64.manylinux_2_28_x86_64.whl (16.7 MB)
2026-07-21T02:23:03.9116119Z    ━━━━━━━━━━━━━━━━━━━━━━━━━━━━━━━━━━━━━━━━ 16.7/16.7 MB 135.8 MB/s eta 0:00:00
2026-07-21T02:23:03.9170535Z Downloading pandas-3.0.3-cp312-cp312-manylinux_2_24_x86_64.manylinux_2_28_x86_64.whl (10.9 MB)
2026-07-21T02:23:03.9871568Z    ━━━━━━━━━━━━━━━━━━━━━━━━━━━━━━━━━━━━━━━━ 10.9/10.9 MB 160.1 MB/s eta 0:00:00
2026-07-21T02:23:03.9910871Z Downloading protobuf-6.33.6-cp39-abi3-manylinux2014_x86_64.whl (323 kB)
2026-07-21T02:23:03.9961636Z    ━━━━━━━━━━━━━━━━━━━━━━━━━━━━━━━━━━━━━━━━ 323.4/323.4 kB 94.0 MB/s eta 0:00:00
2026-07-21T02:23:04.0005237Z Downloading typing_extensions-4.16.0-py3-none-any.whl (45 kB)
2026-07-21T02:23:04.0051897Z    ━━━━━━━━━━━━━━━━━━━━━━━━━━━━━━━━━━━━━━━━ 45.6/45.6 kB 12.7 MB/s eta 0:00:00
2026-07-21T02:23:04.3846143Z Installing collected packages: typing-extensions, protobuf, numpy, immutabledict, absl-py, pandas, ortools
2026-07-21T02:23:11.0601586Z Successfully installed absl-py-2.5.0 immutabledict-4.3.1 numpy-2.5.1 ortools-9.15.6755 pandas-3.0.3 protobuf-6.33.6 typing-extensions-4.16.0
2026-07-21T02:23:11.2241577Z ##[group]Run {
2026-07-21T02:23:11.2241891Z [36;1m{[0m
2026-07-21T02:23:11.2242104Z [36;1m  echo "=== machine ==="[0m
2026-07-21T02:23:11.2242391Z [36;1m  date -u[0m
2026-07-21T02:23:11.2242619Z [36;1m  echo "nproc=$(nproc)"[0m
2026-07-21T02:23:11.2242884Z [36;1m  free -h[0m
2026-07-21T02:23:11.2243087Z [36;1m  df -h[0m
2026-07-21T02:23:11.2243360Z [36;1m  grep -m1 'model name' /proc/cpuinfo || true[0m
2026-07-21T02:23:11.2243737Z [36;1m} | tee machine-0.log[0m
2026-07-21T02:23:11.2304812Z shell: /usr/bin/bash -e {0}
2026-07-21T02:23:11.2305089Z env:
2026-07-21T02:23:11.2305292Z   PYTHONUNBUFFERED: 1
2026-07-21T02:23:11.2305530Z   MALLOC_ARENA_MAX: 2
2026-07-21T02:23:11.2305742Z   OMP_NUM_THREADS: 1
2026-07-21T02:23:11.2305959Z   OPENBLAS_NUM_THREADS: 1
2026-07-21T02:23:11.2306199Z   MKL_NUM_THREADS: 1
2026-07-21T02:23:11.2306398Z ##[endgroup]
2026-07-21T02:23:11.2483211Z === machine ===
2026-07-21T02:23:11.2484091Z Tue Jul 21 02:23:11 UTC 2026
2026-07-21T02:23:11.2502367Z nproc=1
2026-07-21T02:23:11.2518991Z                total        used        free      shared  buff/cache   available
2026-07-21T02:23:11.2519851Z Mem:            15Gi       953Mi        12Gi        42Mi       2.8Gi        14Gi
2026-07-21T02:23:11.2520478Z Swap:          3.0Gi          0B       3.0Gi
2026-07-21T02:23:11.2624580Z Filesystem      Size  Used Avail Use% Mounted on
2026-07-21T02:23:11.2624986Z /dev/root       145G   58G   87G  40% /
2026-07-21T02:23:11.2625462Z tmpfs           7.9G   84K  7.9G   1% /dev/shm
2026-07-21T02:23:11.2625988Z tmpfs           3.2G 1008K  3.2G   1% /run
2026-07-21T02:23:11.2626578Z tmpfs           5.0M     0  5.0M   0% /run/lock
2026-07-21T02:23:11.2627391Z efivarfs        128M   26K  128M   1% /sys/firmware/efi/efivars
2026-07-21T02:23:11.2628280Z /dev/sda16      881M   64M  756M   8% /boot
2026-07-21T02:23:11.2628640Z /dev/sda15      105M  6.2M   99M   6% /boot/efi
2026-07-21T02:23:11.2629008Z tmpfs           1.6G   12K  1.6G   1% /run/user/1001
2026-07-21T02:23:11.2638656Z model name	: AMD EPYC 7763 64-Core Processor
2026-07-21T02:23:11.2676342Z ##[group]Run set -uo pipefail
2026-07-21T02:23:11.2676679Z [36;1mset -uo pipefail[0m
2026-07-21T02:23:11.2676906Z [36;1m([0m
2026-07-21T02:23:11.2677094Z [36;1m  while true; do[0m
2026-07-21T02:23:11.2677349Z [36;1m    echo "=== $(date -u +%FT%TZ) ==="[0m
2026-07-21T02:23:11.2677641Z [36;1m    free -h[0m
2026-07-21T02:23:11.2677967Z [36;1m    ps -eo pid,ppid,rss,vsz,%mem,%cpu,cmd --sort=-rss | head -n 15[0m
2026-07-21T02:23:11.2678516Z [36;1m    sleep 60[0m
2026-07-21T02:23:11.2678727Z [36;1m  done[0m
2026-07-21T02:23:11.2678929Z [36;1m) > "memory-0.log" 2>&1 &[0m
2026-07-21T02:23:11.2679187Z [36;1mmonitor_pid=$![0m
2026-07-21T02:23:11.2679470Z [36;1mpython 22x22/run_n22_profile_followup_shard.py \[0m
2026-07-21T02:23:11.2679939Z [36;1m  --schedule 22x22/runs/2026-07-21-run-29770927206/remaining_schedule.json \[0m
2026-07-21T02:23:11.2680348Z [36;1m  --shard "0" \[0m
2026-07-21T02:23:11.2680575Z [36;1m  --total-seconds 21000 \[0m
2026-07-21T02:23:11.2680864Z [36;1m  --workers 4 \[0m
2026-07-21T02:23:11.2681440Z [36;1m  --fallback-workers 2 \[0m
2026-07-21T02:23:11.2681726Z [36;1m  --memory-guard-mb 13000 \[0m
2026-07-21T02:23:11.2681998Z [36;1m  --max-seconds 2500 \[0m
2026-07-21T02:23:11.2682269Z [36;1m  --artifact-buffer-seconds 180 \[0m
2026-07-21T02:23:11.2682556Z [36;1m  --seed-base 2026072100 \[0m
2026-07-21T02:23:11.2682841Z [36;1m  --output-dir "results/shard-0"[0m
2026-07-21T02:23:11.2683105Z [36;1mrc=$?[0m
2026-07-21T02:23:11.2683337Z [36;1mkill "$monitor_pid" 2>/dev/null || true[0m
2026-07-21T02:23:11.2683650Z [36;1mwait "$monitor_pid" 2>/dev/null || true[0m
2026-07-21T02:23:11.2683928Z [36;1mexit "$rc"[0m
2026-07-21T02:23:11.2745484Z shell: /usr/bin/bash --noprofile --norc -e -o pipefail {0}
2026-07-21T02:23:11.2745842Z env:
2026-07-21T02:23:11.2746038Z   PYTHONUNBUFFERED: 1
2026-07-21T02:23:11.2746260Z   MALLOC_ARENA_MAX: 2
2026-07-21T02:23:11.2746465Z   OMP_NUM_THREADS: 1
2026-07-21T02:23:11.2746695Z   OPENBLAS_NUM_THREADS: 1
2026-07-21T02:23:11.2746933Z   MKL_NUM_THREADS: 1
2026-07-21T02:23:11.2747172Z ##[endgroup]
2026-07-21T07:06:12.0860132Z ##[group]Run free -h
2026-07-21T07:06:12.0860418Z [36;1mfree -h[0m
2026-07-21T07:06:12.0860617Z [36;1mdf -h[0m
2026-07-21T07:06:12.0921340Z shell: /usr/bin/bash -e {0}
2026-07-21T07:06:12.0921605Z env:
2026-07-21T07:06:12.0921805Z   PYTHONUNBUFFERED: 1
2026-07-21T07:06:12.0922051Z   MALLOC_ARENA_MAX: 2
2026-07-21T07:06:12.0922260Z   OMP_NUM_THREADS: 1
2026-07-21T07:06:12.0922483Z   OPENBLAS_NUM_THREADS: 1
2026-07-21T07:06:12.0922714Z   MKL_NUM_THREADS: 1
2026-07-21T07:06:12.0922920Z ##[endgroup]
2026-07-21T07:06:12.1015386Z                total        used        free      shared  buff/cache   available
2026-07-21T07:06:12.1016223Z Mem:            15Gi       962Mi        12Gi        47Mi       2.8Gi        14Gi
2026-07-21T07:06:12.1016846Z Swap:          3.0Gi          0B       3.0Gi
2026-07-21T07:06:12.1031668Z Filesystem      Size  Used Avail Use% Mounted on
2026-07-21T07:06:12.1032249Z /dev/root       145G   58G   87G  40% /
2026-07-21T07:06:12.1032623Z tmpfs           7.9G   84K  7.9G   1% /dev/shm
2026-07-21T07:06:12.1032924Z tmpfs           3.2G 1008K  3.2G   1% /run
2026-07-21T07:06:12.1033208Z tmpfs           5.0M     0  5.0M   0% /run/lock
2026-07-21T07:06:12.1033572Z efivarfs        128M   26K  128M   1% /sys/firmware/efi/efivars
2026-07-21T07:06:12.1033928Z /dev/sda16      881M   64M  756M   8% /boot
2026-07-21T07:06:12.1034211Z /dev/sda15      105M  6.2M   99M   6% /boot/efi
2026-07-21T07:06:12.1034554Z tmpfs           1.6G   12K  1.6G   1% /run/user/1001
2026-07-21T07:06:12.1093199Z Node 20 is being deprecated. This workflow is running with Node 24 by default. If you need to temporarily use Node 20, you can set the ACTIONS_ALLOW_USE_UNSECURE_NODE_VERSION=true environment variable. For more information see: https://github.blog/changelog/2025-09-19-deprecation-of-node-20-on-github-actions-runners/
2026-07-21T07:06:12.1094845Z ##[group]Run actions/upload-artifact@v4
2026-07-21T07:06:12.1095107Z with:
2026-07-21T07:06:12.1095314Z   name: n22-profile-followup-shard-0
2026-07-21T07:06:12.1095606Z   path: results/
memory-0.log
machine-0.log

2026-07-21T07:06:12.1095897Z   retention-days: 30
2026-07-21T07:06:12.1096116Z   if-no-files-found: warn
2026-07-21T07:06:12.1096341Z   compression-level: 6
2026-07-21T07:06:12.1096548Z   overwrite: false
2026-07-21T07:06:12.1096948Z   include-hidden-files: false
2026-07-21T07:06:12.1097175Z env:
2026-07-21T07:06:12.1097351Z   PYTHONUNBUFFERED: 1
2026-07-21T07:06:12.1097556Z   MALLOC_ARENA_MAX: 2
2026-07-21T07:06:12.1097776Z   OMP_NUM_THREADS: 1
2026-07-21T07:06:12.1097976Z   OPENBLAS_NUM_THREADS: 1
2026-07-21T07:06:12.1098185Z   MKL_NUM_THREADS: 1
2026-07-21T07:06:12.1098374Z ##[endgroup]
2026-07-21T07:06:12.2781776Z (node:5604) [DEP0040] DeprecationWarning: The `punycode` module is deprecated. Please use a userland alternative instead.
2026-07-21T07:06:12.2782660Z (Use `node --trace-deprecation ...` to show where the warning was created)
2026-07-21T07:06:12.2963249Z Multiple search paths detected. Calculating the least common ancestor of all paths
2026-07-21T07:06:12.2967011Z The least common ancestor is /home/runner/work/monochromatic-no-three-in-line-solver/monochromatic-no-three-in-line-solver. This will be the root directory of the artifact
2026-07-21T07:06:12.2968541Z With the provided path, there will be 27 files uploaded
2026-07-21T07:06:12.2969416Z Artifact name is valid!
2026-07-21T07:06:12.2969804Z Root directory input is valid!
2026-07-21T07:06:12.4372544Z Beginning upload of artifact content to blob storage
2026-07-21T07:06:12.5333811Z (node:5604) [DEP0169] DeprecationWarning: `url.parse()` behavior is not standardized and prone to errors that have security implications. Use the WHATWG URL API instead. CVEs are not issued for `url.parse()` vulnerabilities.
2026-07-21T07:06:12.5702256Z Uploaded bytes 80564
2026-07-21T07:06:12.5862506Z Finished uploading artifact content to blob storage!
2026-07-21T07:06:12.5863632Z SHA256 digest of uploaded artifact zip is c6721d30e359bad734866210b26a3d2b3ab0262f382b35f08a85e8b01892a10a
2026-07-21T07:06:12.5865706Z Finalizing artifact upload
2026-07-21T07:06:12.7460710Z Artifact n22-profile-followup-shard-0.zip successfully finalized. Artifact ID 8486709774
2026-07-21T07:06:12.7462168Z Artifact n22-profile-followup-shard-0 has been successfully uploaded! Final size is 80564 bytes. Artifact ID is 8486709774
2026-07-21T07:06:12.7469566Z Artifact download URL: https://github.com/Grisha-Pochuev/monochromatic-no-three-in-line-solver/actions/runs/29795643015/artifacts/8486709774
2026-07-21T07:06:12.7697605Z Node 20 is being deprecated. This workflow is running with Node 24 by default. If you need to temporarily use Node 20, you can set the ACTIONS_ALLOW_USE_UNSECURE_NODE_VERSION=true environment variable. For more information see: https://github.blog/changelog/2025-09-19-deprecation-of-node-20-on-github-actions-runners/
2026-07-21T07:06:12.7698931Z Post job cleanup.
2026-07-21T07:06:12.8597134Z [command]/usr/bin/git version
2026-07-21T07:06:12.8645121Z git version 2.54.0
2026-07-21T07:06:12.8686395Z Temporarily overriding HOME='/home/runner/work/_temp/45a10d33-8f85-4608-bdf9-518cfa55d3e0' before making global git config changes
2026-07-21T07:06:12.8688222Z Adding repository directory to the temporary git global config as a safe directory
2026-07-21T07:06:12.8692932Z [command]/usr/bin/git config --global --add safe.directory /home/runner/work/monochromatic-no-three-in-line-solver/monochromatic-no-three-in-line-solver
2026-07-21T07:06:12.8738105Z [command]/usr/bin/git config --local --name-only --get-regexp core\.sshCommand
2026-07-21T07:06:12.8790627Z [command]/usr/bin/git submodule foreach --recursive sh -c "git config --local --name-only --get-regexp 'core\.sshCommand' && git config --local --unset-all 'core.sshCommand' || :"
2026-07-21T07:06:12.9123257Z [command]/usr/bin/git config --local --name-only --get-regexp http\.https\:\/\/github\.com\/\.extraheader
2026-07-21T07:06:12.9171844Z http.https://github.com/.extraheader
2026-07-21T07:06:12.9193486Z [command]/usr/bin/git config --local --unset-all http.https://github.com/.extraheader
2026-07-21T07:06:12.9240702Z [command]/usr/bin/git submodule foreach --recursive sh -c "git config --local --name-only --get-regexp 'http\.https\:\/\/github\.com\/\.extraheader' && git config --local --unset-all 'http.https://github.com/.extraheader' || :"
2026-07-21T07:06:12.9623958Z [command]/usr/bin/git config --local --name-only --get-regexp ^includeIf\.gitdir:
2026-07-21T07:06:12.9675081Z [command]/usr/bin/git submodule foreach --recursive git config --local --show-origin --name-only --get-regexp remote.origin.url
2026-07-21T07:06:13.0135769Z Cleaning up orphan processes
2026-07-21T07:06:13.0499384Z Terminate orphan process: pid (5597) (sleep)
2026-07-21T07:06:13.0518167Z ##[warning]Node.js 20 is deprecated. The following actions target Node.js 20 but are being forced to run on Node.js 24: actions/checkout@v4, actions/upload-artifact@v4. For more information see: https://github.blog/changelog/2025-09-19-deprecation-of-node-20-on-github-actions-runners/
