2026-07-21T02:23:01.1662550Z Current runner version: '2.335.1'
2026-07-21T02:23:01.1686482Z ##[group]Runner Image Provisioner
2026-07-21T02:23:01.1687394Z Hosted Compute Agent
2026-07-21T02:23:01.1687983Z Version: 20260707.563
2026-07-21T02:23:01.1688583Z Commit: 02667638d2b423fbc733a8e32a88b44996a3ba6e
2026-07-21T02:23:01.1689640Z Build Date: 2026-07-07T19:33:50Z
2026-07-21T02:23:01.1690316Z Worker ID: {485266d1-d6e5-446a-82ed-52e24b4a3c59}
2026-07-21T02:23:01.1691107Z Azure Region: westus2
2026-07-21T02:23:01.1691644Z ##[endgroup]
2026-07-21T02:23:01.1693153Z ##[group]Operating System
2026-07-21T02:23:01.1693914Z Ubuntu
2026-07-21T02:23:01.1694446Z 24.04.4
2026-07-21T02:23:01.1695001Z LTS
2026-07-21T02:23:01.1695479Z ##[endgroup]
2026-07-21T02:23:01.1696029Z ##[group]Runner Image
2026-07-21T02:23:01.1696722Z Image: ubuntu-24.04
2026-07-21T02:23:01.1697290Z Version: 20260714.240.1
2026-07-21T02:23:01.1699318Z Included Software: https://github.com/actions/runner-images/blob/ubuntu24/20260714.240/images/ubuntu/Ubuntu2404-Readme.md
2026-07-21T02:23:01.1701045Z Image Release: https://github.com/actions/runner-images/releases/tag/ubuntu24%2F20260714.240
2026-07-21T02:23:01.1702076Z ##[endgroup]
2026-07-21T02:23:01.1703211Z ##[group]GITHUB_TOKEN Permissions
2026-07-21T02:23:01.1705403Z Actions: read
2026-07-21T02:23:01.1706013Z Contents: write
2026-07-21T02:23:01.1706590Z Metadata: read
2026-07-21T02:23:01.1707227Z ##[endgroup]
2026-07-21T02:23:01.1709578Z Secret source: Actions
2026-07-21T02:23:01.1710395Z Prepare workflow directory
2026-07-21T02:23:01.2109895Z Prepare all required actions
2026-07-21T02:23:01.2167412Z Getting action download info
2026-07-21T02:23:01.5811159Z Download action repository 'actions/checkout@v4' (SHA:11d5960a326750d5838078e36cf38b85af677262)
2026-07-21T02:23:01.8680047Z Download action repository 'actions/upload-artifact@v4' (SHA:ea165f8d65b6e75b540449e92b4886f43607fa02)
2026-07-21T02:23:02.0681552Z Complete job name: Follow-up shard 17
2026-07-21T02:23:02.1428153Z Node 20 is being deprecated. This workflow is running with Node 24 by default. If you need to temporarily use Node 20, you can set the ACTIONS_ALLOW_USE_UNSECURE_NODE_VERSION=true environment variable. For more information see: https://github.blog/changelog/2025-09-19-deprecation-of-node-20-on-github-actions-runners/
2026-07-21T02:23:02.1437455Z ##[group]Run actions/checkout@v4
2026-07-21T02:23:02.1438189Z with:
2026-07-21T02:23:02.1438961Z   ref: 43c006977c6dcc906968fe9b1a8d37e3ddd31309
2026-07-21T02:23:02.1439747Z   repository: Grisha-Pochuev/monochromatic-no-three-in-line-solver
2026-07-21T02:23:02.1443632Z   token: ***
2026-07-21T02:23:02.1444060Z   ssh-strict: true
2026-07-21T02:23:02.1444523Z   ssh-user: git
2026-07-21T02:23:02.1444966Z   persist-credentials: true
2026-07-21T02:23:02.1445455Z   clean: true
2026-07-21T02:23:02.1445899Z   sparse-checkout-cone-mode: true
2026-07-21T02:23:02.1446421Z   fetch-depth: 1
2026-07-21T02:23:02.1446847Z   fetch-tags: false
2026-07-21T02:23:02.1447321Z   show-progress: true
2026-07-21T02:23:02.1447773Z   lfs: false
2026-07-21T02:23:02.1448192Z   submodules: false
2026-07-21T02:23:02.1448827Z   set-safe-directory: true
2026-07-21T02:23:02.1449351Z   allow-unsafe-pr-checkout: false
2026-07-21T02:23:02.1450153Z env:
2026-07-21T02:23:02.1450572Z   PYTHONUNBUFFERED: 1
2026-07-21T02:23:02.1451036Z   MALLOC_ARENA_MAX: 2
2026-07-21T02:23:02.1451482Z   OMP_NUM_THREADS: 1
2026-07-21T02:23:02.1451934Z   OPENBLAS_NUM_THREADS: 1
2026-07-21T02:23:02.1452406Z   MKL_NUM_THREADS: 1
2026-07-21T02:23:02.1452833Z ##[endgroup]
2026-07-21T02:23:02.2471294Z Syncing repository: Grisha-Pochuev/monochromatic-no-three-in-line-solver
2026-07-21T02:23:02.2474518Z ##[group]Getting Git version info
2026-07-21T02:23:02.2476402Z Working directory is '/home/runner/work/monochromatic-no-three-in-line-solver/monochromatic-no-three-in-line-solver'
2026-07-21T02:23:02.2479212Z [command]/usr/bin/git version
2026-07-21T02:23:02.2566472Z git version 2.54.0
2026-07-21T02:23:02.2591056Z ##[endgroup]
2026-07-21T02:23:02.2607497Z Temporarily overriding HOME='/home/runner/work/_temp/ec54a1d8-fdd4-4a3f-bea0-4e89712fe206' before making global git config changes
2026-07-21T02:23:02.2611187Z Adding repository directory to the temporary git global config as a safe directory
2026-07-21T02:23:02.2615760Z [command]/usr/bin/git config --global --add safe.directory /home/runner/work/monochromatic-no-three-in-line-solver/monochromatic-no-three-in-line-solver
2026-07-21T02:23:02.2676902Z Deleting the contents of '/home/runner/work/monochromatic-no-three-in-line-solver/monochromatic-no-three-in-line-solver'
2026-07-21T02:23:02.2682206Z ##[group]Initializing the repository
2026-07-21T02:23:02.2696615Z [command]/usr/bin/git init /home/runner/work/monochromatic-no-three-in-line-solver/monochromatic-no-three-in-line-solver
2026-07-21T02:23:02.2813278Z hint: Using 'master' as the name for the initial branch. This default branch name
2026-07-21T02:23:02.2815473Z hint: will change to "main" in Git 3.0. To configure the initial branch name
2026-07-21T02:23:02.2816985Z hint: to use in all of your new repositories, which will suppress this warning,
2026-07-21T02:23:02.2818115Z hint: call:
2026-07-21T02:23:02.2819389Z hint:
2026-07-21T02:23:02.2820725Z hint: 	git config --global init.defaultBranch <name>
2026-07-21T02:23:02.2821785Z hint:
2026-07-21T02:23:02.2822819Z hint: Names commonly chosen instead of 'master' are 'main', 'trunk' and
2026-07-21T02:23:02.2824460Z hint: 'development'. The just-created branch can be renamed via this command:
2026-07-21T02:23:02.2825809Z hint:
2026-07-21T02:23:02.2826505Z hint: 	git branch -m <name>
2026-07-21T02:23:02.2827265Z hint:
2026-07-21T02:23:02.2828337Z hint: Disable this message with "git config set advice.defaultBranchName false"
2026-07-21T02:23:02.2832213Z Initialized empty Git repository in /home/runner/work/monochromatic-no-three-in-line-solver/monochromatic-no-three-in-line-solver/.git/
2026-07-21T02:23:02.2843222Z [command]/usr/bin/git remote add origin https://github.com/Grisha-Pochuev/monochromatic-no-three-in-line-solver
2026-07-21T02:23:02.2893402Z ##[endgroup]
2026-07-21T02:23:02.2894979Z ##[group]Disabling automatic garbage collection
2026-07-21T02:23:02.2899500Z [command]/usr/bin/git config --local gc.auto 0
2026-07-21T02:23:02.2942756Z ##[endgroup]
2026-07-21T02:23:02.2944375Z ##[group]Setting up auth
2026-07-21T02:23:02.2945974Z [command]/usr/bin/git config --local --name-only --get-regexp core\.sshCommand
2026-07-21T02:23:02.2983482Z [command]/usr/bin/git submodule foreach --recursive sh -c "git config --local --name-only --get-regexp 'core\.sshCommand' && git config --local --unset-all 'core.sshCommand' || :"
2026-07-21T02:23:02.3406898Z [command]/usr/bin/git config --local --name-only --get-regexp http\.https\:\/\/github\.com\/\.extraheader
2026-07-21T02:23:02.3446707Z [command]/usr/bin/git submodule foreach --recursive sh -c "git config --local --name-only --get-regexp 'http\.https\:\/\/github\.com\/\.extraheader' && git config --local --unset-all 'http.https://github.com/.extraheader' || :"
2026-07-21T02:23:02.3693969Z [command]/usr/bin/git config --local --name-only --get-regexp ^includeIf\.gitdir:
2026-07-21T02:23:02.3729706Z [command]/usr/bin/git submodule foreach --recursive git config --local --show-origin --name-only --get-regexp remote.origin.url
2026-07-21T02:23:02.3952926Z [command]/usr/bin/git config --local http.https://github.com/.extraheader AUTHORIZATION: basic ***
2026-07-21T02:23:02.3990650Z ##[endgroup]
2026-07-21T02:23:02.4002169Z ##[group]Fetching the repository
2026-07-21T02:23:02.4004576Z [command]/usr/bin/git -c protocol.version=2 fetch --no-tags --prune --no-recurse-submodules --depth=1 origin 43c006977c6dcc906968fe9b1a8d37e3ddd31309
2026-07-21T02:23:02.7600209Z From https://github.com/Grisha-Pochuev/monochromatic-no-three-in-line-solver
2026-07-21T02:23:02.7602555Z  * branch            43c006977c6dcc906968fe9b1a8d37e3ddd31309 -> FETCH_HEAD
2026-07-21T02:23:02.7605660Z ##[endgroup]
2026-07-21T02:23:02.7607042Z ##[group]Determining the checkout info
2026-07-21T02:23:02.7608509Z ##[endgroup]
2026-07-21T02:23:02.7609714Z [command]/usr/bin/git sparse-checkout disable
2026-07-21T02:23:02.7661011Z [command]/usr/bin/git config --local --unset-all extensions.worktreeConfig
2026-07-21T02:23:02.7690158Z ##[group]Checking out the ref
2026-07-21T02:23:02.7696083Z [command]/usr/bin/git checkout --progress --force 43c006977c6dcc906968fe9b1a8d37e3ddd31309
2026-07-21T02:23:02.7857709Z Note: switching to '43c006977c6dcc906968fe9b1a8d37e3ddd31309'.
2026-07-21T02:23:02.7860184Z 
2026-07-21T02:23:02.7861669Z You are in 'detached HEAD' state. You can look around, make experimental
2026-07-21T02:23:02.7864025Z changes and commit them, and you can discard any commits you make in this
2026-07-21T02:23:02.7866322Z state without impacting any branches by switching back to a branch.
2026-07-21T02:23:02.7867839Z 
2026-07-21T02:23:02.7869120Z If you want to create a new branch to retain commits you create, you may
2026-07-21T02:23:02.7871403Z do so (now or later) by using -c with the switch command. Example:
2026-07-21T02:23:02.7872815Z 
2026-07-21T02:23:02.7873354Z   git switch -c <new-branch-name>
2026-07-21T02:23:02.7874240Z 
2026-07-21T02:23:02.7874755Z Or undo this operation with:
2026-07-21T02:23:02.7875467Z 
2026-07-21T02:23:02.7875847Z   git switch -
2026-07-21T02:23:02.7876423Z 
2026-07-21T02:23:02.7877355Z Turn off this advice by setting config variable advice.detachedHead to false
2026-07-21T02:23:02.7879160Z 
2026-07-21T02:23:02.7880181Z HEAD is now at 43c0069 archive n22 run 29770927206 and schedule 170 survivors
2026-07-21T02:23:02.7884602Z ##[endgroup]
2026-07-21T02:23:02.7925940Z [command]/usr/bin/git log -1 --format=%H
2026-07-21T02:23:02.7952749Z 43c006977c6dcc906968fe9b1a8d37e3ddd31309
2026-07-21T02:23:02.8183521Z ##[group]Run python -m pip install ortools==9.15.6755
2026-07-21T02:23:02.8185157Z [36;1mpython -m pip install ortools==9.15.6755[0m
2026-07-21T02:23:02.8267539Z shell: /usr/bin/bash -e {0}
2026-07-21T02:23:02.8268580Z env:
2026-07-21T02:23:02.8269818Z   PYTHONUNBUFFERED: 1
2026-07-21T02:23:02.8270770Z   MALLOC_ARENA_MAX: 2
2026-07-21T02:23:02.8271699Z   OMP_NUM_THREADS: 1
2026-07-21T02:23:02.8272651Z   OPENBLAS_NUM_THREADS: 1
2026-07-21T02:23:02.8273640Z   MKL_NUM_THREADS: 1
2026-07-21T02:23:02.8274504Z ##[endgroup]
2026-07-21T02:23:03.9721003Z Defaulting to user installation because normal site-packages is not writeable
2026-07-21T02:23:04.7339198Z Collecting ortools==9.15.6755
2026-07-21T02:23:04.7808061Z   Downloading ortools-9.15.6755-cp312-cp312-manylinux_2_27_x86_64.manylinux_2_28_x86_64.whl.metadata (3.3 kB)
2026-07-21T02:23:04.8088299Z Collecting absl-py>=2.0.0 (from ortools==9.15.6755)
2026-07-21T02:23:04.8158545Z   Downloading absl_py-2.5.0-py3-none-any.whl.metadata (3.3 kB)
2026-07-21T02:23:05.0736595Z Collecting numpy>=2.0.2 (from ortools==9.15.6755)
2026-07-21T02:23:05.0812025Z   Downloading numpy-2.5.1-cp312-cp312-manylinux_2_27_x86_64.manylinux_2_28_x86_64.whl.metadata (6.6 kB)
2026-07-21T02:23:05.2269684Z Collecting pandas>=2.0.0 (from ortools==9.15.6755)
2026-07-21T02:23:05.2359059Z   Downloading pandas-3.0.3-cp312-cp312-manylinux_2_24_x86_64.manylinux_2_28_x86_64.whl.metadata (79 kB)
2026-07-21T02:23:05.2483987Z      ━━━━━━━━━━━━━━━━━━━━━━━━━━━━━━━━━━━━━━━━ 79.5/79.5 kB 7.0 MB/s eta 0:00:00
2026-07-21T02:23:05.4660006Z Collecting protobuf<6.34,>=6.33.1 (from ortools==9.15.6755)
2026-07-21T02:23:05.4736035Z   Downloading protobuf-6.33.6-cp39-abi3-manylinux2014_x86_64.whl.metadata (593 bytes)
2026-07-21T02:23:05.5053314Z Collecting typing-extensions>=4.12 (from ortools==9.15.6755)
2026-07-21T02:23:05.5123807Z   Downloading typing_extensions-4.16.0-py3-none-any.whl.metadata (3.3 kB)
2026-07-21T02:23:05.5366966Z Collecting immutabledict>=3.0.0 (from ortools==9.15.6755)
2026-07-21T02:23:05.5444284Z   Downloading immutabledict-4.3.1-py3-none-any.whl.metadata (3.5 kB)
2026-07-21T02:23:05.6290033Z Requirement already satisfied: python-dateutil>=2.8.2 in /usr/lib/python3/dist-packages (from pandas>=2.0.0->ortools==9.15.6755) (2.8.2)
2026-07-21T02:23:05.6488128Z Downloading ortools-9.15.6755-cp312-cp312-manylinux_2_27_x86_64.manylinux_2_28_x86_64.whl (29.8 MB)
2026-07-21T02:23:05.9393854Z    ━━━━━━━━━━━━━━━━━━━━━━━━━━━━━━━━━━━━━━━━ 29.8/29.8 MB 63.6 MB/s eta 0:00:00
2026-07-21T02:23:05.9468504Z Downloading absl_py-2.5.0-py3-none-any.whl (137 kB)
2026-07-21T02:23:05.9514416Z    ━━━━━━━━━━━━━━━━━━━━━━━━━━━━━━━━━━━━━━━━ 137.4/137.4 kB 44.1 MB/s eta 0:00:00
2026-07-21T02:23:05.9586339Z Downloading immutabledict-4.3.1-py3-none-any.whl (5.0 kB)
2026-07-21T02:23:05.9677280Z Downloading numpy-2.5.1-cp312-cp312-manylinux_2_27_x86_64.manylinux_2_28_x86_64.whl (16.7 MB)
2026-07-21T02:23:06.0555783Z    ━━━━━━━━━━━━━━━━━━━━━━━━━━━━━━━━━━━━━━━━ 16.7/16.7 MB 163.1 MB/s eta 0:00:00
2026-07-21T02:23:06.0631392Z Downloading pandas-3.0.3-cp312-cp312-manylinux_2_24_x86_64.manylinux_2_28_x86_64.whl (10.9 MB)
2026-07-21T02:23:06.1219586Z    ━━━━━━━━━━━━━━━━━━━━━━━━━━━━━━━━━━━━━━━━ 10.9/10.9 MB 188.4 MB/s eta 0:00:00
2026-07-21T02:23:06.1296749Z Downloading protobuf-6.33.6-cp39-abi3-manylinux2014_x86_64.whl (323 kB)
2026-07-21T02:23:06.1348304Z    ━━━━━━━━━━━━━━━━━━━━━━━━━━━━━━━━━━━━━━━━ 323.4/323.4 kB 88.4 MB/s eta 0:00:00
2026-07-21T02:23:06.1416926Z Downloading typing_extensions-4.16.0-py3-none-any.whl (45 kB)
2026-07-21T02:23:06.1457313Z    ━━━━━━━━━━━━━━━━━━━━━━━━━━━━━━━━━━━━━━━━ 45.6/45.6 kB 15.4 MB/s eta 0:00:00
2026-07-21T02:23:06.6628584Z Installing collected packages: typing-extensions, protobuf, numpy, immutabledict, absl-py, pandas, ortools
2026-07-21T02:23:13.6809514Z Successfully installed absl-py-2.5.0 immutabledict-4.3.1 numpy-2.5.1 ortools-9.15.6755 pandas-3.0.3 protobuf-6.33.6 typing-extensions-4.16.0
2026-07-21T02:23:13.7999856Z ##[group]Run {
2026-07-21T02:23:13.8000119Z [36;1m{[0m
2026-07-21T02:23:13.8000316Z [36;1m  echo "=== machine ==="[0m
2026-07-21T02:23:13.8000596Z [36;1m  date -u[0m
2026-07-21T02:23:13.8000812Z [36;1m  echo "nproc=$(nproc)"[0m
2026-07-21T02:23:13.8001053Z [36;1m  free -h[0m
2026-07-21T02:23:13.8001241Z [36;1m  df -h[0m
2026-07-21T02:23:13.8001495Z [36;1m  grep -m1 'model name' /proc/cpuinfo || true[0m
2026-07-21T02:23:13.8001841Z [36;1m} | tee machine-17.log[0m
2026-07-21T02:23:13.8062333Z shell: /usr/bin/bash -e {0}
2026-07-21T02:23:13.8062591Z env:
2026-07-21T02:23:13.8062784Z   PYTHONUNBUFFERED: 1
2026-07-21T02:23:13.8063051Z   MALLOC_ARENA_MAX: 2
2026-07-21T02:23:13.8063250Z   OMP_NUM_THREADS: 1
2026-07-21T02:23:13.8063459Z   OPENBLAS_NUM_THREADS: 1
2026-07-21T02:23:13.8063673Z   MKL_NUM_THREADS: 1
2026-07-21T02:23:13.8063866Z ##[endgroup]
2026-07-21T02:23:13.8225204Z === machine ===
2026-07-21T02:23:13.8225989Z Tue Jul 21 02:23:13 UTC 2026
2026-07-21T02:23:13.8248181Z nproc=1
2026-07-21T02:23:13.8264176Z                total        used        free      shared  buff/cache   available
2026-07-21T02:23:13.8264987Z Mem:            15Gi       1.3Gi        11Gi        42Mi       2.8Gi        14Gi
2026-07-21T02:23:13.8265600Z Swap:          3.0Gi          0B       3.0Gi
2026-07-21T02:23:13.8463774Z Filesystem      Size  Used Avail Use% Mounted on
2026-07-21T02:23:13.8464316Z /dev/root       145G   58G   87G  40% /
2026-07-21T02:23:13.8464632Z tmpfs           7.9G   84K  7.9G   1% /dev/shm
2026-07-21T02:23:13.8464945Z tmpfs           3.2G  984K  3.2G   1% /run
2026-07-21T02:23:13.8465225Z tmpfs           5.0M     0  5.0M   0% /run/lock
2026-07-21T02:23:13.8465563Z efivarfs        128M   29K  128M   1% /sys/firmware/efi/efivars
2026-07-21T02:23:13.8465916Z /dev/sda16      881M   64M  756M   8% /boot
2026-07-21T02:23:13.8466201Z /dev/sda15      105M  6.2M   99M   6% /boot/efi
2026-07-21T02:23:13.8466722Z tmpfs           1.6G   12K  1.6G   1% /run/user/1001
2026-07-21T02:23:13.8478612Z model name	: AMD EPYC 7763 64-Core Processor
2026-07-21T02:23:13.8515361Z ##[group]Run set -uo pipefail
2026-07-21T02:23:13.8515684Z [36;1mset -uo pipefail[0m
2026-07-21T02:23:13.8515910Z [36;1m([0m
2026-07-21T02:23:13.8516094Z [36;1m  while true; do[0m
2026-07-21T02:23:13.8516331Z [36;1m    echo "=== $(date -u +%FT%TZ) ==="[0m
2026-07-21T02:23:13.8516610Z [36;1m    free -h[0m
2026-07-21T02:23:13.8516925Z [36;1m    ps -eo pid,ppid,rss,vsz,%mem,%cpu,cmd --sort=-rss | head -n 15[0m
2026-07-21T02:23:13.8517442Z [36;1m    sleep 60[0m
2026-07-21T02:23:13.8517642Z [36;1m  done[0m
2026-07-21T02:23:13.8517841Z [36;1m) > "memory-17.log" 2>&1 &[0m
2026-07-21T02:23:13.8518085Z [36;1mmonitor_pid=$![0m
2026-07-21T02:23:13.8518362Z [36;1mpython 22x22/run_n22_profile_followup_shard.py \[0m
2026-07-21T02:23:13.8519193Z [36;1m  --schedule 22x22/runs/2026-07-21-run-29770927206/remaining_schedule.json \[0m
2026-07-21T02:23:13.8519611Z [36;1m  --shard "17" \[0m
2026-07-21T02:23:13.8519840Z [36;1m  --total-seconds 21000 \[0m
2026-07-21T02:23:13.8520119Z [36;1m  --workers 4 \[0m
2026-07-21T02:23:13.8520346Z [36;1m  --fallback-workers 2 \[0m
2026-07-21T02:23:13.8520598Z [36;1m  --memory-guard-mb 13000 \[0m
2026-07-21T02:23:13.8520848Z [36;1m  --max-seconds 2500 \[0m
2026-07-21T02:23:13.8521114Z [36;1m  --artifact-buffer-seconds 180 \[0m
2026-07-21T02:23:13.8521395Z [36;1m  --seed-base 2026072100 \[0m
2026-07-21T02:23:13.8521668Z [36;1m  --output-dir "results/shard-17"[0m
2026-07-21T02:23:13.8521922Z [36;1mrc=$?[0m
2026-07-21T02:23:13.8522142Z [36;1mkill "$monitor_pid" 2>/dev/null || true[0m
2026-07-21T02:23:13.8522445Z [36;1mwait "$monitor_pid" 2>/dev/null || true[0m
2026-07-21T02:23:13.8522711Z [36;1mexit "$rc"[0m
2026-07-21T02:23:13.8584901Z shell: /usr/bin/bash --noprofile --norc -e -o pipefail {0}
2026-07-21T02:23:13.8585236Z env:
2026-07-21T02:23:13.8585424Z   PYTHONUNBUFFERED: 1
2026-07-21T02:23:13.8585645Z   MALLOC_ARENA_MAX: 2
2026-07-21T02:23:13.8585839Z   OMP_NUM_THREADS: 1
2026-07-21T02:23:13.8586055Z   OPENBLAS_NUM_THREADS: 1
2026-07-21T02:23:13.8586291Z   MKL_NUM_THREADS: 1
2026-07-21T02:23:13.8586533Z ##[endgroup]
2026-07-21T06:34:11.9005576Z ##[group]Run free -h
2026-07-21T06:34:11.9005849Z [36;1mfree -h[0m
2026-07-21T06:34:11.9006039Z [36;1mdf -h[0m
2026-07-21T06:34:11.9063606Z shell: /usr/bin/bash -e {0}
2026-07-21T06:34:11.9063846Z env:
2026-07-21T06:34:11.9064067Z   PYTHONUNBUFFERED: 1
2026-07-21T06:34:11.9064297Z   MALLOC_ARENA_MAX: 2
2026-07-21T06:34:11.9064492Z   OMP_NUM_THREADS: 1
2026-07-21T06:34:11.9064692Z   OPENBLAS_NUM_THREADS: 1
2026-07-21T06:34:11.9064902Z   MKL_NUM_THREADS: 1
2026-07-21T06:34:11.9065090Z ##[endgroup]
2026-07-21T06:34:11.9157842Z                total        used        free      shared  buff/cache   available
2026-07-21T06:34:11.9158579Z Mem:            15Gi       958Mi        12Gi        47Mi       2.8Gi        14Gi
2026-07-21T06:34:11.9159394Z Swap:          3.0Gi          0B       3.0Gi
2026-07-21T06:34:11.9174301Z Filesystem      Size  Used Avail Use% Mounted on
2026-07-21T06:34:11.9174959Z /dev/root       145G   58G   87G  40% /
2026-07-21T06:34:11.9175514Z tmpfs           7.9G   84K  7.9G   1% /dev/shm
2026-07-21T06:34:11.9177864Z tmpfs           3.2G 1012K  3.2G   1% /run
2026-07-21T06:34:11.9178360Z tmpfs           5.0M     0  5.0M   0% /run/lock
2026-07-21T06:34:11.9179175Z efivarfs        128M   29K  128M   1% /sys/firmware/efi/efivars
2026-07-21T06:34:11.9179647Z /dev/sda16      881M   64M  756M   8% /boot
2026-07-21T06:34:11.9179957Z /dev/sda15      105M  6.2M   99M   6% /boot/efi
2026-07-21T06:34:11.9180276Z tmpfs           1.6G   12K  1.6G   1% /run/user/1001
2026-07-21T06:34:11.9231722Z Node 20 is being deprecated. This workflow is running with Node 24 by default. If you need to temporarily use Node 20, you can set the ACTIONS_ALLOW_USE_UNSECURE_NODE_VERSION=true environment variable. For more information see: https://github.blog/changelog/2025-09-19-deprecation-of-node-20-on-github-actions-runners/
2026-07-21T06:34:11.9233551Z ##[group]Run actions/upload-artifact@v4
2026-07-21T06:34:11.9233816Z with:
2026-07-21T06:34:11.9234022Z   name: n22-profile-followup-shard-17
2026-07-21T06:34:11.9234316Z   path: results/
memory-17.log
machine-17.log

2026-07-21T06:34:11.9234601Z   retention-days: 30
2026-07-21T06:34:11.9234810Z   if-no-files-found: warn
2026-07-21T06:34:11.9235031Z   compression-level: 6
2026-07-21T06:34:11.9235233Z   overwrite: false
2026-07-21T06:34:11.9235605Z   include-hidden-files: false
2026-07-21T06:34:11.9235826Z env:
2026-07-21T06:34:11.9236000Z   PYTHONUNBUFFERED: 1
2026-07-21T06:34:11.9236199Z   MALLOC_ARENA_MAX: 2
2026-07-21T06:34:11.9236424Z   OMP_NUM_THREADS: 1
2026-07-21T06:34:11.9236622Z   OPENBLAS_NUM_THREADS: 1
2026-07-21T06:34:11.9236827Z   MKL_NUM_THREADS: 1
2026-07-21T06:34:11.9237016Z ##[endgroup]
2026-07-21T06:34:12.0937067Z (node:5275) [DEP0040] DeprecationWarning: The `punycode` module is deprecated. Please use a userland alternative instead.
2026-07-21T06:34:12.0937770Z (Use `node --trace-deprecation ...` to show where the warning was created)
2026-07-21T06:34:12.1112188Z Multiple search paths detected. Calculating the least common ancestor of all paths
2026-07-21T06:34:12.1115910Z The least common ancestor is /home/runner/work/monochromatic-no-three-in-line-solver/monochromatic-no-three-in-line-solver. This will be the root directory of the artifact
2026-07-21T06:34:12.1117833Z With the provided path, there will be 30 files uploaded
2026-07-21T06:34:12.1123498Z Artifact name is valid!
2026-07-21T06:34:12.1124229Z Root directory input is valid!
2026-07-21T06:34:12.4654077Z Beginning upload of artifact content to blob storage
2026-07-21T06:34:12.5237239Z (node:5275) [DEP0169] DeprecationWarning: `url.parse()` behavior is not standardized and prone to errors that have security implications. Use the WHATWG URL API instead. CVEs are not issued for `url.parse()` vulnerabilities.
2026-07-21T06:34:12.9732355Z Uploaded bytes 88839
2026-07-21T06:34:13.0575079Z Finished uploading artifact content to blob storage!
2026-07-21T06:34:13.0576234Z SHA256 digest of uploaded artifact zip is 9c7209346473b0a90cd96b3de96a99bd7804bd68294ac15b67db31eb17cb58cb
2026-07-21T06:34:13.0578530Z Finalizing artifact upload
2026-07-21T06:34:13.2792609Z Artifact n22-profile-followup-shard-17.zip successfully finalized. Artifact ID 8486015800
2026-07-21T06:34:13.2794040Z Artifact n22-profile-followup-shard-17 has been successfully uploaded! Final size is 88839 bytes. Artifact ID is 8486015800
2026-07-21T06:34:13.2800667Z Artifact download URL: https://github.com/Grisha-Pochuev/monochromatic-no-three-in-line-solver/actions/runs/29795643015/artifacts/8486015800
2026-07-21T06:34:13.3011125Z Node 20 is being deprecated. This workflow is running with Node 24 by default. If you need to temporarily use Node 20, you can set the ACTIONS_ALLOW_USE_UNSECURE_NODE_VERSION=true environment variable. For more information see: https://github.blog/changelog/2025-09-19-deprecation-of-node-20-on-github-actions-runners/
2026-07-21T06:34:13.3012416Z Post job cleanup.
2026-07-21T06:34:13.3894129Z [command]/usr/bin/git version
2026-07-21T06:34:13.3937334Z git version 2.54.0
2026-07-21T06:34:13.4012368Z Temporarily overriding HOME='/home/runner/work/_temp/ba9bc04f-5117-4d8a-af40-6bd72b1be204' before making global git config changes
2026-07-21T06:34:13.4014203Z Adding repository directory to the temporary git global config as a safe directory
2026-07-21T06:34:13.4018823Z [command]/usr/bin/git config --global --add safe.directory /home/runner/work/monochromatic-no-three-in-line-solver/monochromatic-no-three-in-line-solver
2026-07-21T06:34:13.4057901Z [command]/usr/bin/git config --local --name-only --get-regexp core\.sshCommand
2026-07-21T06:34:13.4098486Z [command]/usr/bin/git submodule foreach --recursive sh -c "git config --local --name-only --get-regexp 'core\.sshCommand' && git config --local --unset-all 'core.sshCommand' || :"
2026-07-21T06:34:13.4361315Z [command]/usr/bin/git config --local --name-only --get-regexp http\.https\:\/\/github\.com\/\.extraheader
2026-07-21T06:34:13.4391772Z http.https://github.com/.extraheader
2026-07-21T06:34:13.4408102Z [command]/usr/bin/git config --local --unset-all http.https://github.com/.extraheader
2026-07-21T06:34:13.4464137Z [command]/usr/bin/git submodule foreach --recursive sh -c "git config --local --name-only --get-regexp 'http\.https\:\/\/github\.com\/\.extraheader' && git config --local --unset-all 'http.https://github.com/.extraheader' || :"
2026-07-21T06:34:13.4774272Z [command]/usr/bin/git config --local --name-only --get-regexp ^includeIf\.gitdir:
2026-07-21T06:34:13.4820202Z [command]/usr/bin/git submodule foreach --recursive git config --local --show-origin --name-only --get-regexp remote.origin.url
2026-07-21T06:34:13.5353720Z Cleaning up orphan processes
2026-07-21T06:34:13.5807694Z Terminate orphan process: pid (5268) (sleep)
2026-07-21T06:34:13.5823898Z ##[warning]Node.js 20 is deprecated. The following actions target Node.js 20 but are being forced to run on Node.js 24: actions/checkout@v4, actions/upload-artifact@v4. For more information see: https://github.blog/changelog/2025-09-19-deprecation-of-node-20-on-github-actions-runners/
