2026-07-21T02:23:02.2289697Z Current runner version: '2.335.1'
2026-07-21T02:23:02.2316267Z ##[group]Runner Image Provisioner
2026-07-21T02:23:02.2317195Z Hosted Compute Agent
2026-07-21T02:23:02.2317900Z Version: 20260707.563
2026-07-21T02:23:02.2318530Z Commit: 02667638d2b423fbc733a8e32a88b44996a3ba6e
2026-07-21T02:23:02.2319765Z Build Date: 2026-07-07T19:33:50Z
2026-07-21T02:23:02.2320624Z Worker ID: {25da903e-118a-46dc-86e6-c424ddd4304e}
2026-07-21T02:23:02.2321375Z Azure Region: westus
2026-07-21T02:23:02.2322027Z ##[endgroup]
2026-07-21T02:23:02.2323606Z ##[group]Operating System
2026-07-21T02:23:02.2324375Z Ubuntu
2026-07-21T02:23:02.2324918Z 24.04.4
2026-07-21T02:23:02.2325422Z LTS
2026-07-21T02:23:02.2325969Z ##[endgroup]
2026-07-21T02:23:02.2326547Z ##[group]Runner Image
2026-07-21T02:23:02.2327181Z Image: ubuntu-24.04
2026-07-21T02:23:02.2327841Z Version: 20260714.240.1
2026-07-21T02:23:02.2329073Z Included Software: https://github.com/actions/runner-images/blob/ubuntu24/20260714.240/images/ubuntu/Ubuntu2404-Readme.md
2026-07-21T02:23:02.2331334Z Image Release: https://github.com/actions/runner-images/releases/tag/ubuntu24%2F20260714.240
2026-07-21T02:23:02.2332305Z ##[endgroup]
2026-07-21T02:23:02.2333594Z ##[group]GITHUB_TOKEN Permissions
2026-07-21T02:23:02.2335764Z Actions: read
2026-07-21T02:23:02.2336475Z Contents: write
2026-07-21T02:23:02.2337048Z Metadata: read
2026-07-21T02:23:02.2337581Z ##[endgroup]
2026-07-21T02:23:02.2340138Z Secret source: Actions
2026-07-21T02:23:02.2340911Z Prepare workflow directory
2026-07-21T02:23:02.2821227Z Prepare all required actions
2026-07-21T02:23:02.2860908Z Getting action download info
2026-07-21T02:23:02.6365760Z Download action repository 'actions/checkout@v4' (SHA:11d5960a326750d5838078e36cf38b85af677262)
2026-07-21T02:23:03.0604128Z Download action repository 'actions/upload-artifact@v4' (SHA:ea165f8d65b6e75b540449e92b4886f43607fa02)
2026-07-21T02:23:03.2711373Z Complete job name: Follow-up shard 13
2026-07-21T02:23:03.3483876Z Node 20 is being deprecated. This workflow is running with Node 24 by default. If you need to temporarily use Node 20, you can set the ACTIONS_ALLOW_USE_UNSECURE_NODE_VERSION=true environment variable. For more information see: https://github.blog/changelog/2025-09-19-deprecation-of-node-20-on-github-actions-runners/
2026-07-21T02:23:03.3493206Z ##[group]Run actions/checkout@v4
2026-07-21T02:23:03.3493965Z with:
2026-07-21T02:23:03.3494445Z   ref: 43c006977c6dcc906968fe9b1a8d37e3ddd31309
2026-07-21T02:23:03.3495208Z   repository: Grisha-Pochuev/monochromatic-no-three-in-line-solver
2026-07-21T02:23:03.3499717Z   token: ***
2026-07-21T02:23:03.3500167Z   ssh-strict: true
2026-07-21T02:23:03.3500599Z   ssh-user: git
2026-07-21T02:23:03.3501040Z   persist-credentials: true
2026-07-21T02:23:03.3501513Z   clean: true
2026-07-21T02:23:03.3501990Z   sparse-checkout-cone-mode: true
2026-07-21T02:23:03.3502511Z   fetch-depth: 1
2026-07-21T02:23:03.3502936Z   fetch-tags: false
2026-07-21T02:23:03.3503413Z   show-progress: true
2026-07-21T02:23:03.3503852Z   lfs: false
2026-07-21T02:23:03.3504263Z   submodules: false
2026-07-21T02:23:03.3504695Z   set-safe-directory: true
2026-07-21T02:23:03.3505194Z   allow-unsafe-pr-checkout: false
2026-07-21T02:23:03.3506028Z env:
2026-07-21T02:23:03.3506441Z   PYTHONUNBUFFERED: 1
2026-07-21T02:23:03.3506892Z   MALLOC_ARENA_MAX: 2
2026-07-21T02:23:03.3507329Z   OMP_NUM_THREADS: 1
2026-07-21T02:23:03.3507771Z   OPENBLAS_NUM_THREADS: 1
2026-07-21T02:23:03.3508225Z   MKL_NUM_THREADS: 1
2026-07-21T02:23:03.3508645Z ##[endgroup]
2026-07-21T02:23:03.4592805Z Syncing repository: Grisha-Pochuev/monochromatic-no-three-in-line-solver
2026-07-21T02:23:03.4596199Z ##[group]Getting Git version info
2026-07-21T02:23:03.4597984Z Working directory is '/home/runner/work/monochromatic-no-three-in-line-solver/monochromatic-no-three-in-line-solver'
2026-07-21T02:23:03.4600489Z [command]/usr/bin/git version
2026-07-21T02:23:03.4635284Z git version 2.54.0
2026-07-21T02:23:03.4692500Z ##[endgroup]
2026-07-21T02:23:03.4710397Z Temporarily overriding HOME='/home/runner/work/_temp/7510ed1f-20da-451a-9b00-b849af99e116' before making global git config changes
2026-07-21T02:23:03.4713134Z Adding repository directory to the temporary git global config as a safe directory
2026-07-21T02:23:03.4716489Z [command]/usr/bin/git config --global --add safe.directory /home/runner/work/monochromatic-no-three-in-line-solver/monochromatic-no-three-in-line-solver
2026-07-21T02:23:03.4781679Z Deleting the contents of '/home/runner/work/monochromatic-no-three-in-line-solver/monochromatic-no-three-in-line-solver'
2026-07-21T02:23:03.4787482Z ##[group]Initializing the repository
2026-07-21T02:23:03.4793481Z [command]/usr/bin/git init /home/runner/work/monochromatic-no-three-in-line-solver/monochromatic-no-three-in-line-solver
2026-07-21T02:23:03.4934335Z hint: Using 'master' as the name for the initial branch. This default branch name
2026-07-21T02:23:03.4936321Z hint: will change to "main" in Git 3.0. To configure the initial branch name
2026-07-21T02:23:03.4939145Z hint: to use in all of your new repositories, which will suppress this warning,
2026-07-21T02:23:03.4942301Z hint: call:
2026-07-21T02:23:03.4944003Z hint:
2026-07-21T02:23:03.4946258Z hint: 	git config --global init.defaultBranch <name>
2026-07-21T02:23:03.4948584Z hint:
2026-07-21T02:23:03.4949909Z hint: Names commonly chosen instead of 'master' are 'main', 'trunk' and
2026-07-21T02:23:03.4951764Z hint: 'development'. The just-created branch can be renamed via this command:
2026-07-21T02:23:03.4953396Z hint:
2026-07-21T02:23:03.4954386Z hint: 	git branch -m <name>
2026-07-21T02:23:03.4955437Z hint:
2026-07-21T02:23:03.4956601Z hint: Disable this message with "git config set advice.defaultBranchName false"
2026-07-21T02:23:03.4959555Z Initialized empty Git repository in /home/runner/work/monochromatic-no-three-in-line-solver/monochromatic-no-three-in-line-solver/.git/
2026-07-21T02:23:03.4964309Z [command]/usr/bin/git remote add origin https://github.com/Grisha-Pochuev/monochromatic-no-three-in-line-solver
2026-07-21T02:23:03.5016184Z ##[endgroup]
2026-07-21T02:23:03.5017507Z ##[group]Disabling automatic garbage collection
2026-07-21T02:23:03.5020696Z [command]/usr/bin/git config --local gc.auto 0
2026-07-21T02:23:03.5055499Z ##[endgroup]
2026-07-21T02:23:03.5056901Z ##[group]Setting up auth
2026-07-21T02:23:03.5065019Z [command]/usr/bin/git config --local --name-only --get-regexp core\.sshCommand
2026-07-21T02:23:03.5110243Z [command]/usr/bin/git submodule foreach --recursive sh -c "git config --local --name-only --get-regexp 'core\.sshCommand' && git config --local --unset-all 'core.sshCommand' || :"
2026-07-21T02:23:03.5517139Z [command]/usr/bin/git config --local --name-only --get-regexp http\.https\:\/\/github\.com\/\.extraheader
2026-07-21T02:23:03.5554898Z [command]/usr/bin/git submodule foreach --recursive sh -c "git config --local --name-only --get-regexp 'http\.https\:\/\/github\.com\/\.extraheader' && git config --local --unset-all 'http.https://github.com/.extraheader' || :"
2026-07-21T02:23:03.5798697Z [command]/usr/bin/git config --local --name-only --get-regexp ^includeIf\.gitdir:
2026-07-21T02:23:03.5837019Z [command]/usr/bin/git submodule foreach --recursive git config --local --show-origin --name-only --get-regexp remote.origin.url
2026-07-21T02:23:03.6078529Z [command]/usr/bin/git config --local http.https://github.com/.extraheader AUTHORIZATION: basic ***
2026-07-21T02:23:03.6120294Z ##[endgroup]
2026-07-21T02:23:03.6121131Z ##[group]Fetching the repository
2026-07-21T02:23:03.6133015Z [command]/usr/bin/git -c protocol.version=2 fetch --no-tags --prune --no-recurse-submodules --depth=1 origin 43c006977c6dcc906968fe9b1a8d37e3ddd31309
2026-07-21T02:23:04.1084834Z From https://github.com/Grisha-Pochuev/monochromatic-no-three-in-line-solver
2026-07-21T02:23:04.1086559Z  * branch            43c006977c6dcc906968fe9b1a8d37e3ddd31309 -> FETCH_HEAD
2026-07-21T02:23:04.1131928Z ##[endgroup]
2026-07-21T02:23:04.1140872Z ##[group]Determining the checkout info
2026-07-21T02:23:04.1142187Z ##[endgroup]
2026-07-21T02:23:04.1142916Z [command]/usr/bin/git sparse-checkout disable
2026-07-21T02:23:04.1185346Z [command]/usr/bin/git config --local --unset-all extensions.worktreeConfig
2026-07-21T02:23:04.1227030Z ##[group]Checking out the ref
2026-07-21T02:23:04.1229646Z [command]/usr/bin/git checkout --progress --force 43c006977c6dcc906968fe9b1a8d37e3ddd31309
2026-07-21T02:23:04.1386975Z Note: switching to '43c006977c6dcc906968fe9b1a8d37e3ddd31309'.
2026-07-21T02:23:04.1388551Z 
2026-07-21T02:23:04.1389786Z You are in 'detached HEAD' state. You can look around, make experimental
2026-07-21T02:23:04.1391615Z changes and commit them, and you can discard any commits you make in this
2026-07-21T02:23:04.1393818Z state without impacting any branches by switching back to a branch.
2026-07-21T02:23:04.1395212Z 
2026-07-21T02:23:04.1396170Z If you want to create a new branch to retain commits you create, you may
2026-07-21T02:23:04.1398461Z do so (now or later) by using -c with the switch command. Example:
2026-07-21T02:23:04.1399998Z 
2026-07-21T02:23:04.1400416Z   git switch -c <new-branch-name>
2026-07-21T02:23:04.1401084Z 
2026-07-21T02:23:04.1401451Z Or undo this operation with:
2026-07-21T02:23:04.1402289Z 
2026-07-21T02:23:04.1402876Z   git switch -
2026-07-21T02:23:04.1403704Z 
2026-07-21T02:23:04.1404620Z Turn off this advice by setting config variable advice.detachedHead to false
2026-07-21T02:23:04.1405887Z 
2026-07-21T02:23:04.1406684Z HEAD is now at 43c0069 archive n22 run 29770927206 and schedule 170 survivors
2026-07-21T02:23:04.1410753Z ##[endgroup]
2026-07-21T02:23:04.1452992Z [command]/usr/bin/git log -1 --format=%H
2026-07-21T02:23:04.1486667Z 43c006977c6dcc906968fe9b1a8d37e3ddd31309
2026-07-21T02:23:04.1781180Z ##[group]Run python -m pip install ortools==9.15.6755
2026-07-21T02:23:04.1783215Z [36;1mpython -m pip install ortools==9.15.6755[0m
2026-07-21T02:23:04.1881211Z shell: /usr/bin/bash -e {0}
2026-07-21T02:23:04.1882748Z env:
2026-07-21T02:23:04.1883784Z   PYTHONUNBUFFERED: 1
2026-07-21T02:23:04.1884878Z   MALLOC_ARENA_MAX: 2
2026-07-21T02:23:04.1886106Z   OMP_NUM_THREADS: 1
2026-07-21T02:23:04.1887124Z   OPENBLAS_NUM_THREADS: 1
2026-07-21T02:23:04.1888354Z   MKL_NUM_THREADS: 1
2026-07-21T02:23:04.1889603Z ##[endgroup]
2026-07-21T02:23:05.5915488Z Defaulting to user installation because normal site-packages is not writeable
2026-07-21T02:23:06.4302519Z Collecting ortools==9.15.6755
2026-07-21T02:23:06.4707584Z   Downloading ortools-9.15.6755-cp312-cp312-manylinux_2_27_x86_64.manylinux_2_28_x86_64.whl.metadata (3.3 kB)
2026-07-21T02:23:06.4978490Z Collecting absl-py>=2.0.0 (from ortools==9.15.6755)
2026-07-21T02:23:06.5011264Z   Downloading absl_py-2.5.0-py3-none-any.whl.metadata (3.3 kB)
2026-07-21T02:23:06.7505476Z Collecting numpy>=2.0.2 (from ortools==9.15.6755)
2026-07-21T02:23:06.7534311Z   Downloading numpy-2.5.1-cp312-cp312-manylinux_2_27_x86_64.manylinux_2_28_x86_64.whl.metadata (6.6 kB)
2026-07-21T02:23:06.8988980Z Collecting pandas>=2.0.0 (from ortools==9.15.6755)
2026-07-21T02:23:06.9023024Z   Downloading pandas-3.0.3-cp312-cp312-manylinux_2_24_x86_64.manylinux_2_28_x86_64.whl.metadata (79 kB)
2026-07-21T02:23:06.9116250Z      ━━━━━━━━━━━━━━━━━━━━━━━━━━━━━━━━━━━━━━━━ 79.5/79.5 kB 10.6 MB/s eta 0:00:00
2026-07-21T02:23:07.1245535Z Collecting protobuf<6.34,>=6.33.1 (from ortools==9.15.6755)
2026-07-21T02:23:07.1276839Z   Downloading protobuf-6.33.6-cp39-abi3-manylinux2014_x86_64.whl.metadata (593 bytes)
2026-07-21T02:23:07.1555514Z Collecting typing-extensions>=4.12 (from ortools==9.15.6755)
2026-07-21T02:23:07.1587323Z   Downloading typing_extensions-4.16.0-py3-none-any.whl.metadata (3.3 kB)
2026-07-21T02:23:07.1801751Z Collecting immutabledict>=3.0.0 (from ortools==9.15.6755)
2026-07-21T02:23:07.1847404Z   Downloading immutabledict-4.3.1-py3-none-any.whl.metadata (3.5 kB)
2026-07-21T02:23:07.2850386Z Requirement already satisfied: python-dateutil>=2.8.2 in /usr/lib/python3/dist-packages (from pandas>=2.0.0->ortools==9.15.6755) (2.8.2)
2026-07-21T02:23:07.2957364Z Downloading ortools-9.15.6755-cp312-cp312-manylinux_2_27_x86_64.manylinux_2_28_x86_64.whl (29.8 MB)
2026-07-21T02:23:07.5287755Z    ━━━━━━━━━━━━━━━━━━━━━━━━━━━━━━━━━━━━━━━━ 29.8/29.8 MB 98.7 MB/s eta 0:00:00
2026-07-21T02:23:07.5319938Z Downloading absl_py-2.5.0-py3-none-any.whl (137 kB)
2026-07-21T02:23:07.5376650Z    ━━━━━━━━━━━━━━━━━━━━━━━━━━━━━━━━━━━━━━━━ 137.4/137.4 kB 35.9 MB/s eta 0:00:00
2026-07-21T02:23:07.5409438Z Downloading immutabledict-4.3.1-py3-none-any.whl (5.0 kB)
2026-07-21T02:23:07.5474131Z Downloading numpy-2.5.1-cp312-cp312-manylinux_2_27_x86_64.manylinux_2_28_x86_64.whl (16.7 MB)
2026-07-21T02:23:07.6524772Z    ━━━━━━━━━━━━━━━━━━━━━━━━━━━━━━━━━━━━━━━━ 16.7/16.7 MB 141.0 MB/s eta 0:00:00
2026-07-21T02:23:07.6565110Z Downloading pandas-3.0.3-cp312-cp312-manylinux_2_24_x86_64.manylinux_2_28_x86_64.whl (10.9 MB)
2026-07-21T02:23:07.7262450Z    ━━━━━━━━━━━━━━━━━━━━━━━━━━━━━━━━━━━━━━━━ 10.9/10.9 MB 158.7 MB/s eta 0:00:00
2026-07-21T02:23:07.7300613Z Downloading protobuf-6.33.6-cp39-abi3-manylinux2014_x86_64.whl (323 kB)
2026-07-21T02:23:07.7358295Z    ━━━━━━━━━━━━━━━━━━━━━━━━━━━━━━━━━━━━━━━━ 323.4/323.4 kB 82.7 MB/s eta 0:00:00
2026-07-21T02:23:07.7386468Z Downloading typing_extensions-4.16.0-py3-none-any.whl (45 kB)
2026-07-21T02:23:07.7430694Z    ━━━━━━━━━━━━━━━━━━━━━━━━━━━━━━━━━━━━━━━━ 45.6/45.6 kB 14.7 MB/s eta 0:00:00
2026-07-21T02:23:08.1512475Z Installing collected packages: typing-extensions, protobuf, numpy, immutabledict, absl-py, pandas, ortools
2026-07-21T02:23:14.9336197Z Successfully installed absl-py-2.5.0 immutabledict-4.3.1 numpy-2.5.1 ortools-9.15.6755 pandas-3.0.3 protobuf-6.33.6 typing-extensions-4.16.0
2026-07-21T02:23:15.1216810Z ##[group]Run {
2026-07-21T02:23:15.1217067Z [36;1m{[0m
2026-07-21T02:23:15.1217274Z [36;1m  echo "=== machine ==="[0m
2026-07-21T02:23:15.1217550Z [36;1m  date -u[0m
2026-07-21T02:23:15.1217770Z [36;1m  echo "nproc=$(nproc)"[0m
2026-07-21T02:23:15.1218008Z [36;1m  free -h[0m
2026-07-21T02:23:15.1218230Z [36;1m  df -h[0m
2026-07-21T02:23:15.1218487Z [36;1m  grep -m1 'model name' /proc/cpuinfo || true[0m
2026-07-21T02:23:15.1218837Z [36;1m} | tee machine-13.log[0m
2026-07-21T02:23:15.1281364Z shell: /usr/bin/bash -e {0}
2026-07-21T02:23:15.1281629Z env:
2026-07-21T02:23:15.1281831Z   PYTHONUNBUFFERED: 1
2026-07-21T02:23:15.1282059Z   MALLOC_ARENA_MAX: 2
2026-07-21T02:23:15.1282281Z   OMP_NUM_THREADS: 1
2026-07-21T02:23:15.1282490Z   OPENBLAS_NUM_THREADS: 1
2026-07-21T02:23:15.1282716Z   MKL_NUM_THREADS: 1
2026-07-21T02:23:15.1282921Z ##[endgroup]
2026-07-21T02:23:15.1453202Z === machine ===
2026-07-21T02:23:15.1455229Z Tue Jul 21 02:23:15 UTC 2026
2026-07-21T02:23:15.1471884Z nproc=1
2026-07-21T02:23:15.1487904Z                total        used        free      shared  buff/cache   available
2026-07-21T02:23:15.1488605Z Mem:            15Gi       1.1Gi        12Gi        43Mi       1.9Gi        14Gi
2026-07-21T02:23:15.1489012Z Swap:          3.0Gi          0B       3.0Gi
2026-07-21T02:23:15.1687411Z Filesystem      Size  Used Avail Use% Mounted on
2026-07-21T02:23:15.1687833Z /dev/root       145G   57G   88G  40% /
2026-07-21T02:23:15.1688168Z tmpfs           7.9G   84K  7.9G   1% /dev/shm
2026-07-21T02:23:15.1688469Z tmpfs           3.2G  984K  3.2G   1% /run
2026-07-21T02:23:15.1688759Z tmpfs           5.0M     0  5.0M   0% /run/lock
2026-07-21T02:23:15.1689335Z efivarfs        128M   32K  128M   1% /sys/firmware/efi/efivars
2026-07-21T02:23:15.1689781Z /dev/sda16      881M   64M  756M   8% /boot
2026-07-21T02:23:15.1690084Z /dev/sda15      105M  6.2M   99M   6% /boot/efi
2026-07-21T02:23:15.1690402Z tmpfs           1.6G   12K  1.6G   1% /run/user/1001
2026-07-21T02:23:15.1703203Z model name	: AMD EPYC 7763 64-Core Processor
2026-07-21T02:23:15.1743648Z ##[group]Run set -uo pipefail
2026-07-21T02:23:15.1743973Z [36;1mset -uo pipefail[0m
2026-07-21T02:23:15.1744194Z [36;1m([0m
2026-07-21T02:23:15.1744379Z [36;1m  while true; do[0m
2026-07-21T02:23:15.1744622Z [36;1m    echo "=== $(date -u +%FT%TZ) ==="[0m
2026-07-21T02:23:15.1744900Z [36;1m    free -h[0m
2026-07-21T02:23:15.1745206Z [36;1m    ps -eo pid,ppid,rss,vsz,%mem,%cpu,cmd --sort=-rss | head -n 15[0m
2026-07-21T02:23:15.1745741Z [36;1m    sleep 60[0m
2026-07-21T02:23:15.1745945Z [36;1m  done[0m
2026-07-21T02:23:15.1746147Z [36;1m) > "memory-13.log" 2>&1 &[0m
2026-07-21T02:23:15.1746398Z [36;1mmonitor_pid=$![0m
2026-07-21T02:23:15.1746673Z [36;1mpython 22x22/run_n22_profile_followup_shard.py \[0m
2026-07-21T02:23:15.1747138Z [36;1m  --schedule 22x22/runs/2026-07-21-run-29770927206/remaining_schedule.json \[0m
2026-07-21T02:23:15.1747542Z [36;1m  --shard "13" \[0m
2026-07-21T02:23:15.1747771Z [36;1m  --total-seconds 21000 \[0m
2026-07-21T02:23:15.1748060Z [36;1m  --workers 4 \[0m
2026-07-21T02:23:15.1748296Z [36;1m  --fallback-workers 2 \[0m
2026-07-21T02:23:15.1748550Z [36;1m  --memory-guard-mb 13000 \[0m
2026-07-21T02:23:15.1748801Z [36;1m  --max-seconds 2500 \[0m
2026-07-21T02:23:15.1749058Z [36;1m  --artifact-buffer-seconds 180 \[0m
2026-07-21T02:23:15.1749778Z [36;1m  --seed-base 2026072100 \[0m
2026-07-21T02:23:15.1750052Z [36;1m  --output-dir "results/shard-13"[0m
2026-07-21T02:23:15.1750317Z [36;1mrc=$?[0m
2026-07-21T02:23:15.1750543Z [36;1mkill "$monitor_pid" 2>/dev/null || true[0m
2026-07-21T02:23:15.1750848Z [36;1mwait "$monitor_pid" 2>/dev/null || true[0m
2026-07-21T02:23:15.1751114Z [36;1mexit "$rc"[0m
2026-07-21T02:23:15.1814571Z shell: /usr/bin/bash --noprofile --norc -e -o pipefail {0}
2026-07-21T02:23:15.1814913Z env:
2026-07-21T02:23:15.1815106Z   PYTHONUNBUFFERED: 1
2026-07-21T02:23:15.1815325Z   MALLOC_ARENA_MAX: 2
2026-07-21T02:23:15.1815521Z   OMP_NUM_THREADS: 1
2026-07-21T02:23:15.1815736Z   OPENBLAS_NUM_THREADS: 1
2026-07-21T02:23:15.1815992Z   MKL_NUM_THREADS: 1
2026-07-21T02:23:15.1816239Z ##[endgroup]
2026-07-21T06:50:01.6891657Z ##[group]Run free -h
2026-07-21T06:50:01.6891945Z [36;1mfree -h[0m
2026-07-21T06:50:01.6892141Z [36;1mdf -h[0m
2026-07-21T06:50:01.6951660Z shell: /usr/bin/bash -e {0}
2026-07-21T06:50:01.6951923Z env:
2026-07-21T06:50:01.6952129Z   PYTHONUNBUFFERED: 1
2026-07-21T06:50:01.6952371Z   MALLOC_ARENA_MAX: 2
2026-07-21T06:50:01.6952575Z   OMP_NUM_THREADS: 1
2026-07-21T06:50:01.6952779Z   OPENBLAS_NUM_THREADS: 1
2026-07-21T06:50:01.6952998Z   MKL_NUM_THREADS: 1
2026-07-21T06:50:01.6953202Z ##[endgroup]
2026-07-21T06:50:01.7054544Z                total        used        free      shared  buff/cache   available
2026-07-21T06:50:01.7055285Z Mem:            15Gi       944Mi        13Gi        48Mi       1.9Gi        14Gi
2026-07-21T06:50:01.7055869Z Swap:          3.0Gi          0B       3.0Gi
2026-07-21T06:50:01.7071774Z Filesystem      Size  Used Avail Use% Mounted on
2026-07-21T06:50:01.7072305Z /dev/root       145G   57G   88G  40% /
2026-07-21T06:50:01.7072772Z tmpfs           7.9G   84K  7.9G   1% /dev/shm
2026-07-21T06:50:01.7073100Z tmpfs           3.2G 1012K  3.2G   1% /run
2026-07-21T06:50:01.7073410Z tmpfs           5.0M     0  5.0M   0% /run/lock
2026-07-21T06:50:01.7073776Z efivarfs        128M   32K  128M   1% /sys/firmware/efi/efivars
2026-07-21T06:50:01.7074181Z /dev/sda16      881M   64M  756M   8% /boot
2026-07-21T06:50:01.7074574Z /dev/sda15      105M  6.2M   99M   6% /boot/efi
2026-07-21T06:50:01.7075153Z tmpfs           1.6G   12K  1.6G   1% /run/user/1001
2026-07-21T06:50:01.7134965Z Node 20 is being deprecated. This workflow is running with Node 24 by default. If you need to temporarily use Node 20, you can set the ACTIONS_ALLOW_USE_UNSECURE_NODE_VERSION=true environment variable. For more information see: https://github.blog/changelog/2025-09-19-deprecation-of-node-20-on-github-actions-runners/
2026-07-21T06:50:01.7137110Z ##[group]Run actions/upload-artifact@v4
2026-07-21T06:50:01.7137379Z with:
2026-07-21T06:50:01.7137594Z   name: n22-profile-followup-shard-13
2026-07-21T06:50:01.7137906Z   path: results/
memory-13.log
machine-13.log

2026-07-21T06:50:01.7138197Z   retention-days: 30
2026-07-21T06:50:01.7138418Z   if-no-files-found: warn
2026-07-21T06:50:01.7138643Z   compression-level: 6
2026-07-21T06:50:01.7138851Z   overwrite: false
2026-07-21T06:50:01.7139643Z   include-hidden-files: false
2026-07-21T06:50:01.7139883Z env:
2026-07-21T06:50:01.7140070Z   PYTHONUNBUFFERED: 1
2026-07-21T06:50:01.7140283Z   MALLOC_ARENA_MAX: 2
2026-07-21T06:50:01.7140529Z   OMP_NUM_THREADS: 1
2026-07-21T06:50:01.7140739Z   OPENBLAS_NUM_THREADS: 1
2026-07-21T06:50:01.7140954Z   MKL_NUM_THREADS: 1
2026-07-21T06:50:01.7141147Z ##[endgroup]
2026-07-21T06:50:01.8944814Z (node:5492) [DEP0040] DeprecationWarning: The `punycode` module is deprecated. Please use a userland alternative instead.
2026-07-21T06:50:01.8946066Z (Use `node --trace-deprecation ...` to show where the warning was created)
2026-07-21T06:50:01.9088650Z Multiple search paths detected. Calculating the least common ancestor of all paths
2026-07-21T06:50:01.9092868Z The least common ancestor is /home/runner/work/monochromatic-no-three-in-line-solver/monochromatic-no-three-in-line-solver. This will be the root directory of the artifact
2026-07-21T06:50:01.9094352Z With the provided path, there will be 30 files uploaded
2026-07-21T06:50:01.9100530Z Artifact name is valid!
2026-07-21T06:50:01.9101424Z Root directory input is valid!
2026-07-21T06:50:02.2522084Z Beginning upload of artifact content to blob storage
2026-07-21T06:50:02.3242771Z (node:5492) [DEP0169] DeprecationWarning: `url.parse()` behavior is not standardized and prone to errors that have security implications. Use the WHATWG URL API instead. CVEs are not issued for `url.parse()` vulnerabilities.
2026-07-21T06:50:02.7539073Z Uploaded bytes 88530
2026-07-21T06:50:02.8347173Z Finished uploading artifact content to blob storage!
2026-07-21T06:50:02.8348400Z SHA256 digest of uploaded artifact zip is c1a53e35bf74a69623093463cd091189214aa64182bc8fedd2a8c81319af0813
2026-07-21T06:50:02.8350455Z Finalizing artifact upload
2026-07-21T06:50:03.0519787Z Artifact n22-profile-followup-shard-13.zip successfully finalized. Artifact ID 8486333326
2026-07-21T06:50:03.0521693Z Artifact n22-profile-followup-shard-13 has been successfully uploaded! Final size is 88530 bytes. Artifact ID is 8486333326
2026-07-21T06:50:03.0529715Z Artifact download URL: https://github.com/Grisha-Pochuev/monochromatic-no-three-in-line-solver/actions/runs/29795643015/artifacts/8486333326
2026-07-21T06:50:03.0773551Z Node 20 is being deprecated. This workflow is running with Node 24 by default. If you need to temporarily use Node 20, you can set the ACTIONS_ALLOW_USE_UNSECURE_NODE_VERSION=true environment variable. For more information see: https://github.blog/changelog/2025-09-19-deprecation-of-node-20-on-github-actions-runners/
2026-07-21T06:50:03.0774840Z Post job cleanup.
2026-07-21T06:50:03.1692590Z [command]/usr/bin/git version
2026-07-21T06:50:03.1740293Z git version 2.54.0
2026-07-21T06:50:03.1784884Z Temporarily overriding HOME='/home/runner/work/_temp/8fd8f45f-bea8-448d-8cfe-a037b05ded82' before making global git config changes
2026-07-21T06:50:03.1786210Z Adding repository directory to the temporary git global config as a safe directory
2026-07-21T06:50:03.1792560Z [command]/usr/bin/git config --global --add safe.directory /home/runner/work/monochromatic-no-three-in-line-solver/monochromatic-no-three-in-line-solver
2026-07-21T06:50:03.1839815Z [command]/usr/bin/git config --local --name-only --get-regexp core\.sshCommand
2026-07-21T06:50:03.1898996Z [command]/usr/bin/git submodule foreach --recursive sh -c "git config --local --name-only --get-regexp 'core\.sshCommand' && git config --local --unset-all 'core.sshCommand' || :"
2026-07-21T06:50:03.2160604Z [command]/usr/bin/git config --local --name-only --get-regexp http\.https\:\/\/github\.com\/\.extraheader
2026-07-21T06:50:03.2194293Z http.https://github.com/.extraheader
2026-07-21T06:50:03.2211543Z [command]/usr/bin/git config --local --unset-all http.https://github.com/.extraheader
2026-07-21T06:50:03.2254256Z [command]/usr/bin/git submodule foreach --recursive sh -c "git config --local --name-only --get-regexp 'http\.https\:\/\/github\.com\/\.extraheader' && git config --local --unset-all 'http.https://github.com/.extraheader' || :"
2026-07-21T06:50:03.2536307Z [command]/usr/bin/git config --local --name-only --get-regexp ^includeIf\.gitdir:
2026-07-21T06:50:03.2613503Z [command]/usr/bin/git submodule foreach --recursive git config --local --show-origin --name-only --get-regexp remote.origin.url
2026-07-21T06:50:03.3070531Z Cleaning up orphan processes
2026-07-21T06:50:03.3510305Z Terminate orphan process: pid (5487) (sleep)
2026-07-21T06:50:03.3530222Z ##[warning]Node.js 20 is deprecated. The following actions target Node.js 20 but are being forced to run on Node.js 24: actions/checkout@v4, actions/upload-artifact@v4. For more information see: https://github.blog/changelog/2025-09-19-deprecation-of-node-20-on-github-actions-runners/
